[2025-03-14T07:50:30.527+0000] {processor.py:186} INFO - Started process (PID=126) to work on /home/airflow/.local/lib/python3.12/site-packages/airflow/example_dags/example_inlet_event_extra.py
[2025-03-14T07:50:30.529+0000] {processor.py:914} INFO - Processing file /home/airflow/.local/lib/python3.12/site-packages/airflow/example_dags/example_inlet_event_extra.py for tasks to queue
[2025-03-14T07:50:30.532+0000] {logging_mixin.py:190} INFO - [2025-03-14T07:50:30.531+0000] {dagbag.py:588} INFO - Filling up the DagBag from /home/airflow/.local/lib/python3.12/site-packages/airflow/example_dags/example_inlet_event_extra.py
[2025-03-14T07:50:31.108+0000] {processor.py:925} INFO - DAG(s) 'read_dataset_event_from_classic', 'read_dataset_event' retrieved from /home/airflow/.local/lib/python3.12/site-packages/airflow/example_dags/example_inlet_event_extra.py
[2025-03-14T07:50:31.140+0000] {logging_mixin.py:190} INFO - [2025-03-14T07:50:31.140+0000] {dag.py:3239} INFO - Sync 2 DAGs
[2025-03-14T07:50:31.394+0000] {logging_mixin.py:190} INFO - [2025-03-14T07:50:31.394+0000] {dag.py:4180} INFO - Setting next_dagrun for read_dataset_event to 2025-03-13 00:00:00+00:00, run_after=2025-03-14 00:00:00+00:00
[2025-03-14T07:50:31.401+0000] {logging_mixin.py:190} INFO - [2025-03-14T07:50:31.401+0000] {dag.py:4180} INFO - Setting next_dagrun for read_dataset_event_from_classic to 2025-03-13 00:00:00+00:00, run_after=2025-03-14 00:00:00+00:00
[2025-03-14T07:50:31.426+0000] {processor.py:208} INFO - Processing /home/airflow/.local/lib/python3.12/site-packages/airflow/example_dags/example_inlet_event_extra.py took 0.908 seconds
[2025-03-14T07:51:02.319+0000] {processor.py:186} INFO - Started process (PID=190) to work on /home/airflow/.local/lib/python3.12/site-packages/airflow/example_dags/example_inlet_event_extra.py
[2025-03-14T07:51:02.320+0000] {processor.py:914} INFO - Processing file /home/airflow/.local/lib/python3.12/site-packages/airflow/example_dags/example_inlet_event_extra.py for tasks to queue
[2025-03-14T07:51:02.323+0000] {logging_mixin.py:190} INFO - [2025-03-14T07:51:02.323+0000] {dagbag.py:588} INFO - Filling up the DagBag from /home/airflow/.local/lib/python3.12/site-packages/airflow/example_dags/example_inlet_event_extra.py
[2025-03-14T07:51:03.060+0000] {processor.py:925} INFO - DAG(s) 'read_dataset_event', 'read_dataset_event_from_classic' retrieved from /home/airflow/.local/lib/python3.12/site-packages/airflow/example_dags/example_inlet_event_extra.py
[2025-03-14T07:51:03.087+0000] {logging_mixin.py:190} INFO - [2025-03-14T07:51:03.086+0000] {dag.py:3239} INFO - Sync 2 DAGs
[2025-03-14T07:51:03.126+0000] {logging_mixin.py:190} INFO - [2025-03-14T07:51:03.126+0000] {dag.py:4180} INFO - Setting next_dagrun for read_dataset_event to 2025-03-13 00:00:00+00:00, run_after=2025-03-14 00:00:00+00:00
[2025-03-14T07:51:03.133+0000] {logging_mixin.py:190} INFO - [2025-03-14T07:51:03.133+0000] {dag.py:4180} INFO - Setting next_dagrun for read_dataset_event_from_classic to 2025-03-13 00:00:00+00:00, run_after=2025-03-14 00:00:00+00:00
[2025-03-14T07:51:03.188+0000] {processor.py:208} INFO - Processing /home/airflow/.local/lib/python3.12/site-packages/airflow/example_dags/example_inlet_event_extra.py took 0.877 seconds
[2025-03-14T07:51:33.321+0000] {processor.py:186} INFO - Started process (PID=254) to work on /home/airflow/.local/lib/python3.12/site-packages/airflow/example_dags/example_inlet_event_extra.py
[2025-03-14T07:51:33.323+0000] {processor.py:914} INFO - Processing file /home/airflow/.local/lib/python3.12/site-packages/airflow/example_dags/example_inlet_event_extra.py for tasks to queue
[2025-03-14T07:51:33.326+0000] {logging_mixin.py:190} INFO - [2025-03-14T07:51:33.326+0000] {dagbag.py:588} INFO - Filling up the DagBag from /home/airflow/.local/lib/python3.12/site-packages/airflow/example_dags/example_inlet_event_extra.py
[2025-03-14T07:51:34.049+0000] {processor.py:925} INFO - DAG(s) 'read_dataset_event', 'read_dataset_event_from_classic' retrieved from /home/airflow/.local/lib/python3.12/site-packages/airflow/example_dags/example_inlet_event_extra.py
[2025-03-14T07:51:34.076+0000] {logging_mixin.py:190} INFO - [2025-03-14T07:51:34.076+0000] {dag.py:3239} INFO - Sync 2 DAGs
[2025-03-14T07:51:34.110+0000] {logging_mixin.py:190} INFO - [2025-03-14T07:51:34.110+0000] {dag.py:4180} INFO - Setting next_dagrun for read_dataset_event to 2025-03-13 00:00:00+00:00, run_after=2025-03-14 00:00:00+00:00
[2025-03-14T07:51:34.117+0000] {logging_mixin.py:190} INFO - [2025-03-14T07:51:34.117+0000] {dag.py:4180} INFO - Setting next_dagrun for read_dataset_event_from_classic to 2025-03-13 00:00:00+00:00, run_after=2025-03-14 00:00:00+00:00
[2025-03-14T07:51:34.177+0000] {processor.py:208} INFO - Processing /home/airflow/.local/lib/python3.12/site-packages/airflow/example_dags/example_inlet_event_extra.py took 0.865 seconds
[2025-03-14T07:52:04.555+0000] {processor.py:186} INFO - Started process (PID=322) to work on /home/airflow/.local/lib/python3.12/site-packages/airflow/example_dags/example_inlet_event_extra.py
[2025-03-14T07:52:04.557+0000] {processor.py:914} INFO - Processing file /home/airflow/.local/lib/python3.12/site-packages/airflow/example_dags/example_inlet_event_extra.py for tasks to queue
[2025-03-14T07:52:04.561+0000] {logging_mixin.py:190} INFO - [2025-03-14T07:52:04.561+0000] {dagbag.py:588} INFO - Filling up the DagBag from /home/airflow/.local/lib/python3.12/site-packages/airflow/example_dags/example_inlet_event_extra.py
[2025-03-14T07:52:05.402+0000] {processor.py:925} INFO - DAG(s) 'read_dataset_event_from_classic', 'read_dataset_event' retrieved from /home/airflow/.local/lib/python3.12/site-packages/airflow/example_dags/example_inlet_event_extra.py
[2025-03-14T07:52:05.429+0000] {logging_mixin.py:190} INFO - [2025-03-14T07:52:05.429+0000] {dag.py:3239} INFO - Sync 2 DAGs
[2025-03-14T07:52:05.461+0000] {logging_mixin.py:190} INFO - [2025-03-14T07:52:05.460+0000] {dag.py:4180} INFO - Setting next_dagrun for read_dataset_event to 2025-03-13 00:00:00+00:00, run_after=2025-03-14 00:00:00+00:00
[2025-03-14T07:52:05.468+0000] {logging_mixin.py:190} INFO - [2025-03-14T07:52:05.467+0000] {dag.py:4180} INFO - Setting next_dagrun for read_dataset_event_from_classic to 2025-03-13 00:00:00+00:00, run_after=2025-03-14 00:00:00+00:00
[2025-03-14T07:52:05.492+0000] {processor.py:208} INFO - Processing /home/airflow/.local/lib/python3.12/site-packages/airflow/example_dags/example_inlet_event_extra.py took 0.952 seconds
[2025-03-14T07:52:35.850+0000] {processor.py:186} INFO - Started process (PID=386) to work on /home/airflow/.local/lib/python3.12/site-packages/airflow/example_dags/example_inlet_event_extra.py
[2025-03-14T07:52:35.852+0000] {processor.py:914} INFO - Processing file /home/airflow/.local/lib/python3.12/site-packages/airflow/example_dags/example_inlet_event_extra.py for tasks to queue
[2025-03-14T07:52:35.856+0000] {logging_mixin.py:190} INFO - [2025-03-14T07:52:35.856+0000] {dagbag.py:588} INFO - Filling up the DagBag from /home/airflow/.local/lib/python3.12/site-packages/airflow/example_dags/example_inlet_event_extra.py
[2025-03-14T07:52:36.619+0000] {processor.py:925} INFO - DAG(s) 'read_dataset_event', 'read_dataset_event_from_classic' retrieved from /home/airflow/.local/lib/python3.12/site-packages/airflow/example_dags/example_inlet_event_extra.py
[2025-03-14T07:52:36.653+0000] {logging_mixin.py:190} INFO - [2025-03-14T07:52:36.652+0000] {dag.py:3239} INFO - Sync 2 DAGs
[2025-03-14T07:52:36.682+0000] {logging_mixin.py:190} INFO - [2025-03-14T07:52:36.682+0000] {dag.py:4180} INFO - Setting next_dagrun for read_dataset_event to 2025-03-13 00:00:00+00:00, run_after=2025-03-14 00:00:00+00:00
[2025-03-14T07:52:36.689+0000] {logging_mixin.py:190} INFO - [2025-03-14T07:52:36.689+0000] {dag.py:4180} INFO - Setting next_dagrun for read_dataset_event_from_classic to 2025-03-13 00:00:00+00:00, run_after=2025-03-14 00:00:00+00:00
[2025-03-14T07:52:36.736+0000] {processor.py:208} INFO - Processing /home/airflow/.local/lib/python3.12/site-packages/airflow/example_dags/example_inlet_event_extra.py took 0.894 seconds
[2025-03-14T07:53:06.946+0000] {processor.py:186} INFO - Started process (PID=450) to work on /home/airflow/.local/lib/python3.12/site-packages/airflow/example_dags/example_inlet_event_extra.py
[2025-03-14T07:53:06.947+0000] {processor.py:914} INFO - Processing file /home/airflow/.local/lib/python3.12/site-packages/airflow/example_dags/example_inlet_event_extra.py for tasks to queue
[2025-03-14T07:53:06.950+0000] {logging_mixin.py:190} INFO - [2025-03-14T07:53:06.949+0000] {dagbag.py:588} INFO - Filling up the DagBag from /home/airflow/.local/lib/python3.12/site-packages/airflow/example_dags/example_inlet_event_extra.py
[2025-03-14T07:53:07.625+0000] {processor.py:925} INFO - DAG(s) 'read_dataset_event', 'read_dataset_event_from_classic' retrieved from /home/airflow/.local/lib/python3.12/site-packages/airflow/example_dags/example_inlet_event_extra.py
[2025-03-14T07:53:07.663+0000] {logging_mixin.py:190} INFO - [2025-03-14T07:53:07.662+0000] {dag.py:3239} INFO - Sync 2 DAGs
[2025-03-14T07:53:07.693+0000] {logging_mixin.py:190} INFO - [2025-03-14T07:53:07.693+0000] {dag.py:4180} INFO - Setting next_dagrun for read_dataset_event to 2025-03-13 00:00:00+00:00, run_after=2025-03-14 00:00:00+00:00
[2025-03-14T07:53:07.700+0000] {logging_mixin.py:190} INFO - [2025-03-14T07:53:07.699+0000] {dag.py:4180} INFO - Setting next_dagrun for read_dataset_event_from_classic to 2025-03-13 00:00:00+00:00, run_after=2025-03-14 00:00:00+00:00
[2025-03-14T07:53:07.720+0000] {processor.py:208} INFO - Processing /home/airflow/.local/lib/python3.12/site-packages/airflow/example_dags/example_inlet_event_extra.py took 0.782 seconds
[2025-03-14T07:53:38.218+0000] {processor.py:186} INFO - Started process (PID=514) to work on /home/airflow/.local/lib/python3.12/site-packages/airflow/example_dags/example_inlet_event_extra.py
[2025-03-14T07:53:38.220+0000] {processor.py:914} INFO - Processing file /home/airflow/.local/lib/python3.12/site-packages/airflow/example_dags/example_inlet_event_extra.py for tasks to queue
[2025-03-14T07:53:38.223+0000] {logging_mixin.py:190} INFO - [2025-03-14T07:53:38.223+0000] {dagbag.py:588} INFO - Filling up the DagBag from /home/airflow/.local/lib/python3.12/site-packages/airflow/example_dags/example_inlet_event_extra.py
[2025-03-14T07:53:38.836+0000] {processor.py:925} INFO - DAG(s) 'read_dataset_event_from_classic', 'read_dataset_event' retrieved from /home/airflow/.local/lib/python3.12/site-packages/airflow/example_dags/example_inlet_event_extra.py
[2025-03-14T07:53:38.860+0000] {logging_mixin.py:190} INFO - [2025-03-14T07:53:38.860+0000] {dag.py:3239} INFO - Sync 2 DAGs
[2025-03-14T07:53:38.891+0000] {logging_mixin.py:190} INFO - [2025-03-14T07:53:38.890+0000] {dag.py:4180} INFO - Setting next_dagrun for read_dataset_event to 2025-03-13 00:00:00+00:00, run_after=2025-03-14 00:00:00+00:00
[2025-03-14T07:53:38.897+0000] {logging_mixin.py:190} INFO - [2025-03-14T07:53:38.897+0000] {dag.py:4180} INFO - Setting next_dagrun for read_dataset_event_from_classic to 2025-03-13 00:00:00+00:00, run_after=2025-03-14 00:00:00+00:00
[2025-03-14T07:53:38.916+0000] {processor.py:208} INFO - Processing /home/airflow/.local/lib/python3.12/site-packages/airflow/example_dags/example_inlet_event_extra.py took 0.708 seconds
[2025-03-14T07:54:09.480+0000] {processor.py:186} INFO - Started process (PID=578) to work on /home/airflow/.local/lib/python3.12/site-packages/airflow/example_dags/example_inlet_event_extra.py
[2025-03-14T07:54:09.481+0000] {processor.py:914} INFO - Processing file /home/airflow/.local/lib/python3.12/site-packages/airflow/example_dags/example_inlet_event_extra.py for tasks to queue
[2025-03-14T07:54:09.484+0000] {logging_mixin.py:190} INFO - [2025-03-14T07:54:09.484+0000] {dagbag.py:588} INFO - Filling up the DagBag from /home/airflow/.local/lib/python3.12/site-packages/airflow/example_dags/example_inlet_event_extra.py
[2025-03-14T07:54:10.072+0000] {processor.py:925} INFO - DAG(s) 'read_dataset_event', 'read_dataset_event_from_classic' retrieved from /home/airflow/.local/lib/python3.12/site-packages/airflow/example_dags/example_inlet_event_extra.py
[2025-03-14T07:54:10.103+0000] {logging_mixin.py:190} INFO - [2025-03-14T07:54:10.102+0000] {dag.py:3239} INFO - Sync 2 DAGs
[2025-03-14T07:54:10.143+0000] {logging_mixin.py:190} INFO - [2025-03-14T07:54:10.142+0000] {dag.py:4180} INFO - Setting next_dagrun for read_dataset_event to 2025-03-13 00:00:00+00:00, run_after=2025-03-14 00:00:00+00:00
[2025-03-14T07:54:10.171+0000] {logging_mixin.py:190} INFO - [2025-03-14T07:54:10.170+0000] {dag.py:4180} INFO - Setting next_dagrun for read_dataset_event_from_classic to 2025-03-13 00:00:00+00:00, run_after=2025-03-14 00:00:00+00:00
[2025-03-14T07:54:10.209+0000] {processor.py:208} INFO - Processing /home/airflow/.local/lib/python3.12/site-packages/airflow/example_dags/example_inlet_event_extra.py took 0.736 seconds
