[2025-03-14T07:50:23.439+0000] {processor.py:186} INFO - Started process (PID=86) to work on /home/airflow/.local/lib/python3.12/site-packages/airflow/example_dags/example_xcomargs.py
[2025-03-14T07:50:23.441+0000] {processor.py:914} INFO - Processing file /home/airflow/.local/lib/python3.12/site-packages/airflow/example_dags/example_xcomargs.py for tasks to queue
[2025-03-14T07:50:23.446+0000] {logging_mixin.py:190} INFO - [2025-03-14T07:50:23.445+0000] {dagbag.py:588} INFO - Filling up the DagBag from /home/airflow/.local/lib/python3.12/site-packages/airflow/example_dags/example_xcomargs.py
[2025-03-14T07:50:23.463+0000] {processor.py:925} INFO - DAG(s) 'example_xcom_args', 'example_xcom_args_with_operators' retrieved from /home/airflow/.local/lib/python3.12/site-packages/airflow/example_dags/example_xcomargs.py
[2025-03-14T07:50:23.515+0000] {logging_mixin.py:190} INFO - [2025-03-14T07:50:23.515+0000] {dag.py:3239} INFO - Sync 2 DAGs
[2025-03-14T07:50:23.539+0000] {logging_mixin.py:190} INFO - [2025-03-14T07:50:23.538+0000] {dag.py:4180} INFO - Setting next_dagrun for example_xcom_args to None, run_after=None
[2025-03-14T07:50:23.545+0000] {logging_mixin.py:190} INFO - [2025-03-14T07:50:23.545+0000] {dag.py:4180} INFO - Setting next_dagrun for example_xcom_args_with_operators to None, run_after=None
[2025-03-14T07:50:23.574+0000] {processor.py:208} INFO - Processing /home/airflow/.local/lib/python3.12/site-packages/airflow/example_dags/example_xcomargs.py took 0.145 seconds
[2025-03-14T07:50:54.197+0000] {processor.py:186} INFO - Started process (PID=149) to work on /home/airflow/.local/lib/python3.12/site-packages/airflow/example_dags/example_xcomargs.py
[2025-03-14T07:50:54.198+0000] {processor.py:914} INFO - Processing file /home/airflow/.local/lib/python3.12/site-packages/airflow/example_dags/example_xcomargs.py for tasks to queue
[2025-03-14T07:50:54.201+0000] {logging_mixin.py:190} INFO - [2025-03-14T07:50:54.201+0000] {dagbag.py:588} INFO - Filling up the DagBag from /home/airflow/.local/lib/python3.12/site-packages/airflow/example_dags/example_xcomargs.py
[2025-03-14T07:50:54.213+0000] {processor.py:925} INFO - DAG(s) 'example_xcom_args', 'example_xcom_args_with_operators' retrieved from /home/airflow/.local/lib/python3.12/site-packages/airflow/example_dags/example_xcomargs.py
[2025-03-14T07:50:54.249+0000] {logging_mixin.py:190} INFO - [2025-03-14T07:50:54.249+0000] {dag.py:3239} INFO - Sync 2 DAGs
[2025-03-14T07:50:54.271+0000] {logging_mixin.py:190} INFO - [2025-03-14T07:50:54.270+0000] {dag.py:4180} INFO - Setting next_dagrun for example_xcom_args to None, run_after=None
[2025-03-14T07:50:54.276+0000] {logging_mixin.py:190} INFO - [2025-03-14T07:50:54.276+0000] {dag.py:4180} INFO - Setting next_dagrun for example_xcom_args_with_operators to None, run_after=None
[2025-03-14T07:50:54.298+0000] {processor.py:208} INFO - Processing /home/airflow/.local/lib/python3.12/site-packages/airflow/example_dags/example_xcomargs.py took 0.109 seconds
[2025-03-14T07:51:24.496+0000] {processor.py:186} INFO - Started process (PID=219) to work on /home/airflow/.local/lib/python3.12/site-packages/airflow/example_dags/example_xcomargs.py
[2025-03-14T07:51:24.497+0000] {processor.py:914} INFO - Processing file /home/airflow/.local/lib/python3.12/site-packages/airflow/example_dags/example_xcomargs.py for tasks to queue
[2025-03-14T07:51:24.500+0000] {logging_mixin.py:190} INFO - [2025-03-14T07:51:24.500+0000] {dagbag.py:588} INFO - Filling up the DagBag from /home/airflow/.local/lib/python3.12/site-packages/airflow/example_dags/example_xcomargs.py
[2025-03-14T07:51:24.512+0000] {processor.py:925} INFO - DAG(s) 'example_xcom_args', 'example_xcom_args_with_operators' retrieved from /home/airflow/.local/lib/python3.12/site-packages/airflow/example_dags/example_xcomargs.py
[2025-03-14T07:51:24.542+0000] {logging_mixin.py:190} INFO - [2025-03-14T07:51:24.542+0000] {dag.py:3239} INFO - Sync 2 DAGs
[2025-03-14T07:51:24.562+0000] {logging_mixin.py:190} INFO - [2025-03-14T07:51:24.561+0000] {dag.py:4180} INFO - Setting next_dagrun for example_xcom_args to None, run_after=None
[2025-03-14T07:51:24.567+0000] {logging_mixin.py:190} INFO - [2025-03-14T07:51:24.567+0000] {dag.py:4180} INFO - Setting next_dagrun for example_xcom_args_with_operators to None, run_after=None
[2025-03-14T07:51:24.588+0000] {processor.py:208} INFO - Processing /home/airflow/.local/lib/python3.12/site-packages/airflow/example_dags/example_xcomargs.py took 0.100 seconds
[2025-03-14T07:51:55.674+0000] {processor.py:186} INFO - Started process (PID=283) to work on /home/airflow/.local/lib/python3.12/site-packages/airflow/example_dags/example_xcomargs.py
[2025-03-14T07:51:55.676+0000] {processor.py:914} INFO - Processing file /home/airflow/.local/lib/python3.12/site-packages/airflow/example_dags/example_xcomargs.py for tasks to queue
[2025-03-14T07:51:55.679+0000] {logging_mixin.py:190} INFO - [2025-03-14T07:51:55.678+0000] {dagbag.py:588} INFO - Filling up the DagBag from /home/airflow/.local/lib/python3.12/site-packages/airflow/example_dags/example_xcomargs.py
[2025-03-14T07:51:55.691+0000] {processor.py:925} INFO - DAG(s) 'example_xcom_args', 'example_xcom_args_with_operators' retrieved from /home/airflow/.local/lib/python3.12/site-packages/airflow/example_dags/example_xcomargs.py
[2025-03-14T07:51:55.720+0000] {logging_mixin.py:190} INFO - [2025-03-14T07:51:55.720+0000] {dag.py:3239} INFO - Sync 2 DAGs
[2025-03-14T07:51:55.738+0000] {logging_mixin.py:190} INFO - [2025-03-14T07:51:55.738+0000] {dag.py:4180} INFO - Setting next_dagrun for example_xcom_args to None, run_after=None
[2025-03-14T07:51:55.743+0000] {logging_mixin.py:190} INFO - [2025-03-14T07:51:55.742+0000] {dag.py:4180} INFO - Setting next_dagrun for example_xcom_args_with_operators to None, run_after=None
[2025-03-14T07:51:55.763+0000] {processor.py:208} INFO - Processing /home/airflow/.local/lib/python3.12/site-packages/airflow/example_dags/example_xcomargs.py took 0.096 seconds
[2025-03-14T07:52:25.892+0000] {processor.py:186} INFO - Started process (PID=347) to work on /home/airflow/.local/lib/python3.12/site-packages/airflow/example_dags/example_xcomargs.py
[2025-03-14T07:52:25.893+0000] {processor.py:914} INFO - Processing file /home/airflow/.local/lib/python3.12/site-packages/airflow/example_dags/example_xcomargs.py for tasks to queue
[2025-03-14T07:52:25.896+0000] {logging_mixin.py:190} INFO - [2025-03-14T07:52:25.896+0000] {dagbag.py:588} INFO - Filling up the DagBag from /home/airflow/.local/lib/python3.12/site-packages/airflow/example_dags/example_xcomargs.py
[2025-03-14T07:52:25.910+0000] {processor.py:925} INFO - DAG(s) 'example_xcom_args_with_operators', 'example_xcom_args' retrieved from /home/airflow/.local/lib/python3.12/site-packages/airflow/example_dags/example_xcomargs.py
[2025-03-14T07:52:25.937+0000] {logging_mixin.py:190} INFO - [2025-03-14T07:52:25.936+0000] {dag.py:3239} INFO - Sync 2 DAGs
[2025-03-14T07:52:25.956+0000] {logging_mixin.py:190} INFO - [2025-03-14T07:52:25.956+0000] {dag.py:4180} INFO - Setting next_dagrun for example_xcom_args to None, run_after=None
[2025-03-14T07:52:25.961+0000] {logging_mixin.py:190} INFO - [2025-03-14T07:52:25.961+0000] {dag.py:4180} INFO - Setting next_dagrun for example_xcom_args_with_operators to None, run_after=None
[2025-03-14T07:52:25.983+0000] {processor.py:208} INFO - Processing /home/airflow/.local/lib/python3.12/site-packages/airflow/example_dags/example_xcomargs.py took 0.098 seconds
[2025-03-14T07:52:56.124+0000] {processor.py:186} INFO - Started process (PID=411) to work on /home/airflow/.local/lib/python3.12/site-packages/airflow/example_dags/example_xcomargs.py
[2025-03-14T07:52:56.126+0000] {processor.py:914} INFO - Processing file /home/airflow/.local/lib/python3.12/site-packages/airflow/example_dags/example_xcomargs.py for tasks to queue
[2025-03-14T07:52:56.129+0000] {logging_mixin.py:190} INFO - [2025-03-14T07:52:56.129+0000] {dagbag.py:588} INFO - Filling up the DagBag from /home/airflow/.local/lib/python3.12/site-packages/airflow/example_dags/example_xcomargs.py
[2025-03-14T07:52:56.139+0000] {processor.py:925} INFO - DAG(s) 'example_xcom_args', 'example_xcom_args_with_operators' retrieved from /home/airflow/.local/lib/python3.12/site-packages/airflow/example_dags/example_xcomargs.py
[2025-03-14T07:52:56.167+0000] {logging_mixin.py:190} INFO - [2025-03-14T07:52:56.166+0000] {dag.py:3239} INFO - Sync 2 DAGs
[2025-03-14T07:52:56.190+0000] {logging_mixin.py:190} INFO - [2025-03-14T07:52:56.190+0000] {dag.py:4180} INFO - Setting next_dagrun for example_xcom_args to None, run_after=None
[2025-03-14T07:52:56.194+0000] {logging_mixin.py:190} INFO - [2025-03-14T07:52:56.194+0000] {dag.py:4180} INFO - Setting next_dagrun for example_xcom_args_with_operators to None, run_after=None
[2025-03-14T07:52:56.215+0000] {processor.py:208} INFO - Processing /home/airflow/.local/lib/python3.12/site-packages/airflow/example_dags/example_xcomargs.py took 0.097 seconds
[2025-03-14T07:53:27.208+0000] {processor.py:186} INFO - Started process (PID=475) to work on /home/airflow/.local/lib/python3.12/site-packages/airflow/example_dags/example_xcomargs.py
[2025-03-14T07:53:27.209+0000] {processor.py:914} INFO - Processing file /home/airflow/.local/lib/python3.12/site-packages/airflow/example_dags/example_xcomargs.py for tasks to queue
[2025-03-14T07:53:27.212+0000] {logging_mixin.py:190} INFO - [2025-03-14T07:53:27.212+0000] {dagbag.py:588} INFO - Filling up the DagBag from /home/airflow/.local/lib/python3.12/site-packages/airflow/example_dags/example_xcomargs.py
[2025-03-14T07:53:27.223+0000] {processor.py:925} INFO - DAG(s) 'example_xcom_args_with_operators', 'example_xcom_args' retrieved from /home/airflow/.local/lib/python3.12/site-packages/airflow/example_dags/example_xcomargs.py
[2025-03-14T07:53:27.253+0000] {logging_mixin.py:190} INFO - [2025-03-14T07:53:27.253+0000] {dag.py:3239} INFO - Sync 2 DAGs
[2025-03-14T07:53:27.273+0000] {logging_mixin.py:190} INFO - [2025-03-14T07:53:27.273+0000] {dag.py:4180} INFO - Setting next_dagrun for example_xcom_args to None, run_after=None
[2025-03-14T07:53:27.277+0000] {logging_mixin.py:190} INFO - [2025-03-14T07:53:27.277+0000] {dag.py:4180} INFO - Setting next_dagrun for example_xcom_args_with_operators to None, run_after=None
[2025-03-14T07:53:27.323+0000] {processor.py:208} INFO - Processing /home/airflow/.local/lib/python3.12/site-packages/airflow/example_dags/example_xcomargs.py took 0.121 seconds
[2025-03-14T07:53:57.521+0000] {processor.py:186} INFO - Started process (PID=539) to work on /home/airflow/.local/lib/python3.12/site-packages/airflow/example_dags/example_xcomargs.py
[2025-03-14T07:53:57.522+0000] {processor.py:914} INFO - Processing file /home/airflow/.local/lib/python3.12/site-packages/airflow/example_dags/example_xcomargs.py for tasks to queue
[2025-03-14T07:53:57.524+0000] {logging_mixin.py:190} INFO - [2025-03-14T07:53:57.524+0000] {dagbag.py:588} INFO - Filling up the DagBag from /home/airflow/.local/lib/python3.12/site-packages/airflow/example_dags/example_xcomargs.py
[2025-03-14T07:53:57.536+0000] {processor.py:925} INFO - DAG(s) 'example_xcom_args', 'example_xcom_args_with_operators' retrieved from /home/airflow/.local/lib/python3.12/site-packages/airflow/example_dags/example_xcomargs.py
[2025-03-14T07:53:57.560+0000] {logging_mixin.py:190} INFO - [2025-03-14T07:53:57.559+0000] {dag.py:3239} INFO - Sync 2 DAGs
[2025-03-14T07:53:57.575+0000] {logging_mixin.py:190} INFO - [2025-03-14T07:53:57.575+0000] {dag.py:4180} INFO - Setting next_dagrun for example_xcom_args to None, run_after=None
[2025-03-14T07:53:57.582+0000] {logging_mixin.py:190} INFO - [2025-03-14T07:53:57.581+0000] {dag.py:4180} INFO - Setting next_dagrun for example_xcom_args_with_operators to None, run_after=None
[2025-03-14T07:53:57.600+0000] {processor.py:208} INFO - Processing /home/airflow/.local/lib/python3.12/site-packages/airflow/example_dags/example_xcomargs.py took 0.084 seconds
[2025-03-14T07:54:28.058+0000] {processor.py:186} INFO - Started process (PID=603) to work on /home/airflow/.local/lib/python3.12/site-packages/airflow/example_dags/example_xcomargs.py
[2025-03-14T07:54:28.060+0000] {processor.py:914} INFO - Processing file /home/airflow/.local/lib/python3.12/site-packages/airflow/example_dags/example_xcomargs.py for tasks to queue
[2025-03-14T07:54:28.064+0000] {logging_mixin.py:190} INFO - [2025-03-14T07:54:28.063+0000] {dagbag.py:588} INFO - Filling up the DagBag from /home/airflow/.local/lib/python3.12/site-packages/airflow/example_dags/example_xcomargs.py
[2025-03-14T07:54:28.080+0000] {processor.py:925} INFO - DAG(s) 'example_xcom_args', 'example_xcom_args_with_operators' retrieved from /home/airflow/.local/lib/python3.12/site-packages/airflow/example_dags/example_xcomargs.py
[2025-03-14T07:54:28.123+0000] {logging_mixin.py:190} INFO - [2025-03-14T07:54:28.123+0000] {dag.py:3239} INFO - Sync 2 DAGs
[2025-03-14T07:54:28.150+0000] {logging_mixin.py:190} INFO - [2025-03-14T07:54:28.150+0000] {dag.py:4180} INFO - Setting next_dagrun for example_xcom_args to None, run_after=None
[2025-03-14T07:54:28.158+0000] {logging_mixin.py:190} INFO - [2025-03-14T07:54:28.157+0000] {dag.py:4180} INFO - Setting next_dagrun for example_xcom_args_with_operators to None, run_after=None
[2025-03-14T07:54:28.191+0000] {processor.py:208} INFO - Processing /home/airflow/.local/lib/python3.12/site-packages/airflow/example_dags/example_xcomargs.py took 0.142 seconds
