[2025-03-14T07:50:28.754+0000] {processor.py:186} INFO - Started process (PID=114) to work on /home/airflow/.local/lib/python3.12/site-packages/airflow/example_dags/example_branch_python_dop_operator_3.py
[2025-03-14T07:50:28.756+0000] {processor.py:914} INFO - Processing file /home/airflow/.local/lib/python3.12/site-packages/airflow/example_dags/example_branch_python_dop_operator_3.py for tasks to queue
[2025-03-14T07:50:28.759+0000] {logging_mixin.py:190} INFO - [2025-03-14T07:50:28.759+0000] {dagbag.py:588} INFO - Filling up the DagBag from /home/airflow/.local/lib/python3.12/site-packages/airflow/example_dags/example_branch_python_dop_operator_3.py
[2025-03-14T07:50:28.774+0000] {processor.py:925} INFO - DAG(s) 'example_branch_dop_operator_v3' retrieved from /home/airflow/.local/lib/python3.12/site-packages/airflow/example_dags/example_branch_python_dop_operator_3.py
[2025-03-14T07:50:28.810+0000] {logging_mixin.py:190} INFO - [2025-03-14T07:50:28.810+0000] {dag.py:3239} INFO - Sync 1 DAGs
[2025-03-14T07:50:28.845+0000] {logging_mixin.py:190} INFO - [2025-03-14T07:50:28.844+0000] {dag.py:4180} INFO - Setting next_dagrun for example_branch_dop_operator_v3 to 2025-03-14 07:49:00+00:00, run_after=2025-03-14 07:50:00+00:00
[2025-03-14T07:50:28.873+0000] {processor.py:208} INFO - Processing /home/airflow/.local/lib/python3.12/site-packages/airflow/example_dags/example_branch_python_dop_operator_3.py took 0.127 seconds
[2025-03-14T07:51:00.020+0000] {processor.py:186} INFO - Started process (PID=178) to work on /home/airflow/.local/lib/python3.12/site-packages/airflow/example_dags/example_branch_python_dop_operator_3.py
[2025-03-14T07:51:00.021+0000] {processor.py:914} INFO - Processing file /home/airflow/.local/lib/python3.12/site-packages/airflow/example_dags/example_branch_python_dop_operator_3.py for tasks to queue
[2025-03-14T07:51:00.025+0000] {logging_mixin.py:190} INFO - [2025-03-14T07:51:00.025+0000] {dagbag.py:588} INFO - Filling up the DagBag from /home/airflow/.local/lib/python3.12/site-packages/airflow/example_dags/example_branch_python_dop_operator_3.py
[2025-03-14T07:51:00.041+0000] {processor.py:925} INFO - DAG(s) 'example_branch_dop_operator_v3' retrieved from /home/airflow/.local/lib/python3.12/site-packages/airflow/example_dags/example_branch_python_dop_operator_3.py
[2025-03-14T07:51:00.072+0000] {logging_mixin.py:190} INFO - [2025-03-14T07:51:00.072+0000] {dag.py:3239} INFO - Sync 1 DAGs
[2025-03-14T07:51:00.116+0000] {logging_mixin.py:190} INFO - [2025-03-14T07:51:00.115+0000] {dag.py:4180} INFO - Setting next_dagrun for example_branch_dop_operator_v3 to 2025-03-14 07:50:00+00:00, run_after=2025-03-14 07:51:00+00:00
[2025-03-14T07:51:00.160+0000] {processor.py:208} INFO - Processing /home/airflow/.local/lib/python3.12/site-packages/airflow/example_dags/example_branch_python_dop_operator_3.py took 0.149 seconds
[2025-03-14T07:51:30.446+0000] {processor.py:186} INFO - Started process (PID=242) to work on /home/airflow/.local/lib/python3.12/site-packages/airflow/example_dags/example_branch_python_dop_operator_3.py
[2025-03-14T07:51:30.448+0000] {processor.py:914} INFO - Processing file /home/airflow/.local/lib/python3.12/site-packages/airflow/example_dags/example_branch_python_dop_operator_3.py for tasks to queue
[2025-03-14T07:51:30.452+0000] {logging_mixin.py:190} INFO - [2025-03-14T07:51:30.451+0000] {dagbag.py:588} INFO - Filling up the DagBag from /home/airflow/.local/lib/python3.12/site-packages/airflow/example_dags/example_branch_python_dop_operator_3.py
[2025-03-14T07:51:30.467+0000] {processor.py:925} INFO - DAG(s) 'example_branch_dop_operator_v3' retrieved from /home/airflow/.local/lib/python3.12/site-packages/airflow/example_dags/example_branch_python_dop_operator_3.py
[2025-03-14T07:51:30.499+0000] {logging_mixin.py:190} INFO - [2025-03-14T07:51:30.499+0000] {dag.py:3239} INFO - Sync 1 DAGs
[2025-03-14T07:51:30.553+0000] {logging_mixin.py:190} INFO - [2025-03-14T07:51:30.553+0000] {dag.py:4180} INFO - Setting next_dagrun for example_branch_dop_operator_v3 to 2025-03-14 07:50:00+00:00, run_after=2025-03-14 07:51:00+00:00
[2025-03-14T07:51:30.579+0000] {processor.py:208} INFO - Processing /home/airflow/.local/lib/python3.12/site-packages/airflow/example_dags/example_branch_python_dop_operator_3.py took 0.147 seconds
[2025-03-14T07:52:01.212+0000] {processor.py:186} INFO - Started process (PID=305) to work on /home/airflow/.local/lib/python3.12/site-packages/airflow/example_dags/example_branch_python_dop_operator_3.py
[2025-03-14T07:52:01.214+0000] {processor.py:914} INFO - Processing file /home/airflow/.local/lib/python3.12/site-packages/airflow/example_dags/example_branch_python_dop_operator_3.py for tasks to queue
[2025-03-14T07:52:01.218+0000] {logging_mixin.py:190} INFO - [2025-03-14T07:52:01.218+0000] {dagbag.py:588} INFO - Filling up the DagBag from /home/airflow/.local/lib/python3.12/site-packages/airflow/example_dags/example_branch_python_dop_operator_3.py
[2025-03-14T07:52:01.230+0000] {processor.py:925} INFO - DAG(s) 'example_branch_dop_operator_v3' retrieved from /home/airflow/.local/lib/python3.12/site-packages/airflow/example_dags/example_branch_python_dop_operator_3.py
[2025-03-14T07:52:01.251+0000] {logging_mixin.py:190} INFO - [2025-03-14T07:52:01.251+0000] {dag.py:3239} INFO - Sync 1 DAGs
[2025-03-14T07:52:01.281+0000] {logging_mixin.py:190} INFO - [2025-03-14T07:52:01.281+0000] {dag.py:4180} INFO - Setting next_dagrun for example_branch_dop_operator_v3 to 2025-03-14 07:51:00+00:00, run_after=2025-03-14 07:52:00+00:00
[2025-03-14T07:52:01.341+0000] {processor.py:208} INFO - Processing /home/airflow/.local/lib/python3.12/site-packages/airflow/example_dags/example_branch_python_dop_operator_3.py took 0.138 seconds
[2025-03-14T07:52:31.968+0000] {processor.py:186} INFO - Started process (PID=369) to work on /home/airflow/.local/lib/python3.12/site-packages/airflow/example_dags/example_branch_python_dop_operator_3.py
[2025-03-14T07:52:31.969+0000] {processor.py:914} INFO - Processing file /home/airflow/.local/lib/python3.12/site-packages/airflow/example_dags/example_branch_python_dop_operator_3.py for tasks to queue
[2025-03-14T07:52:31.972+0000] {logging_mixin.py:190} INFO - [2025-03-14T07:52:31.972+0000] {dagbag.py:588} INFO - Filling up the DagBag from /home/airflow/.local/lib/python3.12/site-packages/airflow/example_dags/example_branch_python_dop_operator_3.py
[2025-03-14T07:52:31.984+0000] {processor.py:925} INFO - DAG(s) 'example_branch_dop_operator_v3' retrieved from /home/airflow/.local/lib/python3.12/site-packages/airflow/example_dags/example_branch_python_dop_operator_3.py
[2025-03-14T07:52:32.011+0000] {logging_mixin.py:190} INFO - [2025-03-14T07:52:32.011+0000] {dag.py:3239} INFO - Sync 1 DAGs
[2025-03-14T07:52:32.043+0000] {logging_mixin.py:190} INFO - [2025-03-14T07:52:32.043+0000] {dag.py:4180} INFO - Setting next_dagrun for example_branch_dop_operator_v3 to 2025-03-14 07:51:00+00:00, run_after=2025-03-14 07:52:00+00:00
[2025-03-14T07:52:32.108+0000] {processor.py:208} INFO - Processing /home/airflow/.local/lib/python3.12/site-packages/airflow/example_dags/example_branch_python_dop_operator_3.py took 0.147 seconds
[2025-03-14T07:53:02.288+0000] {processor.py:186} INFO - Started process (PID=432) to work on /home/airflow/.local/lib/python3.12/site-packages/airflow/example_dags/example_branch_python_dop_operator_3.py
[2025-03-14T07:53:02.290+0000] {processor.py:914} INFO - Processing file /home/airflow/.local/lib/python3.12/site-packages/airflow/example_dags/example_branch_python_dop_operator_3.py for tasks to queue
[2025-03-14T07:53:02.293+0000] {logging_mixin.py:190} INFO - [2025-03-14T07:53:02.292+0000] {dagbag.py:588} INFO - Filling up the DagBag from /home/airflow/.local/lib/python3.12/site-packages/airflow/example_dags/example_branch_python_dop_operator_3.py
[2025-03-14T07:53:02.304+0000] {processor.py:925} INFO - DAG(s) 'example_branch_dop_operator_v3' retrieved from /home/airflow/.local/lib/python3.12/site-packages/airflow/example_dags/example_branch_python_dop_operator_3.py
[2025-03-14T07:53:02.334+0000] {logging_mixin.py:190} INFO - [2025-03-14T07:53:02.334+0000] {dag.py:3239} INFO - Sync 1 DAGs
[2025-03-14T07:53:02.361+0000] {logging_mixin.py:190} INFO - [2025-03-14T07:53:02.361+0000] {dag.py:4180} INFO - Setting next_dagrun for example_branch_dop_operator_v3 to 2025-03-14 07:52:00+00:00, run_after=2025-03-14 07:53:00+00:00
[2025-03-14T07:53:02.383+0000] {processor.py:208} INFO - Processing /home/airflow/.local/lib/python3.12/site-packages/airflow/example_dags/example_branch_python_dop_operator_3.py took 0.104 seconds
[2025-03-14T07:53:32.467+0000] {processor.py:186} INFO - Started process (PID=496) to work on /home/airflow/.local/lib/python3.12/site-packages/airflow/example_dags/example_branch_python_dop_operator_3.py
[2025-03-14T07:53:32.469+0000] {processor.py:914} INFO - Processing file /home/airflow/.local/lib/python3.12/site-packages/airflow/example_dags/example_branch_python_dop_operator_3.py for tasks to queue
[2025-03-14T07:53:32.472+0000] {logging_mixin.py:190} INFO - [2025-03-14T07:53:32.471+0000] {dagbag.py:588} INFO - Filling up the DagBag from /home/airflow/.local/lib/python3.12/site-packages/airflow/example_dags/example_branch_python_dop_operator_3.py
[2025-03-14T07:53:32.484+0000] {processor.py:925} INFO - DAG(s) 'example_branch_dop_operator_v3' retrieved from /home/airflow/.local/lib/python3.12/site-packages/airflow/example_dags/example_branch_python_dop_operator_3.py
[2025-03-14T07:53:32.508+0000] {logging_mixin.py:190} INFO - [2025-03-14T07:53:32.507+0000] {dag.py:3239} INFO - Sync 1 DAGs
[2025-03-14T07:53:32.547+0000] {logging_mixin.py:190} INFO - [2025-03-14T07:53:32.547+0000] {dag.py:4180} INFO - Setting next_dagrun for example_branch_dop_operator_v3 to 2025-03-14 07:52:00+00:00, run_after=2025-03-14 07:53:00+00:00
[2025-03-14T07:53:32.574+0000] {processor.py:208} INFO - Processing /home/airflow/.local/lib/python3.12/site-packages/airflow/example_dags/example_branch_python_dop_operator_3.py took 0.114 seconds
[2025-03-14T07:54:02.708+0000] {processor.py:186} INFO - Started process (PID=560) to work on /home/airflow/.local/lib/python3.12/site-packages/airflow/example_dags/example_branch_python_dop_operator_3.py
[2025-03-14T07:54:02.709+0000] {processor.py:914} INFO - Processing file /home/airflow/.local/lib/python3.12/site-packages/airflow/example_dags/example_branch_python_dop_operator_3.py for tasks to queue
[2025-03-14T07:54:02.712+0000] {logging_mixin.py:190} INFO - [2025-03-14T07:54:02.712+0000] {dagbag.py:588} INFO - Filling up the DagBag from /home/airflow/.local/lib/python3.12/site-packages/airflow/example_dags/example_branch_python_dop_operator_3.py
[2025-03-14T07:54:02.725+0000] {processor.py:925} INFO - DAG(s) 'example_branch_dop_operator_v3' retrieved from /home/airflow/.local/lib/python3.12/site-packages/airflow/example_dags/example_branch_python_dop_operator_3.py
[2025-03-14T07:54:02.754+0000] {logging_mixin.py:190} INFO - [2025-03-14T07:54:02.754+0000] {dag.py:3239} INFO - Sync 1 DAGs
[2025-03-14T07:54:02.798+0000] {logging_mixin.py:190} INFO - [2025-03-14T07:54:02.798+0000] {dag.py:4180} INFO - Setting next_dagrun for example_branch_dop_operator_v3 to 2025-03-14 07:53:00+00:00, run_after=2025-03-14 07:54:00+00:00
[2025-03-14T07:54:02.846+0000] {processor.py:208} INFO - Processing /home/airflow/.local/lib/python3.12/site-packages/airflow/example_dags/example_branch_python_dop_operator_3.py took 0.144 seconds
