[2025-03-14T07:50:28.916+0000] {processor.py:186} INFO - Started process (PID=116) to work on /home/airflow/.local/lib/python3.12/site-packages/airflow/example_dags/example_nested_branch_dag.py
[2025-03-14T07:50:28.917+0000] {processor.py:914} INFO - Processing file /home/airflow/.local/lib/python3.12/site-packages/airflow/example_dags/example_nested_branch_dag.py for tasks to queue
[2025-03-14T07:50:28.920+0000] {logging_mixin.py:190} INFO - [2025-03-14T07:50:28.920+0000] {dagbag.py:588} INFO - Filling up the DagBag from /home/airflow/.local/lib/python3.12/site-packages/airflow/example_dags/example_nested_branch_dag.py
[2025-03-14T07:50:28.939+0000] {processor.py:925} INFO - DAG(s) 'example_nested_branch_dag' retrieved from /home/airflow/.local/lib/python3.12/site-packages/airflow/example_dags/example_nested_branch_dag.py
[2025-03-14T07:50:28.974+0000] {logging_mixin.py:190} INFO - [2025-03-14T07:50:28.973+0000] {dag.py:3239} INFO - Sync 1 DAGs
[2025-03-14T07:50:29.017+0000] {logging_mixin.py:190} INFO - [2025-03-14T07:50:29.016+0000] {dag.py:4180} INFO - Setting next_dagrun for example_nested_branch_dag to 2025-03-13 00:00:00+00:00, run_after=2025-03-14 00:00:00+00:00
[2025-03-14T07:50:29.046+0000] {processor.py:208} INFO - Processing /home/airflow/.local/lib/python3.12/site-packages/airflow/example_dags/example_nested_branch_dag.py took 0.137 seconds
[2025-03-14T07:51:00.207+0000] {processor.py:186} INFO - Started process (PID=180) to work on /home/airflow/.local/lib/python3.12/site-packages/airflow/example_dags/example_nested_branch_dag.py
[2025-03-14T07:51:00.208+0000] {processor.py:914} INFO - Processing file /home/airflow/.local/lib/python3.12/site-packages/airflow/example_dags/example_nested_branch_dag.py for tasks to queue
[2025-03-14T07:51:00.212+0000] {logging_mixin.py:190} INFO - [2025-03-14T07:51:00.211+0000] {dagbag.py:588} INFO - Filling up the DagBag from /home/airflow/.local/lib/python3.12/site-packages/airflow/example_dags/example_nested_branch_dag.py
[2025-03-14T07:51:00.226+0000] {processor.py:925} INFO - DAG(s) 'example_nested_branch_dag' retrieved from /home/airflow/.local/lib/python3.12/site-packages/airflow/example_dags/example_nested_branch_dag.py
[2025-03-14T07:51:00.259+0000] {logging_mixin.py:190} INFO - [2025-03-14T07:51:00.258+0000] {dag.py:3239} INFO - Sync 1 DAGs
[2025-03-14T07:51:00.295+0000] {logging_mixin.py:190} INFO - [2025-03-14T07:51:00.295+0000] {dag.py:4180} INFO - Setting next_dagrun for example_nested_branch_dag to 2025-03-13 00:00:00+00:00, run_after=2025-03-14 00:00:00+00:00
[2025-03-14T07:51:00.322+0000] {processor.py:208} INFO - Processing /home/airflow/.local/lib/python3.12/site-packages/airflow/example_dags/example_nested_branch_dag.py took 0.123 seconds
[2025-03-14T07:51:30.802+0000] {processor.py:186} INFO - Started process (PID=244) to work on /home/airflow/.local/lib/python3.12/site-packages/airflow/example_dags/example_nested_branch_dag.py
[2025-03-14T07:51:30.803+0000] {processor.py:914} INFO - Processing file /home/airflow/.local/lib/python3.12/site-packages/airflow/example_dags/example_nested_branch_dag.py for tasks to queue
[2025-03-14T07:51:30.806+0000] {logging_mixin.py:190} INFO - [2025-03-14T07:51:30.806+0000] {dagbag.py:588} INFO - Filling up the DagBag from /home/airflow/.local/lib/python3.12/site-packages/airflow/example_dags/example_nested_branch_dag.py
[2025-03-14T07:51:30.822+0000] {processor.py:925} INFO - DAG(s) 'example_nested_branch_dag' retrieved from /home/airflow/.local/lib/python3.12/site-packages/airflow/example_dags/example_nested_branch_dag.py
[2025-03-14T07:51:30.856+0000] {logging_mixin.py:190} INFO - [2025-03-14T07:51:30.855+0000] {dag.py:3239} INFO - Sync 1 DAGs
[2025-03-14T07:51:30.888+0000] {logging_mixin.py:190} INFO - [2025-03-14T07:51:30.887+0000] {dag.py:4180} INFO - Setting next_dagrun for example_nested_branch_dag to 2025-03-13 00:00:00+00:00, run_after=2025-03-14 00:00:00+00:00
[2025-03-14T07:51:30.916+0000] {processor.py:208} INFO - Processing /home/airflow/.local/lib/python3.12/site-packages/airflow/example_dags/example_nested_branch_dag.py took 0.122 seconds
[2025-03-14T07:52:01.403+0000] {processor.py:186} INFO - Started process (PID=307) to work on /home/airflow/.local/lib/python3.12/site-packages/airflow/example_dags/example_nested_branch_dag.py
[2025-03-14T07:52:01.405+0000] {processor.py:914} INFO - Processing file /home/airflow/.local/lib/python3.12/site-packages/airflow/example_dags/example_nested_branch_dag.py for tasks to queue
[2025-03-14T07:52:01.409+0000] {logging_mixin.py:190} INFO - [2025-03-14T07:52:01.408+0000] {dagbag.py:588} INFO - Filling up the DagBag from /home/airflow/.local/lib/python3.12/site-packages/airflow/example_dags/example_nested_branch_dag.py
[2025-03-14T07:52:01.423+0000] {processor.py:925} INFO - DAG(s) 'example_nested_branch_dag' retrieved from /home/airflow/.local/lib/python3.12/site-packages/airflow/example_dags/example_nested_branch_dag.py
[2025-03-14T07:52:01.451+0000] {logging_mixin.py:190} INFO - [2025-03-14T07:52:01.451+0000] {dag.py:3239} INFO - Sync 1 DAGs
[2025-03-14T07:52:01.481+0000] {logging_mixin.py:190} INFO - [2025-03-14T07:52:01.481+0000] {dag.py:4180} INFO - Setting next_dagrun for example_nested_branch_dag to 2025-03-13 00:00:00+00:00, run_after=2025-03-14 00:00:00+00:00
[2025-03-14T07:52:01.516+0000] {processor.py:208} INFO - Processing /home/airflow/.local/lib/python3.12/site-packages/airflow/example_dags/example_nested_branch_dag.py took 0.118 seconds
[2025-03-14T07:52:32.312+0000] {processor.py:186} INFO - Started process (PID=371) to work on /home/airflow/.local/lib/python3.12/site-packages/airflow/example_dags/example_nested_branch_dag.py
[2025-03-14T07:52:32.314+0000] {processor.py:914} INFO - Processing file /home/airflow/.local/lib/python3.12/site-packages/airflow/example_dags/example_nested_branch_dag.py for tasks to queue
[2025-03-14T07:52:32.317+0000] {logging_mixin.py:190} INFO - [2025-03-14T07:52:32.317+0000] {dagbag.py:588} INFO - Filling up the DagBag from /home/airflow/.local/lib/python3.12/site-packages/airflow/example_dags/example_nested_branch_dag.py
[2025-03-14T07:52:32.330+0000] {processor.py:925} INFO - DAG(s) 'example_nested_branch_dag' retrieved from /home/airflow/.local/lib/python3.12/site-packages/airflow/example_dags/example_nested_branch_dag.py
[2025-03-14T07:52:32.355+0000] {logging_mixin.py:190} INFO - [2025-03-14T07:52:32.355+0000] {dag.py:3239} INFO - Sync 1 DAGs
[2025-03-14T07:52:32.379+0000] {logging_mixin.py:190} INFO - [2025-03-14T07:52:32.378+0000] {dag.py:4180} INFO - Setting next_dagrun for example_nested_branch_dag to 2025-03-13 00:00:00+00:00, run_after=2025-03-14 00:00:00+00:00
[2025-03-14T07:52:32.400+0000] {processor.py:208} INFO - Processing /home/airflow/.local/lib/python3.12/site-packages/airflow/example_dags/example_nested_branch_dag.py took 0.094 seconds
[2025-03-14T07:53:02.603+0000] {processor.py:186} INFO - Started process (PID=435) to work on /home/airflow/.local/lib/python3.12/site-packages/airflow/example_dags/example_nested_branch_dag.py
[2025-03-14T07:53:02.604+0000] {processor.py:914} INFO - Processing file /home/airflow/.local/lib/python3.12/site-packages/airflow/example_dags/example_nested_branch_dag.py for tasks to queue
[2025-03-14T07:53:02.607+0000] {logging_mixin.py:190} INFO - [2025-03-14T07:53:02.607+0000] {dagbag.py:588} INFO - Filling up the DagBag from /home/airflow/.local/lib/python3.12/site-packages/airflow/example_dags/example_nested_branch_dag.py
[2025-03-14T07:53:02.620+0000] {processor.py:925} INFO - DAG(s) 'example_nested_branch_dag' retrieved from /home/airflow/.local/lib/python3.12/site-packages/airflow/example_dags/example_nested_branch_dag.py
[2025-03-14T07:53:02.648+0000] {logging_mixin.py:190} INFO - [2025-03-14T07:53:02.648+0000] {dag.py:3239} INFO - Sync 1 DAGs
[2025-03-14T07:53:02.674+0000] {logging_mixin.py:190} INFO - [2025-03-14T07:53:02.674+0000] {dag.py:4180} INFO - Setting next_dagrun for example_nested_branch_dag to 2025-03-13 00:00:00+00:00, run_after=2025-03-14 00:00:00+00:00
[2025-03-14T07:53:02.694+0000] {processor.py:208} INFO - Processing /home/airflow/.local/lib/python3.12/site-packages/airflow/example_dags/example_nested_branch_dag.py took 0.099 seconds
[2025-03-14T07:53:32.775+0000] {processor.py:186} INFO - Started process (PID=498) to work on /home/airflow/.local/lib/python3.12/site-packages/airflow/example_dags/example_nested_branch_dag.py
[2025-03-14T07:53:32.776+0000] {processor.py:914} INFO - Processing file /home/airflow/.local/lib/python3.12/site-packages/airflow/example_dags/example_nested_branch_dag.py for tasks to queue
[2025-03-14T07:53:32.778+0000] {logging_mixin.py:190} INFO - [2025-03-14T07:53:32.778+0000] {dagbag.py:588} INFO - Filling up the DagBag from /home/airflow/.local/lib/python3.12/site-packages/airflow/example_dags/example_nested_branch_dag.py
[2025-03-14T07:53:32.790+0000] {processor.py:925} INFO - DAG(s) 'example_nested_branch_dag' retrieved from /home/airflow/.local/lib/python3.12/site-packages/airflow/example_dags/example_nested_branch_dag.py
[2025-03-14T07:53:32.812+0000] {logging_mixin.py:190} INFO - [2025-03-14T07:53:32.811+0000] {dag.py:3239} INFO - Sync 1 DAGs
[2025-03-14T07:53:32.842+0000] {logging_mixin.py:190} INFO - [2025-03-14T07:53:32.841+0000] {dag.py:4180} INFO - Setting next_dagrun for example_nested_branch_dag to 2025-03-13 00:00:00+00:00, run_after=2025-03-14 00:00:00+00:00
[2025-03-14T07:53:32.892+0000] {processor.py:208} INFO - Processing /home/airflow/.local/lib/python3.12/site-packages/airflow/example_dags/example_nested_branch_dag.py took 0.123 seconds
[2025-03-14T07:54:03.106+0000] {processor.py:186} INFO - Started process (PID=562) to work on /home/airflow/.local/lib/python3.12/site-packages/airflow/example_dags/example_nested_branch_dag.py
[2025-03-14T07:54:03.108+0000] {processor.py:914} INFO - Processing file /home/airflow/.local/lib/python3.12/site-packages/airflow/example_dags/example_nested_branch_dag.py for tasks to queue
[2025-03-14T07:54:03.112+0000] {logging_mixin.py:190} INFO - [2025-03-14T07:54:03.111+0000] {dagbag.py:588} INFO - Filling up the DagBag from /home/airflow/.local/lib/python3.12/site-packages/airflow/example_dags/example_nested_branch_dag.py
[2025-03-14T07:54:03.128+0000] {processor.py:925} INFO - DAG(s) 'example_nested_branch_dag' retrieved from /home/airflow/.local/lib/python3.12/site-packages/airflow/example_dags/example_nested_branch_dag.py
[2025-03-14T07:54:03.161+0000] {logging_mixin.py:190} INFO - [2025-03-14T07:54:03.161+0000] {dag.py:3239} INFO - Sync 1 DAGs
[2025-03-14T07:54:03.205+0000] {logging_mixin.py:190} INFO - [2025-03-14T07:54:03.205+0000] {dag.py:4180} INFO - Setting next_dagrun for example_nested_branch_dag to 2025-03-13 00:00:00+00:00, run_after=2025-03-14 00:00:00+00:00
[2025-03-14T07:54:03.268+0000] {processor.py:208} INFO - Processing /home/airflow/.local/lib/python3.12/site-packages/airflow/example_dags/example_nested_branch_dag.py took 0.170 seconds
