[2025-03-14T07:50:28.561+0000] {processor.py:186} INFO - Started process (PID=113) to work on /home/airflow/.local/lib/python3.12/site-packages/airflow/example_dags/example_branch_labels.py
[2025-03-14T07:50:28.563+0000] {processor.py:914} INFO - Processing file /home/airflow/.local/lib/python3.12/site-packages/airflow/example_dags/example_branch_labels.py for tasks to queue
[2025-03-14T07:50:28.565+0000] {logging_mixin.py:190} INFO - [2025-03-14T07:50:28.565+0000] {dagbag.py:588} INFO - Filling up the DagBag from /home/airflow/.local/lib/python3.12/site-packages/airflow/example_dags/example_branch_labels.py
[2025-03-14T07:50:28.579+0000] {processor.py:925} INFO - DAG(s) 'example_branch_labels' retrieved from /home/airflow/.local/lib/python3.12/site-packages/airflow/example_dags/example_branch_labels.py
[2025-03-14T07:50:28.614+0000] {logging_mixin.py:190} INFO - [2025-03-14T07:50:28.613+0000] {dag.py:3239} INFO - Sync 1 DAGs
[2025-03-14T07:50:28.650+0000] {logging_mixin.py:190} INFO - [2025-03-14T07:50:28.649+0000] {dag.py:4180} INFO - Setting next_dagrun for example_branch_labels to 2025-03-13 00:00:00+00:00, run_after=2025-03-14 00:00:00+00:00
[2025-03-14T07:50:28.685+0000] {processor.py:208} INFO - Processing /home/airflow/.local/lib/python3.12/site-packages/airflow/example_dags/example_branch_labels.py took 0.131 seconds
[2025-03-14T07:50:59.841+0000] {processor.py:186} INFO - Started process (PID=177) to work on /home/airflow/.local/lib/python3.12/site-packages/airflow/example_dags/example_branch_labels.py
[2025-03-14T07:50:59.843+0000] {processor.py:914} INFO - Processing file /home/airflow/.local/lib/python3.12/site-packages/airflow/example_dags/example_branch_labels.py for tasks to queue
[2025-03-14T07:50:59.847+0000] {logging_mixin.py:190} INFO - [2025-03-14T07:50:59.847+0000] {dagbag.py:588} INFO - Filling up the DagBag from /home/airflow/.local/lib/python3.12/site-packages/airflow/example_dags/example_branch_labels.py
[2025-03-14T07:50:59.864+0000] {processor.py:925} INFO - DAG(s) 'example_branch_labels' retrieved from /home/airflow/.local/lib/python3.12/site-packages/airflow/example_dags/example_branch_labels.py
[2025-03-14T07:50:59.893+0000] {logging_mixin.py:190} INFO - [2025-03-14T07:50:59.893+0000] {dag.py:3239} INFO - Sync 1 DAGs
[2025-03-14T07:50:59.932+0000] {logging_mixin.py:190} INFO - [2025-03-14T07:50:59.931+0000] {dag.py:4180} INFO - Setting next_dagrun for example_branch_labels to 2025-03-13 00:00:00+00:00, run_after=2025-03-14 00:00:00+00:00
[2025-03-14T07:50:59.965+0000] {processor.py:208} INFO - Processing /home/airflow/.local/lib/python3.12/site-packages/airflow/example_dags/example_branch_labels.py took 0.134 seconds
[2025-03-14T07:51:30.283+0000] {processor.py:186} INFO - Started process (PID=241) to work on /home/airflow/.local/lib/python3.12/site-packages/airflow/example_dags/example_branch_labels.py
[2025-03-14T07:51:30.285+0000] {processor.py:914} INFO - Processing file /home/airflow/.local/lib/python3.12/site-packages/airflow/example_dags/example_branch_labels.py for tasks to queue
[2025-03-14T07:51:30.289+0000] {logging_mixin.py:190} INFO - [2025-03-14T07:51:30.288+0000] {dagbag.py:588} INFO - Filling up the DagBag from /home/airflow/.local/lib/python3.12/site-packages/airflow/example_dags/example_branch_labels.py
[2025-03-14T07:51:30.304+0000] {processor.py:925} INFO - DAG(s) 'example_branch_labels' retrieved from /home/airflow/.local/lib/python3.12/site-packages/airflow/example_dags/example_branch_labels.py
[2025-03-14T07:51:30.333+0000] {logging_mixin.py:190} INFO - [2025-03-14T07:51:30.332+0000] {dag.py:3239} INFO - Sync 1 DAGs
[2025-03-14T07:51:30.370+0000] {logging_mixin.py:190} INFO - [2025-03-14T07:51:30.369+0000] {dag.py:4180} INFO - Setting next_dagrun for example_branch_labels to 2025-03-13 00:00:00+00:00, run_after=2025-03-14 00:00:00+00:00
[2025-03-14T07:51:30.396+0000] {processor.py:208} INFO - Processing /home/airflow/.local/lib/python3.12/site-packages/airflow/example_dags/example_branch_labels.py took 0.124 seconds
[2025-03-14T07:52:01.010+0000] {processor.py:186} INFO - Started process (PID=304) to work on /home/airflow/.local/lib/python3.12/site-packages/airflow/example_dags/example_branch_labels.py
[2025-03-14T07:52:01.012+0000] {processor.py:914} INFO - Processing file /home/airflow/.local/lib/python3.12/site-packages/airflow/example_dags/example_branch_labels.py for tasks to queue
[2025-03-14T07:52:01.015+0000] {logging_mixin.py:190} INFO - [2025-03-14T07:52:01.015+0000] {dagbag.py:588} INFO - Filling up the DagBag from /home/airflow/.local/lib/python3.12/site-packages/airflow/example_dags/example_branch_labels.py
[2025-03-14T07:52:01.029+0000] {processor.py:925} INFO - DAG(s) 'example_branch_labels' retrieved from /home/airflow/.local/lib/python3.12/site-packages/airflow/example_dags/example_branch_labels.py
[2025-03-14T07:52:01.058+0000] {logging_mixin.py:190} INFO - [2025-03-14T07:52:01.058+0000] {dag.py:3239} INFO - Sync 1 DAGs
[2025-03-14T07:52:01.089+0000] {logging_mixin.py:190} INFO - [2025-03-14T07:52:01.089+0000] {dag.py:4180} INFO - Setting next_dagrun for example_branch_labels to 2025-03-13 00:00:00+00:00, run_after=2025-03-14 00:00:00+00:00
[2025-03-14T07:52:01.120+0000] {processor.py:208} INFO - Processing /home/airflow/.local/lib/python3.12/site-packages/airflow/example_dags/example_branch_labels.py took 0.118 seconds
[2025-03-14T07:52:31.815+0000] {processor.py:186} INFO - Started process (PID=368) to work on /home/airflow/.local/lib/python3.12/site-packages/airflow/example_dags/example_branch_labels.py
[2025-03-14T07:52:31.816+0000] {processor.py:914} INFO - Processing file /home/airflow/.local/lib/python3.12/site-packages/airflow/example_dags/example_branch_labels.py for tasks to queue
[2025-03-14T07:52:31.820+0000] {logging_mixin.py:190} INFO - [2025-03-14T07:52:31.820+0000] {dagbag.py:588} INFO - Filling up the DagBag from /home/airflow/.local/lib/python3.12/site-packages/airflow/example_dags/example_branch_labels.py
[2025-03-14T07:52:31.830+0000] {processor.py:925} INFO - DAG(s) 'example_branch_labels' retrieved from /home/airflow/.local/lib/python3.12/site-packages/airflow/example_dags/example_branch_labels.py
[2025-03-14T07:52:31.855+0000] {logging_mixin.py:190} INFO - [2025-03-14T07:52:31.855+0000] {dag.py:3239} INFO - Sync 1 DAGs
[2025-03-14T07:52:31.887+0000] {logging_mixin.py:190} INFO - [2025-03-14T07:52:31.887+0000] {dag.py:4180} INFO - Setting next_dagrun for example_branch_labels to 2025-03-13 00:00:00+00:00, run_after=2025-03-14 00:00:00+00:00
[2025-03-14T07:52:31.930+0000] {processor.py:208} INFO - Processing /home/airflow/.local/lib/python3.12/site-packages/airflow/example_dags/example_branch_labels.py took 0.121 seconds
[2025-03-14T07:53:02.081+0000] {processor.py:186} INFO - Started process (PID=431) to work on /home/airflow/.local/lib/python3.12/site-packages/airflow/example_dags/example_branch_labels.py
[2025-03-14T07:53:02.082+0000] {processor.py:914} INFO - Processing file /home/airflow/.local/lib/python3.12/site-packages/airflow/example_dags/example_branch_labels.py for tasks to queue
[2025-03-14T07:53:02.084+0000] {logging_mixin.py:190} INFO - [2025-03-14T07:53:02.084+0000] {dagbag.py:588} INFO - Filling up the DagBag from /home/airflow/.local/lib/python3.12/site-packages/airflow/example_dags/example_branch_labels.py
[2025-03-14T07:53:02.096+0000] {processor.py:925} INFO - DAG(s) 'example_branch_labels' retrieved from /home/airflow/.local/lib/python3.12/site-packages/airflow/example_dags/example_branch_labels.py
[2025-03-14T07:53:02.117+0000] {logging_mixin.py:190} INFO - [2025-03-14T07:53:02.117+0000] {dag.py:3239} INFO - Sync 1 DAGs
[2025-03-14T07:53:02.141+0000] {logging_mixin.py:190} INFO - [2025-03-14T07:53:02.141+0000] {dag.py:4180} INFO - Setting next_dagrun for example_branch_labels to 2025-03-13 00:00:00+00:00, run_after=2025-03-14 00:00:00+00:00
[2025-03-14T07:53:02.203+0000] {processor.py:208} INFO - Processing /home/airflow/.local/lib/python3.12/site-packages/airflow/example_dags/example_branch_labels.py took 0.127 seconds
[2025-03-14T07:53:32.467+0000] {processor.py:186} INFO - Started process (PID=495) to work on /home/airflow/.local/lib/python3.12/site-packages/airflow/example_dags/example_branch_labels.py
[2025-03-14T07:53:32.469+0000] {processor.py:914} INFO - Processing file /home/airflow/.local/lib/python3.12/site-packages/airflow/example_dags/example_branch_labels.py for tasks to queue
[2025-03-14T07:53:32.472+0000] {logging_mixin.py:190} INFO - [2025-03-14T07:53:32.472+0000] {dagbag.py:588} INFO - Filling up the DagBag from /home/airflow/.local/lib/python3.12/site-packages/airflow/example_dags/example_branch_labels.py
[2025-03-14T07:53:32.486+0000] {processor.py:925} INFO - DAG(s) 'example_branch_labels' retrieved from /home/airflow/.local/lib/python3.12/site-packages/airflow/example_dags/example_branch_labels.py
[2025-03-14T07:53:32.518+0000] {logging_mixin.py:190} INFO - [2025-03-14T07:53:32.517+0000] {dag.py:3239} INFO - Sync 1 DAGs
[2025-03-14T07:53:32.557+0000] {logging_mixin.py:190} INFO - [2025-03-14T07:53:32.557+0000] {dag.py:4180} INFO - Setting next_dagrun for example_branch_labels to 2025-03-13 00:00:00+00:00, run_after=2025-03-14 00:00:00+00:00
[2025-03-14T07:53:32.583+0000] {processor.py:208} INFO - Processing /home/airflow/.local/lib/python3.12/site-packages/airflow/example_dags/example_branch_labels.py took 0.123 seconds
[2025-03-14T07:54:02.708+0000] {processor.py:186} INFO - Started process (PID=559) to work on /home/airflow/.local/lib/python3.12/site-packages/airflow/example_dags/example_branch_labels.py
[2025-03-14T07:54:02.709+0000] {processor.py:914} INFO - Processing file /home/airflow/.local/lib/python3.12/site-packages/airflow/example_dags/example_branch_labels.py for tasks to queue
[2025-03-14T07:54:02.712+0000] {logging_mixin.py:190} INFO - [2025-03-14T07:54:02.712+0000] {dagbag.py:588} INFO - Filling up the DagBag from /home/airflow/.local/lib/python3.12/site-packages/airflow/example_dags/example_branch_labels.py
[2025-03-14T07:54:02.725+0000] {processor.py:925} INFO - DAG(s) 'example_branch_labels' retrieved from /home/airflow/.local/lib/python3.12/site-packages/airflow/example_dags/example_branch_labels.py
[2025-03-14T07:54:02.757+0000] {logging_mixin.py:190} INFO - [2025-03-14T07:54:02.757+0000] {dag.py:3239} INFO - Sync 1 DAGs
[2025-03-14T07:54:02.792+0000] {logging_mixin.py:190} INFO - [2025-03-14T07:54:02.791+0000] {dag.py:4180} INFO - Setting next_dagrun for example_branch_labels to 2025-03-13 00:00:00+00:00, run_after=2025-03-14 00:00:00+00:00
[2025-03-14T07:54:02.846+0000] {processor.py:208} INFO - Processing /home/airflow/.local/lib/python3.12/site-packages/airflow/example_dags/example_branch_labels.py took 0.144 seconds
