[2025-03-14T07:50:21.809+0000] {processor.py:186} INFO - Started process (PID=75) to work on /home/airflow/.local/lib/python3.12/site-packages/airflow/example_dags/example_bash_operator.py
[2025-03-14T07:50:21.810+0000] {processor.py:914} INFO - Processing file /home/airflow/.local/lib/python3.12/site-packages/airflow/example_dags/example_bash_operator.py for tasks to queue
[2025-03-14T07:50:21.816+0000] {logging_mixin.py:190} INFO - [2025-03-14T07:50:21.815+0000] {dagbag.py:588} INFO - Filling up the DagBag from /home/airflow/.local/lib/python3.12/site-packages/airflow/example_dags/example_bash_operator.py
[2025-03-14T07:50:21.837+0000] {processor.py:925} INFO - DAG(s) 'example_bash_operator' retrieved from /home/airflow/.local/lib/python3.12/site-packages/airflow/example_dags/example_bash_operator.py
[2025-03-14T07:50:21.906+0000] {logging_mixin.py:190} INFO - [2025-03-14T07:50:21.906+0000] {dag.py:3239} INFO - Sync 1 DAGs
[2025-03-14T07:50:21.946+0000] {logging_mixin.py:190} INFO - [2025-03-14T07:50:21.945+0000] {dag.py:4180} INFO - Setting next_dagrun for example_bash_operator to 2025-03-13 00:00:00+00:00, run_after=2025-03-14 00:00:00+00:00
[2025-03-14T07:50:21.974+0000] {processor.py:208} INFO - Processing /home/airflow/.local/lib/python3.12/site-packages/airflow/example_dags/example_bash_operator.py took 0.174 seconds
[2025-03-14T07:50:52.408+0000] {processor.py:186} INFO - Started process (PID=137) to work on /home/airflow/.local/lib/python3.12/site-packages/airflow/example_dags/example_bash_operator.py
[2025-03-14T07:50:52.409+0000] {processor.py:914} INFO - Processing file /home/airflow/.local/lib/python3.12/site-packages/airflow/example_dags/example_bash_operator.py for tasks to queue
[2025-03-14T07:50:52.412+0000] {logging_mixin.py:190} INFO - [2025-03-14T07:50:52.412+0000] {dagbag.py:588} INFO - Filling up the DagBag from /home/airflow/.local/lib/python3.12/site-packages/airflow/example_dags/example_bash_operator.py
[2025-03-14T07:50:52.428+0000] {processor.py:925} INFO - DAG(s) 'example_bash_operator' retrieved from /home/airflow/.local/lib/python3.12/site-packages/airflow/example_dags/example_bash_operator.py
[2025-03-14T07:50:52.458+0000] {logging_mixin.py:190} INFO - [2025-03-14T07:50:52.458+0000] {dag.py:3239} INFO - Sync 1 DAGs
[2025-03-14T07:50:52.483+0000] {logging_mixin.py:190} INFO - [2025-03-14T07:50:52.483+0000] {dag.py:4180} INFO - Setting next_dagrun for example_bash_operator to 2025-03-13 00:00:00+00:00, run_after=2025-03-14 00:00:00+00:00
[2025-03-14T07:50:52.519+0000] {processor.py:208} INFO - Processing /home/airflow/.local/lib/python3.12/site-packages/airflow/example_dags/example_bash_operator.py took 0.118 seconds
[2025-03-14T07:51:23.718+0000] {processor.py:186} INFO - Started process (PID=202) to work on /home/airflow/.local/lib/python3.12/site-packages/airflow/example_dags/example_bash_operator.py
[2025-03-14T07:51:23.720+0000] {processor.py:914} INFO - Processing file /home/airflow/.local/lib/python3.12/site-packages/airflow/example_dags/example_bash_operator.py for tasks to queue
[2025-03-14T07:51:23.725+0000] {logging_mixin.py:190} INFO - [2025-03-14T07:51:23.724+0000] {dagbag.py:588} INFO - Filling up the DagBag from /home/airflow/.local/lib/python3.12/site-packages/airflow/example_dags/example_bash_operator.py
[2025-03-14T07:51:23.745+0000] {processor.py:925} INFO - DAG(s) 'example_bash_operator' retrieved from /home/airflow/.local/lib/python3.12/site-packages/airflow/example_dags/example_bash_operator.py
[2025-03-14T07:51:23.786+0000] {logging_mixin.py:190} INFO - [2025-03-14T07:51:23.785+0000] {dag.py:3239} INFO - Sync 1 DAGs
[2025-03-14T07:51:23.819+0000] {logging_mixin.py:190} INFO - [2025-03-14T07:51:23.819+0000] {dag.py:4180} INFO - Setting next_dagrun for example_bash_operator to 2025-03-13 00:00:00+00:00, run_after=2025-03-14 00:00:00+00:00
[2025-03-14T07:51:23.843+0000] {processor.py:208} INFO - Processing /home/airflow/.local/lib/python3.12/site-packages/airflow/example_dags/example_bash_operator.py took 0.133 seconds
[2025-03-14T07:51:54.595+0000] {processor.py:186} INFO - Started process (PID=272) to work on /home/airflow/.local/lib/python3.12/site-packages/airflow/example_dags/example_bash_operator.py
[2025-03-14T07:51:54.597+0000] {processor.py:914} INFO - Processing file /home/airflow/.local/lib/python3.12/site-packages/airflow/example_dags/example_bash_operator.py for tasks to queue
[2025-03-14T07:51:54.600+0000] {logging_mixin.py:190} INFO - [2025-03-14T07:51:54.599+0000] {dagbag.py:588} INFO - Filling up the DagBag from /home/airflow/.local/lib/python3.12/site-packages/airflow/example_dags/example_bash_operator.py
[2025-03-14T07:51:54.617+0000] {processor.py:925} INFO - DAG(s) 'example_bash_operator' retrieved from /home/airflow/.local/lib/python3.12/site-packages/airflow/example_dags/example_bash_operator.py
[2025-03-14T07:51:54.652+0000] {logging_mixin.py:190} INFO - [2025-03-14T07:51:54.652+0000] {dag.py:3239} INFO - Sync 1 DAGs
[2025-03-14T07:51:54.685+0000] {logging_mixin.py:190} INFO - [2025-03-14T07:51:54.685+0000] {dag.py:4180} INFO - Setting next_dagrun for example_bash_operator to 2025-03-13 00:00:00+00:00, run_after=2025-03-14 00:00:00+00:00
[2025-03-14T07:51:54.711+0000] {processor.py:208} INFO - Processing /home/airflow/.local/lib/python3.12/site-packages/airflow/example_dags/example_bash_operator.py took 0.124 seconds
[2025-03-14T07:52:24.824+0000] {processor.py:186} INFO - Started process (PID=336) to work on /home/airflow/.local/lib/python3.12/site-packages/airflow/example_dags/example_bash_operator.py
[2025-03-14T07:52:24.826+0000] {processor.py:914} INFO - Processing file /home/airflow/.local/lib/python3.12/site-packages/airflow/example_dags/example_bash_operator.py for tasks to queue
[2025-03-14T07:52:24.830+0000] {logging_mixin.py:190} INFO - [2025-03-14T07:52:24.830+0000] {dagbag.py:588} INFO - Filling up the DagBag from /home/airflow/.local/lib/python3.12/site-packages/airflow/example_dags/example_bash_operator.py
[2025-03-14T07:52:24.849+0000] {processor.py:925} INFO - DAG(s) 'example_bash_operator' retrieved from /home/airflow/.local/lib/python3.12/site-packages/airflow/example_dags/example_bash_operator.py
[2025-03-14T07:52:24.885+0000] {logging_mixin.py:190} INFO - [2025-03-14T07:52:24.885+0000] {dag.py:3239} INFO - Sync 1 DAGs
[2025-03-14T07:52:24.913+0000] {logging_mixin.py:190} INFO - [2025-03-14T07:52:24.913+0000] {dag.py:4180} INFO - Setting next_dagrun for example_bash_operator to 2025-03-13 00:00:00+00:00, run_after=2025-03-14 00:00:00+00:00
[2025-03-14T07:52:24.971+0000] {processor.py:208} INFO - Processing /home/airflow/.local/lib/python3.12/site-packages/airflow/example_dags/example_bash_operator.py took 0.156 seconds
[2025-03-14T07:52:55.177+0000] {processor.py:186} INFO - Started process (PID=400) to work on /home/airflow/.local/lib/python3.12/site-packages/airflow/example_dags/example_bash_operator.py
[2025-03-14T07:52:55.179+0000] {processor.py:914} INFO - Processing file /home/airflow/.local/lib/python3.12/site-packages/airflow/example_dags/example_bash_operator.py for tasks to queue
[2025-03-14T07:52:55.181+0000] {logging_mixin.py:190} INFO - [2025-03-14T07:52:55.181+0000] {dagbag.py:588} INFO - Filling up the DagBag from /home/airflow/.local/lib/python3.12/site-packages/airflow/example_dags/example_bash_operator.py
[2025-03-14T07:52:55.196+0000] {processor.py:925} INFO - DAG(s) 'example_bash_operator' retrieved from /home/airflow/.local/lib/python3.12/site-packages/airflow/example_dags/example_bash_operator.py
[2025-03-14T07:52:55.233+0000] {logging_mixin.py:190} INFO - [2025-03-14T07:52:55.233+0000] {dag.py:3239} INFO - Sync 1 DAGs
[2025-03-14T07:52:55.260+0000] {logging_mixin.py:190} INFO - [2025-03-14T07:52:55.260+0000] {dag.py:4180} INFO - Setting next_dagrun for example_bash_operator to 2025-03-13 00:00:00+00:00, run_after=2025-03-14 00:00:00+00:00
[2025-03-14T07:52:55.282+0000] {processor.py:208} INFO - Processing /home/airflow/.local/lib/python3.12/site-packages/airflow/example_dags/example_bash_operator.py took 0.111 seconds
[2025-03-14T07:53:26.038+0000] {processor.py:186} INFO - Started process (PID=464) to work on /home/airflow/.local/lib/python3.12/site-packages/airflow/example_dags/example_bash_operator.py
[2025-03-14T07:53:26.040+0000] {processor.py:914} INFO - Processing file /home/airflow/.local/lib/python3.12/site-packages/airflow/example_dags/example_bash_operator.py for tasks to queue
[2025-03-14T07:53:26.043+0000] {logging_mixin.py:190} INFO - [2025-03-14T07:53:26.043+0000] {dagbag.py:588} INFO - Filling up the DagBag from /home/airflow/.local/lib/python3.12/site-packages/airflow/example_dags/example_bash_operator.py
[2025-03-14T07:53:26.055+0000] {processor.py:925} INFO - DAG(s) 'example_bash_operator' retrieved from /home/airflow/.local/lib/python3.12/site-packages/airflow/example_dags/example_bash_operator.py
[2025-03-14T07:53:26.081+0000] {logging_mixin.py:190} INFO - [2025-03-14T07:53:26.081+0000] {dag.py:3239} INFO - Sync 1 DAGs
[2025-03-14T07:53:26.114+0000] {logging_mixin.py:190} INFO - [2025-03-14T07:53:26.114+0000] {dag.py:4180} INFO - Setting next_dagrun for example_bash_operator to 2025-03-13 00:00:00+00:00, run_after=2025-03-14 00:00:00+00:00
[2025-03-14T07:53:26.169+0000] {processor.py:208} INFO - Processing /home/airflow/.local/lib/python3.12/site-packages/airflow/example_dags/example_bash_operator.py took 0.137 seconds
[2025-03-14T07:53:56.385+0000] {processor.py:186} INFO - Started process (PID=528) to work on /home/airflow/.local/lib/python3.12/site-packages/airflow/example_dags/example_bash_operator.py
[2025-03-14T07:53:56.387+0000] {processor.py:914} INFO - Processing file /home/airflow/.local/lib/python3.12/site-packages/airflow/example_dags/example_bash_operator.py for tasks to queue
[2025-03-14T07:53:56.391+0000] {logging_mixin.py:190} INFO - [2025-03-14T07:53:56.390+0000] {dagbag.py:588} INFO - Filling up the DagBag from /home/airflow/.local/lib/python3.12/site-packages/airflow/example_dags/example_bash_operator.py
[2025-03-14T07:53:56.413+0000] {processor.py:925} INFO - DAG(s) 'example_bash_operator' retrieved from /home/airflow/.local/lib/python3.12/site-packages/airflow/example_dags/example_bash_operator.py
[2025-03-14T07:53:56.454+0000] {logging_mixin.py:190} INFO - [2025-03-14T07:53:56.454+0000] {dag.py:3239} INFO - Sync 1 DAGs
[2025-03-14T07:53:56.493+0000] {logging_mixin.py:190} INFO - [2025-03-14T07:53:56.492+0000] {dag.py:4180} INFO - Setting next_dagrun for example_bash_operator to 2025-03-13 00:00:00+00:00, run_after=2025-03-14 00:00:00+00:00
[2025-03-14T07:53:56.550+0000] {processor.py:208} INFO - Processing /home/airflow/.local/lib/python3.12/site-packages/airflow/example_dags/example_bash_operator.py took 0.174 seconds
[2025-03-14T07:54:26.689+0000] {processor.py:186} INFO - Started process (PID=592) to work on /home/airflow/.local/lib/python3.12/site-packages/airflow/example_dags/example_bash_operator.py
[2025-03-14T07:54:26.690+0000] {processor.py:914} INFO - Processing file /home/airflow/.local/lib/python3.12/site-packages/airflow/example_dags/example_bash_operator.py for tasks to queue
[2025-03-14T07:54:26.694+0000] {logging_mixin.py:190} INFO - [2025-03-14T07:54:26.694+0000] {dagbag.py:588} INFO - Filling up the DagBag from /home/airflow/.local/lib/python3.12/site-packages/airflow/example_dags/example_bash_operator.py
[2025-03-14T07:54:26.710+0000] {processor.py:925} INFO - DAG(s) 'example_bash_operator' retrieved from /home/airflow/.local/lib/python3.12/site-packages/airflow/example_dags/example_bash_operator.py
[2025-03-14T07:54:26.749+0000] {logging_mixin.py:190} INFO - [2025-03-14T07:54:26.748+0000] {dag.py:3239} INFO - Sync 1 DAGs
[2025-03-14T07:54:26.775+0000] {logging_mixin.py:190} INFO - [2025-03-14T07:54:26.774+0000] {dag.py:4180} INFO - Setting next_dagrun for example_bash_operator to 2025-03-13 00:00:00+00:00, run_after=2025-03-14 00:00:00+00:00
[2025-03-14T07:54:26.796+0000] {processor.py:208} INFO - Processing /home/airflow/.local/lib/python3.12/site-packages/airflow/example_dags/example_bash_operator.py took 0.115 seconds
