[2025-03-14T07:50:30.216+0000] {processor.py:186} INFO - Started process (PID=122) to work on /home/airflow/.local/lib/python3.12/site-packages/airflow/example_dags/example_sla_dag.py
[2025-03-14T07:50:30.217+0000] {processor.py:914} INFO - Processing file /home/airflow/.local/lib/python3.12/site-packages/airflow/example_dags/example_sla_dag.py for tasks to queue
[2025-03-14T07:50:30.220+0000] {logging_mixin.py:190} INFO - [2025-03-14T07:50:30.219+0000] {dagbag.py:588} INFO - Filling up the DagBag from /home/airflow/.local/lib/python3.12/site-packages/airflow/example_dags/example_sla_dag.py
[2025-03-14T07:50:30.235+0000] {processor.py:925} INFO - DAG(s) 'example_sla_dag' retrieved from /home/airflow/.local/lib/python3.12/site-packages/airflow/example_dags/example_sla_dag.py
[2025-03-14T07:50:30.263+0000] {logging_mixin.py:190} INFO - [2025-03-14T07:50:30.263+0000] {dag.py:3239} INFO - Sync 1 DAGs
[2025-03-14T07:50:30.296+0000] {logging_mixin.py:190} INFO - [2025-03-14T07:50:30.296+0000] {dag.py:4180} INFO - Setting next_dagrun for example_sla_dag to 2025-03-14 07:48:00+00:00, run_after=2025-03-14 07:50:00+00:00
[2025-03-14T07:50:30.322+0000] {processor.py:208} INFO - Processing /home/airflow/.local/lib/python3.12/site-packages/airflow/example_dags/example_sla_dag.py took 0.114 seconds
[2025-03-14T07:51:01.602+0000] {processor.py:186} INFO - Started process (PID=186) to work on /home/airflow/.local/lib/python3.12/site-packages/airflow/example_dags/example_sla_dag.py
[2025-03-14T07:51:01.604+0000] {processor.py:914} INFO - Processing file /home/airflow/.local/lib/python3.12/site-packages/airflow/example_dags/example_sla_dag.py for tasks to queue
[2025-03-14T07:51:01.607+0000] {logging_mixin.py:190} INFO - [2025-03-14T07:51:01.607+0000] {dagbag.py:588} INFO - Filling up the DagBag from /home/airflow/.local/lib/python3.12/site-packages/airflow/example_dags/example_sla_dag.py
[2025-03-14T07:51:01.620+0000] {processor.py:925} INFO - DAG(s) 'example_sla_dag' retrieved from /home/airflow/.local/lib/python3.12/site-packages/airflow/example_dags/example_sla_dag.py
[2025-03-14T07:51:01.645+0000] {logging_mixin.py:190} INFO - [2025-03-14T07:51:01.645+0000] {dag.py:3239} INFO - Sync 1 DAGs
[2025-03-14T07:51:01.680+0000] {logging_mixin.py:190} INFO - [2025-03-14T07:51:01.679+0000] {dag.py:4180} INFO - Setting next_dagrun for example_sla_dag to 2025-03-14 07:48:00+00:00, run_after=2025-03-14 07:50:00+00:00
[2025-03-14T07:51:01.734+0000] {processor.py:208} INFO - Processing /home/airflow/.local/lib/python3.12/site-packages/airflow/example_dags/example_sla_dag.py took 0.139 seconds
[2025-03-14T07:51:32.358+0000] {processor.py:186} INFO - Started process (PID=249) to work on /home/airflow/.local/lib/python3.12/site-packages/airflow/example_dags/example_sla_dag.py
[2025-03-14T07:51:32.360+0000] {processor.py:914} INFO - Processing file /home/airflow/.local/lib/python3.12/site-packages/airflow/example_dags/example_sla_dag.py for tasks to queue
[2025-03-14T07:51:32.363+0000] {logging_mixin.py:190} INFO - [2025-03-14T07:51:32.363+0000] {dagbag.py:588} INFO - Filling up the DagBag from /home/airflow/.local/lib/python3.12/site-packages/airflow/example_dags/example_sla_dag.py
[2025-03-14T07:51:32.376+0000] {processor.py:925} INFO - DAG(s) 'example_sla_dag' retrieved from /home/airflow/.local/lib/python3.12/site-packages/airflow/example_dags/example_sla_dag.py
[2025-03-14T07:51:32.400+0000] {logging_mixin.py:190} INFO - [2025-03-14T07:51:32.399+0000] {dag.py:3239} INFO - Sync 1 DAGs
[2025-03-14T07:51:32.436+0000] {logging_mixin.py:190} INFO - [2025-03-14T07:51:32.435+0000] {dag.py:4180} INFO - Setting next_dagrun for example_sla_dag to 2025-03-14 07:48:00+00:00, run_after=2025-03-14 07:50:00+00:00
[2025-03-14T07:51:32.492+0000] {processor.py:208} INFO - Processing /home/airflow/.local/lib/python3.12/site-packages/airflow/example_dags/example_sla_dag.py took 0.141 seconds
[2025-03-14T07:52:03.019+0000] {processor.py:186} INFO - Started process (PID=312) to work on /home/airflow/.local/lib/python3.12/site-packages/airflow/example_dags/example_sla_dag.py
[2025-03-14T07:52:03.024+0000] {processor.py:914} INFO - Processing file /home/airflow/.local/lib/python3.12/site-packages/airflow/example_dags/example_sla_dag.py for tasks to queue
[2025-03-14T07:52:03.028+0000] {logging_mixin.py:190} INFO - [2025-03-14T07:52:03.027+0000] {dagbag.py:588} INFO - Filling up the DagBag from /home/airflow/.local/lib/python3.12/site-packages/airflow/example_dags/example_sla_dag.py
[2025-03-14T07:52:03.047+0000] {processor.py:925} INFO - DAG(s) 'example_sla_dag' retrieved from /home/airflow/.local/lib/python3.12/site-packages/airflow/example_dags/example_sla_dag.py
[2025-03-14T07:52:03.080+0000] {logging_mixin.py:190} INFO - [2025-03-14T07:52:03.080+0000] {dag.py:3239} INFO - Sync 1 DAGs
[2025-03-14T07:52:03.119+0000] {logging_mixin.py:190} INFO - [2025-03-14T07:52:03.118+0000] {dag.py:4180} INFO - Setting next_dagrun for example_sla_dag to 2025-03-14 07:50:00+00:00, run_after=2025-03-14 07:52:00+00:00
[2025-03-14T07:52:03.146+0000] {processor.py:208} INFO - Processing /home/airflow/.local/lib/python3.12/site-packages/airflow/example_dags/example_sla_dag.py took 0.142 seconds
[2025-03-14T07:52:33.850+0000] {processor.py:186} INFO - Started process (PID=376) to work on /home/airflow/.local/lib/python3.12/site-packages/airflow/example_dags/example_sla_dag.py
[2025-03-14T07:52:33.852+0000] {processor.py:914} INFO - Processing file /home/airflow/.local/lib/python3.12/site-packages/airflow/example_dags/example_sla_dag.py for tasks to queue
[2025-03-14T07:52:33.855+0000] {logging_mixin.py:190} INFO - [2025-03-14T07:52:33.854+0000] {dagbag.py:588} INFO - Filling up the DagBag from /home/airflow/.local/lib/python3.12/site-packages/airflow/example_dags/example_sla_dag.py
[2025-03-14T07:52:33.865+0000] {processor.py:925} INFO - DAG(s) 'example_sla_dag' retrieved from /home/airflow/.local/lib/python3.12/site-packages/airflow/example_dags/example_sla_dag.py
[2025-03-14T07:52:33.894+0000] {logging_mixin.py:190} INFO - [2025-03-14T07:52:33.893+0000] {dag.py:3239} INFO - Sync 1 DAGs
[2025-03-14T07:52:33.925+0000] {logging_mixin.py:190} INFO - [2025-03-14T07:52:33.925+0000] {dag.py:4180} INFO - Setting next_dagrun for example_sla_dag to 2025-03-14 07:50:00+00:00, run_after=2025-03-14 07:52:00+00:00
[2025-03-14T07:52:33.978+0000] {processor.py:208} INFO - Processing /home/airflow/.local/lib/python3.12/site-packages/airflow/example_dags/example_sla_dag.py took 0.134 seconds
[2025-03-14T07:53:04.112+0000] {processor.py:186} INFO - Started process (PID=439) to work on /home/airflow/.local/lib/python3.12/site-packages/airflow/example_dags/example_sla_dag.py
[2025-03-14T07:53:04.113+0000] {processor.py:914} INFO - Processing file /home/airflow/.local/lib/python3.12/site-packages/airflow/example_dags/example_sla_dag.py for tasks to queue
[2025-03-14T07:53:04.117+0000] {logging_mixin.py:190} INFO - [2025-03-14T07:53:04.116+0000] {dagbag.py:588} INFO - Filling up the DagBag from /home/airflow/.local/lib/python3.12/site-packages/airflow/example_dags/example_sla_dag.py
[2025-03-14T07:53:04.128+0000] {processor.py:925} INFO - DAG(s) 'example_sla_dag' retrieved from /home/airflow/.local/lib/python3.12/site-packages/airflow/example_dags/example_sla_dag.py
[2025-03-14T07:53:04.151+0000] {logging_mixin.py:190} INFO - [2025-03-14T07:53:04.150+0000] {dag.py:3239} INFO - Sync 1 DAGs
[2025-03-14T07:53:04.178+0000] {logging_mixin.py:190} INFO - [2025-03-14T07:53:04.178+0000] {dag.py:4180} INFO - Setting next_dagrun for example_sla_dag to 2025-03-14 07:50:00+00:00, run_after=2025-03-14 07:52:00+00:00
[2025-03-14T07:53:04.236+0000] {processor.py:208} INFO - Processing /home/airflow/.local/lib/python3.12/site-packages/airflow/example_dags/example_sla_dag.py took 0.129 seconds
[2025-03-14T07:53:34.366+0000] {processor.py:186} INFO - Started process (PID=503) to work on /home/airflow/.local/lib/python3.12/site-packages/airflow/example_dags/example_sla_dag.py
[2025-03-14T07:53:34.368+0000] {processor.py:914} INFO - Processing file /home/airflow/.local/lib/python3.12/site-packages/airflow/example_dags/example_sla_dag.py for tasks to queue
[2025-03-14T07:53:34.370+0000] {logging_mixin.py:190} INFO - [2025-03-14T07:53:34.370+0000] {dagbag.py:588} INFO - Filling up the DagBag from /home/airflow/.local/lib/python3.12/site-packages/airflow/example_dags/example_sla_dag.py
[2025-03-14T07:53:34.381+0000] {processor.py:925} INFO - DAG(s) 'example_sla_dag' retrieved from /home/airflow/.local/lib/python3.12/site-packages/airflow/example_dags/example_sla_dag.py
[2025-03-14T07:53:34.403+0000] {logging_mixin.py:190} INFO - [2025-03-14T07:53:34.402+0000] {dag.py:3239} INFO - Sync 1 DAGs
[2025-03-14T07:53:34.429+0000] {logging_mixin.py:190} INFO - [2025-03-14T07:53:34.429+0000] {dag.py:4180} INFO - Setting next_dagrun for example_sla_dag to 2025-03-14 07:50:00+00:00, run_after=2025-03-14 07:52:00+00:00
[2025-03-14T07:53:34.450+0000] {processor.py:208} INFO - Processing /home/airflow/.local/lib/python3.12/site-packages/airflow/example_dags/example_sla_dag.py took 0.089 seconds
[2025-03-14T07:54:04.721+0000] {processor.py:186} INFO - Started process (PID=567) to work on /home/airflow/.local/lib/python3.12/site-packages/airflow/example_dags/example_sla_dag.py
[2025-03-14T07:54:04.722+0000] {processor.py:914} INFO - Processing file /home/airflow/.local/lib/python3.12/site-packages/airflow/example_dags/example_sla_dag.py for tasks to queue
[2025-03-14T07:54:04.725+0000] {logging_mixin.py:190} INFO - [2025-03-14T07:54:04.725+0000] {dagbag.py:588} INFO - Filling up the DagBag from /home/airflow/.local/lib/python3.12/site-packages/airflow/example_dags/example_sla_dag.py
[2025-03-14T07:54:04.737+0000] {processor.py:925} INFO - DAG(s) 'example_sla_dag' retrieved from /home/airflow/.local/lib/python3.12/site-packages/airflow/example_dags/example_sla_dag.py
[2025-03-14T07:54:04.760+0000] {logging_mixin.py:190} INFO - [2025-03-14T07:54:04.760+0000] {dag.py:3239} INFO - Sync 1 DAGs
[2025-03-14T07:54:04.791+0000] {logging_mixin.py:190} INFO - [2025-03-14T07:54:04.791+0000] {dag.py:4180} INFO - Setting next_dagrun for example_sla_dag to 2025-03-14 07:52:00+00:00, run_after=2025-03-14 07:54:00+00:00
[2025-03-14T07:54:04.816+0000] {processor.py:208} INFO - Processing /home/airflow/.local/lib/python3.12/site-packages/airflow/example_dags/example_sla_dag.py took 0.102 seconds
