[2025-03-14T07:50:28.754+0000] {processor.py:186} INFO - Started process (PID=115) to work on /home/airflow/.local/lib/python3.12/site-packages/airflow/example_dags/example_external_task_marker_dag.py
[2025-03-14T07:50:28.756+0000] {processor.py:914} INFO - Processing file /home/airflow/.local/lib/python3.12/site-packages/airflow/example_dags/example_external_task_marker_dag.py for tasks to queue
[2025-03-14T07:50:28.760+0000] {logging_mixin.py:190} INFO - [2025-03-14T07:50:28.760+0000] {dagbag.py:588} INFO - Filling up the DagBag from /home/airflow/.local/lib/python3.12/site-packages/airflow/example_dags/example_external_task_marker_dag.py
[2025-03-14T07:50:28.770+0000] {processor.py:925} INFO - DAG(s) 'example_external_task_marker_child', 'example_external_task_marker_parent' retrieved from /home/airflow/.local/lib/python3.12/site-packages/airflow/example_dags/example_external_task_marker_dag.py
[2025-03-14T07:50:28.808+0000] {logging_mixin.py:190} INFO - [2025-03-14T07:50:28.808+0000] {dag.py:3239} INFO - Sync 2 DAGs
[2025-03-14T07:50:28.828+0000] {logging_mixin.py:190} INFO - [2025-03-14T07:50:28.828+0000] {dag.py:4180} INFO - Setting next_dagrun for example_external_task_marker_child to None, run_after=None
[2025-03-14T07:50:28.834+0000] {logging_mixin.py:190} INFO - [2025-03-14T07:50:28.834+0000] {dag.py:4180} INFO - Setting next_dagrun for example_external_task_marker_parent to None, run_after=None
[2025-03-14T07:50:28.858+0000] {processor.py:208} INFO - Processing /home/airflow/.local/lib/python3.12/site-packages/airflow/example_dags/example_external_task_marker_dag.py took 0.111 seconds
[2025-03-14T07:51:00.020+0000] {processor.py:186} INFO - Started process (PID=179) to work on /home/airflow/.local/lib/python3.12/site-packages/airflow/example_dags/example_external_task_marker_dag.py
[2025-03-14T07:51:00.022+0000] {processor.py:914} INFO - Processing file /home/airflow/.local/lib/python3.12/site-packages/airflow/example_dags/example_external_task_marker_dag.py for tasks to queue
[2025-03-14T07:51:00.025+0000] {logging_mixin.py:190} INFO - [2025-03-14T07:51:00.025+0000] {dagbag.py:588} INFO - Filling up the DagBag from /home/airflow/.local/lib/python3.12/site-packages/airflow/example_dags/example_external_task_marker_dag.py
[2025-03-14T07:51:00.038+0000] {processor.py:925} INFO - DAG(s) 'example_external_task_marker_child', 'example_external_task_marker_parent' retrieved from /home/airflow/.local/lib/python3.12/site-packages/airflow/example_dags/example_external_task_marker_dag.py
[2025-03-14T07:51:00.073+0000] {logging_mixin.py:190} INFO - [2025-03-14T07:51:00.073+0000] {dag.py:3239} INFO - Sync 2 DAGs
[2025-03-14T07:51:00.099+0000] {logging_mixin.py:190} INFO - [2025-03-14T07:51:00.098+0000] {dag.py:4180} INFO - Setting next_dagrun for example_external_task_marker_child to None, run_after=None
[2025-03-14T07:51:00.105+0000] {logging_mixin.py:190} INFO - [2025-03-14T07:51:00.105+0000] {dag.py:4180} INFO - Setting next_dagrun for example_external_task_marker_parent to None, run_after=None
[2025-03-14T07:51:00.160+0000] {processor.py:208} INFO - Processing /home/airflow/.local/lib/python3.12/site-packages/airflow/example_dags/example_external_task_marker_dag.py took 0.148 seconds
[2025-03-14T07:51:30.627+0000] {processor.py:186} INFO - Started process (PID=243) to work on /home/airflow/.local/lib/python3.12/site-packages/airflow/example_dags/example_external_task_marker_dag.py
[2025-03-14T07:51:30.629+0000] {processor.py:914} INFO - Processing file /home/airflow/.local/lib/python3.12/site-packages/airflow/example_dags/example_external_task_marker_dag.py for tasks to queue
[2025-03-14T07:51:30.633+0000] {logging_mixin.py:190} INFO - [2025-03-14T07:51:30.632+0000] {dagbag.py:588} INFO - Filling up the DagBag from /home/airflow/.local/lib/python3.12/site-packages/airflow/example_dags/example_external_task_marker_dag.py
[2025-03-14T07:51:30.644+0000] {processor.py:925} INFO - DAG(s) 'example_external_task_marker_child', 'example_external_task_marker_parent' retrieved from /home/airflow/.local/lib/python3.12/site-packages/airflow/example_dags/example_external_task_marker_dag.py
[2025-03-14T07:51:30.678+0000] {logging_mixin.py:190} INFO - [2025-03-14T07:51:30.677+0000] {dag.py:3239} INFO - Sync 2 DAGs
[2025-03-14T07:51:30.700+0000] {logging_mixin.py:190} INFO - [2025-03-14T07:51:30.699+0000] {dag.py:4180} INFO - Setting next_dagrun for example_external_task_marker_child to None, run_after=None
[2025-03-14T07:51:30.707+0000] {logging_mixin.py:190} INFO - [2025-03-14T07:51:30.707+0000] {dag.py:4180} INFO - Setting next_dagrun for example_external_task_marker_parent to None, run_after=None
[2025-03-14T07:51:30.757+0000] {processor.py:208} INFO - Processing /home/airflow/.local/lib/python3.12/site-packages/airflow/example_dags/example_external_task_marker_dag.py took 0.138 seconds
[2025-03-14T07:52:01.403+0000] {processor.py:186} INFO - Started process (PID=306) to work on /home/airflow/.local/lib/python3.12/site-packages/airflow/example_dags/example_external_task_marker_dag.py
[2025-03-14T07:52:01.405+0000] {processor.py:914} INFO - Processing file /home/airflow/.local/lib/python3.12/site-packages/airflow/example_dags/example_external_task_marker_dag.py for tasks to queue
[2025-03-14T07:52:01.409+0000] {logging_mixin.py:190} INFO - [2025-03-14T07:52:01.408+0000] {dagbag.py:588} INFO - Filling up the DagBag from /home/airflow/.local/lib/python3.12/site-packages/airflow/example_dags/example_external_task_marker_dag.py
[2025-03-14T07:52:01.418+0000] {processor.py:925} INFO - DAG(s) 'example_external_task_marker_child', 'example_external_task_marker_parent' retrieved from /home/airflow/.local/lib/python3.12/site-packages/airflow/example_dags/example_external_task_marker_dag.py
[2025-03-14T07:52:01.451+0000] {logging_mixin.py:190} INFO - [2025-03-14T07:52:01.451+0000] {dag.py:3239} INFO - Sync 2 DAGs
[2025-03-14T07:52:01.469+0000] {logging_mixin.py:190} INFO - [2025-03-14T07:52:01.469+0000] {dag.py:4180} INFO - Setting next_dagrun for example_external_task_marker_child to None, run_after=None
[2025-03-14T07:52:01.474+0000] {logging_mixin.py:190} INFO - [2025-03-14T07:52:01.474+0000] {dag.py:4180} INFO - Setting next_dagrun for example_external_task_marker_parent to None, run_after=None
[2025-03-14T07:52:01.498+0000] {processor.py:208} INFO - Processing /home/airflow/.local/lib/python3.12/site-packages/airflow/example_dags/example_external_task_marker_dag.py took 0.105 seconds
[2025-03-14T07:52:32.175+0000] {processor.py:186} INFO - Started process (PID=370) to work on /home/airflow/.local/lib/python3.12/site-packages/airflow/example_dags/example_external_task_marker_dag.py
[2025-03-14T07:52:32.177+0000] {processor.py:914} INFO - Processing file /home/airflow/.local/lib/python3.12/site-packages/airflow/example_dags/example_external_task_marker_dag.py for tasks to queue
[2025-03-14T07:52:32.182+0000] {logging_mixin.py:190} INFO - [2025-03-14T07:52:32.181+0000] {dagbag.py:588} INFO - Filling up the DagBag from /home/airflow/.local/lib/python3.12/site-packages/airflow/example_dags/example_external_task_marker_dag.py
[2025-03-14T07:52:32.193+0000] {processor.py:925} INFO - DAG(s) 'example_external_task_marker_parent', 'example_external_task_marker_child' retrieved from /home/airflow/.local/lib/python3.12/site-packages/airflow/example_dags/example_external_task_marker_dag.py
[2025-03-14T07:52:32.228+0000] {logging_mixin.py:190} INFO - [2025-03-14T07:52:32.228+0000] {dag.py:3239} INFO - Sync 2 DAGs
[2025-03-14T07:52:32.246+0000] {logging_mixin.py:190} INFO - [2025-03-14T07:52:32.246+0000] {dag.py:4180} INFO - Setting next_dagrun for example_external_task_marker_child to None, run_after=None
[2025-03-14T07:52:32.251+0000] {logging_mixin.py:190} INFO - [2025-03-14T07:52:32.251+0000] {dag.py:4180} INFO - Setting next_dagrun for example_external_task_marker_parent to None, run_after=None
[2025-03-14T07:52:32.271+0000] {processor.py:208} INFO - Processing /home/airflow/.local/lib/python3.12/site-packages/airflow/example_dags/example_external_task_marker_dag.py took 0.105 seconds
[2025-03-14T07:53:02.440+0000] {processor.py:186} INFO - Started process (PID=434) to work on /home/airflow/.local/lib/python3.12/site-packages/airflow/example_dags/example_external_task_marker_dag.py
[2025-03-14T07:53:02.442+0000] {processor.py:914} INFO - Processing file /home/airflow/.local/lib/python3.12/site-packages/airflow/example_dags/example_external_task_marker_dag.py for tasks to queue
[2025-03-14T07:53:02.444+0000] {logging_mixin.py:190} INFO - [2025-03-14T07:53:02.444+0000] {dagbag.py:588} INFO - Filling up the DagBag from /home/airflow/.local/lib/python3.12/site-packages/airflow/example_dags/example_external_task_marker_dag.py
[2025-03-14T07:53:02.452+0000] {processor.py:925} INFO - DAG(s) 'example_external_task_marker_parent', 'example_external_task_marker_child' retrieved from /home/airflow/.local/lib/python3.12/site-packages/airflow/example_dags/example_external_task_marker_dag.py
[2025-03-14T07:53:02.481+0000] {logging_mixin.py:190} INFO - [2025-03-14T07:53:02.481+0000] {dag.py:3239} INFO - Sync 2 DAGs
[2025-03-14T07:53:02.499+0000] {logging_mixin.py:190} INFO - [2025-03-14T07:53:02.499+0000] {dag.py:4180} INFO - Setting next_dagrun for example_external_task_marker_child to None, run_after=None
[2025-03-14T07:53:02.505+0000] {logging_mixin.py:190} INFO - [2025-03-14T07:53:02.504+0000] {dag.py:4180} INFO - Setting next_dagrun for example_external_task_marker_parent to None, run_after=None
[2025-03-14T07:53:02.557+0000] {processor.py:208} INFO - Processing /home/airflow/.local/lib/python3.12/site-packages/airflow/example_dags/example_external_task_marker_dag.py took 0.122 seconds
[2025-03-14T07:53:32.620+0000] {processor.py:186} INFO - Started process (PID=497) to work on /home/airflow/.local/lib/python3.12/site-packages/airflow/example_dags/example_external_task_marker_dag.py
[2025-03-14T07:53:32.621+0000] {processor.py:914} INFO - Processing file /home/airflow/.local/lib/python3.12/site-packages/airflow/example_dags/example_external_task_marker_dag.py for tasks to queue
[2025-03-14T07:53:32.624+0000] {logging_mixin.py:190} INFO - [2025-03-14T07:53:32.623+0000] {dagbag.py:588} INFO - Filling up the DagBag from /home/airflow/.local/lib/python3.12/site-packages/airflow/example_dags/example_external_task_marker_dag.py
[2025-03-14T07:53:32.632+0000] {processor.py:925} INFO - DAG(s) 'example_external_task_marker_parent', 'example_external_task_marker_child' retrieved from /home/airflow/.local/lib/python3.12/site-packages/airflow/example_dags/example_external_task_marker_dag.py
[2025-03-14T07:53:32.659+0000] {logging_mixin.py:190} INFO - [2025-03-14T07:53:32.659+0000] {dag.py:3239} INFO - Sync 2 DAGs
[2025-03-14T07:53:32.679+0000] {logging_mixin.py:190} INFO - [2025-03-14T07:53:32.678+0000] {dag.py:4180} INFO - Setting next_dagrun for example_external_task_marker_child to None, run_after=None
[2025-03-14T07:53:32.685+0000] {logging_mixin.py:190} INFO - [2025-03-14T07:53:32.685+0000] {dag.py:4180} INFO - Setting next_dagrun for example_external_task_marker_parent to None, run_after=None
[2025-03-14T07:53:32.737+0000] {processor.py:208} INFO - Processing /home/airflow/.local/lib/python3.12/site-packages/airflow/example_dags/example_external_task_marker_dag.py took 0.123 seconds
[2025-03-14T07:54:02.919+0000] {processor.py:186} INFO - Started process (PID=561) to work on /home/airflow/.local/lib/python3.12/site-packages/airflow/example_dags/example_external_task_marker_dag.py
[2025-03-14T07:54:02.921+0000] {processor.py:914} INFO - Processing file /home/airflow/.local/lib/python3.12/site-packages/airflow/example_dags/example_external_task_marker_dag.py for tasks to queue
[2025-03-14T07:54:02.924+0000] {logging_mixin.py:190} INFO - [2025-03-14T07:54:02.924+0000] {dagbag.py:588} INFO - Filling up the DagBag from /home/airflow/.local/lib/python3.12/site-packages/airflow/example_dags/example_external_task_marker_dag.py
[2025-03-14T07:54:02.935+0000] {processor.py:925} INFO - DAG(s) 'example_external_task_marker_parent', 'example_external_task_marker_child' retrieved from /home/airflow/.local/lib/python3.12/site-packages/airflow/example_dags/example_external_task_marker_dag.py
[2025-03-14T07:54:02.969+0000] {logging_mixin.py:190} INFO - [2025-03-14T07:54:02.969+0000] {dag.py:3239} INFO - Sync 2 DAGs
[2025-03-14T07:54:02.997+0000] {logging_mixin.py:190} INFO - [2025-03-14T07:54:02.996+0000] {dag.py:4180} INFO - Setting next_dagrun for example_external_task_marker_child to None, run_after=None
[2025-03-14T07:54:03.002+0000] {logging_mixin.py:190} INFO - [2025-03-14T07:54:03.002+0000] {dag.py:4180} INFO - Setting next_dagrun for example_external_task_marker_parent to None, run_after=None
[2025-03-14T07:54:03.035+0000] {processor.py:208} INFO - Processing /home/airflow/.local/lib/python3.12/site-packages/airflow/example_dags/example_external_task_marker_dag.py took 0.127 seconds
