[2025-03-14T07:50:26.603+0000] {processor.py:186} INFO - Started process (PID=103) to work on /home/airflow/.local/lib/python3.12/site-packages/airflow/example_dags/example_datasets.py
[2025-03-14T07:50:26.604+0000] {processor.py:914} INFO - Processing file /home/airflow/.local/lib/python3.12/site-packages/airflow/example_dags/example_datasets.py for tasks to queue
[2025-03-14T07:50:26.607+0000] {logging_mixin.py:190} INFO - [2025-03-14T07:50:26.607+0000] {dagbag.py:588} INFO - Filling up the DagBag from /home/airflow/.local/lib/python3.12/site-packages/airflow/example_dags/example_datasets.py
[2025-03-14T07:50:27.636+0000] {processor.py:925} INFO - DAG(s) 'dataset_consumes_1_never_scheduled', 'conditional_dataset_and_time_based_timetable', 'dataset_consumes_1', 'consume_1_or_both_2_and_3_with_dataset_expressions', 'dataset_consumes_unknown_never_scheduled', 'dataset_produces_2', 'dataset_consumes_1_and_2', 'consume_1_and_2_with_dataset_expressions', 'dataset_produces_1', 'consume_1_or_2_with_dataset_expressions' retrieved from /home/airflow/.local/lib/python3.12/site-packages/airflow/example_dags/example_datasets.py
[2025-03-14T07:50:27.905+0000] {logging_mixin.py:190} INFO - [2025-03-14T07:50:27.903+0000] {dag.py:3239} INFO - Sync 10 DAGs
[2025-03-14T07:50:28.001+0000] {logging_mixin.py:190} INFO - [2025-03-14T07:50:28.001+0000] {dag.py:4180} INFO - Setting next_dagrun for conditional_dataset_and_time_based_timetable to 2025-03-12 01:00:00+00:00, run_after=2025-03-12 01:00:00+00:00
[2025-03-14T07:50:28.009+0000] {logging_mixin.py:190} INFO - [2025-03-14T07:50:28.008+0000] {dag.py:4180} INFO - Setting next_dagrun for consume_1_and_2_with_dataset_expressions to None, run_after=None
[2025-03-14T07:50:28.011+0000] {logging_mixin.py:190} INFO - [2025-03-14T07:50:28.011+0000] {dag.py:4180} INFO - Setting next_dagrun for consume_1_or_2_with_dataset_expressions to None, run_after=None
[2025-03-14T07:50:28.014+0000] {logging_mixin.py:190} INFO - [2025-03-14T07:50:28.013+0000] {dag.py:4180} INFO - Setting next_dagrun for consume_1_or_both_2_and_3_with_dataset_expressions to None, run_after=None
[2025-03-14T07:50:28.016+0000] {logging_mixin.py:190} INFO - [2025-03-14T07:50:28.015+0000] {dag.py:4180} INFO - Setting next_dagrun for dataset_consumes_1 to None, run_after=None
[2025-03-14T07:50:28.018+0000] {logging_mixin.py:190} INFO - [2025-03-14T07:50:28.017+0000] {dag.py:4180} INFO - Setting next_dagrun for dataset_consumes_1_and_2 to None, run_after=None
[2025-03-14T07:50:28.020+0000] {logging_mixin.py:190} INFO - [2025-03-14T07:50:28.020+0000] {dag.py:4180} INFO - Setting next_dagrun for dataset_consumes_1_never_scheduled to None, run_after=None
[2025-03-14T07:50:28.022+0000] {logging_mixin.py:190} INFO - [2025-03-14T07:50:28.022+0000] {dag.py:4180} INFO - Setting next_dagrun for dataset_consumes_unknown_never_scheduled to None, run_after=None
[2025-03-14T07:50:28.026+0000] {logging_mixin.py:190} INFO - [2025-03-14T07:50:28.026+0000] {dag.py:4180} INFO - Setting next_dagrun for dataset_produces_1 to 2025-03-13 00:00:00+00:00, run_after=2025-03-14 00:00:00+00:00
[2025-03-14T07:50:28.029+0000] {logging_mixin.py:190} INFO - [2025-03-14T07:50:28.028+0000] {dag.py:4180} INFO - Setting next_dagrun for dataset_produces_2 to None, run_after=None
[2025-03-14T07:50:28.083+0000] {processor.py:208} INFO - Processing /home/airflow/.local/lib/python3.12/site-packages/airflow/example_dags/example_datasets.py took 1.487 seconds
[2025-03-14T07:50:58.870+0000] {processor.py:186} INFO - Started process (PID=170) to work on /home/airflow/.local/lib/python3.12/site-packages/airflow/example_dags/example_datasets.py
[2025-03-14T07:50:58.872+0000] {processor.py:914} INFO - Processing file /home/airflow/.local/lib/python3.12/site-packages/airflow/example_dags/example_datasets.py for tasks to queue
[2025-03-14T07:50:58.875+0000] {logging_mixin.py:190} INFO - [2025-03-14T07:50:58.874+0000] {dagbag.py:588} INFO - Filling up the DagBag from /home/airflow/.local/lib/python3.12/site-packages/airflow/example_dags/example_datasets.py
[2025-03-14T07:50:59.580+0000] {processor.py:925} INFO - DAG(s) 'dataset_consumes_1_and_2', 'dataset_consumes_1_never_scheduled', 'dataset_produces_2', 'dataset_produces_1', 'consume_1_or_2_with_dataset_expressions', 'dataset_consumes_1', 'dataset_consumes_unknown_never_scheduled', 'conditional_dataset_and_time_based_timetable', 'consume_1_and_2_with_dataset_expressions', 'consume_1_or_both_2_and_3_with_dataset_expressions' retrieved from /home/airflow/.local/lib/python3.12/site-packages/airflow/example_dags/example_datasets.py
[2025-03-14T07:50:59.643+0000] {logging_mixin.py:190} INFO - [2025-03-14T07:50:59.643+0000] {dag.py:3239} INFO - Sync 10 DAGs
[2025-03-14T07:50:59.676+0000] {logging_mixin.py:190} INFO - [2025-03-14T07:50:59.676+0000] {dag.py:4180} INFO - Setting next_dagrun for conditional_dataset_and_time_based_timetable to 2025-03-12 01:00:00+00:00, run_after=2025-03-12 01:00:00+00:00
[2025-03-14T07:50:59.681+0000] {logging_mixin.py:190} INFO - [2025-03-14T07:50:59.681+0000] {dag.py:4180} INFO - Setting next_dagrun for consume_1_and_2_with_dataset_expressions to None, run_after=None
[2025-03-14T07:50:59.683+0000] {logging_mixin.py:190} INFO - [2025-03-14T07:50:59.683+0000] {dag.py:4180} INFO - Setting next_dagrun for consume_1_or_2_with_dataset_expressions to None, run_after=None
[2025-03-14T07:50:59.685+0000] {logging_mixin.py:190} INFO - [2025-03-14T07:50:59.685+0000] {dag.py:4180} INFO - Setting next_dagrun for consume_1_or_both_2_and_3_with_dataset_expressions to None, run_after=None
[2025-03-14T07:50:59.687+0000] {logging_mixin.py:190} INFO - [2025-03-14T07:50:59.687+0000] {dag.py:4180} INFO - Setting next_dagrun for dataset_consumes_1 to None, run_after=None
[2025-03-14T07:50:59.690+0000] {logging_mixin.py:190} INFO - [2025-03-14T07:50:59.689+0000] {dag.py:4180} INFO - Setting next_dagrun for dataset_consumes_1_and_2 to None, run_after=None
[2025-03-14T07:50:59.692+0000] {logging_mixin.py:190} INFO - [2025-03-14T07:50:59.691+0000] {dag.py:4180} INFO - Setting next_dagrun for dataset_consumes_1_never_scheduled to None, run_after=None
[2025-03-14T07:50:59.694+0000] {logging_mixin.py:190} INFO - [2025-03-14T07:50:59.693+0000] {dag.py:4180} INFO - Setting next_dagrun for dataset_consumes_unknown_never_scheduled to None, run_after=None
[2025-03-14T07:50:59.698+0000] {logging_mixin.py:190} INFO - [2025-03-14T07:50:59.698+0000] {dag.py:4180} INFO - Setting next_dagrun for dataset_produces_1 to 2025-03-13 00:00:00+00:00, run_after=2025-03-14 00:00:00+00:00
[2025-03-14T07:50:59.701+0000] {logging_mixin.py:190} INFO - [2025-03-14T07:50:59.701+0000] {dag.py:4180} INFO - Setting next_dagrun for dataset_produces_2 to None, run_after=None
[2025-03-14T07:50:59.769+0000] {processor.py:208} INFO - Processing /home/airflow/.local/lib/python3.12/site-packages/airflow/example_dags/example_datasets.py took 0.906 seconds
[2025-03-14T07:51:29.981+0000] {processor.py:186} INFO - Started process (PID=239) to work on /home/airflow/.local/lib/python3.12/site-packages/airflow/example_dags/example_datasets.py
[2025-03-14T07:51:29.983+0000] {processor.py:914} INFO - Processing file /home/airflow/.local/lib/python3.12/site-packages/airflow/example_dags/example_datasets.py for tasks to queue
[2025-03-14T07:51:29.991+0000] {logging_mixin.py:190} INFO - [2025-03-14T07:51:29.990+0000] {dagbag.py:588} INFO - Filling up the DagBag from /home/airflow/.local/lib/python3.12/site-packages/airflow/example_dags/example_datasets.py
[2025-03-14T07:51:30.897+0000] {processor.py:925} INFO - DAG(s) 'consume_1_and_2_with_dataset_expressions', 'consume_1_or_both_2_and_3_with_dataset_expressions', 'dataset_produces_1', 'conditional_dataset_and_time_based_timetable', 'dataset_consumes_unknown_never_scheduled', 'dataset_consumes_1_and_2', 'dataset_produces_2', 'dataset_consumes_1', 'dataset_consumes_1_never_scheduled', 'consume_1_or_2_with_dataset_expressions' retrieved from /home/airflow/.local/lib/python3.12/site-packages/airflow/example_dags/example_datasets.py
[2025-03-14T07:51:30.963+0000] {logging_mixin.py:190} INFO - [2025-03-14T07:51:30.963+0000] {dag.py:3239} INFO - Sync 10 DAGs
[2025-03-14T07:51:31.001+0000] {logging_mixin.py:190} INFO - [2025-03-14T07:51:31.000+0000] {dag.py:4180} INFO - Setting next_dagrun for conditional_dataset_and_time_based_timetable to 2025-03-12 01:00:00+00:00, run_after=2025-03-12 01:00:00+00:00
[2025-03-14T07:51:31.008+0000] {logging_mixin.py:190} INFO - [2025-03-14T07:51:31.008+0000] {dag.py:4180} INFO - Setting next_dagrun for consume_1_and_2_with_dataset_expressions to None, run_after=None
[2025-03-14T07:51:31.011+0000] {logging_mixin.py:190} INFO - [2025-03-14T07:51:31.011+0000] {dag.py:4180} INFO - Setting next_dagrun for consume_1_or_2_with_dataset_expressions to None, run_after=None
[2025-03-14T07:51:31.014+0000] {logging_mixin.py:190} INFO - [2025-03-14T07:51:31.013+0000] {dag.py:4180} INFO - Setting next_dagrun for consume_1_or_both_2_and_3_with_dataset_expressions to None, run_after=None
[2025-03-14T07:51:31.016+0000] {logging_mixin.py:190} INFO - [2025-03-14T07:51:31.016+0000] {dag.py:4180} INFO - Setting next_dagrun for dataset_consumes_1 to None, run_after=None
[2025-03-14T07:51:31.018+0000] {logging_mixin.py:190} INFO - [2025-03-14T07:51:31.018+0000] {dag.py:4180} INFO - Setting next_dagrun for dataset_consumes_1_and_2 to None, run_after=None
[2025-03-14T07:51:31.020+0000] {logging_mixin.py:190} INFO - [2025-03-14T07:51:31.020+0000] {dag.py:4180} INFO - Setting next_dagrun for dataset_consumes_1_never_scheduled to None, run_after=None
[2025-03-14T07:51:31.022+0000] {logging_mixin.py:190} INFO - [2025-03-14T07:51:31.022+0000] {dag.py:4180} INFO - Setting next_dagrun for dataset_consumes_unknown_never_scheduled to None, run_after=None
[2025-03-14T07:51:31.025+0000] {logging_mixin.py:190} INFO - [2025-03-14T07:51:31.025+0000] {dag.py:4180} INFO - Setting next_dagrun for dataset_produces_1 to 2025-03-13 00:00:00+00:00, run_after=2025-03-14 00:00:00+00:00
[2025-03-14T07:51:31.028+0000] {logging_mixin.py:190} INFO - [2025-03-14T07:51:31.028+0000] {dag.py:4180} INFO - Setting next_dagrun for dataset_produces_2 to None, run_after=None
[2025-03-14T07:51:31.102+0000] {processor.py:208} INFO - Processing /home/airflow/.local/lib/python3.12/site-packages/airflow/example_dags/example_datasets.py took 1.131 seconds
[2025-03-14T07:52:01.668+0000] {processor.py:186} INFO - Started process (PID=308) to work on /home/airflow/.local/lib/python3.12/site-packages/airflow/example_dags/example_datasets.py
[2025-03-14T07:52:01.671+0000] {processor.py:914} INFO - Processing file /home/airflow/.local/lib/python3.12/site-packages/airflow/example_dags/example_datasets.py for tasks to queue
[2025-03-14T07:52:01.677+0000] {logging_mixin.py:190} INFO - [2025-03-14T07:52:01.677+0000] {dagbag.py:588} INFO - Filling up the DagBag from /home/airflow/.local/lib/python3.12/site-packages/airflow/example_dags/example_datasets.py
[2025-03-14T07:52:02.757+0000] {processor.py:925} INFO - DAG(s) 'conditional_dataset_and_time_based_timetable', 'dataset_produces_1', 'dataset_consumes_1', 'consume_1_or_both_2_and_3_with_dataset_expressions', 'dataset_consumes_1_never_scheduled', 'consume_1_and_2_with_dataset_expressions', 'consume_1_or_2_with_dataset_expressions', 'dataset_produces_2', 'dataset_consumes_unknown_never_scheduled', 'dataset_consumes_1_and_2' retrieved from /home/airflow/.local/lib/python3.12/site-packages/airflow/example_dags/example_datasets.py
[2025-03-14T07:52:02.837+0000] {logging_mixin.py:190} INFO - [2025-03-14T07:52:02.836+0000] {dag.py:3239} INFO - Sync 10 DAGs
[2025-03-14T07:52:02.878+0000] {logging_mixin.py:190} INFO - [2025-03-14T07:52:02.877+0000] {dag.py:4180} INFO - Setting next_dagrun for conditional_dataset_and_time_based_timetable to 2025-03-12 01:00:00+00:00, run_after=2025-03-12 01:00:00+00:00
[2025-03-14T07:52:02.885+0000] {logging_mixin.py:190} INFO - [2025-03-14T07:52:02.884+0000] {dag.py:4180} INFO - Setting next_dagrun for consume_1_and_2_with_dataset_expressions to None, run_after=None
[2025-03-14T07:52:02.888+0000] {logging_mixin.py:190} INFO - [2025-03-14T07:52:02.887+0000] {dag.py:4180} INFO - Setting next_dagrun for consume_1_or_2_with_dataset_expressions to None, run_after=None
[2025-03-14T07:52:02.892+0000] {logging_mixin.py:190} INFO - [2025-03-14T07:52:02.891+0000] {dag.py:4180} INFO - Setting next_dagrun for consume_1_or_both_2_and_3_with_dataset_expressions to None, run_after=None
[2025-03-14T07:52:02.898+0000] {logging_mixin.py:190} INFO - [2025-03-14T07:52:02.897+0000] {dag.py:4180} INFO - Setting next_dagrun for dataset_consumes_1 to None, run_after=None
[2025-03-14T07:52:02.901+0000] {logging_mixin.py:190} INFO - [2025-03-14T07:52:02.901+0000] {dag.py:4180} INFO - Setting next_dagrun for dataset_consumes_1_and_2 to None, run_after=None
[2025-03-14T07:52:02.904+0000] {logging_mixin.py:190} INFO - [2025-03-14T07:52:02.904+0000] {dag.py:4180} INFO - Setting next_dagrun for dataset_consumes_1_never_scheduled to None, run_after=None
[2025-03-14T07:52:02.910+0000] {logging_mixin.py:190} INFO - [2025-03-14T07:52:02.909+0000] {dag.py:4180} INFO - Setting next_dagrun for dataset_consumes_unknown_never_scheduled to None, run_after=None
[2025-03-14T07:52:02.917+0000] {logging_mixin.py:190} INFO - [2025-03-14T07:52:02.917+0000] {dag.py:4180} INFO - Setting next_dagrun for dataset_produces_1 to 2025-03-13 00:00:00+00:00, run_after=2025-03-14 00:00:00+00:00
[2025-03-14T07:52:02.922+0000] {logging_mixin.py:190} INFO - [2025-03-14T07:52:02.921+0000] {dag.py:4180} INFO - Setting next_dagrun for dataset_produces_2 to None, run_after=None
[2025-03-14T07:52:02.995+0000] {processor.py:208} INFO - Processing /home/airflow/.local/lib/python3.12/site-packages/airflow/example_dags/example_datasets.py took 1.351 seconds
[2025-03-14T07:52:33.344+0000] {processor.py:186} INFO - Started process (PID=372) to work on /home/airflow/.local/lib/python3.12/site-packages/airflow/example_dags/example_datasets.py
[2025-03-14T07:52:33.345+0000] {processor.py:914} INFO - Processing file /home/airflow/.local/lib/python3.12/site-packages/airflow/example_dags/example_datasets.py for tasks to queue
[2025-03-14T07:52:33.349+0000] {logging_mixin.py:190} INFO - [2025-03-14T07:52:33.348+0000] {dagbag.py:588} INFO - Filling up the DagBag from /home/airflow/.local/lib/python3.12/site-packages/airflow/example_dags/example_datasets.py
[2025-03-14T07:52:34.033+0000] {processor.py:925} INFO - DAG(s) 'dataset_consumes_1', 'consume_1_or_both_2_and_3_with_dataset_expressions', 'dataset_produces_2', 'dataset_consumes_unknown_never_scheduled', 'consume_1_and_2_with_dataset_expressions', 'dataset_produces_1', 'consume_1_or_2_with_dataset_expressions', 'dataset_consumes_1_and_2', 'dataset_consumes_1_never_scheduled', 'conditional_dataset_and_time_based_timetable' retrieved from /home/airflow/.local/lib/python3.12/site-packages/airflow/example_dags/example_datasets.py
[2025-03-14T07:52:34.087+0000] {logging_mixin.py:190} INFO - [2025-03-14T07:52:34.087+0000] {dag.py:3239} INFO - Sync 10 DAGs
[2025-03-14T07:52:34.115+0000] {logging_mixin.py:190} INFO - [2025-03-14T07:52:34.114+0000] {dag.py:4180} INFO - Setting next_dagrun for conditional_dataset_and_time_based_timetable to 2025-03-12 01:00:00+00:00, run_after=2025-03-12 01:00:00+00:00
[2025-03-14T07:52:34.120+0000] {logging_mixin.py:190} INFO - [2025-03-14T07:52:34.120+0000] {dag.py:4180} INFO - Setting next_dagrun for consume_1_and_2_with_dataset_expressions to None, run_after=None
[2025-03-14T07:52:34.122+0000] {logging_mixin.py:190} INFO - [2025-03-14T07:52:34.122+0000] {dag.py:4180} INFO - Setting next_dagrun for consume_1_or_2_with_dataset_expressions to None, run_after=None
[2025-03-14T07:52:34.124+0000] {logging_mixin.py:190} INFO - [2025-03-14T07:52:34.123+0000] {dag.py:4180} INFO - Setting next_dagrun for consume_1_or_both_2_and_3_with_dataset_expressions to None, run_after=None
[2025-03-14T07:52:34.125+0000] {logging_mixin.py:190} INFO - [2025-03-14T07:52:34.125+0000] {dag.py:4180} INFO - Setting next_dagrun for dataset_consumes_1 to None, run_after=None
[2025-03-14T07:52:34.127+0000] {logging_mixin.py:190} INFO - [2025-03-14T07:52:34.127+0000] {dag.py:4180} INFO - Setting next_dagrun for dataset_consumes_1_and_2 to None, run_after=None
[2025-03-14T07:52:34.128+0000] {logging_mixin.py:190} INFO - [2025-03-14T07:52:34.128+0000] {dag.py:4180} INFO - Setting next_dagrun for dataset_consumes_1_never_scheduled to None, run_after=None
[2025-03-14T07:52:34.130+0000] {logging_mixin.py:190} INFO - [2025-03-14T07:52:34.129+0000] {dag.py:4180} INFO - Setting next_dagrun for dataset_consumes_unknown_never_scheduled to None, run_after=None
[2025-03-14T07:52:34.132+0000] {logging_mixin.py:190} INFO - [2025-03-14T07:52:34.132+0000] {dag.py:4180} INFO - Setting next_dagrun for dataset_produces_1 to 2025-03-13 00:00:00+00:00, run_after=2025-03-14 00:00:00+00:00
[2025-03-14T07:52:34.135+0000] {logging_mixin.py:190} INFO - [2025-03-14T07:52:34.135+0000] {dag.py:4180} INFO - Setting next_dagrun for dataset_produces_2 to None, run_after=None
[2025-03-14T07:52:34.189+0000] {processor.py:208} INFO - Processing /home/airflow/.local/lib/python3.12/site-packages/airflow/example_dags/example_datasets.py took 0.853 seconds
[2025-03-14T07:53:04.294+0000] {processor.py:186} INFO - Started process (PID=440) to work on /home/airflow/.local/lib/python3.12/site-packages/airflow/example_dags/example_datasets.py
[2025-03-14T07:53:04.296+0000] {processor.py:914} INFO - Processing file /home/airflow/.local/lib/python3.12/site-packages/airflow/example_dags/example_datasets.py for tasks to queue
[2025-03-14T07:53:04.299+0000] {logging_mixin.py:190} INFO - [2025-03-14T07:53:04.298+0000] {dagbag.py:588} INFO - Filling up the DagBag from /home/airflow/.local/lib/python3.12/site-packages/airflow/example_dags/example_datasets.py
[2025-03-14T07:53:04.943+0000] {processor.py:925} INFO - DAG(s) 'dataset_consumes_1_never_scheduled', 'consume_1_or_2_with_dataset_expressions', 'conditional_dataset_and_time_based_timetable', 'dataset_consumes_unknown_never_scheduled', 'consume_1_or_both_2_and_3_with_dataset_expressions', 'dataset_produces_1', 'dataset_consumes_1', 'dataset_produces_2', 'dataset_consumes_1_and_2', 'consume_1_and_2_with_dataset_expressions' retrieved from /home/airflow/.local/lib/python3.12/site-packages/airflow/example_dags/example_datasets.py
[2025-03-14T07:53:05.008+0000] {logging_mixin.py:190} INFO - [2025-03-14T07:53:05.008+0000] {dag.py:3239} INFO - Sync 10 DAGs
[2025-03-14T07:53:05.042+0000] {logging_mixin.py:190} INFO - [2025-03-14T07:53:05.041+0000] {dag.py:4180} INFO - Setting next_dagrun for conditional_dataset_and_time_based_timetable to 2025-03-12 01:00:00+00:00, run_after=2025-03-12 01:00:00+00:00
[2025-03-14T07:53:05.047+0000] {logging_mixin.py:190} INFO - [2025-03-14T07:53:05.047+0000] {dag.py:4180} INFO - Setting next_dagrun for consume_1_and_2_with_dataset_expressions to None, run_after=None
[2025-03-14T07:53:05.050+0000] {logging_mixin.py:190} INFO - [2025-03-14T07:53:05.050+0000] {dag.py:4180} INFO - Setting next_dagrun for consume_1_or_2_with_dataset_expressions to None, run_after=None
[2025-03-14T07:53:05.052+0000] {logging_mixin.py:190} INFO - [2025-03-14T07:53:05.052+0000] {dag.py:4180} INFO - Setting next_dagrun for consume_1_or_both_2_and_3_with_dataset_expressions to None, run_after=None
[2025-03-14T07:53:05.054+0000] {logging_mixin.py:190} INFO - [2025-03-14T07:53:05.054+0000] {dag.py:4180} INFO - Setting next_dagrun for dataset_consumes_1 to None, run_after=None
[2025-03-14T07:53:05.057+0000] {logging_mixin.py:190} INFO - [2025-03-14T07:53:05.056+0000] {dag.py:4180} INFO - Setting next_dagrun for dataset_consumes_1_and_2 to None, run_after=None
[2025-03-14T07:53:05.059+0000] {logging_mixin.py:190} INFO - [2025-03-14T07:53:05.059+0000] {dag.py:4180} INFO - Setting next_dagrun for dataset_consumes_1_never_scheduled to None, run_after=None
[2025-03-14T07:53:05.060+0000] {logging_mixin.py:190} INFO - [2025-03-14T07:53:05.060+0000] {dag.py:4180} INFO - Setting next_dagrun for dataset_consumes_unknown_never_scheduled to None, run_after=None
[2025-03-14T07:53:05.064+0000] {logging_mixin.py:190} INFO - [2025-03-14T07:53:05.063+0000] {dag.py:4180} INFO - Setting next_dagrun for dataset_produces_1 to 2025-03-13 00:00:00+00:00, run_after=2025-03-14 00:00:00+00:00
[2025-03-14T07:53:05.066+0000] {logging_mixin.py:190} INFO - [2025-03-14T07:53:05.066+0000] {dag.py:4180} INFO - Setting next_dagrun for dataset_produces_2 to None, run_after=None
[2025-03-14T07:53:05.149+0000] {processor.py:208} INFO - Processing /home/airflow/.local/lib/python3.12/site-packages/airflow/example_dags/example_datasets.py took 0.862 seconds
[2025-03-14T07:53:35.546+0000] {processor.py:186} INFO - Started process (PID=505) to work on /home/airflow/.local/lib/python3.12/site-packages/airflow/example_dags/example_datasets.py
[2025-03-14T07:53:35.547+0000] {processor.py:914} INFO - Processing file /home/airflow/.local/lib/python3.12/site-packages/airflow/example_dags/example_datasets.py for tasks to queue
[2025-03-14T07:53:35.550+0000] {logging_mixin.py:190} INFO - [2025-03-14T07:53:35.549+0000] {dagbag.py:588} INFO - Filling up the DagBag from /home/airflow/.local/lib/python3.12/site-packages/airflow/example_dags/example_datasets.py
[2025-03-14T07:53:36.338+0000] {processor.py:925} INFO - DAG(s) 'consume_1_and_2_with_dataset_expressions', 'dataset_consumes_1_and_2', 'consume_1_or_2_with_dataset_expressions', 'dataset_produces_1', 'consume_1_or_both_2_and_3_with_dataset_expressions', 'dataset_consumes_unknown_never_scheduled', 'dataset_consumes_1_never_scheduled', 'conditional_dataset_and_time_based_timetable', 'dataset_consumes_1', 'dataset_produces_2' retrieved from /home/airflow/.local/lib/python3.12/site-packages/airflow/example_dags/example_datasets.py
[2025-03-14T07:53:36.402+0000] {logging_mixin.py:190} INFO - [2025-03-14T07:53:36.401+0000] {dag.py:3239} INFO - Sync 10 DAGs
[2025-03-14T07:53:36.434+0000] {logging_mixin.py:190} INFO - [2025-03-14T07:53:36.434+0000] {dag.py:4180} INFO - Setting next_dagrun for conditional_dataset_and_time_based_timetable to 2025-03-12 01:00:00+00:00, run_after=2025-03-12 01:00:00+00:00
[2025-03-14T07:53:36.440+0000] {logging_mixin.py:190} INFO - [2025-03-14T07:53:36.440+0000] {dag.py:4180} INFO - Setting next_dagrun for consume_1_and_2_with_dataset_expressions to None, run_after=None
[2025-03-14T07:53:36.442+0000] {logging_mixin.py:190} INFO - [2025-03-14T07:53:36.442+0000] {dag.py:4180} INFO - Setting next_dagrun for consume_1_or_2_with_dataset_expressions to None, run_after=None
[2025-03-14T07:53:36.445+0000] {logging_mixin.py:190} INFO - [2025-03-14T07:53:36.444+0000] {dag.py:4180} INFO - Setting next_dagrun for consume_1_or_both_2_and_3_with_dataset_expressions to None, run_after=None
[2025-03-14T07:53:36.447+0000] {logging_mixin.py:190} INFO - [2025-03-14T07:53:36.447+0000] {dag.py:4180} INFO - Setting next_dagrun for dataset_consumes_1 to None, run_after=None
[2025-03-14T07:53:36.449+0000] {logging_mixin.py:190} INFO - [2025-03-14T07:53:36.449+0000] {dag.py:4180} INFO - Setting next_dagrun for dataset_consumes_1_and_2 to None, run_after=None
[2025-03-14T07:53:36.451+0000] {logging_mixin.py:190} INFO - [2025-03-14T07:53:36.451+0000] {dag.py:4180} INFO - Setting next_dagrun for dataset_consumes_1_never_scheduled to None, run_after=None
[2025-03-14T07:53:36.453+0000] {logging_mixin.py:190} INFO - [2025-03-14T07:53:36.452+0000] {dag.py:4180} INFO - Setting next_dagrun for dataset_consumes_unknown_never_scheduled to None, run_after=None
[2025-03-14T07:53:36.455+0000] {logging_mixin.py:190} INFO - [2025-03-14T07:53:36.455+0000] {dag.py:4180} INFO - Setting next_dagrun for dataset_produces_1 to 2025-03-13 00:00:00+00:00, run_after=2025-03-14 00:00:00+00:00
[2025-03-14T07:53:36.460+0000] {logging_mixin.py:190} INFO - [2025-03-14T07:53:36.459+0000] {dag.py:4180} INFO - Setting next_dagrun for dataset_produces_2 to None, run_after=None
[2025-03-14T07:53:36.558+0000] {processor.py:208} INFO - Processing /home/airflow/.local/lib/python3.12/site-packages/airflow/example_dags/example_datasets.py took 1.018 seconds
[2025-03-14T07:54:07.474+0000] {processor.py:186} INFO - Started process (PID=575) to work on /home/airflow/.local/lib/python3.12/site-packages/airflow/example_dags/example_datasets.py
[2025-03-14T07:54:07.475+0000] {processor.py:914} INFO - Processing file /home/airflow/.local/lib/python3.12/site-packages/airflow/example_dags/example_datasets.py for tasks to queue
[2025-03-14T07:54:07.478+0000] {logging_mixin.py:190} INFO - [2025-03-14T07:54:07.478+0000] {dagbag.py:588} INFO - Filling up the DagBag from /home/airflow/.local/lib/python3.12/site-packages/airflow/example_dags/example_datasets.py
[2025-03-14T07:54:08.236+0000] {processor.py:925} INFO - DAG(s) 'conditional_dataset_and_time_based_timetable', 'dataset_consumes_1', 'consume_1_or_both_2_and_3_with_dataset_expressions', 'dataset_consumes_unknown_never_scheduled', 'dataset_consumes_1_never_scheduled', 'consume_1_and_2_with_dataset_expressions', 'dataset_produces_1', 'consume_1_or_2_with_dataset_expressions', 'dataset_consumes_1_and_2', 'dataset_produces_2' retrieved from /home/airflow/.local/lib/python3.12/site-packages/airflow/example_dags/example_datasets.py
[2025-03-14T07:54:08.312+0000] {logging_mixin.py:190} INFO - [2025-03-14T07:54:08.311+0000] {dag.py:3239} INFO - Sync 10 DAGs
[2025-03-14T07:54:08.360+0000] {logging_mixin.py:190} INFO - [2025-03-14T07:54:08.359+0000] {dag.py:4180} INFO - Setting next_dagrun for conditional_dataset_and_time_based_timetable to 2025-03-12 01:00:00+00:00, run_after=2025-03-12 01:00:00+00:00
[2025-03-14T07:54:08.368+0000] {logging_mixin.py:190} INFO - [2025-03-14T07:54:08.367+0000] {dag.py:4180} INFO - Setting next_dagrun for consume_1_and_2_with_dataset_expressions to None, run_after=None
[2025-03-14T07:54:08.371+0000] {logging_mixin.py:190} INFO - [2025-03-14T07:54:08.370+0000] {dag.py:4180} INFO - Setting next_dagrun for consume_1_or_2_with_dataset_expressions to None, run_after=None
[2025-03-14T07:54:08.374+0000] {logging_mixin.py:190} INFO - [2025-03-14T07:54:08.373+0000] {dag.py:4180} INFO - Setting next_dagrun for consume_1_or_both_2_and_3_with_dataset_expressions to None, run_after=None
[2025-03-14T07:54:08.376+0000] {logging_mixin.py:190} INFO - [2025-03-14T07:54:08.376+0000] {dag.py:4180} INFO - Setting next_dagrun for dataset_consumes_1 to None, run_after=None
[2025-03-14T07:54:08.379+0000] {logging_mixin.py:190} INFO - [2025-03-14T07:54:08.379+0000] {dag.py:4180} INFO - Setting next_dagrun for dataset_consumes_1_and_2 to None, run_after=None
[2025-03-14T07:54:08.382+0000] {logging_mixin.py:190} INFO - [2025-03-14T07:54:08.381+0000] {dag.py:4180} INFO - Setting next_dagrun for dataset_consumes_1_never_scheduled to None, run_after=None
[2025-03-14T07:54:08.384+0000] {logging_mixin.py:190} INFO - [2025-03-14T07:54:08.383+0000] {dag.py:4180} INFO - Setting next_dagrun for dataset_consumes_unknown_never_scheduled to None, run_after=None
[2025-03-14T07:54:08.389+0000] {logging_mixin.py:190} INFO - [2025-03-14T07:54:08.389+0000] {dag.py:4180} INFO - Setting next_dagrun for dataset_produces_1 to 2025-03-13 00:00:00+00:00, run_after=2025-03-14 00:00:00+00:00
[2025-03-14T07:54:08.392+0000] {logging_mixin.py:190} INFO - [2025-03-14T07:54:08.392+0000] {dag.py:4180} INFO - Setting next_dagrun for dataset_produces_2 to None, run_after=None
[2025-03-14T07:54:08.449+0000] {processor.py:208} INFO - Processing /home/airflow/.local/lib/python3.12/site-packages/airflow/example_dags/example_datasets.py took 0.981 seconds
