[2025-03-14T07:50:30.266+0000] {processor.py:186} INFO - Started process (PID=123) to work on /home/airflow/.local/lib/python3.12/site-packages/airflow/example_dags/example_xcom.py
[2025-03-14T07:50:30.268+0000] {processor.py:914} INFO - Processing file /home/airflow/.local/lib/python3.12/site-packages/airflow/example_dags/example_xcom.py for tasks to queue
[2025-03-14T07:50:30.271+0000] {logging_mixin.py:190} INFO - [2025-03-14T07:50:30.271+0000] {dagbag.py:588} INFO - Filling up the DagBag from /home/airflow/.local/lib/python3.12/site-packages/airflow/example_dags/example_xcom.py
[2025-03-14T07:50:30.283+0000] {processor.py:925} INFO - DAG(s) 'example_xcom' retrieved from /home/airflow/.local/lib/python3.12/site-packages/airflow/example_dags/example_xcom.py
[2025-03-14T07:50:30.315+0000] {logging_mixin.py:190} INFO - [2025-03-14T07:50:30.314+0000] {dag.py:3239} INFO - Sync 1 DAGs
[2025-03-14T07:50:30.348+0000] {logging_mixin.py:190} INFO - [2025-03-14T07:50:30.348+0000] {dag.py:4180} INFO - Setting next_dagrun for example_xcom to 2021-01-01 00:00:00+00:00, run_after=2021-01-01 00:00:00+00:00
[2025-03-14T07:50:30.379+0000] {processor.py:208} INFO - Processing /home/airflow/.local/lib/python3.12/site-packages/airflow/example_dags/example_xcom.py took 0.120 seconds
[2025-03-14T07:51:01.779+0000] {processor.py:186} INFO - Started process (PID=187) to work on /home/airflow/.local/lib/python3.12/site-packages/airflow/example_dags/example_xcom.py
[2025-03-14T07:51:01.780+0000] {processor.py:914} INFO - Processing file /home/airflow/.local/lib/python3.12/site-packages/airflow/example_dags/example_xcom.py for tasks to queue
[2025-03-14T07:51:01.784+0000] {logging_mixin.py:190} INFO - [2025-03-14T07:51:01.783+0000] {dagbag.py:588} INFO - Filling up the DagBag from /home/airflow/.local/lib/python3.12/site-packages/airflow/example_dags/example_xcom.py
[2025-03-14T07:51:01.796+0000] {processor.py:925} INFO - DAG(s) 'example_xcom' retrieved from /home/airflow/.local/lib/python3.12/site-packages/airflow/example_dags/example_xcom.py
[2025-03-14T07:51:01.824+0000] {logging_mixin.py:190} INFO - [2025-03-14T07:51:01.824+0000] {dag.py:3239} INFO - Sync 1 DAGs
[2025-03-14T07:51:01.852+0000] {logging_mixin.py:190} INFO - [2025-03-14T07:51:01.852+0000] {dag.py:4180} INFO - Setting next_dagrun for example_xcom to 2021-01-01 00:00:00+00:00, run_after=2021-01-01 00:00:00+00:00
[2025-03-14T07:51:01.896+0000] {processor.py:208} INFO - Processing /home/airflow/.local/lib/python3.12/site-packages/airflow/example_dags/example_xcom.py took 0.124 seconds
[2025-03-14T07:51:32.536+0000] {processor.py:186} INFO - Started process (PID=250) to work on /home/airflow/.local/lib/python3.12/site-packages/airflow/example_dags/example_xcom.py
[2025-03-14T07:51:32.538+0000] {processor.py:914} INFO - Processing file /home/airflow/.local/lib/python3.12/site-packages/airflow/example_dags/example_xcom.py for tasks to queue
[2025-03-14T07:51:32.541+0000] {logging_mixin.py:190} INFO - [2025-03-14T07:51:32.541+0000] {dagbag.py:588} INFO - Filling up the DagBag from /home/airflow/.local/lib/python3.12/site-packages/airflow/example_dags/example_xcom.py
[2025-03-14T07:51:32.553+0000] {processor.py:925} INFO - DAG(s) 'example_xcom' retrieved from /home/airflow/.local/lib/python3.12/site-packages/airflow/example_dags/example_xcom.py
[2025-03-14T07:51:32.580+0000] {logging_mixin.py:190} INFO - [2025-03-14T07:51:32.579+0000] {dag.py:3239} INFO - Sync 1 DAGs
[2025-03-14T07:51:32.608+0000] {logging_mixin.py:190} INFO - [2025-03-14T07:51:32.608+0000] {dag.py:4180} INFO - Setting next_dagrun for example_xcom to 2021-01-01 00:00:00+00:00, run_after=2021-01-01 00:00:00+00:00
[2025-03-14T07:51:32.666+0000] {processor.py:208} INFO - Processing /home/airflow/.local/lib/python3.12/site-packages/airflow/example_dags/example_xcom.py took 0.138 seconds
[2025-03-14T07:52:03.061+0000] {processor.py:186} INFO - Started process (PID=313) to work on /home/airflow/.local/lib/python3.12/site-packages/airflow/example_dags/example_xcom.py
[2025-03-14T07:52:03.062+0000] {processor.py:914} INFO - Processing file /home/airflow/.local/lib/python3.12/site-packages/airflow/example_dags/example_xcom.py for tasks to queue
[2025-03-14T07:52:03.066+0000] {logging_mixin.py:190} INFO - [2025-03-14T07:52:03.065+0000] {dagbag.py:588} INFO - Filling up the DagBag from /home/airflow/.local/lib/python3.12/site-packages/airflow/example_dags/example_xcom.py
[2025-03-14T07:52:03.080+0000] {processor.py:925} INFO - DAG(s) 'example_xcom' retrieved from /home/airflow/.local/lib/python3.12/site-packages/airflow/example_dags/example_xcom.py
[2025-03-14T07:52:03.114+0000] {logging_mixin.py:190} INFO - [2025-03-14T07:52:03.114+0000] {dag.py:3239} INFO - Sync 1 DAGs
[2025-03-14T07:52:03.158+0000] {logging_mixin.py:190} INFO - [2025-03-14T07:52:03.157+0000] {dag.py:4180} INFO - Setting next_dagrun for example_xcom to 2021-01-01 00:00:00+00:00, run_after=2021-01-01 00:00:00+00:00
[2025-03-14T07:52:03.188+0000] {processor.py:208} INFO - Processing /home/airflow/.local/lib/python3.12/site-packages/airflow/example_dags/example_xcom.py took 0.138 seconds
[2025-03-14T07:52:34.016+0000] {processor.py:186} INFO - Started process (PID=377) to work on /home/airflow/.local/lib/python3.12/site-packages/airflow/example_dags/example_xcom.py
[2025-03-14T07:52:34.018+0000] {processor.py:914} INFO - Processing file /home/airflow/.local/lib/python3.12/site-packages/airflow/example_dags/example_xcom.py for tasks to queue
[2025-03-14T07:52:34.020+0000] {logging_mixin.py:190} INFO - [2025-03-14T07:52:34.020+0000] {dagbag.py:588} INFO - Filling up the DagBag from /home/airflow/.local/lib/python3.12/site-packages/airflow/example_dags/example_xcom.py
[2025-03-14T07:52:34.033+0000] {processor.py:925} INFO - DAG(s) 'example_xcom' retrieved from /home/airflow/.local/lib/python3.12/site-packages/airflow/example_dags/example_xcom.py
[2025-03-14T07:52:34.056+0000] {logging_mixin.py:190} INFO - [2025-03-14T07:52:34.056+0000] {dag.py:3239} INFO - Sync 1 DAGs
[2025-03-14T07:52:34.081+0000] {logging_mixin.py:190} INFO - [2025-03-14T07:52:34.081+0000] {dag.py:4180} INFO - Setting next_dagrun for example_xcom to 2021-01-01 00:00:00+00:00, run_after=2021-01-01 00:00:00+00:00
[2025-03-14T07:52:34.136+0000] {processor.py:208} INFO - Processing /home/airflow/.local/lib/python3.12/site-packages/airflow/example_dags/example_xcom.py took 0.126 seconds
[2025-03-14T07:53:04.296+0000] {processor.py:186} INFO - Started process (PID=441) to work on /home/airflow/.local/lib/python3.12/site-packages/airflow/example_dags/example_xcom.py
[2025-03-14T07:53:04.297+0000] {processor.py:914} INFO - Processing file /home/airflow/.local/lib/python3.12/site-packages/airflow/example_dags/example_xcom.py for tasks to queue
[2025-03-14T07:53:04.299+0000] {logging_mixin.py:190} INFO - [2025-03-14T07:53:04.299+0000] {dagbag.py:588} INFO - Filling up the DagBag from /home/airflow/.local/lib/python3.12/site-packages/airflow/example_dags/example_xcom.py
[2025-03-14T07:53:04.309+0000] {processor.py:925} INFO - DAG(s) 'example_xcom' retrieved from /home/airflow/.local/lib/python3.12/site-packages/airflow/example_dags/example_xcom.py
[2025-03-14T07:53:04.335+0000] {logging_mixin.py:190} INFO - [2025-03-14T07:53:04.335+0000] {dag.py:3239} INFO - Sync 1 DAGs
[2025-03-14T07:53:04.359+0000] {logging_mixin.py:190} INFO - [2025-03-14T07:53:04.359+0000] {dag.py:4180} INFO - Setting next_dagrun for example_xcom to 2021-01-01 00:00:00+00:00, run_after=2021-01-01 00:00:00+00:00
[2025-03-14T07:53:04.420+0000] {processor.py:208} INFO - Processing /home/airflow/.local/lib/python3.12/site-packages/airflow/example_dags/example_xcom.py took 0.130 seconds
[2025-03-14T07:53:34.487+0000] {processor.py:186} INFO - Started process (PID=504) to work on /home/airflow/.local/lib/python3.12/site-packages/airflow/example_dags/example_xcom.py
[2025-03-14T07:53:34.489+0000] {processor.py:914} INFO - Processing file /home/airflow/.local/lib/python3.12/site-packages/airflow/example_dags/example_xcom.py for tasks to queue
[2025-03-14T07:53:34.491+0000] {logging_mixin.py:190} INFO - [2025-03-14T07:53:34.491+0000] {dagbag.py:588} INFO - Filling up the DagBag from /home/airflow/.local/lib/python3.12/site-packages/airflow/example_dags/example_xcom.py
[2025-03-14T07:53:34.502+0000] {processor.py:925} INFO - DAG(s) 'example_xcom' retrieved from /home/airflow/.local/lib/python3.12/site-packages/airflow/example_dags/example_xcom.py
[2025-03-14T07:53:34.521+0000] {logging_mixin.py:190} INFO - [2025-03-14T07:53:34.521+0000] {dag.py:3239} INFO - Sync 1 DAGs
[2025-03-14T07:53:34.545+0000] {logging_mixin.py:190} INFO - [2025-03-14T07:53:34.544+0000] {dag.py:4180} INFO - Setting next_dagrun for example_xcom to 2021-01-01 00:00:00+00:00, run_after=2021-01-01 00:00:00+00:00
[2025-03-14T07:53:34.566+0000] {processor.py:208} INFO - Processing /home/airflow/.local/lib/python3.12/site-packages/airflow/example_dags/example_xcom.py took 0.085 seconds
[2025-03-14T07:54:04.861+0000] {processor.py:186} INFO - Started process (PID=568) to work on /home/airflow/.local/lib/python3.12/site-packages/airflow/example_dags/example_xcom.py
[2025-03-14T07:54:04.862+0000] {processor.py:914} INFO - Processing file /home/airflow/.local/lib/python3.12/site-packages/airflow/example_dags/example_xcom.py for tasks to queue
[2025-03-14T07:54:04.866+0000] {logging_mixin.py:190} INFO - [2025-03-14T07:54:04.865+0000] {dagbag.py:588} INFO - Filling up the DagBag from /home/airflow/.local/lib/python3.12/site-packages/airflow/example_dags/example_xcom.py
[2025-03-14T07:54:04.875+0000] {processor.py:925} INFO - DAG(s) 'example_xcom' retrieved from /home/airflow/.local/lib/python3.12/site-packages/airflow/example_dags/example_xcom.py
[2025-03-14T07:54:04.901+0000] {logging_mixin.py:190} INFO - [2025-03-14T07:54:04.900+0000] {dag.py:3239} INFO - Sync 1 DAGs
[2025-03-14T07:54:04.933+0000] {logging_mixin.py:190} INFO - [2025-03-14T07:54:04.933+0000] {dag.py:4180} INFO - Setting next_dagrun for example_xcom to 2021-01-01 00:00:00+00:00, run_after=2021-01-01 00:00:00+00:00
[2025-03-14T07:54:04.980+0000] {processor.py:208} INFO - Processing /home/airflow/.local/lib/python3.12/site-packages/airflow/example_dags/example_xcom.py took 0.125 seconds
