[2025-03-14T07:50:26.439+0000] {processor.py:186} INFO - Started process (PID=102) to work on /home/airflow/.local/lib/python3.12/site-packages/airflow/example_dags/example_skip_dag.py
[2025-03-14T07:50:26.440+0000] {processor.py:914} INFO - Processing file /home/airflow/.local/lib/python3.12/site-packages/airflow/example_dags/example_skip_dag.py for tasks to queue
[2025-03-14T07:50:26.444+0000] {logging_mixin.py:190} INFO - [2025-03-14T07:50:26.443+0000] {dagbag.py:588} INFO - Filling up the DagBag from /home/airflow/.local/lib/python3.12/site-packages/airflow/example_dags/example_skip_dag.py
[2025-03-14T07:50:26.453+0000] {processor.py:925} INFO - DAG(s) 'example_skip_dag' retrieved from /home/airflow/.local/lib/python3.12/site-packages/airflow/example_dags/example_skip_dag.py
[2025-03-14T07:50:26.492+0000] {logging_mixin.py:190} INFO - [2025-03-14T07:50:26.491+0000] {dag.py:3239} INFO - Sync 1 DAGs
[2025-03-14T07:50:26.524+0000] {logging_mixin.py:190} INFO - [2025-03-14T07:50:26.523+0000] {dag.py:4180} INFO - Setting next_dagrun for example_skip_dag to 2025-03-13 00:00:00+00:00, run_after=2025-03-14 00:00:00+00:00
[2025-03-14T07:50:26.549+0000] {processor.py:208} INFO - Processing /home/airflow/.local/lib/python3.12/site-packages/airflow/example_dags/example_skip_dag.py took 0.117 seconds
[2025-03-14T07:50:56.681+0000] {processor.py:186} INFO - Started process (PID=166) to work on /home/airflow/.local/lib/python3.12/site-packages/airflow/example_dags/example_skip_dag.py
[2025-03-14T07:50:56.683+0000] {processor.py:914} INFO - Processing file /home/airflow/.local/lib/python3.12/site-packages/airflow/example_dags/example_skip_dag.py for tasks to queue
[2025-03-14T07:50:56.686+0000] {logging_mixin.py:190} INFO - [2025-03-14T07:50:56.685+0000] {dagbag.py:588} INFO - Filling up the DagBag from /home/airflow/.local/lib/python3.12/site-packages/airflow/example_dags/example_skip_dag.py
[2025-03-14T07:50:56.698+0000] {processor.py:925} INFO - DAG(s) 'example_skip_dag' retrieved from /home/airflow/.local/lib/python3.12/site-packages/airflow/example_dags/example_skip_dag.py
[2025-03-14T07:50:56.729+0000] {logging_mixin.py:190} INFO - [2025-03-14T07:50:56.729+0000] {dag.py:3239} INFO - Sync 1 DAGs
[2025-03-14T07:50:56.767+0000] {logging_mixin.py:190} INFO - [2025-03-14T07:50:56.767+0000] {dag.py:4180} INFO - Setting next_dagrun for example_skip_dag to 2025-03-13 00:00:00+00:00, run_after=2025-03-14 00:00:00+00:00
[2025-03-14T07:50:56.829+0000] {processor.py:208} INFO - Processing /home/airflow/.local/lib/python3.12/site-packages/airflow/example_dags/example_skip_dag.py took 0.159 seconds
[2025-03-14T07:51:27.349+0000] {processor.py:186} INFO - Started process (PID=229) to work on /home/airflow/.local/lib/python3.12/site-packages/airflow/example_dags/example_skip_dag.py
[2025-03-14T07:51:27.350+0000] {processor.py:914} INFO - Processing file /home/airflow/.local/lib/python3.12/site-packages/airflow/example_dags/example_skip_dag.py for tasks to queue
[2025-03-14T07:51:27.353+0000] {logging_mixin.py:190} INFO - [2025-03-14T07:51:27.353+0000] {dagbag.py:588} INFO - Filling up the DagBag from /home/airflow/.local/lib/python3.12/site-packages/airflow/example_dags/example_skip_dag.py
[2025-03-14T07:51:27.364+0000] {processor.py:925} INFO - DAG(s) 'example_skip_dag' retrieved from /home/airflow/.local/lib/python3.12/site-packages/airflow/example_dags/example_skip_dag.py
[2025-03-14T07:51:27.392+0000] {logging_mixin.py:190} INFO - [2025-03-14T07:51:27.391+0000] {dag.py:3239} INFO - Sync 1 DAGs
[2025-03-14T07:51:27.421+0000] {logging_mixin.py:190} INFO - [2025-03-14T07:51:27.420+0000] {dag.py:4180} INFO - Setting next_dagrun for example_skip_dag to 2025-03-13 00:00:00+00:00, run_after=2025-03-14 00:00:00+00:00
[2025-03-14T07:51:27.446+0000] {processor.py:208} INFO - Processing /home/airflow/.local/lib/python3.12/site-packages/airflow/example_dags/example_skip_dag.py took 0.103 seconds
[2025-03-14T07:51:57.656+0000] {processor.py:186} INFO - Started process (PID=293) to work on /home/airflow/.local/lib/python3.12/site-packages/airflow/example_dags/example_skip_dag.py
[2025-03-14T07:51:57.658+0000] {processor.py:914} INFO - Processing file /home/airflow/.local/lib/python3.12/site-packages/airflow/example_dags/example_skip_dag.py for tasks to queue
[2025-03-14T07:51:57.661+0000] {logging_mixin.py:190} INFO - [2025-03-14T07:51:57.661+0000] {dagbag.py:588} INFO - Filling up the DagBag from /home/airflow/.local/lib/python3.12/site-packages/airflow/example_dags/example_skip_dag.py
[2025-03-14T07:51:57.673+0000] {processor.py:925} INFO - DAG(s) 'example_skip_dag' retrieved from /home/airflow/.local/lib/python3.12/site-packages/airflow/example_dags/example_skip_dag.py
[2025-03-14T07:51:57.699+0000] {logging_mixin.py:190} INFO - [2025-03-14T07:51:57.699+0000] {dag.py:3239} INFO - Sync 1 DAGs
[2025-03-14T07:51:57.728+0000] {logging_mixin.py:190} INFO - [2025-03-14T07:51:57.728+0000] {dag.py:4180} INFO - Setting next_dagrun for example_skip_dag to 2025-03-13 00:00:00+00:00, run_after=2025-03-14 00:00:00+00:00
[2025-03-14T07:51:57.749+0000] {processor.py:208} INFO - Processing /home/airflow/.local/lib/python3.12/site-packages/airflow/example_dags/example_skip_dag.py took 0.102 seconds
[2025-03-14T07:52:28.653+0000] {processor.py:186} INFO - Started process (PID=357) to work on /home/airflow/.local/lib/python3.12/site-packages/airflow/example_dags/example_skip_dag.py
[2025-03-14T07:52:28.654+0000] {processor.py:914} INFO - Processing file /home/airflow/.local/lib/python3.12/site-packages/airflow/example_dags/example_skip_dag.py for tasks to queue
[2025-03-14T07:52:28.658+0000] {logging_mixin.py:190} INFO - [2025-03-14T07:52:28.657+0000] {dagbag.py:588} INFO - Filling up the DagBag from /home/airflow/.local/lib/python3.12/site-packages/airflow/example_dags/example_skip_dag.py
[2025-03-14T07:52:28.667+0000] {processor.py:925} INFO - DAG(s) 'example_skip_dag' retrieved from /home/airflow/.local/lib/python3.12/site-packages/airflow/example_dags/example_skip_dag.py
[2025-03-14T07:52:28.689+0000] {logging_mixin.py:190} INFO - [2025-03-14T07:52:28.689+0000] {dag.py:3239} INFO - Sync 1 DAGs
[2025-03-14T07:52:28.715+0000] {logging_mixin.py:190} INFO - [2025-03-14T07:52:28.715+0000] {dag.py:4180} INFO - Setting next_dagrun for example_skip_dag to 2025-03-13 00:00:00+00:00, run_after=2025-03-14 00:00:00+00:00
[2025-03-14T07:52:28.743+0000] {processor.py:208} INFO - Processing /home/airflow/.local/lib/python3.12/site-packages/airflow/example_dags/example_skip_dag.py took 0.096 seconds
[2025-03-14T07:52:59.016+0000] {processor.py:186} INFO - Started process (PID=421) to work on /home/airflow/.local/lib/python3.12/site-packages/airflow/example_dags/example_skip_dag.py
[2025-03-14T07:52:59.017+0000] {processor.py:914} INFO - Processing file /home/airflow/.local/lib/python3.12/site-packages/airflow/example_dags/example_skip_dag.py for tasks to queue
[2025-03-14T07:52:59.020+0000] {logging_mixin.py:190} INFO - [2025-03-14T07:52:59.020+0000] {dagbag.py:588} INFO - Filling up the DagBag from /home/airflow/.local/lib/python3.12/site-packages/airflow/example_dags/example_skip_dag.py
[2025-03-14T07:52:59.032+0000] {processor.py:925} INFO - DAG(s) 'example_skip_dag' retrieved from /home/airflow/.local/lib/python3.12/site-packages/airflow/example_dags/example_skip_dag.py
[2025-03-14T07:52:59.059+0000] {logging_mixin.py:190} INFO - [2025-03-14T07:52:59.059+0000] {dag.py:3239} INFO - Sync 1 DAGs
[2025-03-14T07:52:59.085+0000] {logging_mixin.py:190} INFO - [2025-03-14T07:52:59.084+0000] {dag.py:4180} INFO - Setting next_dagrun for example_skip_dag to 2025-03-13 00:00:00+00:00, run_after=2025-03-14 00:00:00+00:00
[2025-03-14T07:52:59.107+0000] {processor.py:208} INFO - Processing /home/airflow/.local/lib/python3.12/site-packages/airflow/example_dags/example_skip_dag.py took 0.098 seconds
[2025-03-14T07:53:29.427+0000] {processor.py:186} INFO - Started process (PID=485) to work on /home/airflow/.local/lib/python3.12/site-packages/airflow/example_dags/example_skip_dag.py
[2025-03-14T07:53:29.429+0000] {processor.py:914} INFO - Processing file /home/airflow/.local/lib/python3.12/site-packages/airflow/example_dags/example_skip_dag.py for tasks to queue
[2025-03-14T07:53:29.433+0000] {logging_mixin.py:190} INFO - [2025-03-14T07:53:29.433+0000] {dagbag.py:588} INFO - Filling up the DagBag from /home/airflow/.local/lib/python3.12/site-packages/airflow/example_dags/example_skip_dag.py
[2025-03-14T07:53:29.448+0000] {processor.py:925} INFO - DAG(s) 'example_skip_dag' retrieved from /home/airflow/.local/lib/python3.12/site-packages/airflow/example_dags/example_skip_dag.py
[2025-03-14T07:53:29.477+0000] {logging_mixin.py:190} INFO - [2025-03-14T07:53:29.477+0000] {dag.py:3239} INFO - Sync 1 DAGs
[2025-03-14T07:53:29.520+0000] {logging_mixin.py:190} INFO - [2025-03-14T07:53:29.519+0000] {dag.py:4180} INFO - Setting next_dagrun for example_skip_dag to 2025-03-13 00:00:00+00:00, run_after=2025-03-14 00:00:00+00:00
[2025-03-14T07:53:29.551+0000] {processor.py:208} INFO - Processing /home/airflow/.local/lib/python3.12/site-packages/airflow/example_dags/example_skip_dag.py took 0.133 seconds
[2025-03-14T07:53:59.736+0000] {processor.py:186} INFO - Started process (PID=549) to work on /home/airflow/.local/lib/python3.12/site-packages/airflow/example_dags/example_skip_dag.py
[2025-03-14T07:53:59.737+0000] {processor.py:914} INFO - Processing file /home/airflow/.local/lib/python3.12/site-packages/airflow/example_dags/example_skip_dag.py for tasks to queue
[2025-03-14T07:53:59.739+0000] {logging_mixin.py:190} INFO - [2025-03-14T07:53:59.739+0000] {dagbag.py:588} INFO - Filling up the DagBag from /home/airflow/.local/lib/python3.12/site-packages/airflow/example_dags/example_skip_dag.py
[2025-03-14T07:53:59.747+0000] {processor.py:925} INFO - DAG(s) 'example_skip_dag' retrieved from /home/airflow/.local/lib/python3.12/site-packages/airflow/example_dags/example_skip_dag.py
[2025-03-14T07:53:59.772+0000] {logging_mixin.py:190} INFO - [2025-03-14T07:53:59.772+0000] {dag.py:3239} INFO - Sync 1 DAGs
[2025-03-14T07:53:59.805+0000] {logging_mixin.py:190} INFO - [2025-03-14T07:53:59.804+0000] {dag.py:4180} INFO - Setting next_dagrun for example_skip_dag to 2025-03-13 00:00:00+00:00, run_after=2025-03-14 00:00:00+00:00
[2025-03-14T07:53:59.863+0000] {processor.py:208} INFO - Processing /home/airflow/.local/lib/python3.12/site-packages/airflow/example_dags/example_skip_dag.py took 0.133 seconds
