[2025-05-05T13:07:16.564+0000] {processor.py:186} INFO - Started process (PID=51) to work on /opt/airflow/dags/premier_dag.py
[2025-05-05T13:07:16.565+0000] {processor.py:914} INFO - Processing file /opt/airflow/dags/premier_dag.py for tasks to queue
[2025-05-05T13:07:16.567+0000] {logging_mixin.py:190} INFO - [2025-05-05T13:07:16.567+0000] {dagbag.py:588} INFO - Filling up the DagBag from /opt/airflow/dags/premier_dag.py
[2025-05-05T13:07:16.582+0000] {processor.py:925} INFO - DAG(s) 'premier_dag_test' retrieved from /opt/airflow/dags/premier_dag.py
[2025-05-05T13:07:16.610+0000] {logging_mixin.py:190} INFO - [2025-05-05T13:07:16.610+0000] {dag.py:3239} INFO - Sync 1 DAGs
[2025-05-05T13:07:16.631+0000] {logging_mixin.py:190} INFO - [2025-05-05T13:07:16.631+0000] {dag.py:4180} INFO - Setting next_dagrun for premier_dag_test to 2024-02-10 00:00:00+00:00, run_after=2024-02-11 00:00:00+00:00
[2025-05-05T13:07:16.649+0000] {processor.py:208} INFO - Processing /opt/airflow/dags/premier_dag.py took 0.090 seconds
[2025-05-05T13:07:50.420+0000] {processor.py:186} INFO - Started process (PID=115) to work on /opt/airflow/dags/premier_dag.py
[2025-05-05T13:07:50.421+0000] {processor.py:914} INFO - Processing file /opt/airflow/dags/premier_dag.py for tasks to queue
[2025-05-05T13:07:50.423+0000] {logging_mixin.py:190} INFO - [2025-05-05T13:07:50.423+0000] {dagbag.py:588} INFO - Filling up the DagBag from /opt/airflow/dags/premier_dag.py
[2025-05-05T13:07:50.432+0000] {processor.py:925} INFO - DAG(s) 'premier_dag_test' retrieved from /opt/airflow/dags/premier_dag.py
[2025-05-05T13:07:50.447+0000] {logging_mixin.py:190} INFO - [2025-05-05T13:07:50.447+0000] {dag.py:3239} INFO - Sync 1 DAGs
[2025-05-05T13:07:23.579+0000] {logging_mixin.py:190} INFO - [2025-05-05T13:07:23.579+0000] {dag.py:4180} INFO - Setting next_dagrun for premier_dag_test to 2024-02-10 00:00:00+00:00, run_after=2024-02-11 00:00:00+00:00
[2025-05-05T13:07:23.594+0000] {processor.py:208} INFO - Processing /opt/airflow/dags/premier_dag.py took 0.064 seconds
[2025-05-05T13:08:00.859+0000] {processor.py:186} INFO - Started process (PID=158) to work on /opt/airflow/dags/premier_dag.py
[2025-05-05T13:08:00.860+0000] {processor.py:914} INFO - Processing file /opt/airflow/dags/premier_dag.py for tasks to queue
[2025-05-05T13:08:00.862+0000] {logging_mixin.py:190} INFO - [2025-05-05T13:08:00.862+0000] {dagbag.py:588} INFO - Filling up the DagBag from /opt/airflow/dags/premier_dag.py
[2025-05-05T13:08:00.872+0000] {processor.py:925} INFO - DAG(s) 'premier_dag_test' retrieved from /opt/airflow/dags/premier_dag.py
[2025-05-05T13:08:00.887+0000] {logging_mixin.py:190} INFO - [2025-05-05T13:08:00.887+0000] {dag.py:3239} INFO - Sync 1 DAGs
[2025-05-05T13:08:00.905+0000] {logging_mixin.py:190} INFO - [2025-05-05T13:08:00.905+0000] {dag.py:4180} INFO - Setting next_dagrun for premier_dag_test to 2024-02-10 00:00:00+00:00, run_after=2024-02-11 00:00:00+00:00
[2025-05-05T13:08:00.925+0000] {processor.py:208} INFO - Processing /opt/airflow/dags/premier_dag.py took 0.070 seconds
[2025-05-05T13:08:30.989+0000] {processor.py:186} INFO - Started process (PID=229) to work on /opt/airflow/dags/premier_dag.py
[2025-05-05T13:08:30.990+0000] {processor.py:914} INFO - Processing file /opt/airflow/dags/premier_dag.py for tasks to queue
[2025-05-05T13:08:30.992+0000] {logging_mixin.py:190} INFO - [2025-05-05T13:08:30.992+0000] {dagbag.py:588} INFO - Filling up the DagBag from /opt/airflow/dags/premier_dag.py
[2025-05-05T13:08:31.003+0000] {processor.py:925} INFO - DAG(s) 'premier_dag_test' retrieved from /opt/airflow/dags/premier_dag.py
[2025-05-05T13:08:31.018+0000] {logging_mixin.py:190} INFO - [2025-05-05T13:08:31.018+0000] {dag.py:3239} INFO - Sync 1 DAGs
[2025-05-05T13:08:31.036+0000] {logging_mixin.py:190} INFO - [2025-05-05T13:08:31.036+0000] {dag.py:4180} INFO - Setting next_dagrun for premier_dag_test to 2024-02-10 00:00:00+00:00, run_after=2024-02-11 00:00:00+00:00
[2025-05-05T13:08:31.051+0000] {processor.py:208} INFO - Processing /opt/airflow/dags/premier_dag.py took 0.066 seconds
[2025-05-05T13:09:01.203+0000] {processor.py:186} INFO - Started process (PID=293) to work on /opt/airflow/dags/premier_dag.py
[2025-05-05T13:09:01.203+0000] {processor.py:914} INFO - Processing file /opt/airflow/dags/premier_dag.py for tasks to queue
[2025-05-05T13:09:01.205+0000] {logging_mixin.py:190} INFO - [2025-05-05T13:09:01.205+0000] {dagbag.py:588} INFO - Filling up the DagBag from /opt/airflow/dags/premier_dag.py
[2025-05-05T13:09:01.216+0000] {processor.py:925} INFO - DAG(s) 'premier_dag_test' retrieved from /opt/airflow/dags/premier_dag.py
[2025-05-05T13:09:01.230+0000] {logging_mixin.py:190} INFO - [2025-05-05T13:09:01.230+0000] {dag.py:3239} INFO - Sync 1 DAGs
[2025-05-05T13:09:01.248+0000] {logging_mixin.py:190} INFO - [2025-05-05T13:09:01.247+0000] {dag.py:4180} INFO - Setting next_dagrun for premier_dag_test to 2024-02-10 00:00:00+00:00, run_after=2024-02-11 00:00:00+00:00
[2025-05-05T13:09:01.263+0000] {processor.py:208} INFO - Processing /opt/airflow/dags/premier_dag.py took 0.065 seconds
[2025-05-05T13:09:32.193+0000] {processor.py:186} INFO - Started process (PID=357) to work on /opt/airflow/dags/premier_dag.py
[2025-05-05T13:09:32.194+0000] {processor.py:914} INFO - Processing file /opt/airflow/dags/premier_dag.py for tasks to queue
[2025-05-05T13:09:32.196+0000] {logging_mixin.py:190} INFO - [2025-05-05T13:09:32.196+0000] {dagbag.py:588} INFO - Filling up the DagBag from /opt/airflow/dags/premier_dag.py
[2025-05-05T13:09:32.209+0000] {processor.py:925} INFO - DAG(s) 'premier_dag_test' retrieved from /opt/airflow/dags/premier_dag.py
[2025-05-05T13:09:32.225+0000] {logging_mixin.py:190} INFO - [2025-05-05T13:09:32.224+0000] {dag.py:3239} INFO - Sync 1 DAGs
[2025-05-05T13:09:32.244+0000] {logging_mixin.py:190} INFO - [2025-05-05T13:09:32.244+0000] {dag.py:4180} INFO - Setting next_dagrun for premier_dag_test to 2024-02-10 00:00:00+00:00, run_after=2024-02-11 00:00:00+00:00
[2025-05-05T13:09:32.260+0000] {processor.py:208} INFO - Processing /opt/airflow/dags/premier_dag.py took 0.072 seconds
[2025-05-05T13:09:48.736+0000] {processor.py:186} INFO - Started process (PID=419) to work on /opt/airflow/dags/premier_dag.py
[2025-05-05T13:09:48.737+0000] {processor.py:914} INFO - Processing file /opt/airflow/dags/premier_dag.py for tasks to queue
[2025-05-05T13:09:48.740+0000] {logging_mixin.py:190} INFO - [2025-05-05T13:09:48.739+0000] {dagbag.py:588} INFO - Filling up the DagBag from /opt/airflow/dags/premier_dag.py
[2025-05-05T13:09:48.754+0000] {processor.py:925} INFO - DAG(s) 'premier_dag_test' retrieved from /opt/airflow/dags/premier_dag.py
[2025-05-05T13:09:48.777+0000] {logging_mixin.py:190} INFO - [2025-05-05T13:09:48.776+0000] {dag.py:3239} INFO - Sync 1 DAGs
[2025-05-05T13:09:48.798+0000] {logging_mixin.py:190} INFO - [2025-05-05T13:09:48.798+0000] {dag.py:4180} INFO - Setting next_dagrun for premier_dag_test to 2024-02-10 00:00:00+00:00, run_after=2024-02-11 00:00:00+00:00
[2025-05-05T13:09:48.820+0000] {processor.py:208} INFO - Processing /opt/airflow/dags/premier_dag.py took 0.089 seconds
[2025-05-05T13:10:19.407+0000] {processor.py:186} INFO - Started process (PID=483) to work on /opt/airflow/dags/premier_dag.py
[2025-05-05T13:10:19.408+0000] {processor.py:914} INFO - Processing file /opt/airflow/dags/premier_dag.py for tasks to queue
[2025-05-05T13:10:19.409+0000] {logging_mixin.py:190} INFO - [2025-05-05T13:10:19.409+0000] {dagbag.py:588} INFO - Filling up the DagBag from /opt/airflow/dags/premier_dag.py
[2025-05-05T13:10:19.420+0000] {processor.py:925} INFO - DAG(s) 'premier_dag_test' retrieved from /opt/airflow/dags/premier_dag.py
[2025-05-05T13:10:19.434+0000] {logging_mixin.py:190} INFO - [2025-05-05T13:10:19.434+0000] {dag.py:3239} INFO - Sync 1 DAGs
[2025-05-05T13:10:19.452+0000] {logging_mixin.py:190} INFO - [2025-05-05T13:10:19.451+0000] {dag.py:4180} INFO - Setting next_dagrun for premier_dag_test to 2024-02-10 00:00:00+00:00, run_after=2024-02-11 00:00:00+00:00
[2025-05-05T13:10:19.471+0000] {processor.py:208} INFO - Processing /opt/airflow/dags/premier_dag.py took 0.068 seconds
[2025-05-05T13:10:50.253+0000] {processor.py:186} INFO - Started process (PID=547) to work on /opt/airflow/dags/premier_dag.py
[2025-05-05T13:10:50.254+0000] {processor.py:914} INFO - Processing file /opt/airflow/dags/premier_dag.py for tasks to queue
[2025-05-05T13:10:50.255+0000] {logging_mixin.py:190} INFO - [2025-05-05T13:10:50.255+0000] {dagbag.py:588} INFO - Filling up the DagBag from /opt/airflow/dags/premier_dag.py
[2025-05-05T13:10:50.268+0000] {processor.py:925} INFO - DAG(s) 'premier_dag_test' retrieved from /opt/airflow/dags/premier_dag.py
[2025-05-05T13:10:50.284+0000] {logging_mixin.py:190} INFO - [2025-05-05T13:10:50.284+0000] {dag.py:3239} INFO - Sync 1 DAGs
[2025-05-05T13:10:50.301+0000] {logging_mixin.py:190} INFO - [2025-05-05T13:10:50.301+0000] {dag.py:4180} INFO - Setting next_dagrun for premier_dag_test to 2024-02-10 00:00:00+00:00, run_after=2024-02-11 00:00:00+00:00
[2025-05-05T13:10:50.320+0000] {processor.py:208} INFO - Processing /opt/airflow/dags/premier_dag.py took 0.071 seconds
[2025-05-05T13:11:20.642+0000] {processor.py:186} INFO - Started process (PID=611) to work on /opt/airflow/dags/premier_dag.py
[2025-05-05T13:11:20.643+0000] {processor.py:914} INFO - Processing file /opt/airflow/dags/premier_dag.py for tasks to queue
[2025-05-05T13:11:20.645+0000] {logging_mixin.py:190} INFO - [2025-05-05T13:11:20.645+0000] {dagbag.py:588} INFO - Filling up the DagBag from /opt/airflow/dags/premier_dag.py
[2025-05-05T13:11:20.659+0000] {processor.py:925} INFO - DAG(s) 'premier_dag_test' retrieved from /opt/airflow/dags/premier_dag.py
[2025-05-05T13:11:20.675+0000] {logging_mixin.py:190} INFO - [2025-05-05T13:11:20.675+0000] {dag.py:3239} INFO - Sync 1 DAGs
[2025-05-05T13:11:20.694+0000] {logging_mixin.py:190} INFO - [2025-05-05T13:11:20.694+0000] {dag.py:4180} INFO - Setting next_dagrun for premier_dag_test to 2024-02-10 00:00:00+00:00, run_after=2024-02-11 00:00:00+00:00
[2025-05-05T13:11:20.709+0000] {processor.py:208} INFO - Processing /opt/airflow/dags/premier_dag.py took 0.071 seconds
[2025-05-05T13:11:55.895+0000] {processor.py:186} INFO - Started process (PID=668) to work on /opt/airflow/dags/premier_dag.py
[2025-05-05T13:11:55.896+0000] {processor.py:914} INFO - Processing file /opt/airflow/dags/premier_dag.py for tasks to queue
[2025-05-05T13:11:55.898+0000] {logging_mixin.py:190} INFO - [2025-05-05T13:11:55.897+0000] {dagbag.py:588} INFO - Filling up the DagBag from /opt/airflow/dags/premier_dag.py
[2025-05-05T13:11:55.910+0000] {processor.py:925} INFO - DAG(s) 'premier_dag_test' retrieved from /opt/airflow/dags/premier_dag.py
[2025-05-05T13:11:55.927+0000] {logging_mixin.py:190} INFO - [2025-05-05T13:11:55.926+0000] {dag.py:3239} INFO - Sync 1 DAGs
[2025-05-05T13:11:55.948+0000] {logging_mixin.py:190} INFO - [2025-05-05T13:11:55.948+0000] {dag.py:4180} INFO - Setting next_dagrun for premier_dag_test to 2024-02-10 00:00:00+00:00, run_after=2024-02-11 00:00:00+00:00
[2025-05-05T13:11:55.965+0000] {processor.py:208} INFO - Processing /opt/airflow/dags/premier_dag.py took 0.075 seconds
[2025-05-05T13:12:26.211+0000] {processor.py:186} INFO - Started process (PID=771) to work on /opt/airflow/dags/premier_dag.py
[2025-05-05T13:12:26.212+0000] {processor.py:914} INFO - Processing file /opt/airflow/dags/premier_dag.py for tasks to queue
[2025-05-05T13:12:26.215+0000] {logging_mixin.py:190} INFO - [2025-05-05T13:12:26.215+0000] {dagbag.py:588} INFO - Filling up the DagBag from /opt/airflow/dags/premier_dag.py
[2025-05-05T13:12:26.229+0000] {processor.py:925} INFO - DAG(s) 'premier_dag_test' retrieved from /opt/airflow/dags/premier_dag.py
[2025-05-05T13:12:26.256+0000] {logging_mixin.py:190} INFO - [2025-05-05T13:12:26.255+0000] {dag.py:3239} INFO - Sync 1 DAGs
[2025-05-05T13:12:26.285+0000] {logging_mixin.py:190} INFO - [2025-05-05T13:12:26.284+0000] {dag.py:4180} INFO - Setting next_dagrun for premier_dag_test to 2024-02-10 00:00:00+00:00, run_after=2024-02-11 00:00:00+00:00
[2025-05-05T13:12:26.330+0000] {processor.py:208} INFO - Processing /opt/airflow/dags/premier_dag.py took 0.123 seconds
[2025-05-05T13:13:05.968+0000] {processor.py:186} INFO - Started process (PID=829) to work on /opt/airflow/dags/premier_dag.py
[2025-05-05T13:13:05.969+0000] {processor.py:914} INFO - Processing file /opt/airflow/dags/premier_dag.py for tasks to queue
[2025-05-05T13:13:05.972+0000] {logging_mixin.py:190} INFO - [2025-05-05T13:13:05.971+0000] {dagbag.py:588} INFO - Filling up the DagBag from /opt/airflow/dags/premier_dag.py
[2025-05-05T13:13:05.983+0000] {processor.py:925} INFO - DAG(s) 'premier_dag_test' retrieved from /opt/airflow/dags/premier_dag.py
[2025-05-05T13:13:06.000+0000] {logging_mixin.py:190} INFO - [2025-05-05T13:13:06.000+0000] {dag.py:3239} INFO - Sync 1 DAGs
[2025-05-05T13:13:06.022+0000] {logging_mixin.py:190} INFO - [2025-05-05T13:13:06.022+0000] {dag.py:4180} INFO - Setting next_dagrun for premier_dag_test to 2024-02-10 00:00:00+00:00, run_after=2024-02-11 00:00:00+00:00
[2025-05-05T13:12:39.064+0000] {processor.py:208} INFO - Processing /opt/airflow/dags/premier_dag.py took 0.078 seconds
[2025-05-05T13:13:26.447+0000] {processor.py:186} INFO - Started process (PID=893) to work on /opt/airflow/dags/premier_dag.py
[2025-05-05T13:13:26.448+0000] {processor.py:914} INFO - Processing file /opt/airflow/dags/premier_dag.py for tasks to queue
[2025-05-05T13:13:26.450+0000] {logging_mixin.py:190} INFO - [2025-05-05T13:13:26.450+0000] {dagbag.py:588} INFO - Filling up the DagBag from /opt/airflow/dags/premier_dag.py
[2025-05-05T13:13:26.464+0000] {processor.py:925} INFO - DAG(s) 'premier_dag_test' retrieved from /opt/airflow/dags/premier_dag.py
[2025-05-05T13:12:59.562+0000] {logging_mixin.py:190} INFO - [2025-05-05T13:12:59.562+0000] {dag.py:3239} INFO - Sync 1 DAGs
[2025-05-05T13:12:59.585+0000] {logging_mixin.py:190} INFO - [2025-05-05T13:12:59.584+0000] {dag.py:4180} INFO - Setting next_dagrun for premier_dag_test to 2024-02-10 00:00:00+00:00, run_after=2024-02-11 00:00:00+00:00
[2025-05-05T13:12:59.642+0000] {processor.py:208} INFO - Processing /opt/airflow/dags/premier_dag.py took 0.125 seconds
[2025-05-05T13:13:29.754+0000] {processor.py:186} INFO - Started process (PID=957) to work on /opt/airflow/dags/premier_dag.py
[2025-05-05T13:13:29.754+0000] {processor.py:914} INFO - Processing file /opt/airflow/dags/premier_dag.py for tasks to queue
[2025-05-05T13:13:29.756+0000] {logging_mixin.py:190} INFO - [2025-05-05T13:13:29.756+0000] {dagbag.py:588} INFO - Filling up the DagBag from /opt/airflow/dags/premier_dag.py
[2025-05-05T13:13:29.766+0000] {processor.py:925} INFO - DAG(s) 'premier_dag_test' retrieved from /opt/airflow/dags/premier_dag.py
[2025-05-05T13:13:29.780+0000] {logging_mixin.py:190} INFO - [2025-05-05T13:13:29.780+0000] {dag.py:3239} INFO - Sync 1 DAGs
[2025-05-05T13:13:29.797+0000] {logging_mixin.py:190} INFO - [2025-05-05T13:13:29.796+0000] {dag.py:4180} INFO - Setting next_dagrun for premier_dag_test to 2024-02-10 00:00:00+00:00, run_after=2024-02-11 00:00:00+00:00
[2025-05-05T13:13:29.812+0000] {processor.py:208} INFO - Processing /opt/airflow/dags/premier_dag.py took 0.063 seconds
[2025-05-05T13:14:00.616+0000] {processor.py:186} INFO - Started process (PID=1020) to work on /opt/airflow/dags/premier_dag.py
[2025-05-05T13:14:00.617+0000] {processor.py:914} INFO - Processing file /opt/airflow/dags/premier_dag.py for tasks to queue
[2025-05-05T13:14:00.618+0000] {logging_mixin.py:190} INFO - [2025-05-05T13:14:00.618+0000] {dagbag.py:588} INFO - Filling up the DagBag from /opt/airflow/dags/premier_dag.py
[2025-05-05T13:14:00.629+0000] {processor.py:925} INFO - DAG(s) 'premier_dag_test' retrieved from /opt/airflow/dags/premier_dag.py
[2025-05-05T13:14:00.643+0000] {logging_mixin.py:190} INFO - [2025-05-05T13:14:00.642+0000] {dag.py:3239} INFO - Sync 1 DAGs
[2025-05-05T13:14:00.659+0000] {logging_mixin.py:190} INFO - [2025-05-05T13:14:00.659+0000] {dag.py:4180} INFO - Setting next_dagrun for premier_dag_test to 2024-02-10 00:00:00+00:00, run_after=2024-02-11 00:00:00+00:00
[2025-05-05T13:14:00.679+0000] {processor.py:208} INFO - Processing /opt/airflow/dags/premier_dag.py took 0.068 seconds
[2025-05-05T13:14:46.038+0000] {processor.py:186} INFO - Started process (PID=1084) to work on /opt/airflow/dags/premier_dag.py
[2025-05-05T13:14:46.038+0000] {processor.py:914} INFO - Processing file /opt/airflow/dags/premier_dag.py for tasks to queue
[2025-05-05T13:14:46.040+0000] {logging_mixin.py:190} INFO - [2025-05-05T13:14:46.040+0000] {dagbag.py:588} INFO - Filling up the DagBag from /opt/airflow/dags/premier_dag.py
[2025-05-05T13:14:19.136+0000] {processor.py:925} INFO - DAG(s) 'premier_dag_test' retrieved from /opt/airflow/dags/premier_dag.py
[2025-05-05T13:14:19.153+0000] {logging_mixin.py:190} INFO - [2025-05-05T13:14:19.153+0000] {dag.py:3239} INFO - Sync 1 DAGs
[2025-05-05T13:14:19.173+0000] {logging_mixin.py:190} INFO - [2025-05-05T13:14:19.173+0000] {dag.py:4180} INFO - Setting next_dagrun for premier_dag_test to 2024-02-10 00:00:00+00:00, run_after=2024-02-11 00:00:00+00:00
[2025-05-05T13:14:19.187+0000] {processor.py:208} INFO - Processing /opt/airflow/dags/premier_dag.py took 0.070 seconds
[2025-05-05T13:15:16.069+0000] {processor.py:186} INFO - Started process (PID=1148) to work on /opt/airflow/dags/premier_dag.py
[2025-05-05T13:15:16.070+0000] {processor.py:914} INFO - Processing file /opt/airflow/dags/premier_dag.py for tasks to queue
[2025-05-05T13:15:16.072+0000] {logging_mixin.py:190} INFO - [2025-05-05T13:15:16.071+0000] {dagbag.py:588} INFO - Filling up the DagBag from /opt/airflow/dags/premier_dag.py
[2025-05-05T13:15:16.082+0000] {processor.py:925} INFO - DAG(s) 'premier_dag_test' retrieved from /opt/airflow/dags/premier_dag.py
[2025-05-05T13:15:16.097+0000] {logging_mixin.py:190} INFO - [2025-05-05T13:15:16.096+0000] {dag.py:3239} INFO - Sync 1 DAGs
[2025-05-05T13:15:16.118+0000] {logging_mixin.py:190} INFO - [2025-05-05T13:15:16.118+0000] {dag.py:4180} INFO - Setting next_dagrun for premier_dag_test to 2024-02-10 00:00:00+00:00, run_after=2024-02-11 00:00:00+00:00
[2025-05-05T13:14:49.243+0000] {processor.py:208} INFO - Processing /opt/airflow/dags/premier_dag.py took 0.068 seconds
[2025-05-05T13:15:04.231+0000] {processor.py:186} INFO - Started process (PID=1206) to work on /opt/airflow/dags/premier_dag.py
[2025-05-05T13:15:04.231+0000] {processor.py:914} INFO - Processing file /opt/airflow/dags/premier_dag.py for tasks to queue
[2025-05-05T13:15:04.233+0000] {logging_mixin.py:190} INFO - [2025-05-05T13:15:04.233+0000] {dagbag.py:588} INFO - Filling up the DagBag from /opt/airflow/dags/premier_dag.py
[2025-05-05T13:15:04.245+0000] {processor.py:925} INFO - DAG(s) 'premier_dag_test' retrieved from /opt/airflow/dags/premier_dag.py
[2025-05-05T13:15:04.259+0000] {logging_mixin.py:190} INFO - [2025-05-05T13:15:04.259+0000] {dag.py:3239} INFO - Sync 1 DAGs
[2025-05-05T13:15:04.276+0000] {logging_mixin.py:190} INFO - [2025-05-05T13:15:04.276+0000] {dag.py:4180} INFO - Setting next_dagrun for premier_dag_test to 2024-02-10 00:00:00+00:00, run_after=2024-02-11 00:00:00+00:00
[2025-05-05T13:15:04.291+0000] {processor.py:208} INFO - Processing /opt/airflow/dags/premier_dag.py took 0.065 seconds
[2025-05-05T13:15:34.866+0000] {processor.py:186} INFO - Started process (PID=1270) to work on /opt/airflow/dags/premier_dag.py
[2025-05-05T13:15:34.867+0000] {processor.py:914} INFO - Processing file /opt/airflow/dags/premier_dag.py for tasks to queue
[2025-05-05T13:15:34.869+0000] {logging_mixin.py:190} INFO - [2025-05-05T13:15:34.869+0000] {dagbag.py:588} INFO - Filling up the DagBag from /opt/airflow/dags/premier_dag.py
[2025-05-05T13:15:34.880+0000] {processor.py:925} INFO - DAG(s) 'premier_dag_test' retrieved from /opt/airflow/dags/premier_dag.py
[2025-05-05T13:15:34.897+0000] {logging_mixin.py:190} INFO - [2025-05-05T13:15:34.896+0000] {dag.py:3239} INFO - Sync 1 DAGs
[2025-05-05T13:15:34.916+0000] {logging_mixin.py:190} INFO - [2025-05-05T13:15:34.916+0000] {dag.py:4180} INFO - Setting next_dagrun for premier_dag_test to 2024-02-10 00:00:00+00:00, run_after=2024-02-11 00:00:00+00:00
[2025-05-05T13:15:34.931+0000] {processor.py:208} INFO - Processing /opt/airflow/dags/premier_dag.py took 0.069 seconds
[2025-05-05T13:16:05.719+0000] {processor.py:186} INFO - Started process (PID=1334) to work on /opt/airflow/dags/premier_dag.py
[2025-05-05T13:16:05.720+0000] {processor.py:914} INFO - Processing file /opt/airflow/dags/premier_dag.py for tasks to queue
[2025-05-05T13:16:05.721+0000] {logging_mixin.py:190} INFO - [2025-05-05T13:16:05.721+0000] {dagbag.py:588} INFO - Filling up the DagBag from /opt/airflow/dags/premier_dag.py
[2025-05-05T13:16:05.731+0000] {processor.py:925} INFO - DAG(s) 'premier_dag_test' retrieved from /opt/airflow/dags/premier_dag.py
[2025-05-05T13:16:05.746+0000] {logging_mixin.py:190} INFO - [2025-05-05T13:16:05.746+0000] {dag.py:3239} INFO - Sync 1 DAGs
[2025-05-05T13:16:05.763+0000] {logging_mixin.py:190} INFO - [2025-05-05T13:16:05.762+0000] {dag.py:4180} INFO - Setting next_dagrun for premier_dag_test to 2024-02-10 00:00:00+00:00, run_after=2024-02-11 00:00:00+00:00
[2025-05-05T13:16:05.778+0000] {processor.py:208} INFO - Processing /opt/airflow/dags/premier_dag.py took 0.064 seconds
[2025-05-05T13:16:36.196+0000] {processor.py:186} INFO - Started process (PID=1392) to work on /opt/airflow/dags/premier_dag.py
[2025-05-05T13:16:36.197+0000] {processor.py:914} INFO - Processing file /opt/airflow/dags/premier_dag.py for tasks to queue
[2025-05-05T13:16:36.199+0000] {logging_mixin.py:190} INFO - [2025-05-05T13:16:36.199+0000] {dagbag.py:588} INFO - Filling up the DagBag from /opt/airflow/dags/premier_dag.py
[2025-05-05T13:16:36.211+0000] {processor.py:925} INFO - DAG(s) 'premier_dag_test' retrieved from /opt/airflow/dags/premier_dag.py
[2025-05-05T13:16:36.226+0000] {logging_mixin.py:190} INFO - [2025-05-05T13:16:36.226+0000] {dag.py:3239} INFO - Sync 1 DAGs
[2025-05-05T13:16:36.245+0000] {logging_mixin.py:190} INFO - [2025-05-05T13:16:36.245+0000] {dag.py:4180} INFO - Setting next_dagrun for premier_dag_test to 2024-02-10 00:00:00+00:00, run_after=2024-02-11 00:00:00+00:00
[2025-05-05T13:16:09.370+0000] {processor.py:208} INFO - Processing /opt/airflow/dags/premier_dag.py took 0.069 seconds
[2025-05-05T13:16:39.742+0000] {processor.py:186} INFO - Started process (PID=1446) to work on /opt/airflow/dags/premier_dag.py
[2025-05-05T13:16:39.742+0000] {processor.py:914} INFO - Processing file /opt/airflow/dags/premier_dag.py for tasks to queue
[2025-05-05T13:16:39.744+0000] {logging_mixin.py:190} INFO - [2025-05-05T13:16:39.744+0000] {dagbag.py:588} INFO - Filling up the DagBag from /opt/airflow/dags/premier_dag.py
[2025-05-05T13:16:39.754+0000] {processor.py:925} INFO - DAG(s) 'premier_dag_test' retrieved from /opt/airflow/dags/premier_dag.py
[2025-05-05T13:16:39.768+0000] {logging_mixin.py:190} INFO - [2025-05-05T13:16:39.768+0000] {dag.py:3239} INFO - Sync 1 DAGs
[2025-05-05T13:16:39.787+0000] {logging_mixin.py:190} INFO - [2025-05-05T13:16:39.786+0000] {dag.py:4180} INFO - Setting next_dagrun for premier_dag_test to 2024-02-10 00:00:00+00:00, run_after=2024-02-11 00:00:00+00:00
[2025-05-05T13:16:39.802+0000] {processor.py:208} INFO - Processing /opt/airflow/dags/premier_dag.py took 0.065 seconds
[2025-05-05T13:17:09.920+0000] {processor.py:186} INFO - Started process (PID=1507) to work on /opt/airflow/dags/premier_dag.py
[2025-05-05T13:17:09.921+0000] {processor.py:914} INFO - Processing file /opt/airflow/dags/premier_dag.py for tasks to queue
[2025-05-05T13:17:09.922+0000] {logging_mixin.py:190} INFO - [2025-05-05T13:17:09.922+0000] {dagbag.py:588} INFO - Filling up the DagBag from /opt/airflow/dags/premier_dag.py
[2025-05-05T13:17:09.933+0000] {processor.py:925} INFO - DAG(s) 'premier_dag_test' retrieved from /opt/airflow/dags/premier_dag.py
[2025-05-05T13:17:09.948+0000] {logging_mixin.py:190} INFO - [2025-05-05T13:17:09.948+0000] {dag.py:3239} INFO - Sync 1 DAGs
[2025-05-05T13:17:09.964+0000] {logging_mixin.py:190} INFO - [2025-05-05T13:17:09.964+0000] {dag.py:4180} INFO - Setting next_dagrun for premier_dag_test to 2024-02-10 00:00:00+00:00, run_after=2024-02-11 00:00:00+00:00
[2025-05-05T13:17:09.978+0000] {processor.py:208} INFO - Processing /opt/airflow/dags/premier_dag.py took 0.063 seconds
[2025-05-05T13:17:39.442+0000] {processor.py:186} INFO - Started process (PID=1558) to work on /opt/airflow/dags/premier_dag.py
[2025-05-05T13:17:39.443+0000] {processor.py:914} INFO - Processing file /opt/airflow/dags/premier_dag.py for tasks to queue
[2025-05-05T13:17:39.445+0000] {logging_mixin.py:190} INFO - [2025-05-05T13:17:39.444+0000] {dagbag.py:588} INFO - Filling up the DagBag from /opt/airflow/dags/premier_dag.py
[2025-05-05T13:17:39.457+0000] {processor.py:925} INFO - DAG(s) 'premier_dag_test' retrieved from /opt/airflow/dags/premier_dag.py
[2025-05-05T13:17:39.473+0000] {logging_mixin.py:190} INFO - [2025-05-05T13:17:39.473+0000] {dag.py:3239} INFO - Sync 1 DAGs
[2025-05-05T13:17:39.491+0000] {logging_mixin.py:190} INFO - [2025-05-05T13:17:39.491+0000] {dag.py:4180} INFO - Setting next_dagrun for premier_dag_test to 2024-02-10 00:00:00+00:00, run_after=2024-02-11 00:00:00+00:00
[2025-05-05T13:17:39.507+0000] {processor.py:208} INFO - Processing /opt/airflow/dags/premier_dag.py took 0.069 seconds
[2025-05-05T13:18:21.371+0000] {processor.py:186} INFO - Started process (PID=1598) to work on /opt/airflow/dags/premier_dag.py
[2025-05-05T13:18:21.372+0000] {processor.py:914} INFO - Processing file /opt/airflow/dags/premier_dag.py for tasks to queue
[2025-05-05T13:18:21.374+0000] {logging_mixin.py:190} INFO - [2025-05-05T13:18:21.374+0000] {dagbag.py:588} INFO - Filling up the DagBag from /opt/airflow/dags/premier_dag.py
[2025-05-05T13:18:21.385+0000] {processor.py:925} INFO - DAG(s) 'premier_dag_test' retrieved from /opt/airflow/dags/premier_dag.py
[2025-05-05T13:18:21.401+0000] {logging_mixin.py:190} INFO - [2025-05-05T13:18:21.400+0000] {dag.py:3239} INFO - Sync 1 DAGs
[2025-05-05T13:18:21.419+0000] {logging_mixin.py:190} INFO - [2025-05-05T13:18:21.419+0000] {dag.py:4180} INFO - Setting next_dagrun for premier_dag_test to 2024-02-10 00:00:00+00:00, run_after=2024-02-11 00:00:00+00:00
[2025-05-05T13:17:54.488+0000] {processor.py:208} INFO - Processing /opt/airflow/dags/premier_dag.py took 0.075 seconds
[2025-05-05T13:18:25.085+0000] {processor.py:186} INFO - Started process (PID=1661) to work on /opt/airflow/dags/premier_dag.py
[2025-05-05T13:18:25.086+0000] {processor.py:914} INFO - Processing file /opt/airflow/dags/premier_dag.py for tasks to queue
[2025-05-05T13:18:25.088+0000] {logging_mixin.py:190} INFO - [2025-05-05T13:18:25.087+0000] {dagbag.py:588} INFO - Filling up the DagBag from /opt/airflow/dags/premier_dag.py
[2025-05-05T13:18:25.098+0000] {processor.py:925} INFO - DAG(s) 'premier_dag_test' retrieved from /opt/airflow/dags/premier_dag.py
[2025-05-05T13:18:25.113+0000] {logging_mixin.py:190} INFO - [2025-05-05T13:18:25.113+0000] {dag.py:3239} INFO - Sync 1 DAGs
[2025-05-05T13:18:25.130+0000] {logging_mixin.py:190} INFO - [2025-05-05T13:18:25.130+0000] {dag.py:4180} INFO - Setting next_dagrun for premier_dag_test to 2024-02-10 00:00:00+00:00, run_after=2024-02-11 00:00:00+00:00
[2025-05-05T13:18:25.150+0000] {processor.py:208} INFO - Processing /opt/airflow/dags/premier_dag.py took 0.070 seconds
[2025-05-05T13:18:55.367+0000] {processor.py:186} INFO - Started process (PID=1725) to work on /opt/airflow/dags/premier_dag.py
[2025-05-05T13:18:55.368+0000] {processor.py:914} INFO - Processing file /opt/airflow/dags/premier_dag.py for tasks to queue
[2025-05-05T13:18:55.370+0000] {logging_mixin.py:190} INFO - [2025-05-05T13:18:55.370+0000] {dagbag.py:588} INFO - Filling up the DagBag from /opt/airflow/dags/premier_dag.py
[2025-05-05T13:18:55.380+0000] {processor.py:925} INFO - DAG(s) 'premier_dag_test' retrieved from /opt/airflow/dags/premier_dag.py
[2025-05-05T13:18:55.395+0000] {logging_mixin.py:190} INFO - [2025-05-05T13:18:55.394+0000] {dag.py:3239} INFO - Sync 1 DAGs
[2025-05-05T13:18:55.412+0000] {logging_mixin.py:190} INFO - [2025-05-05T13:18:55.411+0000] {dag.py:4180} INFO - Setting next_dagrun for premier_dag_test to 2024-02-10 00:00:00+00:00, run_after=2024-02-11 00:00:00+00:00
[2025-05-05T13:18:55.431+0000] {processor.py:208} INFO - Processing /opt/airflow/dags/premier_dag.py took 0.068 seconds
[2025-05-05T13:19:26.450+0000] {processor.py:186} INFO - Started process (PID=1778) to work on /opt/airflow/dags/premier_dag.py
[2025-05-05T13:19:26.450+0000] {processor.py:914} INFO - Processing file /opt/airflow/dags/premier_dag.py for tasks to queue
[2025-05-05T13:19:26.452+0000] {logging_mixin.py:190} INFO - [2025-05-05T13:19:26.452+0000] {dagbag.py:588} INFO - Filling up the DagBag from /opt/airflow/dags/premier_dag.py
[2025-05-05T13:19:26.464+0000] {processor.py:925} INFO - DAG(s) 'premier_dag_test' retrieved from /opt/airflow/dags/premier_dag.py
[2025-05-05T13:19:26.479+0000] {logging_mixin.py:190} INFO - [2025-05-05T13:19:26.479+0000] {dag.py:3239} INFO - Sync 1 DAGs
[2025-05-05T13:18:59.596+0000] {logging_mixin.py:190} INFO - [2025-05-05T13:18:59.596+0000] {dag.py:4180} INFO - Setting next_dagrun for premier_dag_test to 2024-02-10 00:00:00+00:00, run_after=2024-02-11 00:00:00+00:00
[2025-05-05T13:18:59.611+0000] {processor.py:208} INFO - Processing /opt/airflow/dags/premier_dag.py took 0.066 seconds
[2025-05-05T13:19:29.937+0000] {processor.py:186} INFO - Started process (PID=1831) to work on /opt/airflow/dags/premier_dag.py
[2025-05-05T13:19:29.937+0000] {processor.py:914} INFO - Processing file /opt/airflow/dags/premier_dag.py for tasks to queue
[2025-05-05T13:19:29.939+0000] {logging_mixin.py:190} INFO - [2025-05-05T13:19:29.939+0000] {dagbag.py:588} INFO - Filling up the DagBag from /opt/airflow/dags/premier_dag.py
[2025-05-05T13:19:29.950+0000] {processor.py:925} INFO - DAG(s) 'premier_dag_test' retrieved from /opt/airflow/dags/premier_dag.py
[2025-05-05T13:19:29.965+0000] {logging_mixin.py:190} INFO - [2025-05-05T13:19:29.965+0000] {dag.py:3239} INFO - Sync 1 DAGs
[2025-05-05T13:19:29.983+0000] {logging_mixin.py:190} INFO - [2025-05-05T13:19:29.983+0000] {dag.py:4180} INFO - Setting next_dagrun for premier_dag_test to 2024-02-10 00:00:00+00:00, run_after=2024-02-11 00:00:00+00:00
[2025-05-05T13:19:29.998+0000] {processor.py:208} INFO - Processing /opt/airflow/dags/premier_dag.py took 0.066 seconds
[2025-05-05T13:20:21.933+0000] {processor.py:186} INFO - Started process (PID=1869) to work on /opt/airflow/dags/premier_dag.py
[2025-05-05T13:20:21.933+0000] {processor.py:914} INFO - Processing file /opt/airflow/dags/premier_dag.py for tasks to queue
[2025-05-05T13:20:21.935+0000] {logging_mixin.py:190} INFO - [2025-05-05T13:20:21.935+0000] {dagbag.py:588} INFO - Filling up the DagBag from /opt/airflow/dags/premier_dag.py
[2025-05-05T13:20:21.947+0000] {processor.py:925} INFO - DAG(s) 'premier_dag_test' retrieved from /opt/airflow/dags/premier_dag.py
[2025-05-05T13:20:21.963+0000] {logging_mixin.py:190} INFO - [2025-05-05T13:20:21.963+0000] {dag.py:3239} INFO - Sync 1 DAGs
[2025-05-05T13:20:21.983+0000] {logging_mixin.py:190} INFO - [2025-05-05T13:20:21.983+0000] {dag.py:4180} INFO - Setting next_dagrun for premier_dag_test to 2024-02-10 00:00:00+00:00, run_after=2024-02-11 00:00:00+00:00
[2025-05-05T13:20:22.000+0000] {processor.py:208} INFO - Processing /opt/airflow/dags/premier_dag.py took 0.073 seconds
[2025-05-05T13:20:56.553+0000] {processor.py:186} INFO - Started process (PID=1985) to work on /opt/airflow/dags/premier_dag.py
[2025-05-05T13:20:56.553+0000] {processor.py:914} INFO - Processing file /opt/airflow/dags/premier_dag.py for tasks to queue
[2025-05-05T13:20:56.555+0000] {logging_mixin.py:190} INFO - [2025-05-05T13:20:56.555+0000] {dagbag.py:588} INFO - Filling up the DagBag from /opt/airflow/dags/premier_dag.py
[2025-05-05T13:20:56.566+0000] {processor.py:925} INFO - DAG(s) 'premier_dag_test' retrieved from /opt/airflow/dags/premier_dag.py
[2025-05-05T13:20:29.661+0000] {logging_mixin.py:190} INFO - [2025-05-05T13:20:29.661+0000] {dag.py:3239} INFO - Sync 1 DAGs
[2025-05-05T13:20:29.679+0000] {logging_mixin.py:190} INFO - [2025-05-05T13:20:29.679+0000] {dag.py:4180} INFO - Setting next_dagrun for premier_dag_test to 2024-02-10 00:00:00+00:00, run_after=2024-02-11 00:00:00+00:00
[2025-05-05T13:20:29.694+0000] {processor.py:208} INFO - Processing /opt/airflow/dags/premier_dag.py took 0.066 seconds
[2025-05-05T13:21:26.802+0000] {processor.py:186} INFO - Started process (PID=2048) to work on /opt/airflow/dags/premier_dag.py
[2025-05-05T13:21:26.803+0000] {processor.py:914} INFO - Processing file /opt/airflow/dags/premier_dag.py for tasks to queue
[2025-05-05T13:21:26.805+0000] {logging_mixin.py:190} INFO - [2025-05-05T13:21:26.805+0000] {dagbag.py:588} INFO - Filling up the DagBag from /opt/airflow/dags/premier_dag.py
[2025-05-05T13:21:26.816+0000] {processor.py:925} INFO - DAG(s) 'premier_dag_test' retrieved from /opt/airflow/dags/premier_dag.py
[2025-05-05T13:21:26.831+0000] {logging_mixin.py:190} INFO - [2025-05-05T13:21:26.831+0000] {dag.py:3239} INFO - Sync 1 DAGs
[2025-05-05T13:21:26.848+0000] {logging_mixin.py:190} INFO - [2025-05-05T13:21:26.847+0000] {dag.py:4180} INFO - Setting next_dagrun for premier_dag_test to 2024-02-10 00:00:00+00:00, run_after=2024-02-11 00:00:00+00:00
[2025-05-05T13:21:26.866+0000] {processor.py:208} INFO - Processing /opt/airflow/dags/premier_dag.py took 0.068 seconds
[2025-05-05T13:22:16.676+0000] {processor.py:186} INFO - Started process (PID=2160) to work on /opt/airflow/dags/premier_dag.py
[2025-05-05T13:22:16.677+0000] {processor.py:914} INFO - Processing file /opt/airflow/dags/premier_dag.py for tasks to queue
[2025-05-05T13:22:16.679+0000] {logging_mixin.py:190} INFO - [2025-05-05T13:22:16.679+0000] {dagbag.py:588} INFO - Filling up the DagBag from /opt/airflow/dags/premier_dag.py
[2025-05-05T13:22:16.690+0000] {processor.py:925} INFO - DAG(s) 'premier_dag_test' retrieved from /opt/airflow/dags/premier_dag.py
[2025-05-05T13:22:16.707+0000] {logging_mixin.py:190} INFO - [2025-05-05T13:22:16.707+0000] {dag.py:3239} INFO - Sync 1 DAGs
[2025-05-05T13:22:16.726+0000] {logging_mixin.py:190} INFO - [2025-05-05T13:22:16.725+0000] {dag.py:4180} INFO - Setting next_dagrun for premier_dag_test to 2024-02-10 00:00:00+00:00, run_after=2024-02-11 00:00:00+00:00
[2025-05-05T13:22:16.747+0000] {processor.py:208} INFO - Processing /opt/airflow/dags/premier_dag.py took 0.076 seconds
[2025-05-05T13:23:01.829+0000] {processor.py:186} INFO - Started process (PID=2325) to work on /opt/airflow/dags/premier_dag.py
[2025-05-05T13:23:01.830+0000] {processor.py:914} INFO - Processing file /opt/airflow/dags/premier_dag.py for tasks to queue
[2025-05-05T13:23:01.832+0000] {logging_mixin.py:190} INFO - [2025-05-05T13:23:01.832+0000] {dagbag.py:588} INFO - Filling up the DagBag from /opt/airflow/dags/premier_dag.py
[2025-05-05T13:23:01.844+0000] {processor.py:925} INFO - DAG(s) 'premier_dag_test' retrieved from /opt/airflow/dags/premier_dag.py
[2025-05-05T13:23:01.858+0000] {logging_mixin.py:190} INFO - [2025-05-05T13:23:01.858+0000] {dag.py:3239} INFO - Sync 1 DAGs
[2025-05-05T13:23:01.877+0000] {logging_mixin.py:190} INFO - [2025-05-05T13:23:01.877+0000] {dag.py:4180} INFO - Setting next_dagrun for premier_dag_test to 2024-02-10 00:00:00+00:00, run_after=2024-02-11 00:00:00+00:00
[2025-05-05T13:23:01.890+0000] {processor.py:208} INFO - Processing /opt/airflow/dags/premier_dag.py took 0.067 seconds
[2025-05-05T13:23:36.901+0000] {processor.py:186} INFO - Started process (PID=2417) to work on /opt/airflow/dags/premier_dag.py
[2025-05-05T13:23:36.902+0000] {processor.py:914} INFO - Processing file /opt/airflow/dags/premier_dag.py for tasks to queue
[2025-05-05T13:23:36.905+0000] {logging_mixin.py:190} INFO - [2025-05-05T13:23:36.904+0000] {dagbag.py:588} INFO - Filling up the DagBag from /opt/airflow/dags/premier_dag.py
[2025-05-05T13:23:36.916+0000] {processor.py:925} INFO - DAG(s) 'premier_dag_test' retrieved from /opt/airflow/dags/premier_dag.py
[2025-05-05T13:23:09.955+0000] {logging_mixin.py:190} INFO - [2025-05-05T13:23:09.955+0000] {dag.py:3239} INFO - Sync 1 DAGs
[2025-05-05T13:23:09.977+0000] {logging_mixin.py:190} INFO - [2025-05-05T13:23:09.977+0000] {dag.py:4180} INFO - Setting next_dagrun for premier_dag_test to 2024-02-10 00:00:00+00:00, run_after=2024-02-11 00:00:00+00:00
[2025-05-05T13:23:09.993+0000] {processor.py:208} INFO - Processing /opt/airflow/dags/premier_dag.py took 0.074 seconds
[2025-05-05T13:23:41.865+0000] {processor.py:186} INFO - Started process (PID=2475) to work on /opt/airflow/dags/premier_dag.py
[2025-05-05T13:23:41.865+0000] {processor.py:914} INFO - Processing file /opt/airflow/dags/premier_dag.py for tasks to queue
[2025-05-05T13:23:41.867+0000] {logging_mixin.py:190} INFO - [2025-05-05T13:23:41.867+0000] {dagbag.py:588} INFO - Filling up the DagBag from /opt/airflow/dags/premier_dag.py
[2025-05-05T13:23:41.881+0000] {processor.py:925} INFO - DAG(s) 'premier_dag_test' retrieved from /opt/airflow/dags/premier_dag.py
[2025-05-05T13:23:41.896+0000] {logging_mixin.py:190} INFO - [2025-05-05T13:23:41.896+0000] {dag.py:3239} INFO - Sync 1 DAGs
[2025-05-05T13:23:41.919+0000] {logging_mixin.py:190} INFO - [2025-05-05T13:23:41.919+0000] {dag.py:4180} INFO - Setting next_dagrun for premier_dag_test to 2024-02-10 00:00:00+00:00, run_after=2024-02-11 00:00:00+00:00
[2025-05-05T13:23:41.935+0000] {processor.py:208} INFO - Processing /opt/airflow/dags/premier_dag.py took 0.075 seconds
[2025-05-05T13:24:12.541+0000] {processor.py:186} INFO - Started process (PID=2574) to work on /opt/airflow/dags/premier_dag.py
[2025-05-05T13:24:12.542+0000] {processor.py:914} INFO - Processing file /opt/airflow/dags/premier_dag.py for tasks to queue
[2025-05-05T13:24:12.545+0000] {logging_mixin.py:190} INFO - [2025-05-05T13:24:12.544+0000] {dagbag.py:588} INFO - Filling up the DagBag from /opt/airflow/dags/premier_dag.py
[2025-05-05T13:24:12.561+0000] {processor.py:925} INFO - DAG(s) 'premier_dag_test' retrieved from /opt/airflow/dags/premier_dag.py
[2025-05-05T13:24:12.579+0000] {logging_mixin.py:190} INFO - [2025-05-05T13:24:12.579+0000] {dag.py:3239} INFO - Sync 1 DAGs
[2025-05-05T13:24:12.599+0000] {logging_mixin.py:190} INFO - [2025-05-05T13:24:12.599+0000] {dag.py:4180} INFO - Setting next_dagrun for premier_dag_test to 2024-02-10 00:00:00+00:00, run_after=2024-02-11 00:00:00+00:00
[2025-05-05T13:24:12.616+0000] {processor.py:208} INFO - Processing /opt/airflow/dags/premier_dag.py took 0.080 seconds
[2025-05-05T13:24:51.938+0000] {processor.py:186} INFO - Started process (PID=2636) to work on /opt/airflow/dags/premier_dag.py
[2025-05-05T13:24:51.939+0000] {processor.py:914} INFO - Processing file /opt/airflow/dags/premier_dag.py for tasks to queue
[2025-05-05T13:24:51.941+0000] {logging_mixin.py:190} INFO - [2025-05-05T13:24:51.941+0000] {dagbag.py:588} INFO - Filling up the DagBag from /opt/airflow/dags/premier_dag.py
[2025-05-05T13:24:25.034+0000] {processor.py:925} INFO - DAG(s) 'premier_dag_test' retrieved from /opt/airflow/dags/premier_dag.py
[2025-05-05T13:24:25.050+0000] {logging_mixin.py:190} INFO - [2025-05-05T13:24:25.049+0000] {dag.py:3239} INFO - Sync 1 DAGs
[2025-05-05T13:24:25.068+0000] {logging_mixin.py:190} INFO - [2025-05-05T13:24:25.068+0000] {dag.py:4180} INFO - Setting next_dagrun for premier_dag_test to 2024-02-10 00:00:00+00:00, run_after=2024-02-11 00:00:00+00:00
[2025-05-05T13:24:25.112+0000] {processor.py:208} INFO - Processing /opt/airflow/dags/premier_dag.py took 0.098 seconds
[2025-05-05T13:24:55.469+0000] {processor.py:186} INFO - Started process (PID=2700) to work on /opt/airflow/dags/premier_dag.py
[2025-05-05T13:24:55.470+0000] {processor.py:914} INFO - Processing file /opt/airflow/dags/premier_dag.py for tasks to queue
[2025-05-05T13:24:55.473+0000] {logging_mixin.py:190} INFO - [2025-05-05T13:24:55.473+0000] {dagbag.py:588} INFO - Filling up the DagBag from /opt/airflow/dags/premier_dag.py
[2025-05-05T13:24:55.488+0000] {processor.py:925} INFO - DAG(s) 'premier_dag_test' retrieved from /opt/airflow/dags/premier_dag.py
[2025-05-05T13:24:55.503+0000] {logging_mixin.py:190} INFO - [2025-05-05T13:24:55.503+0000] {dag.py:3239} INFO - Sync 1 DAGs
[2025-05-05T13:24:55.523+0000] {logging_mixin.py:190} INFO - [2025-05-05T13:24:55.523+0000] {dag.py:4180} INFO - Setting next_dagrun for premier_dag_test to 2024-02-10 00:00:00+00:00, run_after=2024-02-11 00:00:00+00:00
[2025-05-05T13:24:55.538+0000] {processor.py:208} INFO - Processing /opt/airflow/dags/premier_dag.py took 0.075 seconds
[2025-05-05T13:25:25.801+0000] {processor.py:186} INFO - Started process (PID=2764) to work on /opt/airflow/dags/premier_dag.py
[2025-05-05T13:25:25.801+0000] {processor.py:914} INFO - Processing file /opt/airflow/dags/premier_dag.py for tasks to queue
[2025-05-05T13:25:25.803+0000] {logging_mixin.py:190} INFO - [2025-05-05T13:25:25.803+0000] {dagbag.py:588} INFO - Filling up the DagBag from /opt/airflow/dags/premier_dag.py
[2025-05-05T13:25:25.814+0000] {processor.py:925} INFO - DAG(s) 'premier_dag_test' retrieved from /opt/airflow/dags/premier_dag.py
[2025-05-05T13:25:25.832+0000] {logging_mixin.py:190} INFO - [2025-05-05T13:25:25.832+0000] {dag.py:3239} INFO - Sync 1 DAGs
[2025-05-05T13:25:25.851+0000] {logging_mixin.py:190} INFO - [2025-05-05T13:25:25.851+0000] {dag.py:4180} INFO - Setting next_dagrun for premier_dag_test to 2024-02-10 00:00:00+00:00, run_after=2024-02-11 00:00:00+00:00
[2025-05-05T13:25:25.867+0000] {processor.py:208} INFO - Processing /opt/airflow/dags/premier_dag.py took 0.071 seconds
[2025-05-05T13:26:02.154+0000] {processor.py:186} INFO - Started process (PID=2817) to work on /opt/airflow/dags/premier_dag.py
[2025-05-05T13:26:02.154+0000] {processor.py:914} INFO - Processing file /opt/airflow/dags/premier_dag.py for tasks to queue
[2025-05-05T13:26:02.156+0000] {logging_mixin.py:190} INFO - [2025-05-05T13:26:02.156+0000] {dagbag.py:588} INFO - Filling up the DagBag from /opt/airflow/dags/premier_dag.py
[2025-05-05T13:26:02.167+0000] {processor.py:925} INFO - DAG(s) 'premier_dag_test' retrieved from /opt/airflow/dags/premier_dag.py
[2025-05-05T13:26:02.182+0000] {logging_mixin.py:190} INFO - [2025-05-05T13:26:02.182+0000] {dag.py:3239} INFO - Sync 1 DAGs
[2025-05-05T13:26:02.202+0000] {logging_mixin.py:190} INFO - [2025-05-05T13:26:02.202+0000] {dag.py:4180} INFO - Setting next_dagrun for premier_dag_test to 2024-02-10 00:00:00+00:00, run_after=2024-02-11 00:00:00+00:00
[2025-05-05T13:26:02.222+0000] {processor.py:208} INFO - Processing /opt/airflow/dags/premier_dag.py took 0.072 seconds
[2025-05-05T13:26:47.098+0000] {processor.py:186} INFO - Started process (PID=2961) to work on /opt/airflow/dags/premier_dag.py
[2025-05-05T13:26:47.098+0000] {processor.py:914} INFO - Processing file /opt/airflow/dags/premier_dag.py for tasks to queue
[2025-05-05T13:26:47.100+0000] {logging_mixin.py:190} INFO - [2025-05-05T13:26:47.100+0000] {dagbag.py:588} INFO - Filling up the DagBag from /opt/airflow/dags/premier_dag.py
[2025-05-05T13:26:47.111+0000] {processor.py:925} INFO - DAG(s) 'premier_dag_test' retrieved from /opt/airflow/dags/premier_dag.py
[2025-05-05T13:26:47.127+0000] {logging_mixin.py:190} INFO - [2025-05-05T13:26:47.127+0000] {dag.py:3239} INFO - Sync 1 DAGs
[2025-05-05T13:26:47.144+0000] {logging_mixin.py:190} INFO - [2025-05-05T13:26:47.144+0000] {dag.py:4180} INFO - Setting next_dagrun for premier_dag_test to 2024-02-10 00:00:00+00:00, run_after=2024-02-11 00:00:00+00:00
[2025-05-05T13:26:47.162+0000] {processor.py:208} INFO - Processing /opt/airflow/dags/premier_dag.py took 0.070 seconds
[2025-05-05T13:27:42.196+0000] {processor.py:186} INFO - Started process (PID=3076) to work on /opt/airflow/dags/premier_dag.py
[2025-05-05T13:27:42.197+0000] {processor.py:914} INFO - Processing file /opt/airflow/dags/premier_dag.py for tasks to queue
[2025-05-05T13:27:42.200+0000] {logging_mixin.py:190} INFO - [2025-05-05T13:27:42.199+0000] {dagbag.py:588} INFO - Filling up the DagBag from /opt/airflow/dags/premier_dag.py
[2025-05-05T13:27:42.211+0000] {processor.py:925} INFO - DAG(s) 'premier_dag_test' retrieved from /opt/airflow/dags/premier_dag.py
[2025-05-05T13:27:42.225+0000] {logging_mixin.py:190} INFO - [2025-05-05T13:27:42.225+0000] {dag.py:3239} INFO - Sync 1 DAGs
[2025-05-05T13:27:42.242+0000] {logging_mixin.py:190} INFO - [2025-05-05T13:27:42.242+0000] {dag.py:4180} INFO - Setting next_dagrun for premier_dag_test to 2024-02-10 00:00:00+00:00, run_after=2024-02-11 00:00:00+00:00
[2025-05-05T13:27:42.262+0000] {processor.py:208} INFO - Processing /opt/airflow/dags/premier_dag.py took 0.071 seconds
[2025-05-05T13:28:13.054+0000] {processor.py:186} INFO - Started process (PID=3258) to work on /opt/airflow/dags/premier_dag.py
[2025-05-05T13:28:13.055+0000] {processor.py:914} INFO - Processing file /opt/airflow/dags/premier_dag.py for tasks to queue
[2025-05-05T13:28:13.057+0000] {logging_mixin.py:190} INFO - [2025-05-05T13:28:13.057+0000] {dagbag.py:588} INFO - Filling up the DagBag from /opt/airflow/dags/premier_dag.py
[2025-05-05T13:28:13.068+0000] {processor.py:925} INFO - DAG(s) 'premier_dag_test' retrieved from /opt/airflow/dags/premier_dag.py
[2025-05-05T13:28:13.082+0000] {logging_mixin.py:190} INFO - [2025-05-05T13:28:13.082+0000] {dag.py:3239} INFO - Sync 1 DAGs
[2025-05-05T13:28:13.101+0000] {logging_mixin.py:190} INFO - [2025-05-05T13:28:13.100+0000] {dag.py:4180} INFO - Setting next_dagrun for premier_dag_test to 2024-02-10 00:00:00+00:00, run_after=2024-02-11 00:00:00+00:00
[2025-05-05T13:28:13.121+0000] {processor.py:208} INFO - Processing /opt/airflow/dags/premier_dag.py took 0.071 seconds
[2025-05-05T13:28:52.559+0000] {processor.py:186} INFO - Started process (PID=3310) to work on /opt/airflow/dags/premier_dag.py
[2025-05-05T13:28:52.560+0000] {processor.py:914} INFO - Processing file /opt/airflow/dags/premier_dag.py for tasks to queue
[2025-05-05T13:28:52.562+0000] {logging_mixin.py:190} INFO - [2025-05-05T13:28:52.561+0000] {dagbag.py:588} INFO - Filling up the DagBag from /opt/airflow/dags/premier_dag.py
[2025-05-05T13:28:52.573+0000] {processor.py:925} INFO - DAG(s) 'premier_dag_test' retrieved from /opt/airflow/dags/premier_dag.py
[2025-05-05T13:28:52.587+0000] {logging_mixin.py:190} INFO - [2025-05-05T13:28:52.587+0000] {dag.py:3239} INFO - Sync 1 DAGs
[2025-05-05T13:28:52.604+0000] {logging_mixin.py:190} INFO - [2025-05-05T13:28:52.604+0000] {dag.py:4180} INFO - Setting next_dagrun for premier_dag_test to 2024-02-10 00:00:00+00:00, run_after=2024-02-11 00:00:00+00:00
[2025-05-05T13:28:52.618+0000] {processor.py:208} INFO - Processing /opt/airflow/dags/premier_dag.py took 0.063 seconds
[2025-05-05T13:29:00.472+0000] {processor.py:186} INFO - Started process (PID=3433) to work on /opt/airflow/dags/premier_dag.py
[2025-05-05T13:29:00.473+0000] {processor.py:914} INFO - Processing file /opt/airflow/dags/premier_dag.py for tasks to queue
[2025-05-05T13:29:00.475+0000] {logging_mixin.py:190} INFO - [2025-05-05T13:29:00.475+0000] {dagbag.py:588} INFO - Filling up the DagBag from /opt/airflow/dags/premier_dag.py
[2025-05-05T13:29:00.490+0000] {processor.py:925} INFO - DAG(s) 'premier_dag_test' retrieved from /opt/airflow/dags/premier_dag.py
[2025-05-05T13:29:00.504+0000] {logging_mixin.py:190} INFO - [2025-05-05T13:29:00.503+0000] {dag.py:3239} INFO - Sync 1 DAGs
[2025-05-05T13:29:00.520+0000] {logging_mixin.py:190} INFO - [2025-05-05T13:29:00.520+0000] {dag.py:4180} INFO - Setting next_dagrun for premier_dag_test to 2024-02-10 00:00:00+00:00, run_after=2024-02-11 00:00:00+00:00
[2025-05-05T13:29:00.536+0000] {processor.py:208} INFO - Processing /opt/airflow/dags/premier_dag.py took 0.068 seconds
[2025-05-05T13:29:32.417+0000] {processor.py:186} INFO - Started process (PID=3477) to work on /opt/airflow/dags/premier_dag.py
[2025-05-05T13:29:32.418+0000] {processor.py:914} INFO - Processing file /opt/airflow/dags/premier_dag.py for tasks to queue
[2025-05-05T13:29:32.420+0000] {logging_mixin.py:190} INFO - [2025-05-05T13:29:32.420+0000] {dagbag.py:588} INFO - Filling up the DagBag from /opt/airflow/dags/premier_dag.py
[2025-05-05T13:29:32.430+0000] {processor.py:925} INFO - DAG(s) 'premier_dag_test' retrieved from /opt/airflow/dags/premier_dag.py
[2025-05-05T13:29:32.444+0000] {logging_mixin.py:190} INFO - [2025-05-05T13:29:32.444+0000] {dag.py:3239} INFO - Sync 1 DAGs
[2025-05-05T13:29:32.460+0000] {logging_mixin.py:190} INFO - [2025-05-05T13:29:32.460+0000] {dag.py:4180} INFO - Setting next_dagrun for premier_dag_test to 2024-02-10 00:00:00+00:00, run_after=2024-02-11 00:00:00+00:00
[2025-05-05T13:29:32.475+0000] {processor.py:208} INFO - Processing /opt/airflow/dags/premier_dag.py took 0.062 seconds
[2025-05-05T13:30:02.905+0000] {processor.py:186} INFO - Started process (PID=3576) to work on /opt/airflow/dags/premier_dag.py
[2025-05-05T13:30:02.906+0000] {processor.py:914} INFO - Processing file /opt/airflow/dags/premier_dag.py for tasks to queue
[2025-05-05T13:30:02.908+0000] {logging_mixin.py:190} INFO - [2025-05-05T13:30:02.907+0000] {dagbag.py:588} INFO - Filling up the DagBag from /opt/airflow/dags/premier_dag.py
[2025-05-05T13:30:02.920+0000] {processor.py:925} INFO - DAG(s) 'premier_dag_test' retrieved from /opt/airflow/dags/premier_dag.py
[2025-05-05T13:30:02.936+0000] {logging_mixin.py:190} INFO - [2025-05-05T13:30:02.935+0000] {dag.py:3239} INFO - Sync 1 DAGs
[2025-05-05T13:30:02.955+0000] {logging_mixin.py:190} INFO - [2025-05-05T13:30:02.955+0000] {dag.py:4180} INFO - Setting next_dagrun for premier_dag_test to 2024-02-10 00:00:00+00:00, run_after=2024-02-11 00:00:00+00:00
[2025-05-05T13:30:02.972+0000] {processor.py:208} INFO - Processing /opt/airflow/dags/premier_dag.py took 0.071 seconds
[2025-05-05T13:30:33.567+0000] {processor.py:186} INFO - Started process (PID=3640) to work on /opt/airflow/dags/premier_dag.py
[2025-05-05T13:30:33.568+0000] {processor.py:914} INFO - Processing file /opt/airflow/dags/premier_dag.py for tasks to queue
[2025-05-05T13:30:33.569+0000] {logging_mixin.py:190} INFO - [2025-05-05T13:30:33.569+0000] {dagbag.py:588} INFO - Filling up the DagBag from /opt/airflow/dags/premier_dag.py
[2025-05-05T13:30:33.579+0000] {processor.py:925} INFO - DAG(s) 'premier_dag_test' retrieved from /opt/airflow/dags/premier_dag.py
[2025-05-05T13:30:33.593+0000] {logging_mixin.py:190} INFO - [2025-05-05T13:30:33.593+0000] {dag.py:3239} INFO - Sync 1 DAGs
[2025-05-05T13:30:33.609+0000] {logging_mixin.py:190} INFO - [2025-05-05T13:30:33.609+0000] {dag.py:4180} INFO - Setting next_dagrun for premier_dag_test to 2024-02-10 00:00:00+00:00, run_after=2024-02-11 00:00:00+00:00
[2025-05-05T13:30:33.624+0000] {processor.py:208} INFO - Processing /opt/airflow/dags/premier_dag.py took 0.061 seconds
[2025-05-05T13:31:04.010+0000] {processor.py:186} INFO - Started process (PID=3704) to work on /opt/airflow/dags/premier_dag.py
[2025-05-05T13:31:04.011+0000] {processor.py:914} INFO - Processing file /opt/airflow/dags/premier_dag.py for tasks to queue
[2025-05-05T13:31:04.013+0000] {logging_mixin.py:190} INFO - [2025-05-05T13:31:04.012+0000] {dagbag.py:588} INFO - Filling up the DagBag from /opt/airflow/dags/premier_dag.py
[2025-05-05T13:31:04.023+0000] {processor.py:925} INFO - DAG(s) 'premier_dag_test' retrieved from /opt/airflow/dags/premier_dag.py
[2025-05-05T13:31:04.038+0000] {logging_mixin.py:190} INFO - [2025-05-05T13:31:04.038+0000] {dag.py:3239} INFO - Sync 1 DAGs
[2025-05-05T13:31:04.056+0000] {logging_mixin.py:190} INFO - [2025-05-05T13:31:04.056+0000] {dag.py:4180} INFO - Setting next_dagrun for premier_dag_test to 2024-02-10 00:00:00+00:00, run_after=2024-02-11 00:00:00+00:00
[2025-05-05T13:31:04.075+0000] {processor.py:208} INFO - Processing /opt/airflow/dags/premier_dag.py took 0.070 seconds
[2025-05-05T13:31:35.025+0000] {processor.py:186} INFO - Started process (PID=3768) to work on /opt/airflow/dags/premier_dag.py
[2025-05-05T13:31:35.025+0000] {processor.py:914} INFO - Processing file /opt/airflow/dags/premier_dag.py for tasks to queue
[2025-05-05T13:31:35.027+0000] {logging_mixin.py:190} INFO - [2025-05-05T13:31:35.027+0000] {dagbag.py:588} INFO - Filling up the DagBag from /opt/airflow/dags/premier_dag.py
[2025-05-05T13:31:35.037+0000] {processor.py:925} INFO - DAG(s) 'premier_dag_test' retrieved from /opt/airflow/dags/premier_dag.py
[2025-05-05T13:31:35.051+0000] {logging_mixin.py:190} INFO - [2025-05-05T13:31:35.051+0000] {dag.py:3239} INFO - Sync 1 DAGs
[2025-05-05T13:31:35.068+0000] {logging_mixin.py:190} INFO - [2025-05-05T13:31:35.067+0000] {dag.py:4180} INFO - Setting next_dagrun for premier_dag_test to 2024-02-10 00:00:00+00:00, run_after=2024-02-11 00:00:00+00:00
[2025-05-05T13:31:35.088+0000] {processor.py:208} INFO - Processing /opt/airflow/dags/premier_dag.py took 0.068 seconds
[2025-05-05T13:32:05.163+0000] {processor.py:186} INFO - Started process (PID=3832) to work on /opt/airflow/dags/premier_dag.py
[2025-05-05T13:32:05.163+0000] {processor.py:914} INFO - Processing file /opt/airflow/dags/premier_dag.py for tasks to queue
[2025-05-05T13:32:05.165+0000] {logging_mixin.py:190} INFO - [2025-05-05T13:32:05.165+0000] {dagbag.py:588} INFO - Filling up the DagBag from /opt/airflow/dags/premier_dag.py
[2025-05-05T13:32:05.176+0000] {processor.py:925} INFO - DAG(s) 'premier_dag_test' retrieved from /opt/airflow/dags/premier_dag.py
[2025-05-05T13:32:05.190+0000] {logging_mixin.py:190} INFO - [2025-05-05T13:32:05.190+0000] {dag.py:3239} INFO - Sync 1 DAGs
[2025-05-05T13:32:05.208+0000] {logging_mixin.py:190} INFO - [2025-05-05T13:32:05.207+0000] {dag.py:4180} INFO - Setting next_dagrun for premier_dag_test to 2024-02-10 00:00:00+00:00, run_after=2024-02-11 00:00:00+00:00
[2025-05-05T13:32:05.222+0000] {processor.py:208} INFO - Processing /opt/airflow/dags/premier_dag.py took 0.064 seconds
[2025-05-05T13:32:35.703+0000] {processor.py:186} INFO - Started process (PID=3896) to work on /opt/airflow/dags/premier_dag.py
[2025-05-05T13:32:35.703+0000] {processor.py:914} INFO - Processing file /opt/airflow/dags/premier_dag.py for tasks to queue
[2025-05-05T13:32:35.705+0000] {logging_mixin.py:190} INFO - [2025-05-05T13:32:35.705+0000] {dagbag.py:588} INFO - Filling up the DagBag from /opt/airflow/dags/premier_dag.py
[2025-05-05T13:32:35.715+0000] {processor.py:925} INFO - DAG(s) 'premier_dag_test' retrieved from /opt/airflow/dags/premier_dag.py
[2025-05-05T13:32:35.729+0000] {logging_mixin.py:190} INFO - [2025-05-05T13:32:35.729+0000] {dag.py:3239} INFO - Sync 1 DAGs
[2025-05-05T13:32:35.746+0000] {logging_mixin.py:190} INFO - [2025-05-05T13:32:35.746+0000] {dag.py:4180} INFO - Setting next_dagrun for premier_dag_test to 2024-02-10 00:00:00+00:00, run_after=2024-02-11 00:00:00+00:00
[2025-05-05T13:32:35.765+0000] {processor.py:208} INFO - Processing /opt/airflow/dags/premier_dag.py took 0.067 seconds
[2025-05-05T13:33:06.656+0000] {processor.py:186} INFO - Started process (PID=3960) to work on /opt/airflow/dags/premier_dag.py
[2025-05-05T13:33:06.657+0000] {processor.py:914} INFO - Processing file /opt/airflow/dags/premier_dag.py for tasks to queue
[2025-05-05T13:33:06.658+0000] {logging_mixin.py:190} INFO - [2025-05-05T13:33:06.658+0000] {dagbag.py:588} INFO - Filling up the DagBag from /opt/airflow/dags/premier_dag.py
[2025-05-05T13:33:06.669+0000] {processor.py:925} INFO - DAG(s) 'premier_dag_test' retrieved from /opt/airflow/dags/premier_dag.py
[2025-05-05T13:33:06.683+0000] {logging_mixin.py:190} INFO - [2025-05-05T13:33:06.683+0000] {dag.py:3239} INFO - Sync 1 DAGs
[2025-05-05T13:33:06.701+0000] {logging_mixin.py:190} INFO - [2025-05-05T13:33:06.701+0000] {dag.py:4180} INFO - Setting next_dagrun for premier_dag_test to 2024-02-10 00:00:00+00:00, run_after=2024-02-11 00:00:00+00:00
[2025-05-05T13:33:06.850+0000] {processor.py:208} INFO - Processing /opt/airflow/dags/premier_dag.py took 0.198 seconds
[2025-05-05T13:33:37.790+0000] {processor.py:186} INFO - Started process (PID=4024) to work on /opt/airflow/dags/premier_dag.py
[2025-05-05T13:33:37.790+0000] {processor.py:914} INFO - Processing file /opt/airflow/dags/premier_dag.py for tasks to queue
[2025-05-05T13:33:37.792+0000] {logging_mixin.py:190} INFO - [2025-05-05T13:33:37.792+0000] {dagbag.py:588} INFO - Filling up the DagBag from /opt/airflow/dags/premier_dag.py
[2025-05-05T13:33:37.802+0000] {processor.py:925} INFO - DAG(s) 'premier_dag_test' retrieved from /opt/airflow/dags/premier_dag.py
[2025-05-05T13:33:37.818+0000] {logging_mixin.py:190} INFO - [2025-05-05T13:33:37.817+0000] {dag.py:3239} INFO - Sync 1 DAGs
[2025-05-05T13:33:37.834+0000] {logging_mixin.py:190} INFO - [2025-05-05T13:33:37.834+0000] {dag.py:4180} INFO - Setting next_dagrun for premier_dag_test to 2024-02-10 00:00:00+00:00, run_after=2024-02-11 00:00:00+00:00
[2025-05-05T13:33:37.851+0000] {processor.py:208} INFO - Processing /opt/airflow/dags/premier_dag.py took 0.065 seconds
[2025-05-05T13:34:07.992+0000] {processor.py:186} INFO - Started process (PID=4088) to work on /opt/airflow/dags/premier_dag.py
[2025-05-05T13:34:07.993+0000] {processor.py:914} INFO - Processing file /opt/airflow/dags/premier_dag.py for tasks to queue
[2025-05-05T13:34:07.995+0000] {logging_mixin.py:190} INFO - [2025-05-05T13:34:07.994+0000] {dagbag.py:588} INFO - Filling up the DagBag from /opt/airflow/dags/premier_dag.py
[2025-05-05T13:34:08.006+0000] {processor.py:925} INFO - DAG(s) 'premier_dag_test' retrieved from /opt/airflow/dags/premier_dag.py
[2025-05-05T13:34:08.020+0000] {logging_mixin.py:190} INFO - [2025-05-05T13:34:08.019+0000] {dag.py:3239} INFO - Sync 1 DAGs
[2025-05-05T13:34:08.036+0000] {logging_mixin.py:190} INFO - [2025-05-05T13:34:08.036+0000] {dag.py:4180} INFO - Setting next_dagrun for premier_dag_test to 2024-02-10 00:00:00+00:00, run_after=2024-02-11 00:00:00+00:00
[2025-05-05T13:34:08.056+0000] {processor.py:208} INFO - Processing /opt/airflow/dags/premier_dag.py took 0.069 seconds
[2025-05-05T13:34:38.279+0000] {processor.py:186} INFO - Started process (PID=4152) to work on /opt/airflow/dags/premier_dag.py
[2025-05-05T13:34:38.279+0000] {processor.py:914} INFO - Processing file /opt/airflow/dags/premier_dag.py for tasks to queue
[2025-05-05T13:34:38.281+0000] {logging_mixin.py:190} INFO - [2025-05-05T13:34:38.281+0000] {dagbag.py:588} INFO - Filling up the DagBag from /opt/airflow/dags/premier_dag.py
[2025-05-05T13:34:38.291+0000] {processor.py:925} INFO - DAG(s) 'premier_dag_test' retrieved from /opt/airflow/dags/premier_dag.py
[2025-05-05T13:34:38.305+0000] {logging_mixin.py:190} INFO - [2025-05-05T13:34:38.305+0000] {dag.py:3239} INFO - Sync 1 DAGs
[2025-05-05T13:34:38.322+0000] {logging_mixin.py:190} INFO - [2025-05-05T13:34:38.322+0000] {dag.py:4180} INFO - Setting next_dagrun for premier_dag_test to 2024-02-10 00:00:00+00:00, run_after=2024-02-11 00:00:00+00:00
[2025-05-05T13:34:38.336+0000] {processor.py:208} INFO - Processing /opt/airflow/dags/premier_dag.py took 0.062 seconds
[2025-05-05T13:35:08.846+0000] {processor.py:186} INFO - Started process (PID=4216) to work on /opt/airflow/dags/premier_dag.py
[2025-05-05T13:35:08.847+0000] {processor.py:914} INFO - Processing file /opt/airflow/dags/premier_dag.py for tasks to queue
[2025-05-05T13:35:08.849+0000] {logging_mixin.py:190} INFO - [2025-05-05T13:35:08.849+0000] {dagbag.py:588} INFO - Filling up the DagBag from /opt/airflow/dags/premier_dag.py
[2025-05-05T13:35:08.859+0000] {processor.py:925} INFO - DAG(s) 'premier_dag_test' retrieved from /opt/airflow/dags/premier_dag.py
[2025-05-05T13:35:08.874+0000] {logging_mixin.py:190} INFO - [2025-05-05T13:35:08.874+0000] {dag.py:3239} INFO - Sync 1 DAGs
[2025-05-05T13:35:09.013+0000] {logging_mixin.py:190} INFO - [2025-05-05T13:35:09.013+0000] {dag.py:4180} INFO - Setting next_dagrun for premier_dag_test to 2024-02-10 00:00:00+00:00, run_after=2024-02-11 00:00:00+00:00
[2025-05-05T13:35:09.032+0000] {processor.py:208} INFO - Processing /opt/airflow/dags/premier_dag.py took 0.190 seconds
[2025-05-05T13:35:40.038+0000] {processor.py:186} INFO - Started process (PID=4280) to work on /opt/airflow/dags/premier_dag.py
[2025-05-05T13:35:40.038+0000] {processor.py:914} INFO - Processing file /opt/airflow/dags/premier_dag.py for tasks to queue
[2025-05-05T13:35:40.040+0000] {logging_mixin.py:190} INFO - [2025-05-05T13:35:40.040+0000] {dagbag.py:588} INFO - Filling up the DagBag from /opt/airflow/dags/premier_dag.py
[2025-05-05T13:35:40.051+0000] {processor.py:925} INFO - DAG(s) 'premier_dag_test' retrieved from /opt/airflow/dags/premier_dag.py
[2025-05-05T13:35:40.065+0000] {logging_mixin.py:190} INFO - [2025-05-05T13:35:40.065+0000] {dag.py:3239} INFO - Sync 1 DAGs
[2025-05-05T13:35:40.083+0000] {logging_mixin.py:190} INFO - [2025-05-05T13:35:40.082+0000] {dag.py:4180} INFO - Setting next_dagrun for premier_dag_test to 2024-02-10 00:00:00+00:00, run_after=2024-02-11 00:00:00+00:00
[2025-05-05T13:35:40.097+0000] {processor.py:208} INFO - Processing /opt/airflow/dags/premier_dag.py took 0.064 seconds
[2025-05-05T13:36:10.411+0000] {processor.py:186} INFO - Started process (PID=4344) to work on /opt/airflow/dags/premier_dag.py
[2025-05-05T13:36:10.412+0000] {processor.py:914} INFO - Processing file /opt/airflow/dags/premier_dag.py for tasks to queue
[2025-05-05T13:36:10.414+0000] {logging_mixin.py:190} INFO - [2025-05-05T13:36:10.413+0000] {dagbag.py:588} INFO - Filling up the DagBag from /opt/airflow/dags/premier_dag.py
[2025-05-05T13:36:10.425+0000] {processor.py:925} INFO - DAG(s) 'premier_dag_test' retrieved from /opt/airflow/dags/premier_dag.py
[2025-05-05T13:36:10.439+0000] {logging_mixin.py:190} INFO - [2025-05-05T13:36:10.439+0000] {dag.py:3239} INFO - Sync 1 DAGs
[2025-05-05T13:36:10.455+0000] {logging_mixin.py:190} INFO - [2025-05-05T13:36:10.455+0000] {dag.py:4180} INFO - Setting next_dagrun for premier_dag_test to 2024-02-10 00:00:00+00:00, run_after=2024-02-11 00:00:00+00:00
[2025-05-05T13:36:10.474+0000] {processor.py:208} INFO - Processing /opt/airflow/dags/premier_dag.py took 0.067 seconds
[2025-05-05T13:36:40.889+0000] {processor.py:186} INFO - Started process (PID=4408) to work on /opt/airflow/dags/premier_dag.py
[2025-05-05T13:36:40.890+0000] {processor.py:914} INFO - Processing file /opt/airflow/dags/premier_dag.py for tasks to queue
[2025-05-05T13:36:40.892+0000] {logging_mixin.py:190} INFO - [2025-05-05T13:36:40.891+0000] {dagbag.py:588} INFO - Filling up the DagBag from /opt/airflow/dags/premier_dag.py
[2025-05-05T13:36:40.905+0000] {processor.py:925} INFO - DAG(s) 'premier_dag_test' retrieved from /opt/airflow/dags/premier_dag.py
[2025-05-05T13:36:40.921+0000] {logging_mixin.py:190} INFO - [2025-05-05T13:36:40.921+0000] {dag.py:3239} INFO - Sync 1 DAGs
[2025-05-05T13:36:40.941+0000] {logging_mixin.py:190} INFO - [2025-05-05T13:36:40.941+0000] {dag.py:4180} INFO - Setting next_dagrun for premier_dag_test to 2024-02-10 00:00:00+00:00, run_after=2024-02-11 00:00:00+00:00
[2025-05-05T13:36:40.964+0000] {processor.py:208} INFO - Processing /opt/airflow/dags/premier_dag.py took 0.081 seconds
[2025-05-05T13:37:11.211+0000] {processor.py:186} INFO - Started process (PID=4478) to work on /opt/airflow/dags/premier_dag.py
[2025-05-05T13:37:11.212+0000] {processor.py:914} INFO - Processing file /opt/airflow/dags/premier_dag.py for tasks to queue
[2025-05-05T13:37:11.214+0000] {logging_mixin.py:190} INFO - [2025-05-05T13:37:11.214+0000] {dagbag.py:588} INFO - Filling up the DagBag from /opt/airflow/dags/premier_dag.py
[2025-05-05T13:37:11.225+0000] {processor.py:925} INFO - DAG(s) 'premier_dag_test' retrieved from /opt/airflow/dags/premier_dag.py
[2025-05-05T13:37:11.239+0000] {logging_mixin.py:190} INFO - [2025-05-05T13:37:11.239+0000] {dag.py:3239} INFO - Sync 1 DAGs
[2025-05-05T13:37:11.256+0000] {logging_mixin.py:190} INFO - [2025-05-05T13:37:11.255+0000] {dag.py:4180} INFO - Setting next_dagrun for premier_dag_test to 2024-02-10 00:00:00+00:00, run_after=2024-02-11 00:00:00+00:00
[2025-05-05T13:37:11.273+0000] {processor.py:208} INFO - Processing /opt/airflow/dags/premier_dag.py took 0.066 seconds
[2025-05-05T13:37:41.502+0000] {processor.py:186} INFO - Started process (PID=4542) to work on /opt/airflow/dags/premier_dag.py
[2025-05-05T13:37:41.503+0000] {processor.py:914} INFO - Processing file /opt/airflow/dags/premier_dag.py for tasks to queue
[2025-05-05T13:37:41.505+0000] {logging_mixin.py:190} INFO - [2025-05-05T13:37:41.505+0000] {dagbag.py:588} INFO - Filling up the DagBag from /opt/airflow/dags/premier_dag.py
[2025-05-05T13:37:41.516+0000] {processor.py:925} INFO - DAG(s) 'premier_dag_test' retrieved from /opt/airflow/dags/premier_dag.py
[2025-05-05T13:37:41.530+0000] {logging_mixin.py:190} INFO - [2025-05-05T13:37:41.530+0000] {dag.py:3239} INFO - Sync 1 DAGs
[2025-05-05T13:37:41.546+0000] {logging_mixin.py:190} INFO - [2025-05-05T13:37:41.546+0000] {dag.py:4180} INFO - Setting next_dagrun for premier_dag_test to 2024-02-10 00:00:00+00:00, run_after=2024-02-11 00:00:00+00:00
[2025-05-05T13:37:41.565+0000] {processor.py:208} INFO - Processing /opt/airflow/dags/premier_dag.py took 0.068 seconds
[2025-05-05T18:24:19.626+0000] {processor.py:186} INFO - Started process (PID=4586) to work on /opt/airflow/dags/premier_dag.py
[2025-05-05T18:24:19.627+0000] {processor.py:914} INFO - Processing file /opt/airflow/dags/premier_dag.py for tasks to queue
[2025-05-05T18:24:19.630+0000] {logging_mixin.py:190} INFO - [2025-05-05T18:24:19.629+0000] {dagbag.py:588} INFO - Filling up the DagBag from /opt/airflow/dags/premier_dag.py
[2025-05-05T18:24:19.647+0000] {processor.py:925} INFO - DAG(s) 'premier_dag_test' retrieved from /opt/airflow/dags/premier_dag.py
[2025-05-05T18:24:19.667+0000] {logging_mixin.py:190} INFO - [2025-05-05T18:24:19.667+0000] {dag.py:3239} INFO - Sync 1 DAGs
[2025-05-05T18:24:19.694+0000] {logging_mixin.py:190} INFO - [2025-05-05T18:24:19.694+0000] {dag.py:4180} INFO - Setting next_dagrun for premier_dag_test to 2024-02-10 00:00:00+00:00, run_after=2024-02-11 00:00:00+00:00
[2025-05-05T18:24:19.716+0000] {processor.py:208} INFO - Processing /opt/airflow/dags/premier_dag.py took 0.096 seconds
[2025-05-05T18:24:50.071+0000] {processor.py:186} INFO - Started process (PID=4643) to work on /opt/airflow/dags/premier_dag.py
[2025-05-05T18:24:50.072+0000] {processor.py:914} INFO - Processing file /opt/airflow/dags/premier_dag.py for tasks to queue
[2025-05-05T18:24:50.073+0000] {logging_mixin.py:190} INFO - [2025-05-05T18:24:50.073+0000] {dagbag.py:588} INFO - Filling up the DagBag from /opt/airflow/dags/premier_dag.py
[2025-05-05T18:24:50.085+0000] {processor.py:925} INFO - DAG(s) 'premier_dag_test' retrieved from /opt/airflow/dags/premier_dag.py
[2025-05-05T18:24:50.100+0000] {logging_mixin.py:190} INFO - [2025-05-05T18:24:50.099+0000] {dag.py:3239} INFO - Sync 1 DAGs
[2025-05-05T18:24:50.117+0000] {logging_mixin.py:190} INFO - [2025-05-05T18:24:50.117+0000] {dag.py:4180} INFO - Setting next_dagrun for premier_dag_test to 2024-02-10 00:00:00+00:00, run_after=2024-02-11 00:00:00+00:00
[2025-05-05T18:24:50.133+0000] {processor.py:208} INFO - Processing /opt/airflow/dags/premier_dag.py took 0.067 seconds
[2025-05-05T18:25:20.537+0000] {processor.py:186} INFO - Started process (PID=4706) to work on /opt/airflow/dags/premier_dag.py
[2025-05-05T18:25:20.538+0000] {processor.py:914} INFO - Processing file /opt/airflow/dags/premier_dag.py for tasks to queue
[2025-05-05T18:25:20.539+0000] {logging_mixin.py:190} INFO - [2025-05-05T18:25:20.539+0000] {dagbag.py:588} INFO - Filling up the DagBag from /opt/airflow/dags/premier_dag.py
[2025-05-05T18:25:20.549+0000] {processor.py:925} INFO - DAG(s) 'premier_dag_test' retrieved from /opt/airflow/dags/premier_dag.py
[2025-05-05T18:25:20.563+0000] {logging_mixin.py:190} INFO - [2025-05-05T18:25:20.562+0000] {dag.py:3239} INFO - Sync 1 DAGs
[2025-05-05T18:25:20.582+0000] {logging_mixin.py:190} INFO - [2025-05-05T18:25:20.582+0000] {dag.py:4180} INFO - Setting next_dagrun for premier_dag_test to 2024-02-10 00:00:00+00:00, run_after=2024-02-11 00:00:00+00:00
[2025-05-05T18:25:20.595+0000] {processor.py:208} INFO - Processing /opt/airflow/dags/premier_dag.py took 0.062 seconds
[2025-05-05T18:25:50.809+0000] {processor.py:186} INFO - Started process (PID=4768) to work on /opt/airflow/dags/premier_dag.py
[2025-05-05T18:25:50.810+0000] {processor.py:914} INFO - Processing file /opt/airflow/dags/premier_dag.py for tasks to queue
[2025-05-05T18:25:50.811+0000] {logging_mixin.py:190} INFO - [2025-05-05T18:25:50.811+0000] {dagbag.py:588} INFO - Filling up the DagBag from /opt/airflow/dags/premier_dag.py
[2025-05-05T18:25:50.822+0000] {processor.py:925} INFO - DAG(s) 'premier_dag_test' retrieved from /opt/airflow/dags/premier_dag.py
[2025-05-05T18:25:50.836+0000] {logging_mixin.py:190} INFO - [2025-05-05T18:25:50.836+0000] {dag.py:3239} INFO - Sync 1 DAGs
[2025-05-05T18:25:50.852+0000] {logging_mixin.py:190} INFO - [2025-05-05T18:25:50.852+0000] {dag.py:4180} INFO - Setting next_dagrun for premier_dag_test to 2024-02-10 00:00:00+00:00, run_after=2024-02-11 00:00:00+00:00
[2025-05-05T18:25:50.866+0000] {processor.py:208} INFO - Processing /opt/airflow/dags/premier_dag.py took 0.062 seconds
[2025-05-05T18:26:20.976+0000] {processor.py:186} INFO - Started process (PID=4830) to work on /opt/airflow/dags/premier_dag.py
[2025-05-05T18:26:20.977+0000] {processor.py:914} INFO - Processing file /opt/airflow/dags/premier_dag.py for tasks to queue
[2025-05-05T18:26:20.978+0000] {logging_mixin.py:190} INFO - [2025-05-05T18:26:20.978+0000] {dagbag.py:588} INFO - Filling up the DagBag from /opt/airflow/dags/premier_dag.py
[2025-05-05T18:26:20.988+0000] {processor.py:925} INFO - DAG(s) 'premier_dag_test' retrieved from /opt/airflow/dags/premier_dag.py
[2025-05-05T18:26:21.002+0000] {logging_mixin.py:190} INFO - [2025-05-05T18:26:21.002+0000] {dag.py:3239} INFO - Sync 1 DAGs
[2025-05-05T18:26:21.019+0000] {logging_mixin.py:190} INFO - [2025-05-05T18:26:21.018+0000] {dag.py:4180} INFO - Setting next_dagrun for premier_dag_test to 2024-02-10 00:00:00+00:00, run_after=2024-02-11 00:00:00+00:00
[2025-05-05T18:26:21.033+0000] {processor.py:208} INFO - Processing /opt/airflow/dags/premier_dag.py took 0.061 seconds
[2025-05-05T18:26:51.209+0000] {processor.py:186} INFO - Started process (PID=4894) to work on /opt/airflow/dags/premier_dag.py
[2025-05-05T18:26:51.210+0000] {processor.py:914} INFO - Processing file /opt/airflow/dags/premier_dag.py for tasks to queue
[2025-05-05T18:26:51.211+0000] {logging_mixin.py:190} INFO - [2025-05-05T18:26:51.211+0000] {dagbag.py:588} INFO - Filling up the DagBag from /opt/airflow/dags/premier_dag.py
[2025-05-05T18:26:51.222+0000] {processor.py:925} INFO - DAG(s) 'premier_dag_test' retrieved from /opt/airflow/dags/premier_dag.py
[2025-05-05T18:26:51.237+0000] {logging_mixin.py:190} INFO - [2025-05-05T18:26:51.237+0000] {dag.py:3239} INFO - Sync 1 DAGs
[2025-05-05T18:26:51.254+0000] {logging_mixin.py:190} INFO - [2025-05-05T18:26:51.254+0000] {dag.py:4180} INFO - Setting next_dagrun for premier_dag_test to 2024-02-10 00:00:00+00:00, run_after=2024-02-11 00:00:00+00:00
[2025-05-05T18:26:51.268+0000] {processor.py:208} INFO - Processing /opt/airflow/dags/premier_dag.py took 0.063 seconds
[2025-05-05T18:27:21.947+0000] {processor.py:186} INFO - Started process (PID=4958) to work on /opt/airflow/dags/premier_dag.py
[2025-05-05T18:27:21.948+0000] {processor.py:914} INFO - Processing file /opt/airflow/dags/premier_dag.py for tasks to queue
[2025-05-05T18:27:21.950+0000] {logging_mixin.py:190} INFO - [2025-05-05T18:27:21.950+0000] {dagbag.py:588} INFO - Filling up the DagBag from /opt/airflow/dags/premier_dag.py
[2025-05-05T18:27:21.960+0000] {processor.py:925} INFO - DAG(s) 'premier_dag_test' retrieved from /opt/airflow/dags/premier_dag.py
[2025-05-05T18:27:21.975+0000] {logging_mixin.py:190} INFO - [2025-05-05T18:27:21.974+0000] {dag.py:3239} INFO - Sync 1 DAGs
[2025-05-05T18:27:21.993+0000] {logging_mixin.py:190} INFO - [2025-05-05T18:27:21.993+0000] {dag.py:4180} INFO - Setting next_dagrun for premier_dag_test to 2024-02-10 00:00:00+00:00, run_after=2024-02-11 00:00:00+00:00
[2025-05-05T18:27:22.011+0000] {processor.py:208} INFO - Processing /opt/airflow/dags/premier_dag.py took 0.069 seconds
[2025-05-05T18:27:52.544+0000] {processor.py:186} INFO - Started process (PID=5022) to work on /opt/airflow/dags/premier_dag.py
[2025-05-05T18:27:52.545+0000] {processor.py:914} INFO - Processing file /opt/airflow/dags/premier_dag.py for tasks to queue
[2025-05-05T18:27:52.547+0000] {logging_mixin.py:190} INFO - [2025-05-05T18:27:52.546+0000] {dagbag.py:588} INFO - Filling up the DagBag from /opt/airflow/dags/premier_dag.py
[2025-05-05T18:27:52.557+0000] {processor.py:925} INFO - DAG(s) 'premier_dag_test' retrieved from /opt/airflow/dags/premier_dag.py
[2025-05-05T18:27:52.571+0000] {logging_mixin.py:190} INFO - [2025-05-05T18:27:52.571+0000] {dag.py:3239} INFO - Sync 1 DAGs
[2025-05-05T18:27:52.588+0000] {logging_mixin.py:190} INFO - [2025-05-05T18:27:52.588+0000] {dag.py:4180} INFO - Setting next_dagrun for premier_dag_test to 2024-02-10 00:00:00+00:00, run_after=2024-02-11 00:00:00+00:00
[2025-05-05T18:27:52.604+0000] {processor.py:208} INFO - Processing /opt/airflow/dags/premier_dag.py took 0.064 seconds
