[2025-05-05T13:07:20.798+0000] {processor.py:186} INFO - Started process (PID=103) to work on /home/airflow/.local/lib/python3.12/site-packages/airflow/example_dags/example_sensors.py
[2025-05-05T13:07:20.798+0000] {processor.py:914} INFO - Processing file /home/airflow/.local/lib/python3.12/site-packages/airflow/example_dags/example_sensors.py for tasks to queue
[2025-05-05T13:07:20.800+0000] {logging_mixin.py:190} INFO - [2025-05-05T13:07:20.800+0000] {dagbag.py:588} INFO - Filling up the DagBag from /home/airflow/.local/lib/python3.12/site-packages/airflow/example_dags/example_sensors.py
[2025-05-05T13:07:20.809+0000] {processor.py:925} INFO - DAG(s) 'example_sensors' retrieved from /home/airflow/.local/lib/python3.12/site-packages/airflow/example_dags/example_sensors.py
[2025-05-05T13:07:20.830+0000] {logging_mixin.py:190} INFO - [2025-05-05T13:07:20.830+0000] {dag.py:3239} INFO - Sync 1 DAGs
[2025-05-05T13:07:20.841+0000] {logging_mixin.py:190} INFO - [2025-05-05T13:07:20.841+0000] {dag.py:4180} INFO - Setting next_dagrun for example_sensors to None, run_after=None
[2025-05-05T13:07:20.857+0000] {processor.py:208} INFO - Processing /home/airflow/.local/lib/python3.12/site-packages/airflow/example_dags/example_sensors.py took 0.065 seconds
[2025-05-05T13:08:03.952+0000] {processor.py:186} INFO - Started process (PID=203) to work on /home/airflow/.local/lib/python3.12/site-packages/airflow/example_dags/example_sensors.py
[2025-05-05T13:08:03.953+0000] {processor.py:914} INFO - Processing file /home/airflow/.local/lib/python3.12/site-packages/airflow/example_dags/example_sensors.py for tasks to queue
[2025-05-05T13:08:03.955+0000] {logging_mixin.py:190} INFO - [2025-05-05T13:08:03.955+0000] {dagbag.py:588} INFO - Filling up the DagBag from /home/airflow/.local/lib/python3.12/site-packages/airflow/example_dags/example_sensors.py
[2025-05-05T13:08:03.965+0000] {processor.py:925} INFO - DAG(s) 'example_sensors' retrieved from /home/airflow/.local/lib/python3.12/site-packages/airflow/example_dags/example_sensors.py
[2025-05-05T13:08:03.990+0000] {logging_mixin.py:190} INFO - [2025-05-05T13:08:03.990+0000] {dag.py:3239} INFO - Sync 1 DAGs
[2025-05-05T13:08:04.002+0000] {logging_mixin.py:190} INFO - [2025-05-05T13:08:04.002+0000] {dag.py:4180} INFO - Setting next_dagrun for example_sensors to None, run_after=None
[2025-05-05T13:08:04.018+0000] {processor.py:208} INFO - Processing /home/airflow/.local/lib/python3.12/site-packages/airflow/example_dags/example_sensors.py took 0.070 seconds
[2025-05-05T13:08:35.379+0000] {processor.py:186} INFO - Started process (PID=274) to work on /home/airflow/.local/lib/python3.12/site-packages/airflow/example_dags/example_sensors.py
[2025-05-05T13:08:35.379+0000] {processor.py:914} INFO - Processing file /home/airflow/.local/lib/python3.12/site-packages/airflow/example_dags/example_sensors.py for tasks to queue
[2025-05-05T13:08:35.381+0000] {logging_mixin.py:190} INFO - [2025-05-05T13:08:35.381+0000] {dagbag.py:588} INFO - Filling up the DagBag from /home/airflow/.local/lib/python3.12/site-packages/airflow/example_dags/example_sensors.py
[2025-05-05T13:08:35.389+0000] {processor.py:925} INFO - DAG(s) 'example_sensors' retrieved from /home/airflow/.local/lib/python3.12/site-packages/airflow/example_dags/example_sensors.py
[2025-05-05T13:08:35.409+0000] {logging_mixin.py:190} INFO - [2025-05-05T13:08:35.409+0000] {dag.py:3239} INFO - Sync 1 DAGs
[2025-05-05T13:08:35.419+0000] {logging_mixin.py:190} INFO - [2025-05-05T13:08:35.419+0000] {dag.py:4180} INFO - Setting next_dagrun for example_sensors to None, run_after=None
[2025-05-05T13:08:35.434+0000] {processor.py:208} INFO - Processing /home/airflow/.local/lib/python3.12/site-packages/airflow/example_dags/example_sensors.py took 0.060 seconds
[2025-05-05T13:09:06.049+0000] {processor.py:186} INFO - Started process (PID=337) to work on /home/airflow/.local/lib/python3.12/site-packages/airflow/example_dags/example_sensors.py
[2025-05-05T13:09:06.049+0000] {processor.py:914} INFO - Processing file /home/airflow/.local/lib/python3.12/site-packages/airflow/example_dags/example_sensors.py for tasks to queue
[2025-05-05T13:09:06.051+0000] {logging_mixin.py:190} INFO - [2025-05-05T13:09:06.051+0000] {dagbag.py:588} INFO - Filling up the DagBag from /home/airflow/.local/lib/python3.12/site-packages/airflow/example_dags/example_sensors.py
[2025-05-05T13:09:06.059+0000] {processor.py:925} INFO - DAG(s) 'example_sensors' retrieved from /home/airflow/.local/lib/python3.12/site-packages/airflow/example_dags/example_sensors.py
[2025-05-05T13:09:06.079+0000] {logging_mixin.py:190} INFO - [2025-05-05T13:09:06.079+0000] {dag.py:3239} INFO - Sync 1 DAGs
[2025-05-05T13:09:06.089+0000] {logging_mixin.py:190} INFO - [2025-05-05T13:09:06.089+0000] {dag.py:4180} INFO - Setting next_dagrun for example_sensors to None, run_after=None
[2025-05-05T13:09:06.104+0000] {processor.py:208} INFO - Processing /home/airflow/.local/lib/python3.12/site-packages/airflow/example_dags/example_sensors.py took 0.060 seconds
[2025-05-05T13:09:37.146+0000] {processor.py:186} INFO - Started process (PID=400) to work on /home/airflow/.local/lib/python3.12/site-packages/airflow/example_dags/example_sensors.py
[2025-05-05T13:09:37.146+0000] {processor.py:914} INFO - Processing file /home/airflow/.local/lib/python3.12/site-packages/airflow/example_dags/example_sensors.py for tasks to queue
[2025-05-05T13:09:37.148+0000] {logging_mixin.py:190} INFO - [2025-05-05T13:09:37.148+0000] {dagbag.py:588} INFO - Filling up the DagBag from /home/airflow/.local/lib/python3.12/site-packages/airflow/example_dags/example_sensors.py
[2025-05-05T13:09:37.156+0000] {processor.py:925} INFO - DAG(s) 'example_sensors' retrieved from /home/airflow/.local/lib/python3.12/site-packages/airflow/example_dags/example_sensors.py
[2025-05-05T13:09:37.175+0000] {logging_mixin.py:190} INFO - [2025-05-05T13:09:37.175+0000] {dag.py:3239} INFO - Sync 1 DAGs
[2025-05-05T13:09:37.185+0000] {logging_mixin.py:190} INFO - [2025-05-05T13:09:37.185+0000] {dag.py:4180} INFO - Setting next_dagrun for example_sensors to None, run_after=None
[2025-05-05T13:09:37.199+0000] {processor.py:208} INFO - Processing /home/airflow/.local/lib/python3.12/site-packages/airflow/example_dags/example_sensors.py took 0.057 seconds
[2025-05-05T13:09:51.695+0000] {processor.py:186} INFO - Started process (PID=464) to work on /home/airflow/.local/lib/python3.12/site-packages/airflow/example_dags/example_sensors.py
[2025-05-05T13:09:51.696+0000] {processor.py:914} INFO - Processing file /home/airflow/.local/lib/python3.12/site-packages/airflow/example_dags/example_sensors.py for tasks to queue
[2025-05-05T13:09:51.698+0000] {logging_mixin.py:190} INFO - [2025-05-05T13:09:51.698+0000] {dagbag.py:588} INFO - Filling up the DagBag from /home/airflow/.local/lib/python3.12/site-packages/airflow/example_dags/example_sensors.py
[2025-05-05T13:09:51.706+0000] {processor.py:925} INFO - DAG(s) 'example_sensors' retrieved from /home/airflow/.local/lib/python3.12/site-packages/airflow/example_dags/example_sensors.py
[2025-05-05T13:09:51.727+0000] {logging_mixin.py:190} INFO - [2025-05-05T13:09:51.726+0000] {dag.py:3239} INFO - Sync 1 DAGs
[2025-05-05T13:09:51.738+0000] {logging_mixin.py:190} INFO - [2025-05-05T13:09:51.738+0000] {dag.py:4180} INFO - Setting next_dagrun for example_sensors to None, run_after=None
[2025-05-05T13:09:51.753+0000] {processor.py:208} INFO - Processing /home/airflow/.local/lib/python3.12/site-packages/airflow/example_dags/example_sensors.py took 0.062 seconds
[2025-05-05T13:10:22.430+0000] {processor.py:186} INFO - Started process (PID=528) to work on /home/airflow/.local/lib/python3.12/site-packages/airflow/example_dags/example_sensors.py
[2025-05-05T13:10:22.431+0000] {processor.py:914} INFO - Processing file /home/airflow/.local/lib/python3.12/site-packages/airflow/example_dags/example_sensors.py for tasks to queue
[2025-05-05T13:10:22.433+0000] {logging_mixin.py:190} INFO - [2025-05-05T13:10:22.433+0000] {dagbag.py:588} INFO - Filling up the DagBag from /home/airflow/.local/lib/python3.12/site-packages/airflow/example_dags/example_sensors.py
[2025-05-05T13:10:22.441+0000] {processor.py:925} INFO - DAG(s) 'example_sensors' retrieved from /home/airflow/.local/lib/python3.12/site-packages/airflow/example_dags/example_sensors.py
[2025-05-05T13:10:22.459+0000] {logging_mixin.py:190} INFO - [2025-05-05T13:10:22.459+0000] {dag.py:3239} INFO - Sync 1 DAGs
[2025-05-05T13:10:22.470+0000] {logging_mixin.py:190} INFO - [2025-05-05T13:10:22.469+0000] {dag.py:4180} INFO - Setting next_dagrun for example_sensors to None, run_after=None
[2025-05-05T13:10:22.485+0000] {processor.py:208} INFO - Processing /home/airflow/.local/lib/python3.12/site-packages/airflow/example_dags/example_sensors.py took 0.059 seconds
[2025-05-05T13:10:53.145+0000] {processor.py:186} INFO - Started process (PID=592) to work on /home/airflow/.local/lib/python3.12/site-packages/airflow/example_dags/example_sensors.py
[2025-05-05T13:10:53.146+0000] {processor.py:914} INFO - Processing file /home/airflow/.local/lib/python3.12/site-packages/airflow/example_dags/example_sensors.py for tasks to queue
[2025-05-05T13:10:53.148+0000] {logging_mixin.py:190} INFO - [2025-05-05T13:10:53.148+0000] {dagbag.py:588} INFO - Filling up the DagBag from /home/airflow/.local/lib/python3.12/site-packages/airflow/example_dags/example_sensors.py
[2025-05-05T13:10:53.156+0000] {processor.py:925} INFO - DAG(s) 'example_sensors' retrieved from /home/airflow/.local/lib/python3.12/site-packages/airflow/example_dags/example_sensors.py
[2025-05-05T13:10:53.176+0000] {logging_mixin.py:190} INFO - [2025-05-05T13:10:53.175+0000] {dag.py:3239} INFO - Sync 1 DAGs
[2025-05-05T13:10:53.186+0000] {logging_mixin.py:190} INFO - [2025-05-05T13:10:53.186+0000] {dag.py:4180} INFO - Setting next_dagrun for example_sensors to None, run_after=None
[2025-05-05T13:10:53.202+0000] {processor.py:208} INFO - Processing /home/airflow/.local/lib/python3.12/site-packages/airflow/example_dags/example_sensors.py took 0.061 seconds
[2025-05-05T13:11:24.080+0000] {processor.py:186} INFO - Started process (PID=656) to work on /home/airflow/.local/lib/python3.12/site-packages/airflow/example_dags/example_sensors.py
[2025-05-05T13:11:24.081+0000] {processor.py:914} INFO - Processing file /home/airflow/.local/lib/python3.12/site-packages/airflow/example_dags/example_sensors.py for tasks to queue
[2025-05-05T13:11:24.082+0000] {logging_mixin.py:190} INFO - [2025-05-05T13:11:24.082+0000] {dagbag.py:588} INFO - Filling up the DagBag from /home/airflow/.local/lib/python3.12/site-packages/airflow/example_dags/example_sensors.py
[2025-05-05T13:11:24.092+0000] {processor.py:925} INFO - DAG(s) 'example_sensors' retrieved from /home/airflow/.local/lib/python3.12/site-packages/airflow/example_dags/example_sensors.py
[2025-05-05T13:11:24.115+0000] {logging_mixin.py:190} INFO - [2025-05-05T13:11:24.115+0000] {dag.py:3239} INFO - Sync 1 DAGs
[2025-05-05T13:11:24.130+0000] {logging_mixin.py:190} INFO - [2025-05-05T13:11:24.130+0000] {dag.py:4180} INFO - Setting next_dagrun for example_sensors to None, run_after=None
[2025-05-05T13:11:24.147+0000] {processor.py:208} INFO - Processing /home/airflow/.local/lib/python3.12/site-packages/airflow/example_dags/example_sensors.py took 0.073 seconds
[2025-05-05T13:11:31.761+0000] {processor.py:186} INFO - Started process (PID=714) to work on /home/airflow/.local/lib/python3.12/site-packages/airflow/example_dags/example_sensors.py
[2025-05-05T13:11:31.761+0000] {processor.py:914} INFO - Processing file /home/airflow/.local/lib/python3.12/site-packages/airflow/example_dags/example_sensors.py for tasks to queue
[2025-05-05T13:11:31.763+0000] {logging_mixin.py:190} INFO - [2025-05-05T13:11:31.763+0000] {dagbag.py:588} INFO - Filling up the DagBag from /home/airflow/.local/lib/python3.12/site-packages/airflow/example_dags/example_sensors.py
[2025-05-05T13:11:31.772+0000] {processor.py:925} INFO - DAG(s) 'example_sensors' retrieved from /home/airflow/.local/lib/python3.12/site-packages/airflow/example_dags/example_sensors.py
[2025-05-05T13:11:31.793+0000] {logging_mixin.py:190} INFO - [2025-05-05T13:11:31.793+0000] {dag.py:3239} INFO - Sync 1 DAGs
[2025-05-05T13:11:31.805+0000] {logging_mixin.py:190} INFO - [2025-05-05T13:11:31.805+0000] {dag.py:4180} INFO - Setting next_dagrun for example_sensors to None, run_after=None
[2025-05-05T13:11:31.822+0000] {processor.py:208} INFO - Processing /home/airflow/.local/lib/python3.12/site-packages/airflow/example_dags/example_sensors.py took 0.066 seconds
[2025-05-05T13:12:01.992+0000] {processor.py:186} INFO - Started process (PID=752) to work on /home/airflow/.local/lib/python3.12/site-packages/airflow/example_dags/example_sensors.py
[2025-05-05T13:12:01.993+0000] {processor.py:914} INFO - Processing file /home/airflow/.local/lib/python3.12/site-packages/airflow/example_dags/example_sensors.py for tasks to queue
[2025-05-05T13:12:01.995+0000] {logging_mixin.py:190} INFO - [2025-05-05T13:12:01.995+0000] {dagbag.py:588} INFO - Filling up the DagBag from /home/airflow/.local/lib/python3.12/site-packages/airflow/example_dags/example_sensors.py
[2025-05-05T13:12:02.004+0000] {processor.py:925} INFO - DAG(s) 'example_sensors' retrieved from /home/airflow/.local/lib/python3.12/site-packages/airflow/example_dags/example_sensors.py
[2025-05-05T13:12:02.025+0000] {logging_mixin.py:190} INFO - [2025-05-05T13:12:02.025+0000] {dag.py:3239} INFO - Sync 1 DAGs
[2025-05-05T13:12:02.038+0000] {logging_mixin.py:190} INFO - [2025-05-05T13:12:02.038+0000] {dag.py:4180} INFO - Setting next_dagrun for example_sensors to None, run_after=None
[2025-05-05T13:12:02.059+0000] {processor.py:208} INFO - Processing /home/airflow/.local/lib/python3.12/site-packages/airflow/example_dags/example_sensors.py took 0.072 seconds
[2025-05-05T13:12:33.138+0000] {processor.py:186} INFO - Started process (PID=816) to work on /home/airflow/.local/lib/python3.12/site-packages/airflow/example_dags/example_sensors.py
[2025-05-05T13:12:33.139+0000] {processor.py:914} INFO - Processing file /home/airflow/.local/lib/python3.12/site-packages/airflow/example_dags/example_sensors.py for tasks to queue
[2025-05-05T13:12:33.141+0000] {logging_mixin.py:190} INFO - [2025-05-05T13:12:33.141+0000] {dagbag.py:588} INFO - Filling up the DagBag from /home/airflow/.local/lib/python3.12/site-packages/airflow/example_dags/example_sensors.py
[2025-05-05T13:12:33.151+0000] {processor.py:925} INFO - DAG(s) 'example_sensors' retrieved from /home/airflow/.local/lib/python3.12/site-packages/airflow/example_dags/example_sensors.py
[2025-05-05T13:12:33.176+0000] {logging_mixin.py:190} INFO - [2025-05-05T13:12:33.176+0000] {dag.py:3239} INFO - Sync 1 DAGs
[2025-05-05T13:12:33.189+0000] {logging_mixin.py:190} INFO - [2025-05-05T13:12:33.189+0000] {dag.py:4180} INFO - Setting next_dagrun for example_sensors to None, run_after=None
[2025-05-05T13:12:33.206+0000] {processor.py:208} INFO - Processing /home/airflow/.local/lib/python3.12/site-packages/airflow/example_dags/example_sensors.py took 0.073 seconds
[2025-05-05T13:12:42.527+0000] {processor.py:186} INFO - Started process (PID=875) to work on /home/airflow/.local/lib/python3.12/site-packages/airflow/example_dags/example_sensors.py
[2025-05-05T13:12:42.528+0000] {processor.py:914} INFO - Processing file /home/airflow/.local/lib/python3.12/site-packages/airflow/example_dags/example_sensors.py for tasks to queue
[2025-05-05T13:12:42.530+0000] {logging_mixin.py:190} INFO - [2025-05-05T13:12:42.530+0000] {dagbag.py:588} INFO - Filling up the DagBag from /home/airflow/.local/lib/python3.12/site-packages/airflow/example_dags/example_sensors.py
[2025-05-05T13:12:42.542+0000] {processor.py:925} INFO - DAG(s) 'example_sensors' retrieved from /home/airflow/.local/lib/python3.12/site-packages/airflow/example_dags/example_sensors.py
[2025-05-05T13:12:42.571+0000] {logging_mixin.py:190} INFO - [2025-05-05T13:12:42.571+0000] {dag.py:3239} INFO - Sync 1 DAGs
[2025-05-05T13:12:42.587+0000] {logging_mixin.py:190} INFO - [2025-05-05T13:12:42.586+0000] {dag.py:4180} INFO - Setting next_dagrun for example_sensors to None, run_after=None
[2025-05-05T13:12:42.604+0000] {processor.py:208} INFO - Processing /home/airflow/.local/lib/python3.12/site-packages/airflow/example_dags/example_sensors.py took 0.083 seconds
[2025-05-05T13:13:03.908+0000] {processor.py:186} INFO - Started process (PID=939) to work on /home/airflow/.local/lib/python3.12/site-packages/airflow/example_dags/example_sensors.py
[2025-05-05T13:13:03.909+0000] {processor.py:914} INFO - Processing file /home/airflow/.local/lib/python3.12/site-packages/airflow/example_dags/example_sensors.py for tasks to queue
[2025-05-05T13:13:03.911+0000] {logging_mixin.py:190} INFO - [2025-05-05T13:13:03.911+0000] {dagbag.py:588} INFO - Filling up the DagBag from /home/airflow/.local/lib/python3.12/site-packages/airflow/example_dags/example_sensors.py
[2025-05-05T13:13:03.920+0000] {processor.py:925} INFO - DAG(s) 'example_sensors' retrieved from /home/airflow/.local/lib/python3.12/site-packages/airflow/example_dags/example_sensors.py
[2025-05-05T13:13:03.940+0000] {logging_mixin.py:190} INFO - [2025-05-05T13:13:03.940+0000] {dag.py:3239} INFO - Sync 1 DAGs
[2025-05-05T13:13:03.952+0000] {logging_mixin.py:190} INFO - [2025-05-05T13:13:03.951+0000] {dag.py:4180} INFO - Setting next_dagrun for example_sensors to None, run_after=None
[2025-05-05T13:13:30.909+0000] {processor.py:208} INFO - Processing /home/airflow/.local/lib/python3.12/site-packages/airflow/example_dags/example_sensors.py took 0.081 seconds
[2025-05-05T13:14:01.284+0000] {processor.py:186} INFO - Started process (PID=1033) to work on /home/airflow/.local/lib/python3.12/site-packages/airflow/example_dags/example_sensors.py
[2025-05-05T13:14:01.285+0000] {processor.py:914} INFO - Processing file /home/airflow/.local/lib/python3.12/site-packages/airflow/example_dags/example_sensors.py for tasks to queue
[2025-05-05T13:14:01.286+0000] {logging_mixin.py:190} INFO - [2025-05-05T13:14:01.286+0000] {dagbag.py:588} INFO - Filling up the DagBag from /home/airflow/.local/lib/python3.12/site-packages/airflow/example_dags/example_sensors.py
[2025-05-05T13:14:01.294+0000] {processor.py:925} INFO - DAG(s) 'example_sensors' retrieved from /home/airflow/.local/lib/python3.12/site-packages/airflow/example_dags/example_sensors.py
[2025-05-05T13:14:01.313+0000] {logging_mixin.py:190} INFO - [2025-05-05T13:14:01.313+0000] {dag.py:3239} INFO - Sync 1 DAGs
[2025-05-05T13:14:01.323+0000] {logging_mixin.py:190} INFO - [2025-05-05T13:14:01.323+0000] {dag.py:4180} INFO - Setting next_dagrun for example_sensors to None, run_after=None
[2025-05-05T13:14:01.336+0000] {processor.py:208} INFO - Processing /home/airflow/.local/lib/python3.12/site-packages/airflow/example_dags/example_sensors.py took 0.057 seconds
[2025-05-05T13:14:22.129+0000] {processor.py:186} INFO - Started process (PID=1130) to work on /home/airflow/.local/lib/python3.12/site-packages/airflow/example_dags/example_sensors.py
[2025-05-05T13:14:22.130+0000] {processor.py:914} INFO - Processing file /home/airflow/.local/lib/python3.12/site-packages/airflow/example_dags/example_sensors.py for tasks to queue
[2025-05-05T13:14:22.132+0000] {logging_mixin.py:190} INFO - [2025-05-05T13:14:22.131+0000] {dagbag.py:588} INFO - Filling up the DagBag from /home/airflow/.local/lib/python3.12/site-packages/airflow/example_dags/example_sensors.py
[2025-05-05T13:14:22.140+0000] {processor.py:925} INFO - DAG(s) 'example_sensors' retrieved from /home/airflow/.local/lib/python3.12/site-packages/airflow/example_dags/example_sensors.py
[2025-05-05T13:14:22.158+0000] {logging_mixin.py:190} INFO - [2025-05-05T13:14:22.158+0000] {dag.py:3239} INFO - Sync 1 DAGs
[2025-05-05T13:14:22.169+0000] {logging_mixin.py:190} INFO - [2025-05-05T13:14:22.169+0000] {dag.py:4180} INFO - Setting next_dagrun for example_sensors to None, run_after=None
[2025-05-05T13:14:22.185+0000] {processor.py:208} INFO - Processing /home/airflow/.local/lib/python3.12/site-packages/airflow/example_dags/example_sensors.py took 0.060 seconds
[2025-05-05T13:14:52.137+0000] {processor.py:186} INFO - Started process (PID=1194) to work on /home/airflow/.local/lib/python3.12/site-packages/airflow/example_dags/example_sensors.py
[2025-05-05T13:14:52.137+0000] {processor.py:914} INFO - Processing file /home/airflow/.local/lib/python3.12/site-packages/airflow/example_dags/example_sensors.py for tasks to queue
[2025-05-05T13:14:52.139+0000] {logging_mixin.py:190} INFO - [2025-05-05T13:14:52.139+0000] {dagbag.py:588} INFO - Filling up the DagBag from /home/airflow/.local/lib/python3.12/site-packages/airflow/example_dags/example_sensors.py
[2025-05-05T13:14:52.148+0000] {processor.py:925} INFO - DAG(s) 'example_sensors' retrieved from /home/airflow/.local/lib/python3.12/site-packages/airflow/example_dags/example_sensors.py
[2025-05-05T13:14:52.170+0000] {logging_mixin.py:190} INFO - [2025-05-05T13:14:52.169+0000] {dag.py:3239} INFO - Sync 1 DAGs
[2025-05-05T13:14:52.182+0000] {logging_mixin.py:190} INFO - [2025-05-05T13:14:52.182+0000] {dag.py:4180} INFO - Setting next_dagrun for example_sensors to None, run_after=None
[2025-05-05T13:14:52.198+0000] {processor.py:208} INFO - Processing /home/airflow/.local/lib/python3.12/site-packages/airflow/example_dags/example_sensors.py took 0.068 seconds
[2025-05-05T13:15:07.094+0000] {processor.py:186} INFO - Started process (PID=1252) to work on /home/airflow/.local/lib/python3.12/site-packages/airflow/example_dags/example_sensors.py
[2025-05-05T13:15:07.095+0000] {processor.py:914} INFO - Processing file /home/airflow/.local/lib/python3.12/site-packages/airflow/example_dags/example_sensors.py for tasks to queue
[2025-05-05T13:15:07.096+0000] {logging_mixin.py:190} INFO - [2025-05-05T13:15:07.096+0000] {dagbag.py:588} INFO - Filling up the DagBag from /home/airflow/.local/lib/python3.12/site-packages/airflow/example_dags/example_sensors.py
[2025-05-05T13:15:07.105+0000] {processor.py:925} INFO - DAG(s) 'example_sensors' retrieved from /home/airflow/.local/lib/python3.12/site-packages/airflow/example_dags/example_sensors.py
[2025-05-05T13:15:07.124+0000] {logging_mixin.py:190} INFO - [2025-05-05T13:15:07.123+0000] {dag.py:3239} INFO - Sync 1 DAGs
[2025-05-05T13:15:07.135+0000] {logging_mixin.py:190} INFO - [2025-05-05T13:15:07.135+0000] {dag.py:4180} INFO - Setting next_dagrun for example_sensors to None, run_after=None
[2025-05-05T13:15:07.148+0000] {processor.py:208} INFO - Processing /home/airflow/.local/lib/python3.12/site-packages/airflow/example_dags/example_sensors.py took 0.059 seconds
[2025-05-05T13:15:37.886+0000] {processor.py:186} INFO - Started process (PID=1316) to work on /home/airflow/.local/lib/python3.12/site-packages/airflow/example_dags/example_sensors.py
[2025-05-05T13:15:37.887+0000] {processor.py:914} INFO - Processing file /home/airflow/.local/lib/python3.12/site-packages/airflow/example_dags/example_sensors.py for tasks to queue
[2025-05-05T13:15:37.889+0000] {logging_mixin.py:190} INFO - [2025-05-05T13:15:37.889+0000] {dagbag.py:588} INFO - Filling up the DagBag from /home/airflow/.local/lib/python3.12/site-packages/airflow/example_dags/example_sensors.py
[2025-05-05T13:15:37.897+0000] {processor.py:925} INFO - DAG(s) 'example_sensors' retrieved from /home/airflow/.local/lib/python3.12/site-packages/airflow/example_dags/example_sensors.py
[2025-05-05T13:15:37.918+0000] {logging_mixin.py:190} INFO - [2025-05-05T13:15:37.918+0000] {dag.py:3239} INFO - Sync 1 DAGs
[2025-05-05T13:15:37.929+0000] {logging_mixin.py:190} INFO - [2025-05-05T13:15:37.929+0000] {dag.py:4180} INFO - Setting next_dagrun for example_sensors to None, run_after=None
[2025-05-05T13:15:37.946+0000] {processor.py:208} INFO - Processing /home/airflow/.local/lib/python3.12/site-packages/airflow/example_dags/example_sensors.py took 0.065 seconds
[2025-05-05T13:16:08.687+0000] {processor.py:186} INFO - Started process (PID=1380) to work on /home/airflow/.local/lib/python3.12/site-packages/airflow/example_dags/example_sensors.py
[2025-05-05T13:16:08.688+0000] {processor.py:914} INFO - Processing file /home/airflow/.local/lib/python3.12/site-packages/airflow/example_dags/example_sensors.py for tasks to queue
[2025-05-05T13:16:08.690+0000] {logging_mixin.py:190} INFO - [2025-05-05T13:16:08.689+0000] {dagbag.py:588} INFO - Filling up the DagBag from /home/airflow/.local/lib/python3.12/site-packages/airflow/example_dags/example_sensors.py
[2025-05-05T13:16:08.699+0000] {processor.py:925} INFO - DAG(s) 'example_sensors' retrieved from /home/airflow/.local/lib/python3.12/site-packages/airflow/example_dags/example_sensors.py
[2025-05-05T13:16:08.718+0000] {logging_mixin.py:190} INFO - [2025-05-05T13:16:08.718+0000] {dag.py:3239} INFO - Sync 1 DAGs
[2025-05-05T13:16:08.729+0000] {logging_mixin.py:190} INFO - [2025-05-05T13:16:08.729+0000] {dag.py:4180} INFO - Setting next_dagrun for example_sensors to None, run_after=None
[2025-05-05T13:16:08.744+0000] {processor.py:208} INFO - Processing /home/airflow/.local/lib/python3.12/site-packages/airflow/example_dags/example_sensors.py took 0.062 seconds
[2025-05-05T13:16:39.574+0000] {processor.py:186} INFO - Started process (PID=1444) to work on /home/airflow/.local/lib/python3.12/site-packages/airflow/example_dags/example_sensors.py
[2025-05-05T13:16:39.575+0000] {processor.py:914} INFO - Processing file /home/airflow/.local/lib/python3.12/site-packages/airflow/example_dags/example_sensors.py for tasks to queue
[2025-05-05T13:16:39.577+0000] {logging_mixin.py:190} INFO - [2025-05-05T13:16:39.577+0000] {dagbag.py:588} INFO - Filling up the DagBag from /home/airflow/.local/lib/python3.12/site-packages/airflow/example_dags/example_sensors.py
[2025-05-05T13:16:39.586+0000] {processor.py:925} INFO - DAG(s) 'example_sensors' retrieved from /home/airflow/.local/lib/python3.12/site-packages/airflow/example_dags/example_sensors.py
[2025-05-05T13:16:39.606+0000] {logging_mixin.py:190} INFO - [2025-05-05T13:16:39.606+0000] {dag.py:3239} INFO - Sync 1 DAGs
[2025-05-05T13:16:39.617+0000] {logging_mixin.py:190} INFO - [2025-05-05T13:16:39.617+0000] {dag.py:4180} INFO - Setting next_dagrun for example_sensors to None, run_after=None
[2025-05-05T13:16:39.634+0000] {processor.py:208} INFO - Processing /home/airflow/.local/lib/python3.12/site-packages/airflow/example_dags/example_sensors.py took 0.064 seconds
[2025-05-05T13:17:09.838+0000] {processor.py:186} INFO - Started process (PID=1506) to work on /home/airflow/.local/lib/python3.12/site-packages/airflow/example_dags/example_sensors.py
[2025-05-05T13:17:09.839+0000] {processor.py:914} INFO - Processing file /home/airflow/.local/lib/python3.12/site-packages/airflow/example_dags/example_sensors.py for tasks to queue
[2025-05-05T13:17:09.841+0000] {logging_mixin.py:190} INFO - [2025-05-05T13:17:09.840+0000] {dagbag.py:588} INFO - Filling up the DagBag from /home/airflow/.local/lib/python3.12/site-packages/airflow/example_dags/example_sensors.py
[2025-05-05T13:17:09.849+0000] {processor.py:925} INFO - DAG(s) 'example_sensors' retrieved from /home/airflow/.local/lib/python3.12/site-packages/airflow/example_dags/example_sensors.py
[2025-05-05T13:17:09.869+0000] {logging_mixin.py:190} INFO - [2025-05-05T13:17:09.868+0000] {dag.py:3239} INFO - Sync 1 DAGs
[2025-05-05T13:17:09.879+0000] {logging_mixin.py:190} INFO - [2025-05-05T13:17:09.879+0000] {dag.py:4180} INFO - Setting next_dagrun for example_sensors to None, run_after=None
[2025-05-05T13:17:09.893+0000] {processor.py:208} INFO - Processing /home/airflow/.local/lib/python3.12/site-packages/airflow/example_dags/example_sensors.py took 0.060 seconds
[2025-05-05T13:17:41.114+0000] {processor.py:186} INFO - Started process (PID=1581) to work on /home/airflow/.local/lib/python3.12/site-packages/airflow/example_dags/example_sensors.py
[2025-05-05T13:17:41.115+0000] {processor.py:914} INFO - Processing file /home/airflow/.local/lib/python3.12/site-packages/airflow/example_dags/example_sensors.py for tasks to queue
[2025-05-05T13:17:41.117+0000] {logging_mixin.py:190} INFO - [2025-05-05T13:17:41.116+0000] {dagbag.py:588} INFO - Filling up the DagBag from /home/airflow/.local/lib/python3.12/site-packages/airflow/example_dags/example_sensors.py
[2025-05-05T13:17:41.124+0000] {processor.py:925} INFO - DAG(s) 'example_sensors' retrieved from /home/airflow/.local/lib/python3.12/site-packages/airflow/example_dags/example_sensors.py
[2025-05-05T13:17:41.142+0000] {logging_mixin.py:190} INFO - [2025-05-05T13:17:41.142+0000] {dag.py:3239} INFO - Sync 1 DAGs
[2025-05-05T13:17:41.152+0000] {logging_mixin.py:190} INFO - [2025-05-05T13:17:41.152+0000] {dag.py:4180} INFO - Setting next_dagrun for example_sensors to None, run_after=None
[2025-05-05T13:17:41.166+0000] {processor.py:208} INFO - Processing /home/airflow/.local/lib/python3.12/site-packages/airflow/example_dags/example_sensors.py took 0.056 seconds
[2025-05-05T13:17:57.284+0000] {processor.py:186} INFO - Started process (PID=1643) to work on /home/airflow/.local/lib/python3.12/site-packages/airflow/example_dags/example_sensors.py
[2025-05-05T13:17:57.285+0000] {processor.py:914} INFO - Processing file /home/airflow/.local/lib/python3.12/site-packages/airflow/example_dags/example_sensors.py for tasks to queue
[2025-05-05T13:17:57.286+0000] {logging_mixin.py:190} INFO - [2025-05-05T13:17:57.286+0000] {dagbag.py:588} INFO - Filling up the DagBag from /home/airflow/.local/lib/python3.12/site-packages/airflow/example_dags/example_sensors.py
[2025-05-05T13:17:57.294+0000] {processor.py:925} INFO - DAG(s) 'example_sensors' retrieved from /home/airflow/.local/lib/python3.12/site-packages/airflow/example_dags/example_sensors.py
[2025-05-05T13:17:57.314+0000] {logging_mixin.py:190} INFO - [2025-05-05T13:17:57.314+0000] {dag.py:3239} INFO - Sync 1 DAGs
[2025-05-05T13:17:57.324+0000] {logging_mixin.py:190} INFO - [2025-05-05T13:17:57.324+0000] {dag.py:4180} INFO - Setting next_dagrun for example_sensors to None, run_after=None
[2025-05-05T13:17:57.339+0000] {processor.py:208} INFO - Processing /home/airflow/.local/lib/python3.12/site-packages/airflow/example_dags/example_sensors.py took 0.060 seconds
[2025-05-05T13:18:27.960+0000] {processor.py:186} INFO - Started process (PID=1706) to work on /home/airflow/.local/lib/python3.12/site-packages/airflow/example_dags/example_sensors.py
[2025-05-05T13:18:27.961+0000] {processor.py:914} INFO - Processing file /home/airflow/.local/lib/python3.12/site-packages/airflow/example_dags/example_sensors.py for tasks to queue
[2025-05-05T13:18:27.963+0000] {logging_mixin.py:190} INFO - [2025-05-05T13:18:27.962+0000] {dagbag.py:588} INFO - Filling up the DagBag from /home/airflow/.local/lib/python3.12/site-packages/airflow/example_dags/example_sensors.py
[2025-05-05T13:18:27.972+0000] {processor.py:925} INFO - DAG(s) 'example_sensors' retrieved from /home/airflow/.local/lib/python3.12/site-packages/airflow/example_dags/example_sensors.py
[2025-05-05T13:18:27.992+0000] {logging_mixin.py:190} INFO - [2025-05-05T13:18:27.992+0000] {dag.py:3239} INFO - Sync 1 DAGs
[2025-05-05T13:18:28.005+0000] {logging_mixin.py:190} INFO - [2025-05-05T13:18:28.005+0000] {dag.py:4180} INFO - Setting next_dagrun for example_sensors to None, run_after=None
[2025-05-05T13:18:28.019+0000] {processor.py:208} INFO - Processing /home/airflow/.local/lib/python3.12/site-packages/airflow/example_dags/example_sensors.py took 0.064 seconds
[2025-05-05T13:18:59.068+0000] {processor.py:186} INFO - Started process (PID=1767) to work on /home/airflow/.local/lib/python3.12/site-packages/airflow/example_dags/example_sensors.py
[2025-05-05T13:18:59.069+0000] {processor.py:914} INFO - Processing file /home/airflow/.local/lib/python3.12/site-packages/airflow/example_dags/example_sensors.py for tasks to queue
[2025-05-05T13:18:59.071+0000] {logging_mixin.py:190} INFO - [2025-05-05T13:18:59.071+0000] {dagbag.py:588} INFO - Filling up the DagBag from /home/airflow/.local/lib/python3.12/site-packages/airflow/example_dags/example_sensors.py
[2025-05-05T13:18:59.081+0000] {processor.py:925} INFO - DAG(s) 'example_sensors' retrieved from /home/airflow/.local/lib/python3.12/site-packages/airflow/example_dags/example_sensors.py
[2025-05-05T13:18:59.103+0000] {logging_mixin.py:190} INFO - [2025-05-05T13:18:59.102+0000] {dag.py:3239} INFO - Sync 1 DAGs
[2025-05-05T13:18:59.116+0000] {logging_mixin.py:190} INFO - [2025-05-05T13:18:59.116+0000] {dag.py:4180} INFO - Setting next_dagrun for example_sensors to None, run_after=None
[2025-05-05T13:18:59.132+0000] {processor.py:208} INFO - Processing /home/airflow/.local/lib/python3.12/site-packages/airflow/example_dags/example_sensors.py took 0.070 seconds
[2025-05-05T13:19:29.852+0000] {processor.py:186} INFO - Started process (PID=1830) to work on /home/airflow/.local/lib/python3.12/site-packages/airflow/example_dags/example_sensors.py
[2025-05-05T13:19:29.853+0000] {processor.py:914} INFO - Processing file /home/airflow/.local/lib/python3.12/site-packages/airflow/example_dags/example_sensors.py for tasks to queue
[2025-05-05T13:19:29.855+0000] {logging_mixin.py:190} INFO - [2025-05-05T13:19:29.855+0000] {dagbag.py:588} INFO - Filling up the DagBag from /home/airflow/.local/lib/python3.12/site-packages/airflow/example_dags/example_sensors.py
[2025-05-05T13:19:29.863+0000] {processor.py:925} INFO - DAG(s) 'example_sensors' retrieved from /home/airflow/.local/lib/python3.12/site-packages/airflow/example_dags/example_sensors.py
[2025-05-05T13:19:29.883+0000] {logging_mixin.py:190} INFO - [2025-05-05T13:19:29.883+0000] {dag.py:3239} INFO - Sync 1 DAGs
[2025-05-05T13:19:29.894+0000] {logging_mixin.py:190} INFO - [2025-05-05T13:19:29.894+0000] {dag.py:4180} INFO - Setting next_dagrun for example_sensors to None, run_after=None
[2025-05-05T13:19:29.909+0000] {processor.py:208} INFO - Processing /home/airflow/.local/lib/python3.12/site-packages/airflow/example_dags/example_sensors.py took 0.062 seconds
[2025-05-05T13:19:57.915+0000] {processor.py:186} INFO - Started process (PID=1914) to work on /home/airflow/.local/lib/python3.12/site-packages/airflow/example_dags/example_sensors.py
[2025-05-05T13:19:57.916+0000] {processor.py:914} INFO - Processing file /home/airflow/.local/lib/python3.12/site-packages/airflow/example_dags/example_sensors.py for tasks to queue
[2025-05-05T13:19:57.917+0000] {logging_mixin.py:190} INFO - [2025-05-05T13:19:57.917+0000] {dagbag.py:588} INFO - Filling up the DagBag from /home/airflow/.local/lib/python3.12/site-packages/airflow/example_dags/example_sensors.py
[2025-05-05T13:19:57.926+0000] {processor.py:925} INFO - DAG(s) 'example_sensors' retrieved from /home/airflow/.local/lib/python3.12/site-packages/airflow/example_dags/example_sensors.py
[2025-05-05T13:19:57.947+0000] {logging_mixin.py:190} INFO - [2025-05-05T13:19:57.947+0000] {dag.py:3239} INFO - Sync 1 DAGs
[2025-05-05T13:19:57.959+0000] {logging_mixin.py:190} INFO - [2025-05-05T13:19:57.958+0000] {dag.py:4180} INFO - Setting next_dagrun for example_sensors to None, run_after=None
[2025-05-05T13:19:57.974+0000] {processor.py:208} INFO - Processing /home/airflow/.local/lib/python3.12/site-packages/airflow/example_dags/example_sensors.py took 0.063 seconds
[2025-05-05T13:20:26.825+0000] {processor.py:186} INFO - Started process (PID=1973) to work on /home/airflow/.local/lib/python3.12/site-packages/airflow/example_dags/example_sensors.py
[2025-05-05T13:20:26.826+0000] {processor.py:914} INFO - Processing file /home/airflow/.local/lib/python3.12/site-packages/airflow/example_dags/example_sensors.py for tasks to queue
[2025-05-05T13:20:26.828+0000] {logging_mixin.py:190} INFO - [2025-05-05T13:20:26.827+0000] {dagbag.py:588} INFO - Filling up the DagBag from /home/airflow/.local/lib/python3.12/site-packages/airflow/example_dags/example_sensors.py
[2025-05-05T13:20:26.836+0000] {processor.py:925} INFO - DAG(s) 'example_sensors' retrieved from /home/airflow/.local/lib/python3.12/site-packages/airflow/example_dags/example_sensors.py
[2025-05-05T13:20:26.856+0000] {logging_mixin.py:190} INFO - [2025-05-05T13:20:26.856+0000] {dag.py:3239} INFO - Sync 1 DAGs
[2025-05-05T13:20:26.868+0000] {logging_mixin.py:190} INFO - [2025-05-05T13:20:26.867+0000] {dag.py:4180} INFO - Setting next_dagrun for example_sensors to None, run_after=None
[2025-05-05T13:20:26.882+0000] {processor.py:208} INFO - Processing /home/airflow/.local/lib/python3.12/site-packages/airflow/example_dags/example_sensors.py took 0.062 seconds
[2025-05-05T13:20:58.041+0000] {processor.py:186} INFO - Started process (PID=2036) to work on /home/airflow/.local/lib/python3.12/site-packages/airflow/example_dags/example_sensors.py
[2025-05-05T13:20:58.041+0000] {processor.py:914} INFO - Processing file /home/airflow/.local/lib/python3.12/site-packages/airflow/example_dags/example_sensors.py for tasks to queue
[2025-05-05T13:20:58.043+0000] {logging_mixin.py:190} INFO - [2025-05-05T13:20:58.043+0000] {dagbag.py:588} INFO - Filling up the DagBag from /home/airflow/.local/lib/python3.12/site-packages/airflow/example_dags/example_sensors.py
[2025-05-05T13:20:58.051+0000] {processor.py:925} INFO - DAG(s) 'example_sensors' retrieved from /home/airflow/.local/lib/python3.12/site-packages/airflow/example_dags/example_sensors.py
[2025-05-05T13:20:58.071+0000] {logging_mixin.py:190} INFO - [2025-05-05T13:20:58.070+0000] {dag.py:3239} INFO - Sync 1 DAGs
[2025-05-05T13:20:58.081+0000] {logging_mixin.py:190} INFO - [2025-05-05T13:20:58.081+0000] {dag.py:4180} INFO - Setting next_dagrun for example_sensors to None, run_after=None
[2025-05-05T13:20:58.095+0000] {processor.py:208} INFO - Processing /home/airflow/.local/lib/python3.12/site-packages/airflow/example_dags/example_sensors.py took 0.058 seconds
[2025-05-05T13:21:29.040+0000] {processor.py:186} INFO - Started process (PID=2100) to work on /home/airflow/.local/lib/python3.12/site-packages/airflow/example_dags/example_sensors.py
[2025-05-05T13:21:29.040+0000] {processor.py:914} INFO - Processing file /home/airflow/.local/lib/python3.12/site-packages/airflow/example_dags/example_sensors.py for tasks to queue
[2025-05-05T13:21:29.042+0000] {logging_mixin.py:190} INFO - [2025-05-05T13:21:29.042+0000] {dagbag.py:588} INFO - Filling up the DagBag from /home/airflow/.local/lib/python3.12/site-packages/airflow/example_dags/example_sensors.py
[2025-05-05T13:21:29.050+0000] {processor.py:925} INFO - DAG(s) 'example_sensors' retrieved from /home/airflow/.local/lib/python3.12/site-packages/airflow/example_dags/example_sensors.py
[2025-05-05T13:21:29.069+0000] {logging_mixin.py:190} INFO - [2025-05-05T13:21:29.069+0000] {dag.py:3239} INFO - Sync 1 DAGs
[2025-05-05T13:21:29.080+0000] {logging_mixin.py:190} INFO - [2025-05-05T13:21:29.080+0000] {dag.py:4180} INFO - Setting next_dagrun for example_sensors to None, run_after=None
[2025-05-05T13:21:29.095+0000] {processor.py:208} INFO - Processing /home/airflow/.local/lib/python3.12/site-packages/airflow/example_dags/example_sensors.py took 0.060 seconds
[2025-05-05T13:21:52.983+0000] {processor.py:186} INFO - Started process (PID=2206) to work on /home/airflow/.local/lib/python3.12/site-packages/airflow/example_dags/example_sensors.py
[2025-05-05T13:21:52.984+0000] {processor.py:914} INFO - Processing file /home/airflow/.local/lib/python3.12/site-packages/airflow/example_dags/example_sensors.py for tasks to queue
[2025-05-05T13:21:52.986+0000] {logging_mixin.py:190} INFO - [2025-05-05T13:21:52.986+0000] {dagbag.py:588} INFO - Filling up the DagBag from /home/airflow/.local/lib/python3.12/site-packages/airflow/example_dags/example_sensors.py
[2025-05-05T13:21:52.994+0000] {processor.py:925} INFO - DAG(s) 'example_sensors' retrieved from /home/airflow/.local/lib/python3.12/site-packages/airflow/example_dags/example_sensors.py
[2025-05-05T13:21:53.013+0000] {logging_mixin.py:190} INFO - [2025-05-05T13:21:53.013+0000] {dag.py:3239} INFO - Sync 1 DAGs
[2025-05-05T13:21:53.024+0000] {logging_mixin.py:190} INFO - [2025-05-05T13:21:53.024+0000] {dag.py:4180} INFO - Setting next_dagrun for example_sensors to None, run_after=None
[2025-05-05T13:21:53.039+0000] {processor.py:208} INFO - Processing /home/airflow/.local/lib/python3.12/site-packages/airflow/example_dags/example_sensors.py took 0.060 seconds
[2025-05-05T13:22:02.761+0000] {processor.py:186} INFO - Started process (PID=2256) to work on /home/airflow/.local/lib/python3.12/site-packages/airflow/example_dags/example_sensors.py
[2025-05-05T13:22:02.762+0000] {processor.py:914} INFO - Processing file /home/airflow/.local/lib/python3.12/site-packages/airflow/example_dags/example_sensors.py for tasks to queue
[2025-05-05T13:22:02.764+0000] {logging_mixin.py:190} INFO - [2025-05-05T13:22:02.764+0000] {dagbag.py:588} INFO - Filling up the DagBag from /home/airflow/.local/lib/python3.12/site-packages/airflow/example_dags/example_sensors.py
[2025-05-05T13:22:02.772+0000] {processor.py:925} INFO - DAG(s) 'example_sensors' retrieved from /home/airflow/.local/lib/python3.12/site-packages/airflow/example_dags/example_sensors.py
[2025-05-05T13:22:02.793+0000] {logging_mixin.py:190} INFO - [2025-05-05T13:22:02.792+0000] {dag.py:3239} INFO - Sync 1 DAGs
[2025-05-05T13:22:02.804+0000] {logging_mixin.py:190} INFO - [2025-05-05T13:22:02.804+0000] {dag.py:4180} INFO - Setting next_dagrun for example_sensors to None, run_after=None
[2025-05-05T13:22:02.819+0000] {processor.py:208} INFO - Processing /home/airflow/.local/lib/python3.12/site-packages/airflow/example_dags/example_sensors.py took 0.062 seconds
[2025-05-05T13:22:34.036+0000] {processor.py:186} INFO - Started process (PID=2313) to work on /home/airflow/.local/lib/python3.12/site-packages/airflow/example_dags/example_sensors.py
[2025-05-05T13:22:34.037+0000] {processor.py:914} INFO - Processing file /home/airflow/.local/lib/python3.12/site-packages/airflow/example_dags/example_sensors.py for tasks to queue
[2025-05-05T13:22:34.039+0000] {logging_mixin.py:190} INFO - [2025-05-05T13:22:34.039+0000] {dagbag.py:588} INFO - Filling up the DagBag from /home/airflow/.local/lib/python3.12/site-packages/airflow/example_dags/example_sensors.py
[2025-05-05T13:22:34.048+0000] {processor.py:925} INFO - DAG(s) 'example_sensors' retrieved from /home/airflow/.local/lib/python3.12/site-packages/airflow/example_dags/example_sensors.py
[2025-05-05T13:22:34.067+0000] {logging_mixin.py:190} INFO - [2025-05-05T13:22:34.067+0000] {dag.py:3239} INFO - Sync 1 DAGs
[2025-05-05T13:22:34.078+0000] {logging_mixin.py:190} INFO - [2025-05-05T13:22:34.078+0000] {dag.py:4180} INFO - Setting next_dagrun for example_sensors to None, run_after=None
[2025-05-05T13:22:34.091+0000] {processor.py:208} INFO - Processing /home/airflow/.local/lib/python3.12/site-packages/airflow/example_dags/example_sensors.py took 0.060 seconds
[2025-05-05T13:23:31.939+0000] {processor.py:186} INFO - Started process (PID=2377) to work on /home/airflow/.local/lib/python3.12/site-packages/airflow/example_dags/example_sensors.py
[2025-05-05T13:23:31.940+0000] {processor.py:914} INFO - Processing file /home/airflow/.local/lib/python3.12/site-packages/airflow/example_dags/example_sensors.py for tasks to queue
[2025-05-05T13:23:31.942+0000] {logging_mixin.py:190} INFO - [2025-05-05T13:23:31.942+0000] {dagbag.py:588} INFO - Filling up the DagBag from /home/airflow/.local/lib/python3.12/site-packages/airflow/example_dags/example_sensors.py
[2025-05-05T13:23:31.951+0000] {processor.py:925} INFO - DAG(s) 'example_sensors' retrieved from /home/airflow/.local/lib/python3.12/site-packages/airflow/example_dags/example_sensors.py
[2025-05-05T13:23:05.120+0000] {logging_mixin.py:190} INFO - [2025-05-05T13:23:05.120+0000] {dag.py:3239} INFO - Sync 1 DAGs
[2025-05-05T13:23:05.131+0000] {logging_mixin.py:190} INFO - [2025-05-05T13:23:05.131+0000] {dag.py:4180} INFO - Setting next_dagrun for example_sensors to None, run_after=None
[2025-05-05T13:23:05.144+0000] {processor.py:208} INFO - Processing /home/airflow/.local/lib/python3.12/site-packages/airflow/example_dags/example_sensors.py took 0.062 seconds
[2025-05-05T13:23:12.124+0000] {processor.py:186} INFO - Started process (PID=2457) to work on /home/airflow/.local/lib/python3.12/site-packages/airflow/example_dags/example_sensors.py
[2025-05-05T13:23:12.124+0000] {processor.py:914} INFO - Processing file /home/airflow/.local/lib/python3.12/site-packages/airflow/example_dags/example_sensors.py for tasks to queue
[2025-05-05T13:23:12.126+0000] {logging_mixin.py:190} INFO - [2025-05-05T13:23:12.126+0000] {dagbag.py:588} INFO - Filling up the DagBag from /home/airflow/.local/lib/python3.12/site-packages/airflow/example_dags/example_sensors.py
[2025-05-05T13:23:12.135+0000] {processor.py:925} INFO - DAG(s) 'example_sensors' retrieved from /home/airflow/.local/lib/python3.12/site-packages/airflow/example_dags/example_sensors.py
[2025-05-05T13:23:12.158+0000] {logging_mixin.py:190} INFO - [2025-05-05T13:23:12.158+0000] {dag.py:3239} INFO - Sync 1 DAGs
[2025-05-05T13:23:12.169+0000] {logging_mixin.py:190} INFO - [2025-05-05T13:23:12.169+0000] {dag.py:4180} INFO - Setting next_dagrun for example_sensors to None, run_after=None
[2025-05-05T13:23:12.183+0000] {processor.py:208} INFO - Processing /home/airflow/.local/lib/python3.12/site-packages/airflow/example_dags/example_sensors.py took 0.064 seconds
[2025-05-05T13:23:42.549+0000] {processor.py:186} INFO - Started process (PID=2525) to work on /home/airflow/.local/lib/python3.12/site-packages/airflow/example_dags/example_sensors.py
[2025-05-05T13:23:42.550+0000] {processor.py:914} INFO - Processing file /home/airflow/.local/lib/python3.12/site-packages/airflow/example_dags/example_sensors.py for tasks to queue
[2025-05-05T13:23:42.552+0000] {logging_mixin.py:190} INFO - [2025-05-05T13:23:42.552+0000] {dagbag.py:588} INFO - Filling up the DagBag from /home/airflow/.local/lib/python3.12/site-packages/airflow/example_dags/example_sensors.py
[2025-05-05T13:23:42.562+0000] {processor.py:925} INFO - DAG(s) 'example_sensors' retrieved from /home/airflow/.local/lib/python3.12/site-packages/airflow/example_dags/example_sensors.py
[2025-05-05T13:23:42.590+0000] {logging_mixin.py:190} INFO - [2025-05-05T13:23:42.589+0000] {dag.py:3239} INFO - Sync 1 DAGs
[2025-05-05T13:23:42.603+0000] {logging_mixin.py:190} INFO - [2025-05-05T13:23:42.603+0000] {dag.py:4180} INFO - Setting next_dagrun for example_sensors to None, run_after=None
[2025-05-05T13:23:42.620+0000] {processor.py:208} INFO - Processing /home/airflow/.local/lib/python3.12/site-packages/airflow/example_dags/example_sensors.py took 0.076 seconds
[2025-05-05T13:24:13.166+0000] {processor.py:186} INFO - Started process (PID=2589) to work on /home/airflow/.local/lib/python3.12/site-packages/airflow/example_dags/example_sensors.py
[2025-05-05T13:24:13.167+0000] {processor.py:914} INFO - Processing file /home/airflow/.local/lib/python3.12/site-packages/airflow/example_dags/example_sensors.py for tasks to queue
[2025-05-05T13:24:13.169+0000] {logging_mixin.py:190} INFO - [2025-05-05T13:24:13.168+0000] {dagbag.py:588} INFO - Filling up the DagBag from /home/airflow/.local/lib/python3.12/site-packages/airflow/example_dags/example_sensors.py
[2025-05-05T13:24:13.178+0000] {processor.py:925} INFO - DAG(s) 'example_sensors' retrieved from /home/airflow/.local/lib/python3.12/site-packages/airflow/example_dags/example_sensors.py
[2025-05-05T13:24:13.202+0000] {logging_mixin.py:190} INFO - [2025-05-05T13:24:13.201+0000] {dag.py:3239} INFO - Sync 1 DAGs
[2025-05-05T13:24:13.214+0000] {logging_mixin.py:190} INFO - [2025-05-05T13:24:13.214+0000] {dag.py:4180} INFO - Setting next_dagrun for example_sensors to None, run_after=None
[2025-05-05T13:24:13.232+0000] {processor.py:208} INFO - Processing /home/airflow/.local/lib/python3.12/site-packages/airflow/example_dags/example_sensors.py took 0.072 seconds
[2025-05-05T13:24:28.667+0000] {processor.py:186} INFO - Started process (PID=2682) to work on /home/airflow/.local/lib/python3.12/site-packages/airflow/example_dags/example_sensors.py
[2025-05-05T13:24:28.667+0000] {processor.py:914} INFO - Processing file /home/airflow/.local/lib/python3.12/site-packages/airflow/example_dags/example_sensors.py for tasks to queue
[2025-05-05T13:24:28.669+0000] {logging_mixin.py:190} INFO - [2025-05-05T13:24:28.669+0000] {dagbag.py:588} INFO - Filling up the DagBag from /home/airflow/.local/lib/python3.12/site-packages/airflow/example_dags/example_sensors.py
[2025-05-05T13:24:28.678+0000] {processor.py:925} INFO - DAG(s) 'example_sensors' retrieved from /home/airflow/.local/lib/python3.12/site-packages/airflow/example_dags/example_sensors.py
[2025-05-05T13:24:28.699+0000] {logging_mixin.py:190} INFO - [2025-05-05T13:24:28.699+0000] {dag.py:3239} INFO - Sync 1 DAGs
[2025-05-05T13:24:28.711+0000] {logging_mixin.py:190} INFO - [2025-05-05T13:24:28.710+0000] {dag.py:4180} INFO - Setting next_dagrun for example_sensors to None, run_after=None
[2025-05-05T13:24:28.729+0000] {processor.py:208} INFO - Processing /home/airflow/.local/lib/python3.12/site-packages/airflow/example_dags/example_sensors.py took 0.067 seconds
[2025-05-05T13:24:59.836+0000] {processor.py:186} INFO - Started process (PID=2746) to work on /home/airflow/.local/lib/python3.12/site-packages/airflow/example_dags/example_sensors.py
[2025-05-05T13:24:59.836+0000] {processor.py:914} INFO - Processing file /home/airflow/.local/lib/python3.12/site-packages/airflow/example_dags/example_sensors.py for tasks to queue
[2025-05-05T13:24:59.838+0000] {logging_mixin.py:190} INFO - [2025-05-05T13:24:59.838+0000] {dagbag.py:588} INFO - Filling up the DagBag from /home/airflow/.local/lib/python3.12/site-packages/airflow/example_dags/example_sensors.py
[2025-05-05T13:24:59.846+0000] {processor.py:925} INFO - DAG(s) 'example_sensors' retrieved from /home/airflow/.local/lib/python3.12/site-packages/airflow/example_dags/example_sensors.py
[2025-05-05T13:24:59.866+0000] {logging_mixin.py:190} INFO - [2025-05-05T13:24:59.865+0000] {dag.py:3239} INFO - Sync 1 DAGs
[2025-05-05T13:24:59.876+0000] {logging_mixin.py:190} INFO - [2025-05-05T13:24:59.876+0000] {dag.py:4180} INFO - Setting next_dagrun for example_sensors to None, run_after=None
[2025-05-05T13:24:59.890+0000] {processor.py:208} INFO - Processing /home/airflow/.local/lib/python3.12/site-packages/airflow/example_dags/example_sensors.py took 0.060 seconds
[2025-05-05T13:25:30.511+0000] {processor.py:186} INFO - Started process (PID=2810) to work on /home/airflow/.local/lib/python3.12/site-packages/airflow/example_dags/example_sensors.py
[2025-05-05T13:25:30.511+0000] {processor.py:914} INFO - Processing file /home/airflow/.local/lib/python3.12/site-packages/airflow/example_dags/example_sensors.py for tasks to queue
[2025-05-05T13:25:30.513+0000] {logging_mixin.py:190} INFO - [2025-05-05T13:25:30.513+0000] {dagbag.py:588} INFO - Filling up the DagBag from /home/airflow/.local/lib/python3.12/site-packages/airflow/example_dags/example_sensors.py
[2025-05-05T13:25:30.522+0000] {processor.py:925} INFO - DAG(s) 'example_sensors' retrieved from /home/airflow/.local/lib/python3.12/site-packages/airflow/example_dags/example_sensors.py
[2025-05-05T13:25:30.543+0000] {logging_mixin.py:190} INFO - [2025-05-05T13:25:30.542+0000] {dag.py:3239} INFO - Sync 1 DAGs
[2025-05-05T13:25:30.554+0000] {logging_mixin.py:190} INFO - [2025-05-05T13:25:30.554+0000] {dag.py:4180} INFO - Setting next_dagrun for example_sensors to None, run_after=None
[2025-05-05T13:25:30.572+0000] {processor.py:208} INFO - Processing /home/airflow/.local/lib/python3.12/site-packages/airflow/example_dags/example_sensors.py took 0.065 seconds
[2025-05-05T13:25:37.768+0000] {processor.py:186} INFO - Started process (PID=2863) to work on /home/airflow/.local/lib/python3.12/site-packages/airflow/example_dags/example_sensors.py
[2025-05-05T13:25:37.768+0000] {processor.py:914} INFO - Processing file /home/airflow/.local/lib/python3.12/site-packages/airflow/example_dags/example_sensors.py for tasks to queue
[2025-05-05T13:25:37.770+0000] {logging_mixin.py:190} INFO - [2025-05-05T13:25:37.770+0000] {dagbag.py:588} INFO - Filling up the DagBag from /home/airflow/.local/lib/python3.12/site-packages/airflow/example_dags/example_sensors.py
[2025-05-05T13:25:37.779+0000] {processor.py:925} INFO - DAG(s) 'example_sensors' retrieved from /home/airflow/.local/lib/python3.12/site-packages/airflow/example_dags/example_sensors.py
[2025-05-05T13:25:37.799+0000] {logging_mixin.py:190} INFO - [2025-05-05T13:25:37.798+0000] {dag.py:3239} INFO - Sync 1 DAGs
[2025-05-05T13:25:37.812+0000] {logging_mixin.py:190} INFO - [2025-05-05T13:25:37.811+0000] {dag.py:4180} INFO - Setting next_dagrun for example_sensors to None, run_after=None
[2025-05-05T13:25:37.828+0000] {processor.py:208} INFO - Processing /home/airflow/.local/lib/python3.12/site-packages/airflow/example_dags/example_sensors.py took 0.065 seconds
[2025-05-05T13:25:47.259+0000] {processor.py:186} INFO - Started process (PID=2906) to work on /home/airflow/.local/lib/python3.12/site-packages/airflow/example_dags/example_sensors.py
[2025-05-05T13:25:47.260+0000] {processor.py:914} INFO - Processing file /home/airflow/.local/lib/python3.12/site-packages/airflow/example_dags/example_sensors.py for tasks to queue
[2025-05-05T13:25:47.262+0000] {logging_mixin.py:190} INFO - [2025-05-05T13:25:47.262+0000] {dagbag.py:588} INFO - Filling up the DagBag from /home/airflow/.local/lib/python3.12/site-packages/airflow/example_dags/example_sensors.py
[2025-05-05T13:25:47.272+0000] {processor.py:925} INFO - DAG(s) 'example_sensors' retrieved from /home/airflow/.local/lib/python3.12/site-packages/airflow/example_dags/example_sensors.py
[2025-05-05T13:25:47.293+0000] {logging_mixin.py:190} INFO - [2025-05-05T13:25:47.293+0000] {dag.py:3239} INFO - Sync 1 DAGs
[2025-05-05T13:25:47.305+0000] {logging_mixin.py:190} INFO - [2025-05-05T13:25:47.305+0000] {dag.py:4180} INFO - Setting next_dagrun for example_sensors to None, run_after=None
[2025-05-05T13:25:47.319+0000] {processor.py:208} INFO - Processing /home/airflow/.local/lib/python3.12/site-packages/airflow/example_dags/example_sensors.py took 0.065 seconds
[2025-05-05T13:25:55.966+0000] {processor.py:186} INFO - Started process (PID=2943) to work on /home/airflow/.local/lib/python3.12/site-packages/airflow/example_dags/example_sensors.py
[2025-05-05T13:25:55.967+0000] {processor.py:914} INFO - Processing file /home/airflow/.local/lib/python3.12/site-packages/airflow/example_dags/example_sensors.py for tasks to queue
[2025-05-05T13:25:55.969+0000] {logging_mixin.py:190} INFO - [2025-05-05T13:25:55.969+0000] {dagbag.py:588} INFO - Filling up the DagBag from /home/airflow/.local/lib/python3.12/site-packages/airflow/example_dags/example_sensors.py
[2025-05-05T13:25:55.980+0000] {processor.py:925} INFO - DAG(s) 'example_sensors' retrieved from /home/airflow/.local/lib/python3.12/site-packages/airflow/example_dags/example_sensors.py
[2025-05-05T13:25:56.001+0000] {logging_mixin.py:190} INFO - [2025-05-05T13:25:56.000+0000] {dag.py:3239} INFO - Sync 1 DAGs
[2025-05-05T13:25:56.013+0000] {logging_mixin.py:190} INFO - [2025-05-05T13:25:56.013+0000] {dag.py:4180} INFO - Setting next_dagrun for example_sensors to None, run_after=None
[2025-05-05T13:25:56.028+0000] {processor.py:208} INFO - Processing /home/airflow/.local/lib/python3.12/site-packages/airflow/example_dags/example_sensors.py took 0.067 seconds
[2025-05-05T13:26:22.818+0000] {processor.py:186} INFO - Started process (PID=3004) to work on /home/airflow/.local/lib/python3.12/site-packages/airflow/example_dags/example_sensors.py
[2025-05-05T13:26:22.819+0000] {processor.py:914} INFO - Processing file /home/airflow/.local/lib/python3.12/site-packages/airflow/example_dags/example_sensors.py for tasks to queue
[2025-05-05T13:26:22.821+0000] {logging_mixin.py:190} INFO - [2025-05-05T13:26:22.820+0000] {dagbag.py:588} INFO - Filling up the DagBag from /home/airflow/.local/lib/python3.12/site-packages/airflow/example_dags/example_sensors.py
[2025-05-05T13:26:22.829+0000] {processor.py:925} INFO - DAG(s) 'example_sensors' retrieved from /home/airflow/.local/lib/python3.12/site-packages/airflow/example_dags/example_sensors.py
[2025-05-05T13:26:22.848+0000] {logging_mixin.py:190} INFO - [2025-05-05T13:26:22.848+0000] {dag.py:3239} INFO - Sync 1 DAGs
[2025-05-05T13:26:22.858+0000] {logging_mixin.py:190} INFO - [2025-05-05T13:26:22.858+0000] {dag.py:4180} INFO - Setting next_dagrun for example_sensors to None, run_after=None
[2025-05-05T13:26:22.871+0000] {processor.py:208} INFO - Processing /home/airflow/.local/lib/python3.12/site-packages/airflow/example_dags/example_sensors.py took 0.058 seconds
[2025-05-05T13:26:53.311+0000] {processor.py:186} INFO - Started process (PID=3061) to work on /home/airflow/.local/lib/python3.12/site-packages/airflow/example_dags/example_sensors.py
[2025-05-05T13:26:53.312+0000] {processor.py:914} INFO - Processing file /home/airflow/.local/lib/python3.12/site-packages/airflow/example_dags/example_sensors.py for tasks to queue
[2025-05-05T13:26:53.313+0000] {logging_mixin.py:190} INFO - [2025-05-05T13:26:53.313+0000] {dagbag.py:588} INFO - Filling up the DagBag from /home/airflow/.local/lib/python3.12/site-packages/airflow/example_dags/example_sensors.py
[2025-05-05T13:26:53.322+0000] {processor.py:925} INFO - DAG(s) 'example_sensors' retrieved from /home/airflow/.local/lib/python3.12/site-packages/airflow/example_dags/example_sensors.py
[2025-05-05T13:26:53.341+0000] {logging_mixin.py:190} INFO - [2025-05-05T13:26:53.341+0000] {dag.py:3239} INFO - Sync 1 DAGs
[2025-05-05T13:26:53.351+0000] {logging_mixin.py:190} INFO - [2025-05-05T13:26:53.351+0000] {dag.py:4180} INFO - Setting next_dagrun for example_sensors to None, run_after=None
[2025-05-05T13:26:53.365+0000] {processor.py:208} INFO - Processing /home/airflow/.local/lib/python3.12/site-packages/airflow/example_dags/example_sensors.py took 0.059 seconds
[2025-05-05T13:27:17.572+0000] {processor.py:186} INFO - Started process (PID=3121) to work on /home/airflow/.local/lib/python3.12/site-packages/airflow/example_dags/example_sensors.py
[2025-05-05T13:27:17.573+0000] {processor.py:914} INFO - Processing file /home/airflow/.local/lib/python3.12/site-packages/airflow/example_dags/example_sensors.py for tasks to queue
[2025-05-05T13:27:17.575+0000] {logging_mixin.py:190} INFO - [2025-05-05T13:27:17.575+0000] {dagbag.py:588} INFO - Filling up the DagBag from /home/airflow/.local/lib/python3.12/site-packages/airflow/example_dags/example_sensors.py
[2025-05-05T13:27:17.583+0000] {processor.py:925} INFO - DAG(s) 'example_sensors' retrieved from /home/airflow/.local/lib/python3.12/site-packages/airflow/example_dags/example_sensors.py
[2025-05-05T13:27:17.603+0000] {logging_mixin.py:190} INFO - [2025-05-05T13:27:17.603+0000] {dag.py:3239} INFO - Sync 1 DAGs
[2025-05-05T13:27:17.614+0000] {logging_mixin.py:190} INFO - [2025-05-05T13:27:17.613+0000] {dag.py:4180} INFO - Setting next_dagrun for example_sensors to None, run_after=None
[2025-05-05T13:27:17.628+0000] {processor.py:208} INFO - Processing /home/airflow/.local/lib/python3.12/site-packages/airflow/example_dags/example_sensors.py took 0.061 seconds
[2025-05-05T13:27:24.229+0000] {processor.py:186} INFO - Started process (PID=3178) to work on /home/airflow/.local/lib/python3.12/site-packages/airflow/example_dags/example_sensors.py
[2025-05-05T13:27:24.230+0000] {processor.py:914} INFO - Processing file /home/airflow/.local/lib/python3.12/site-packages/airflow/example_dags/example_sensors.py for tasks to queue
[2025-05-05T13:27:24.232+0000] {logging_mixin.py:190} INFO - [2025-05-05T13:27:24.231+0000] {dagbag.py:588} INFO - Filling up the DagBag from /home/airflow/.local/lib/python3.12/site-packages/airflow/example_dags/example_sensors.py
[2025-05-05T13:27:24.240+0000] {processor.py:925} INFO - DAG(s) 'example_sensors' retrieved from /home/airflow/.local/lib/python3.12/site-packages/airflow/example_dags/example_sensors.py
[2025-05-05T13:27:24.259+0000] {logging_mixin.py:190} INFO - [2025-05-05T13:27:24.258+0000] {dag.py:3239} INFO - Sync 1 DAGs
[2025-05-05T13:27:24.269+0000] {logging_mixin.py:190} INFO - [2025-05-05T13:27:24.269+0000] {dag.py:4180} INFO - Setting next_dagrun for example_sensors to None, run_after=None
[2025-05-05T13:27:24.283+0000] {processor.py:208} INFO - Processing /home/airflow/.local/lib/python3.12/site-packages/airflow/example_dags/example_sensors.py took 0.058 seconds
[2025-05-05T13:27:54.735+0000] {processor.py:186} INFO - Started process (PID=3240) to work on /home/airflow/.local/lib/python3.12/site-packages/airflow/example_dags/example_sensors.py
[2025-05-05T13:27:54.736+0000] {processor.py:914} INFO - Processing file /home/airflow/.local/lib/python3.12/site-packages/airflow/example_dags/example_sensors.py for tasks to queue
[2025-05-05T13:27:54.737+0000] {logging_mixin.py:190} INFO - [2025-05-05T13:27:54.737+0000] {dagbag.py:588} INFO - Filling up the DagBag from /home/airflow/.local/lib/python3.12/site-packages/airflow/example_dags/example_sensors.py
[2025-05-05T13:27:54.745+0000] {processor.py:925} INFO - DAG(s) 'example_sensors' retrieved from /home/airflow/.local/lib/python3.12/site-packages/airflow/example_dags/example_sensors.py
[2025-05-05T13:27:54.766+0000] {logging_mixin.py:190} INFO - [2025-05-05T13:27:54.765+0000] {dag.py:3239} INFO - Sync 1 DAGs
[2025-05-05T13:27:54.777+0000] {logging_mixin.py:190} INFO - [2025-05-05T13:27:54.776+0000] {dag.py:4180} INFO - Setting next_dagrun for example_sensors to None, run_after=None
[2025-05-05T13:27:54.790+0000] {processor.py:208} INFO - Processing /home/airflow/.local/lib/python3.12/site-packages/airflow/example_dags/example_sensors.py took 0.059 seconds
[2025-05-05T13:28:25.256+0000] {processor.py:186} INFO - Started process (PID=3304) to work on /home/airflow/.local/lib/python3.12/site-packages/airflow/example_dags/example_sensors.py
[2025-05-05T13:28:25.256+0000] {processor.py:914} INFO - Processing file /home/airflow/.local/lib/python3.12/site-packages/airflow/example_dags/example_sensors.py for tasks to queue
[2025-05-05T13:28:25.258+0000] {logging_mixin.py:190} INFO - [2025-05-05T13:28:25.258+0000] {dagbag.py:588} INFO - Filling up the DagBag from /home/airflow/.local/lib/python3.12/site-packages/airflow/example_dags/example_sensors.py
[2025-05-05T13:28:25.267+0000] {processor.py:925} INFO - DAG(s) 'example_sensors' retrieved from /home/airflow/.local/lib/python3.12/site-packages/airflow/example_dags/example_sensors.py
[2025-05-05T13:28:25.288+0000] {logging_mixin.py:190} INFO - [2025-05-05T13:28:25.288+0000] {dag.py:3239} INFO - Sync 1 DAGs
[2025-05-05T13:28:25.301+0000] {logging_mixin.py:190} INFO - [2025-05-05T13:28:25.301+0000] {dag.py:4180} INFO - Setting next_dagrun for example_sensors to None, run_after=None
[2025-05-05T13:28:25.316+0000] {processor.py:208} INFO - Processing /home/airflow/.local/lib/python3.12/site-packages/airflow/example_dags/example_sensors.py took 0.064 seconds
[2025-05-05T13:28:42.654+0000] {processor.py:186} INFO - Started process (PID=3388) to work on /home/airflow/.local/lib/python3.12/site-packages/airflow/example_dags/example_sensors.py
[2025-05-05T13:28:42.654+0000] {processor.py:914} INFO - Processing file /home/airflow/.local/lib/python3.12/site-packages/airflow/example_dags/example_sensors.py for tasks to queue
[2025-05-05T13:28:42.656+0000] {logging_mixin.py:190} INFO - [2025-05-05T13:28:42.656+0000] {dagbag.py:588} INFO - Filling up the DagBag from /home/airflow/.local/lib/python3.12/site-packages/airflow/example_dags/example_sensors.py
[2025-05-05T13:28:42.663+0000] {processor.py:925} INFO - DAG(s) 'example_sensors' retrieved from /home/airflow/.local/lib/python3.12/site-packages/airflow/example_dags/example_sensors.py
[2025-05-05T13:28:42.683+0000] {logging_mixin.py:190} INFO - [2025-05-05T13:28:42.682+0000] {dag.py:3239} INFO - Sync 1 DAGs
[2025-05-05T13:28:42.693+0000] {logging_mixin.py:190} INFO - [2025-05-05T13:28:42.692+0000] {dag.py:4180} INFO - Setting next_dagrun for example_sensors to None, run_after=None
[2025-05-05T13:28:42.708+0000] {processor.py:208} INFO - Processing /home/airflow/.local/lib/python3.12/site-packages/airflow/example_dags/example_sensors.py took 0.058 seconds
[2025-05-05T13:28:55.792+0000] {processor.py:186} INFO - Started process (PID=3425) to work on /home/airflow/.local/lib/python3.12/site-packages/airflow/example_dags/example_sensors.py
[2025-05-05T13:28:55.793+0000] {processor.py:914} INFO - Processing file /home/airflow/.local/lib/python3.12/site-packages/airflow/example_dags/example_sensors.py for tasks to queue
[2025-05-05T13:28:55.795+0000] {logging_mixin.py:190} INFO - [2025-05-05T13:28:55.794+0000] {dagbag.py:588} INFO - Filling up the DagBag from /home/airflow/.local/lib/python3.12/site-packages/airflow/example_dags/example_sensors.py
[2025-05-05T13:28:55.802+0000] {processor.py:925} INFO - DAG(s) 'example_sensors' retrieved from /home/airflow/.local/lib/python3.12/site-packages/airflow/example_dags/example_sensors.py
[2025-05-05T13:28:55.821+0000] {logging_mixin.py:190} INFO - [2025-05-05T13:28:55.821+0000] {dag.py:3239} INFO - Sync 1 DAGs
[2025-05-05T13:28:55.832+0000] {logging_mixin.py:190} INFO - [2025-05-05T13:28:55.832+0000] {dag.py:4180} INFO - Setting next_dagrun for example_sensors to None, run_after=None
[2025-05-05T13:28:55.848+0000] {processor.py:208} INFO - Processing /home/airflow/.local/lib/python3.12/site-packages/airflow/example_dags/example_sensors.py took 0.060 seconds
[2025-05-05T13:29:02.740+0000] {processor.py:186} INFO - Started process (PID=3465) to work on /home/airflow/.local/lib/python3.12/site-packages/airflow/example_dags/example_sensors.py
[2025-05-05T13:29:02.741+0000] {processor.py:914} INFO - Processing file /home/airflow/.local/lib/python3.12/site-packages/airflow/example_dags/example_sensors.py for tasks to queue
[2025-05-05T13:29:02.743+0000] {logging_mixin.py:190} INFO - [2025-05-05T13:29:02.743+0000] {dagbag.py:588} INFO - Filling up the DagBag from /home/airflow/.local/lib/python3.12/site-packages/airflow/example_dags/example_sensors.py
[2025-05-05T13:29:02.751+0000] {processor.py:925} INFO - DAG(s) 'example_sensors' retrieved from /home/airflow/.local/lib/python3.12/site-packages/airflow/example_dags/example_sensors.py
[2025-05-05T13:29:02.771+0000] {logging_mixin.py:190} INFO - [2025-05-05T13:29:02.771+0000] {dag.py:3239} INFO - Sync 1 DAGs
[2025-05-05T13:29:02.781+0000] {logging_mixin.py:190} INFO - [2025-05-05T13:29:02.781+0000] {dag.py:4180} INFO - Setting next_dagrun for example_sensors to None, run_after=None
[2025-05-05T13:29:02.794+0000] {processor.py:208} INFO - Processing /home/airflow/.local/lib/python3.12/site-packages/airflow/example_dags/example_sensors.py took 0.058 seconds
[2025-05-05T13:29:34.099+0000] {processor.py:186} INFO - Started process (PID=3516) to work on /home/airflow/.local/lib/python3.12/site-packages/airflow/example_dags/example_sensors.py
[2025-05-05T13:29:34.100+0000] {processor.py:914} INFO - Processing file /home/airflow/.local/lib/python3.12/site-packages/airflow/example_dags/example_sensors.py for tasks to queue
[2025-05-05T13:29:34.102+0000] {logging_mixin.py:190} INFO - [2025-05-05T13:29:34.101+0000] {dagbag.py:588} INFO - Filling up the DagBag from /home/airflow/.local/lib/python3.12/site-packages/airflow/example_dags/example_sensors.py
[2025-05-05T13:29:34.110+0000] {processor.py:925} INFO - DAG(s) 'example_sensors' retrieved from /home/airflow/.local/lib/python3.12/site-packages/airflow/example_dags/example_sensors.py
[2025-05-05T13:29:34.132+0000] {logging_mixin.py:190} INFO - [2025-05-05T13:29:34.132+0000] {dag.py:3239} INFO - Sync 1 DAGs
[2025-05-05T13:29:34.145+0000] {logging_mixin.py:190} INFO - [2025-05-05T13:29:34.145+0000] {dag.py:4180} INFO - Setting next_dagrun for example_sensors to None, run_after=None
[2025-05-05T13:29:34.162+0000] {processor.py:208} INFO - Processing /home/airflow/.local/lib/python3.12/site-packages/airflow/example_dags/example_sensors.py took 0.068 seconds
[2025-05-05T13:30:05.510+0000] {processor.py:186} INFO - Started process (PID=3580) to work on /home/airflow/.local/lib/python3.12/site-packages/airflow/example_dags/example_sensors.py
[2025-05-05T13:30:05.511+0000] {processor.py:914} INFO - Processing file /home/airflow/.local/lib/python3.12/site-packages/airflow/example_dags/example_sensors.py for tasks to queue
[2025-05-05T13:30:05.513+0000] {logging_mixin.py:190} INFO - [2025-05-05T13:30:05.512+0000] {dagbag.py:588} INFO - Filling up the DagBag from /home/airflow/.local/lib/python3.12/site-packages/airflow/example_dags/example_sensors.py
[2025-05-05T13:30:05.521+0000] {processor.py:925} INFO - DAG(s) 'example_sensors' retrieved from /home/airflow/.local/lib/python3.12/site-packages/airflow/example_dags/example_sensors.py
[2025-05-05T13:30:05.543+0000] {logging_mixin.py:190} INFO - [2025-05-05T13:30:05.542+0000] {dag.py:3239} INFO - Sync 1 DAGs
[2025-05-05T13:30:05.555+0000] {logging_mixin.py:190} INFO - [2025-05-05T13:30:05.555+0000] {dag.py:4180} INFO - Setting next_dagrun for example_sensors to None, run_after=None
[2025-05-05T13:30:05.571+0000] {processor.py:208} INFO - Processing /home/airflow/.local/lib/python3.12/site-packages/airflow/example_dags/example_sensors.py took 0.066 seconds
[2025-05-05T13:30:36.077+0000] {processor.py:186} INFO - Started process (PID=3644) to work on /home/airflow/.local/lib/python3.12/site-packages/airflow/example_dags/example_sensors.py
[2025-05-05T13:30:36.078+0000] {processor.py:914} INFO - Processing file /home/airflow/.local/lib/python3.12/site-packages/airflow/example_dags/example_sensors.py for tasks to queue
[2025-05-05T13:30:36.079+0000] {logging_mixin.py:190} INFO - [2025-05-05T13:30:36.079+0000] {dagbag.py:588} INFO - Filling up the DagBag from /home/airflow/.local/lib/python3.12/site-packages/airflow/example_dags/example_sensors.py
[2025-05-05T13:30:36.087+0000] {processor.py:925} INFO - DAG(s) 'example_sensors' retrieved from /home/airflow/.local/lib/python3.12/site-packages/airflow/example_dags/example_sensors.py
[2025-05-05T13:30:36.106+0000] {logging_mixin.py:190} INFO - [2025-05-05T13:30:36.106+0000] {dag.py:3239} INFO - Sync 1 DAGs
[2025-05-05T13:30:36.116+0000] {logging_mixin.py:190} INFO - [2025-05-05T13:30:36.116+0000] {dag.py:4180} INFO - Setting next_dagrun for example_sensors to None, run_after=None
[2025-05-05T13:30:36.130+0000] {processor.py:208} INFO - Processing /home/airflow/.local/lib/python3.12/site-packages/airflow/example_dags/example_sensors.py took 0.057 seconds
[2025-05-05T13:31:06.632+0000] {processor.py:186} INFO - Started process (PID=3710) to work on /home/airflow/.local/lib/python3.12/site-packages/airflow/example_dags/example_sensors.py
[2025-05-05T13:31:06.633+0000] {processor.py:914} INFO - Processing file /home/airflow/.local/lib/python3.12/site-packages/airflow/example_dags/example_sensors.py for tasks to queue
[2025-05-05T13:31:06.635+0000] {logging_mixin.py:190} INFO - [2025-05-05T13:31:06.635+0000] {dagbag.py:588} INFO - Filling up the DagBag from /home/airflow/.local/lib/python3.12/site-packages/airflow/example_dags/example_sensors.py
[2025-05-05T13:31:06.642+0000] {processor.py:925} INFO - DAG(s) 'example_sensors' retrieved from /home/airflow/.local/lib/python3.12/site-packages/airflow/example_dags/example_sensors.py
[2025-05-05T13:31:06.660+0000] {logging_mixin.py:190} INFO - [2025-05-05T13:31:06.659+0000] {dag.py:3239} INFO - Sync 1 DAGs
[2025-05-05T13:31:06.670+0000] {logging_mixin.py:190} INFO - [2025-05-05T13:31:06.670+0000] {dag.py:4180} INFO - Setting next_dagrun for example_sensors to None, run_after=None
[2025-05-05T13:31:06.683+0000] {processor.py:208} INFO - Processing /home/airflow/.local/lib/python3.12/site-packages/airflow/example_dags/example_sensors.py took 0.055 seconds
[2025-05-05T13:31:37.708+0000] {processor.py:186} INFO - Started process (PID=3776) to work on /home/airflow/.local/lib/python3.12/site-packages/airflow/example_dags/example_sensors.py
[2025-05-05T13:31:37.708+0000] {processor.py:914} INFO - Processing file /home/airflow/.local/lib/python3.12/site-packages/airflow/example_dags/example_sensors.py for tasks to queue
[2025-05-05T13:31:37.710+0000] {logging_mixin.py:190} INFO - [2025-05-05T13:31:37.710+0000] {dagbag.py:588} INFO - Filling up the DagBag from /home/airflow/.local/lib/python3.12/site-packages/airflow/example_dags/example_sensors.py
[2025-05-05T13:31:37.718+0000] {processor.py:925} INFO - DAG(s) 'example_sensors' retrieved from /home/airflow/.local/lib/python3.12/site-packages/airflow/example_dags/example_sensors.py
[2025-05-05T13:31:37.738+0000] {logging_mixin.py:190} INFO - [2025-05-05T13:31:37.737+0000] {dag.py:3239} INFO - Sync 1 DAGs
[2025-05-05T13:31:37.748+0000] {logging_mixin.py:190} INFO - [2025-05-05T13:31:37.747+0000] {dag.py:4180} INFO - Setting next_dagrun for example_sensors to None, run_after=None
[2025-05-05T13:31:37.763+0000] {processor.py:208} INFO - Processing /home/airflow/.local/lib/python3.12/site-packages/airflow/example_dags/example_sensors.py took 0.060 seconds
[2025-05-05T13:32:08.874+0000] {processor.py:186} INFO - Started process (PID=3840) to work on /home/airflow/.local/lib/python3.12/site-packages/airflow/example_dags/example_sensors.py
[2025-05-05T13:32:08.875+0000] {processor.py:914} INFO - Processing file /home/airflow/.local/lib/python3.12/site-packages/airflow/example_dags/example_sensors.py for tasks to queue
[2025-05-05T13:32:08.876+0000] {logging_mixin.py:190} INFO - [2025-05-05T13:32:08.876+0000] {dagbag.py:588} INFO - Filling up the DagBag from /home/airflow/.local/lib/python3.12/site-packages/airflow/example_dags/example_sensors.py
[2025-05-05T13:32:08.884+0000] {processor.py:925} INFO - DAG(s) 'example_sensors' retrieved from /home/airflow/.local/lib/python3.12/site-packages/airflow/example_dags/example_sensors.py
[2025-05-05T13:32:08.903+0000] {logging_mixin.py:190} INFO - [2025-05-05T13:32:08.902+0000] {dag.py:3239} INFO - Sync 1 DAGs
[2025-05-05T13:32:08.913+0000] {logging_mixin.py:190} INFO - [2025-05-05T13:32:08.912+0000] {dag.py:4180} INFO - Setting next_dagrun for example_sensors to None, run_after=None
[2025-05-05T13:32:08.927+0000] {processor.py:208} INFO - Processing /home/airflow/.local/lib/python3.12/site-packages/airflow/example_dags/example_sensors.py took 0.057 seconds
[2025-05-05T13:32:39.467+0000] {processor.py:186} INFO - Started process (PID=3905) to work on /home/airflow/.local/lib/python3.12/site-packages/airflow/example_dags/example_sensors.py
[2025-05-05T13:32:39.468+0000] {processor.py:914} INFO - Processing file /home/airflow/.local/lib/python3.12/site-packages/airflow/example_dags/example_sensors.py for tasks to queue
[2025-05-05T13:32:39.470+0000] {logging_mixin.py:190} INFO - [2025-05-05T13:32:39.469+0000] {dagbag.py:588} INFO - Filling up the DagBag from /home/airflow/.local/lib/python3.12/site-packages/airflow/example_dags/example_sensors.py
[2025-05-05T13:32:39.478+0000] {processor.py:925} INFO - DAG(s) 'example_sensors' retrieved from /home/airflow/.local/lib/python3.12/site-packages/airflow/example_dags/example_sensors.py
[2025-05-05T13:32:39.496+0000] {logging_mixin.py:190} INFO - [2025-05-05T13:32:39.496+0000] {dag.py:3239} INFO - Sync 1 DAGs
[2025-05-05T13:32:39.506+0000] {logging_mixin.py:190} INFO - [2025-05-05T13:32:39.506+0000] {dag.py:4180} INFO - Setting next_dagrun for example_sensors to None, run_after=None
[2025-05-05T13:32:39.520+0000] {processor.py:208} INFO - Processing /home/airflow/.local/lib/python3.12/site-packages/airflow/example_dags/example_sensors.py took 0.057 seconds
[2025-05-05T13:33:10.259+0000] {processor.py:186} INFO - Started process (PID=3970) to work on /home/airflow/.local/lib/python3.12/site-packages/airflow/example_dags/example_sensors.py
[2025-05-05T13:33:10.260+0000] {processor.py:914} INFO - Processing file /home/airflow/.local/lib/python3.12/site-packages/airflow/example_dags/example_sensors.py for tasks to queue
[2025-05-05T13:33:10.261+0000] {logging_mixin.py:190} INFO - [2025-05-05T13:33:10.261+0000] {dagbag.py:588} INFO - Filling up the DagBag from /home/airflow/.local/lib/python3.12/site-packages/airflow/example_dags/example_sensors.py
[2025-05-05T13:33:10.270+0000] {processor.py:925} INFO - DAG(s) 'example_sensors' retrieved from /home/airflow/.local/lib/python3.12/site-packages/airflow/example_dags/example_sensors.py
[2025-05-05T13:33:10.289+0000] {logging_mixin.py:190} INFO - [2025-05-05T13:33:10.288+0000] {dag.py:3239} INFO - Sync 1 DAGs
[2025-05-05T13:33:10.299+0000] {logging_mixin.py:190} INFO - [2025-05-05T13:33:10.299+0000] {dag.py:4180} INFO - Setting next_dagrun for example_sensors to None, run_after=None
[2025-05-05T13:33:10.313+0000] {processor.py:208} INFO - Processing /home/airflow/.local/lib/python3.12/site-packages/airflow/example_dags/example_sensors.py took 0.058 seconds
[2025-05-05T13:33:40.748+0000] {processor.py:186} INFO - Started process (PID=4034) to work on /home/airflow/.local/lib/python3.12/site-packages/airflow/example_dags/example_sensors.py
[2025-05-05T13:33:40.748+0000] {processor.py:914} INFO - Processing file /home/airflow/.local/lib/python3.12/site-packages/airflow/example_dags/example_sensors.py for tasks to queue
[2025-05-05T13:33:40.750+0000] {logging_mixin.py:190} INFO - [2025-05-05T13:33:40.750+0000] {dagbag.py:588} INFO - Filling up the DagBag from /home/airflow/.local/lib/python3.12/site-packages/airflow/example_dags/example_sensors.py
[2025-05-05T13:33:40.760+0000] {processor.py:925} INFO - DAG(s) 'example_sensors' retrieved from /home/airflow/.local/lib/python3.12/site-packages/airflow/example_dags/example_sensors.py
[2025-05-05T13:33:40.784+0000] {logging_mixin.py:190} INFO - [2025-05-05T13:33:40.784+0000] {dag.py:3239} INFO - Sync 1 DAGs
[2025-05-05T13:33:40.920+0000] {logging_mixin.py:190} INFO - [2025-05-05T13:33:40.920+0000] {dag.py:4180} INFO - Setting next_dagrun for example_sensors to None, run_after=None
[2025-05-05T13:33:40.933+0000] {processor.py:208} INFO - Processing /home/airflow/.local/lib/python3.12/site-packages/airflow/example_dags/example_sensors.py took 0.190 seconds
[2025-05-05T13:34:11.789+0000] {processor.py:186} INFO - Started process (PID=4104) to work on /home/airflow/.local/lib/python3.12/site-packages/airflow/example_dags/example_sensors.py
[2025-05-05T13:34:11.790+0000] {processor.py:914} INFO - Processing file /home/airflow/.local/lib/python3.12/site-packages/airflow/example_dags/example_sensors.py for tasks to queue
[2025-05-05T13:34:11.792+0000] {logging_mixin.py:190} INFO - [2025-05-05T13:34:11.791+0000] {dagbag.py:588} INFO - Filling up the DagBag from /home/airflow/.local/lib/python3.12/site-packages/airflow/example_dags/example_sensors.py
[2025-05-05T13:34:11.799+0000] {processor.py:925} INFO - DAG(s) 'example_sensors' retrieved from /home/airflow/.local/lib/python3.12/site-packages/airflow/example_dags/example_sensors.py
[2025-05-05T13:34:11.820+0000] {logging_mixin.py:190} INFO - [2025-05-05T13:34:11.820+0000] {dag.py:3239} INFO - Sync 1 DAGs
[2025-05-05T13:34:11.830+0000] {logging_mixin.py:190} INFO - [2025-05-05T13:34:11.830+0000] {dag.py:4180} INFO - Setting next_dagrun for example_sensors to None, run_after=None
[2025-05-05T13:34:11.846+0000] {processor.py:208} INFO - Processing /home/airflow/.local/lib/python3.12/site-packages/airflow/example_dags/example_sensors.py took 0.061 seconds
[2025-05-05T13:34:43.292+0000] {processor.py:186} INFO - Started process (PID=4172) to work on /home/airflow/.local/lib/python3.12/site-packages/airflow/example_dags/example_sensors.py
[2025-05-05T13:34:43.293+0000] {processor.py:914} INFO - Processing file /home/airflow/.local/lib/python3.12/site-packages/airflow/example_dags/example_sensors.py for tasks to queue
[2025-05-05T13:34:43.295+0000] {logging_mixin.py:190} INFO - [2025-05-05T13:34:43.294+0000] {dagbag.py:588} INFO - Filling up the DagBag from /home/airflow/.local/lib/python3.12/site-packages/airflow/example_dags/example_sensors.py
[2025-05-05T13:34:43.303+0000] {processor.py:925} INFO - DAG(s) 'example_sensors' retrieved from /home/airflow/.local/lib/python3.12/site-packages/airflow/example_dags/example_sensors.py
[2025-05-05T13:34:43.322+0000] {logging_mixin.py:190} INFO - [2025-05-05T13:34:43.322+0000] {dag.py:3239} INFO - Sync 1 DAGs
[2025-05-05T13:34:43.332+0000] {logging_mixin.py:190} INFO - [2025-05-05T13:34:43.332+0000] {dag.py:4180} INFO - Setting next_dagrun for example_sensors to None, run_after=None
[2025-05-05T13:34:43.348+0000] {processor.py:208} INFO - Processing /home/airflow/.local/lib/python3.12/site-packages/airflow/example_dags/example_sensors.py took 0.060 seconds
[2025-05-05T13:35:14.697+0000] {processor.py:186} INFO - Started process (PID=4241) to work on /home/airflow/.local/lib/python3.12/site-packages/airflow/example_dags/example_sensors.py
[2025-05-05T13:35:14.698+0000] {processor.py:914} INFO - Processing file /home/airflow/.local/lib/python3.12/site-packages/airflow/example_dags/example_sensors.py for tasks to queue
[2025-05-05T13:35:14.700+0000] {logging_mixin.py:190} INFO - [2025-05-05T13:35:14.700+0000] {dagbag.py:588} INFO - Filling up the DagBag from /home/airflow/.local/lib/python3.12/site-packages/airflow/example_dags/example_sensors.py
[2025-05-05T13:35:14.840+0000] {processor.py:925} INFO - DAG(s) 'example_sensors' retrieved from /home/airflow/.local/lib/python3.12/site-packages/airflow/example_dags/example_sensors.py
[2025-05-05T13:35:14.860+0000] {logging_mixin.py:190} INFO - [2025-05-05T13:35:14.860+0000] {dag.py:3239} INFO - Sync 1 DAGs
[2025-05-05T13:35:14.871+0000] {logging_mixin.py:190} INFO - [2025-05-05T13:35:14.871+0000] {dag.py:4180} INFO - Setting next_dagrun for example_sensors to None, run_after=None
[2025-05-05T13:35:14.885+0000] {processor.py:208} INFO - Processing /home/airflow/.local/lib/python3.12/site-packages/airflow/example_dags/example_sensors.py took 0.192 seconds
[2025-05-05T13:35:45.331+0000] {processor.py:186} INFO - Started process (PID=4305) to work on /home/airflow/.local/lib/python3.12/site-packages/airflow/example_dags/example_sensors.py
[2025-05-05T13:35:45.332+0000] {processor.py:914} INFO - Processing file /home/airflow/.local/lib/python3.12/site-packages/airflow/example_dags/example_sensors.py for tasks to queue
[2025-05-05T13:35:45.334+0000] {logging_mixin.py:190} INFO - [2025-05-05T13:35:45.333+0000] {dagbag.py:588} INFO - Filling up the DagBag from /home/airflow/.local/lib/python3.12/site-packages/airflow/example_dags/example_sensors.py
[2025-05-05T13:35:45.342+0000] {processor.py:925} INFO - DAG(s) 'example_sensors' retrieved from /home/airflow/.local/lib/python3.12/site-packages/airflow/example_dags/example_sensors.py
[2025-05-05T13:35:45.361+0000] {logging_mixin.py:190} INFO - [2025-05-05T13:35:45.361+0000] {dag.py:3239} INFO - Sync 1 DAGs
[2025-05-05T13:35:45.372+0000] {logging_mixin.py:190} INFO - [2025-05-05T13:35:45.372+0000] {dag.py:4180} INFO - Setting next_dagrun for example_sensors to None, run_after=None
[2025-05-05T13:35:45.386+0000] {processor.py:208} INFO - Processing /home/airflow/.local/lib/python3.12/site-packages/airflow/example_dags/example_sensors.py took 0.059 seconds
[2025-05-05T13:36:16.578+0000] {processor.py:186} INFO - Started process (PID=4369) to work on /home/airflow/.local/lib/python3.12/site-packages/airflow/example_dags/example_sensors.py
[2025-05-05T13:36:16.579+0000] {processor.py:914} INFO - Processing file /home/airflow/.local/lib/python3.12/site-packages/airflow/example_dags/example_sensors.py for tasks to queue
[2025-05-05T13:36:16.580+0000] {logging_mixin.py:190} INFO - [2025-05-05T13:36:16.580+0000] {dagbag.py:588} INFO - Filling up the DagBag from /home/airflow/.local/lib/python3.12/site-packages/airflow/example_dags/example_sensors.py
[2025-05-05T13:36:16.588+0000] {processor.py:925} INFO - DAG(s) 'example_sensors' retrieved from /home/airflow/.local/lib/python3.12/site-packages/airflow/example_dags/example_sensors.py
[2025-05-05T13:36:16.609+0000] {logging_mixin.py:190} INFO - [2025-05-05T13:36:16.609+0000] {dag.py:3239} INFO - Sync 1 DAGs
[2025-05-05T13:36:16.619+0000] {logging_mixin.py:190} INFO - [2025-05-05T13:36:16.619+0000] {dag.py:4180} INFO - Setting next_dagrun for example_sensors to None, run_after=None
[2025-05-05T13:36:16.633+0000] {processor.py:208} INFO - Processing /home/airflow/.local/lib/python3.12/site-packages/airflow/example_dags/example_sensors.py took 0.059 seconds
[2025-05-05T13:36:47.110+0000] {processor.py:186} INFO - Started process (PID=4435) to work on /home/airflow/.local/lib/python3.12/site-packages/airflow/example_dags/example_sensors.py
[2025-05-05T13:36:47.111+0000] {processor.py:914} INFO - Processing file /home/airflow/.local/lib/python3.12/site-packages/airflow/example_dags/example_sensors.py for tasks to queue
[2025-05-05T13:36:47.112+0000] {logging_mixin.py:190} INFO - [2025-05-05T13:36:47.112+0000] {dagbag.py:588} INFO - Filling up the DagBag from /home/airflow/.local/lib/python3.12/site-packages/airflow/example_dags/example_sensors.py
[2025-05-05T13:36:47.120+0000] {processor.py:925} INFO - DAG(s) 'example_sensors' retrieved from /home/airflow/.local/lib/python3.12/site-packages/airflow/example_dags/example_sensors.py
[2025-05-05T13:36:47.140+0000] {logging_mixin.py:190} INFO - [2025-05-05T13:36:47.140+0000] {dag.py:3239} INFO - Sync 1 DAGs
[2025-05-05T13:36:47.151+0000] {logging_mixin.py:190} INFO - [2025-05-05T13:36:47.151+0000] {dag.py:4180} INFO - Setting next_dagrun for example_sensors to None, run_after=None
[2025-05-05T13:36:47.166+0000] {processor.py:208} INFO - Processing /home/airflow/.local/lib/python3.12/site-packages/airflow/example_dags/example_sensors.py took 0.060 seconds
[2025-05-05T13:37:18.729+0000] {processor.py:186} INFO - Started process (PID=4506) to work on /home/airflow/.local/lib/python3.12/site-packages/airflow/example_dags/example_sensors.py
[2025-05-05T13:37:18.730+0000] {processor.py:914} INFO - Processing file /home/airflow/.local/lib/python3.12/site-packages/airflow/example_dags/example_sensors.py for tasks to queue
[2025-05-05T13:37:18.732+0000] {logging_mixin.py:190} INFO - [2025-05-05T13:37:18.731+0000] {dagbag.py:588} INFO - Filling up the DagBag from /home/airflow/.local/lib/python3.12/site-packages/airflow/example_dags/example_sensors.py
[2025-05-05T13:37:18.740+0000] {processor.py:925} INFO - DAG(s) 'example_sensors' retrieved from /home/airflow/.local/lib/python3.12/site-packages/airflow/example_dags/example_sensors.py
[2025-05-05T13:37:18.760+0000] {logging_mixin.py:190} INFO - [2025-05-05T13:37:18.760+0000] {dag.py:3239} INFO - Sync 1 DAGs
[2025-05-05T13:37:18.772+0000] {logging_mixin.py:190} INFO - [2025-05-05T13:37:18.772+0000] {dag.py:4180} INFO - Setting next_dagrun for example_sensors to None, run_after=None
[2025-05-05T13:37:18.787+0000] {processor.py:208} INFO - Processing /home/airflow/.local/lib/python3.12/site-packages/airflow/example_dags/example_sensors.py took 0.062 seconds
[2025-05-05T18:24:18.991+0000] {processor.py:186} INFO - Started process (PID=4575) to work on /home/airflow/.local/lib/python3.12/site-packages/airflow/example_dags/example_sensors.py
[2025-05-05T18:24:18.992+0000] {processor.py:914} INFO - Processing file /home/airflow/.local/lib/python3.12/site-packages/airflow/example_dags/example_sensors.py for tasks to queue
[2025-05-05T18:24:18.995+0000] {logging_mixin.py:190} INFO - [2025-05-05T18:24:18.995+0000] {dagbag.py:588} INFO - Filling up the DagBag from /home/airflow/.local/lib/python3.12/site-packages/airflow/example_dags/example_sensors.py
[2025-05-05T18:24:19.010+0000] {processor.py:925} INFO - DAG(s) 'example_sensors' retrieved from /home/airflow/.local/lib/python3.12/site-packages/airflow/example_dags/example_sensors.py
[2025-05-05T18:24:19.053+0000] {logging_mixin.py:190} INFO - [2025-05-05T18:24:19.053+0000] {dag.py:3239} INFO - Sync 1 DAGs
[2025-05-05T18:24:19.082+0000] {logging_mixin.py:190} INFO - [2025-05-05T18:24:19.081+0000] {dag.py:4180} INFO - Setting next_dagrun for example_sensors to None, run_after=None
[2025-05-05T18:24:19.106+0000] {processor.py:208} INFO - Processing /home/airflow/.local/lib/python3.12/site-packages/airflow/example_dags/example_sensors.py took 0.122 seconds
[2025-05-05T18:24:49.813+0000] {processor.py:186} INFO - Started process (PID=4639) to work on /home/airflow/.local/lib/python3.12/site-packages/airflow/example_dags/example_sensors.py
[2025-05-05T18:24:49.814+0000] {processor.py:914} INFO - Processing file /home/airflow/.local/lib/python3.12/site-packages/airflow/example_dags/example_sensors.py for tasks to queue
[2025-05-05T18:24:49.815+0000] {logging_mixin.py:190} INFO - [2025-05-05T18:24:49.815+0000] {dagbag.py:588} INFO - Filling up the DagBag from /home/airflow/.local/lib/python3.12/site-packages/airflow/example_dags/example_sensors.py
[2025-05-05T18:24:49.823+0000] {processor.py:925} INFO - DAG(s) 'example_sensors' retrieved from /home/airflow/.local/lib/python3.12/site-packages/airflow/example_dags/example_sensors.py
[2025-05-05T18:24:49.842+0000] {logging_mixin.py:190} INFO - [2025-05-05T18:24:49.842+0000] {dag.py:3239} INFO - Sync 1 DAGs
[2025-05-05T18:24:49.852+0000] {logging_mixin.py:190} INFO - [2025-05-05T18:24:49.852+0000] {dag.py:4180} INFO - Setting next_dagrun for example_sensors to None, run_after=None
[2025-05-05T18:24:49.869+0000] {processor.py:208} INFO - Processing /home/airflow/.local/lib/python3.12/site-packages/airflow/example_dags/example_sensors.py took 0.061 seconds
[2025-05-05T18:25:20.375+0000] {processor.py:186} INFO - Started process (PID=4703) to work on /home/airflow/.local/lib/python3.12/site-packages/airflow/example_dags/example_sensors.py
[2025-05-05T18:25:20.376+0000] {processor.py:914} INFO - Processing file /home/airflow/.local/lib/python3.12/site-packages/airflow/example_dags/example_sensors.py for tasks to queue
[2025-05-05T18:25:20.378+0000] {logging_mixin.py:190} INFO - [2025-05-05T18:25:20.377+0000] {dagbag.py:588} INFO - Filling up the DagBag from /home/airflow/.local/lib/python3.12/site-packages/airflow/example_dags/example_sensors.py
[2025-05-05T18:25:20.385+0000] {processor.py:925} INFO - DAG(s) 'example_sensors' retrieved from /home/airflow/.local/lib/python3.12/site-packages/airflow/example_dags/example_sensors.py
[2025-05-05T18:25:20.404+0000] {logging_mixin.py:190} INFO - [2025-05-05T18:25:20.404+0000] {dag.py:3239} INFO - Sync 1 DAGs
[2025-05-05T18:25:20.414+0000] {logging_mixin.py:190} INFO - [2025-05-05T18:25:20.414+0000] {dag.py:4180} INFO - Setting next_dagrun for example_sensors to None, run_after=None
[2025-05-05T18:25:20.428+0000] {processor.py:208} INFO - Processing /home/airflow/.local/lib/python3.12/site-packages/airflow/example_dags/example_sensors.py took 0.057 seconds
[2025-05-05T18:25:50.987+0000] {processor.py:186} INFO - Started process (PID=4772) to work on /home/airflow/.local/lib/python3.12/site-packages/airflow/example_dags/example_sensors.py
[2025-05-05T18:25:50.987+0000] {processor.py:914} INFO - Processing file /home/airflow/.local/lib/python3.12/site-packages/airflow/example_dags/example_sensors.py for tasks to queue
[2025-05-05T18:25:50.989+0000] {logging_mixin.py:190} INFO - [2025-05-05T18:25:50.989+0000] {dagbag.py:588} INFO - Filling up the DagBag from /home/airflow/.local/lib/python3.12/site-packages/airflow/example_dags/example_sensors.py
[2025-05-05T18:25:50.997+0000] {processor.py:925} INFO - DAG(s) 'example_sensors' retrieved from /home/airflow/.local/lib/python3.12/site-packages/airflow/example_dags/example_sensors.py
[2025-05-05T18:25:51.015+0000] {logging_mixin.py:190} INFO - [2025-05-05T18:25:51.015+0000] {dag.py:3239} INFO - Sync 1 DAGs
[2025-05-05T18:25:51.025+0000] {logging_mixin.py:190} INFO - [2025-05-05T18:25:51.025+0000] {dag.py:4180} INFO - Setting next_dagrun for example_sensors to None, run_after=None
[2025-05-05T18:25:51.041+0000] {processor.py:208} INFO - Processing /home/airflow/.local/lib/python3.12/site-packages/airflow/example_dags/example_sensors.py took 0.058 seconds
[2025-05-05T18:26:21.751+0000] {processor.py:186} INFO - Started process (PID=4841) to work on /home/airflow/.local/lib/python3.12/site-packages/airflow/example_dags/example_sensors.py
[2025-05-05T18:26:21.752+0000] {processor.py:914} INFO - Processing file /home/airflow/.local/lib/python3.12/site-packages/airflow/example_dags/example_sensors.py for tasks to queue
[2025-05-05T18:26:21.754+0000] {logging_mixin.py:190} INFO - [2025-05-05T18:26:21.754+0000] {dagbag.py:588} INFO - Filling up the DagBag from /home/airflow/.local/lib/python3.12/site-packages/airflow/example_dags/example_sensors.py
[2025-05-05T18:26:21.762+0000] {processor.py:925} INFO - DAG(s) 'example_sensors' retrieved from /home/airflow/.local/lib/python3.12/site-packages/airflow/example_dags/example_sensors.py
[2025-05-05T18:26:21.782+0000] {logging_mixin.py:190} INFO - [2025-05-05T18:26:21.782+0000] {dag.py:3239} INFO - Sync 1 DAGs
[2025-05-05T18:26:21.792+0000] {logging_mixin.py:190} INFO - [2025-05-05T18:26:21.792+0000] {dag.py:4180} INFO - Setting next_dagrun for example_sensors to None, run_after=None
[2025-05-05T18:26:21.807+0000] {processor.py:208} INFO - Processing /home/airflow/.local/lib/python3.12/site-packages/airflow/example_dags/example_sensors.py took 0.060 seconds
[2025-05-05T18:26:53.368+0000] {processor.py:186} INFO - Started process (PID=4912) to work on /home/airflow/.local/lib/python3.12/site-packages/airflow/example_dags/example_sensors.py
[2025-05-05T18:26:53.369+0000] {processor.py:914} INFO - Processing file /home/airflow/.local/lib/python3.12/site-packages/airflow/example_dags/example_sensors.py for tasks to queue
[2025-05-05T18:26:53.371+0000] {logging_mixin.py:190} INFO - [2025-05-05T18:26:53.370+0000] {dagbag.py:588} INFO - Filling up the DagBag from /home/airflow/.local/lib/python3.12/site-packages/airflow/example_dags/example_sensors.py
[2025-05-05T18:26:53.379+0000] {processor.py:925} INFO - DAG(s) 'example_sensors' retrieved from /home/airflow/.local/lib/python3.12/site-packages/airflow/example_dags/example_sensors.py
[2025-05-05T18:26:53.397+0000] {logging_mixin.py:190} INFO - [2025-05-05T18:26:53.397+0000] {dag.py:3239} INFO - Sync 1 DAGs
[2025-05-05T18:26:53.408+0000] {logging_mixin.py:190} INFO - [2025-05-05T18:26:53.408+0000] {dag.py:4180} INFO - Setting next_dagrun for example_sensors to None, run_after=None
[2025-05-05T18:26:53.422+0000] {processor.py:208} INFO - Processing /home/airflow/.local/lib/python3.12/site-packages/airflow/example_dags/example_sensors.py took 0.058 seconds
[2025-05-05T18:27:23.732+0000] {processor.py:186} INFO - Started process (PID=4975) to work on /home/airflow/.local/lib/python3.12/site-packages/airflow/example_dags/example_sensors.py
[2025-05-05T18:27:23.733+0000] {processor.py:914} INFO - Processing file /home/airflow/.local/lib/python3.12/site-packages/airflow/example_dags/example_sensors.py for tasks to queue
[2025-05-05T18:27:23.735+0000] {logging_mixin.py:190} INFO - [2025-05-05T18:27:23.735+0000] {dagbag.py:588} INFO - Filling up the DagBag from /home/airflow/.local/lib/python3.12/site-packages/airflow/example_dags/example_sensors.py
[2025-05-05T18:27:23.743+0000] {processor.py:925} INFO - DAG(s) 'example_sensors' retrieved from /home/airflow/.local/lib/python3.12/site-packages/airflow/example_dags/example_sensors.py
[2025-05-05T18:27:23.763+0000] {logging_mixin.py:190} INFO - [2025-05-05T18:27:23.763+0000] {dag.py:3239} INFO - Sync 1 DAGs
[2025-05-05T18:27:23.773+0000] {logging_mixin.py:190} INFO - [2025-05-05T18:27:23.773+0000] {dag.py:4180} INFO - Setting next_dagrun for example_sensors to None, run_after=None
[2025-05-05T18:27:23.787+0000] {processor.py:208} INFO - Processing /home/airflow/.local/lib/python3.12/site-packages/airflow/example_dags/example_sensors.py took 0.059 seconds
[2025-05-05T18:27:54.713+0000] {processor.py:186} INFO - Started process (PID=5040) to work on /home/airflow/.local/lib/python3.12/site-packages/airflow/example_dags/example_sensors.py
[2025-05-05T18:27:54.714+0000] {processor.py:914} INFO - Processing file /home/airflow/.local/lib/python3.12/site-packages/airflow/example_dags/example_sensors.py for tasks to queue
[2025-05-05T18:27:54.716+0000] {logging_mixin.py:190} INFO - [2025-05-05T18:27:54.716+0000] {dagbag.py:588} INFO - Filling up the DagBag from /home/airflow/.local/lib/python3.12/site-packages/airflow/example_dags/example_sensors.py
[2025-05-05T18:27:54.724+0000] {processor.py:925} INFO - DAG(s) 'example_sensors' retrieved from /home/airflow/.local/lib/python3.12/site-packages/airflow/example_dags/example_sensors.py
[2025-05-05T18:27:54.744+0000] {logging_mixin.py:190} INFO - [2025-05-05T18:27:54.744+0000] {dag.py:3239} INFO - Sync 1 DAGs
[2025-05-05T18:27:54.755+0000] {logging_mixin.py:190} INFO - [2025-05-05T18:27:54.755+0000] {dag.py:4180} INFO - Setting next_dagrun for example_sensors to None, run_after=None
[2025-05-05T18:27:54.771+0000] {processor.py:208} INFO - Processing /home/airflow/.local/lib/python3.12/site-packages/airflow/example_dags/example_sensors.py took 0.062 seconds
