[2025-05-05T13:07:16.678+0000] {processor.py:186} INFO - Started process (PID=53) to work on /home/airflow/.local/lib/python3.12/site-packages/airflow/example_dags/tutorial.py
[2025-05-05T13:07:16.679+0000] {processor.py:914} INFO - Processing file /home/airflow/.local/lib/python3.12/site-packages/airflow/example_dags/tutorial.py for tasks to queue
[2025-05-05T13:07:16.681+0000] {logging_mixin.py:190} INFO - [2025-05-05T13:07:16.680+0000] {dagbag.py:588} INFO - Filling up the DagBag from /home/airflow/.local/lib/python3.12/site-packages/airflow/example_dags/tutorial.py
[2025-05-05T13:07:16.691+0000] {processor.py:925} INFO - DAG(s) 'tutorial' retrieved from /home/airflow/.local/lib/python3.12/site-packages/airflow/example_dags/tutorial.py
[2025-05-05T13:07:16.712+0000] {logging_mixin.py:190} INFO - [2025-05-05T13:07:16.712+0000] {dag.py:3239} INFO - Sync 1 DAGs
[2025-05-05T13:07:16.731+0000] {logging_mixin.py:190} INFO - [2025-05-05T13:07:16.731+0000] {dag.py:4180} INFO - Setting next_dagrun for tutorial to 2025-05-04 00:00:00+00:00, run_after=2025-05-05 00:00:00+00:00
[2025-05-05T13:07:16.747+0000] {processor.py:208} INFO - Processing /home/airflow/.local/lib/python3.12/site-packages/airflow/example_dags/tutorial.py took 0.073 seconds
[2025-05-05T13:07:23.618+0000] {processor.py:186} INFO - Started process (PID=117) to work on /home/airflow/.local/lib/python3.12/site-packages/airflow/example_dags/tutorial.py
[2025-05-05T13:07:23.619+0000] {processor.py:914} INFO - Processing file /home/airflow/.local/lib/python3.12/site-packages/airflow/example_dags/tutorial.py for tasks to queue
[2025-05-05T13:07:23.621+0000] {logging_mixin.py:190} INFO - [2025-05-05T13:07:23.621+0000] {dagbag.py:588} INFO - Filling up the DagBag from /home/airflow/.local/lib/python3.12/site-packages/airflow/example_dags/tutorial.py
[2025-05-05T13:07:23.627+0000] {processor.py:925} INFO - DAG(s) 'tutorial' retrieved from /home/airflow/.local/lib/python3.12/site-packages/airflow/example_dags/tutorial.py
[2025-05-05T13:07:23.641+0000] {logging_mixin.py:190} INFO - [2025-05-05T13:07:23.641+0000] {dag.py:3239} INFO - Sync 1 DAGs
[2025-05-05T13:07:23.658+0000] {logging_mixin.py:190} INFO - [2025-05-05T13:07:23.658+0000] {dag.py:4180} INFO - Setting next_dagrun for tutorial to 2025-05-04 00:00:00+00:00, run_after=2025-05-05 00:00:00+00:00
[2025-05-05T13:07:23.673+0000] {processor.py:208} INFO - Processing /home/airflow/.local/lib/python3.12/site-packages/airflow/example_dags/tutorial.py took 0.058 seconds
[2025-05-05T13:08:00.950+0000] {processor.py:186} INFO - Started process (PID=160) to work on /home/airflow/.local/lib/python3.12/site-packages/airflow/example_dags/tutorial.py
[2025-05-05T13:08:00.951+0000] {processor.py:914} INFO - Processing file /home/airflow/.local/lib/python3.12/site-packages/airflow/example_dags/tutorial.py for tasks to queue
[2025-05-05T13:08:00.953+0000] {logging_mixin.py:190} INFO - [2025-05-05T13:08:00.952+0000] {dagbag.py:588} INFO - Filling up the DagBag from /home/airflow/.local/lib/python3.12/site-packages/airflow/example_dags/tutorial.py
[2025-05-05T13:08:00.958+0000] {processor.py:925} INFO - DAG(s) 'tutorial' retrieved from /home/airflow/.local/lib/python3.12/site-packages/airflow/example_dags/tutorial.py
[2025-05-05T13:08:00.973+0000] {logging_mixin.py:190} INFO - [2025-05-05T13:08:00.973+0000] {dag.py:3239} INFO - Sync 1 DAGs
[2025-05-05T13:08:00.991+0000] {logging_mixin.py:190} INFO - [2025-05-05T13:08:00.990+0000] {dag.py:4180} INFO - Setting next_dagrun for tutorial to 2025-05-04 00:00:00+00:00, run_after=2025-05-05 00:00:00+00:00
[2025-05-05T13:08:01.004+0000] {processor.py:208} INFO - Processing /home/airflow/.local/lib/python3.12/site-packages/airflow/example_dags/tutorial.py took 0.058 seconds
[2025-05-05T13:08:31.078+0000] {processor.py:186} INFO - Started process (PID=231) to work on /home/airflow/.local/lib/python3.12/site-packages/airflow/example_dags/tutorial.py
[2025-05-05T13:08:31.079+0000] {processor.py:914} INFO - Processing file /home/airflow/.local/lib/python3.12/site-packages/airflow/example_dags/tutorial.py for tasks to queue
[2025-05-05T13:08:31.081+0000] {logging_mixin.py:190} INFO - [2025-05-05T13:08:31.081+0000] {dagbag.py:588} INFO - Filling up the DagBag from /home/airflow/.local/lib/python3.12/site-packages/airflow/example_dags/tutorial.py
[2025-05-05T13:08:31.087+0000] {processor.py:925} INFO - DAG(s) 'tutorial' retrieved from /home/airflow/.local/lib/python3.12/site-packages/airflow/example_dags/tutorial.py
[2025-05-05T13:08:31.101+0000] {logging_mixin.py:190} INFO - [2025-05-05T13:08:31.101+0000] {dag.py:3239} INFO - Sync 1 DAGs
[2025-05-05T13:08:31.118+0000] {logging_mixin.py:190} INFO - [2025-05-05T13:08:31.117+0000] {dag.py:4180} INFO - Setting next_dagrun for tutorial to 2025-05-04 00:00:00+00:00, run_after=2025-05-05 00:00:00+00:00
[2025-05-05T13:08:31.131+0000] {processor.py:208} INFO - Processing /home/airflow/.local/lib/python3.12/site-packages/airflow/example_dags/tutorial.py took 0.057 seconds
[2025-05-05T13:09:01.290+0000] {processor.py:186} INFO - Started process (PID=295) to work on /home/airflow/.local/lib/python3.12/site-packages/airflow/example_dags/tutorial.py
[2025-05-05T13:09:01.290+0000] {processor.py:914} INFO - Processing file /home/airflow/.local/lib/python3.12/site-packages/airflow/example_dags/tutorial.py for tasks to queue
[2025-05-05T13:09:01.292+0000] {logging_mixin.py:190} INFO - [2025-05-05T13:09:01.292+0000] {dagbag.py:588} INFO - Filling up the DagBag from /home/airflow/.local/lib/python3.12/site-packages/airflow/example_dags/tutorial.py
[2025-05-05T13:09:01.298+0000] {processor.py:925} INFO - DAG(s) 'tutorial' retrieved from /home/airflow/.local/lib/python3.12/site-packages/airflow/example_dags/tutorial.py
[2025-05-05T13:09:01.314+0000] {logging_mixin.py:190} INFO - [2025-05-05T13:09:01.314+0000] {dag.py:3239} INFO - Sync 1 DAGs
[2025-05-05T13:09:01.334+0000] {logging_mixin.py:190} INFO - [2025-05-05T13:09:01.333+0000] {dag.py:4180} INFO - Setting next_dagrun for tutorial to 2025-05-04 00:00:00+00:00, run_after=2025-05-05 00:00:00+00:00
[2025-05-05T13:09:01.348+0000] {processor.py:208} INFO - Processing /home/airflow/.local/lib/python3.12/site-packages/airflow/example_dags/tutorial.py took 0.063 seconds
[2025-05-05T13:09:32.291+0000] {processor.py:186} INFO - Started process (PID=359) to work on /home/airflow/.local/lib/python3.12/site-packages/airflow/example_dags/tutorial.py
[2025-05-05T13:09:32.292+0000] {processor.py:914} INFO - Processing file /home/airflow/.local/lib/python3.12/site-packages/airflow/example_dags/tutorial.py for tasks to queue
[2025-05-05T13:09:32.294+0000] {logging_mixin.py:190} INFO - [2025-05-05T13:09:32.294+0000] {dagbag.py:588} INFO - Filling up the DagBag from /home/airflow/.local/lib/python3.12/site-packages/airflow/example_dags/tutorial.py
[2025-05-05T13:09:32.300+0000] {processor.py:925} INFO - DAG(s) 'tutorial' retrieved from /home/airflow/.local/lib/python3.12/site-packages/airflow/example_dags/tutorial.py
[2025-05-05T13:09:32.316+0000] {logging_mixin.py:190} INFO - [2025-05-05T13:09:32.316+0000] {dag.py:3239} INFO - Sync 1 DAGs
[2025-05-05T13:09:32.337+0000] {logging_mixin.py:190} INFO - [2025-05-05T13:09:32.337+0000] {dag.py:4180} INFO - Setting next_dagrun for tutorial to 2025-05-04 00:00:00+00:00, run_after=2025-05-05 00:00:00+00:00
[2025-05-05T13:09:32.354+0000] {processor.py:208} INFO - Processing /home/airflow/.local/lib/python3.12/site-packages/airflow/example_dags/tutorial.py took 0.068 seconds
[2025-05-05T13:09:48.850+0000] {processor.py:186} INFO - Started process (PID=421) to work on /home/airflow/.local/lib/python3.12/site-packages/airflow/example_dags/tutorial.py
[2025-05-05T13:09:48.851+0000] {processor.py:914} INFO - Processing file /home/airflow/.local/lib/python3.12/site-packages/airflow/example_dags/tutorial.py for tasks to queue
[2025-05-05T13:09:48.853+0000] {logging_mixin.py:190} INFO - [2025-05-05T13:09:48.853+0000] {dagbag.py:588} INFO - Filling up the DagBag from /home/airflow/.local/lib/python3.12/site-packages/airflow/example_dags/tutorial.py
[2025-05-05T13:09:48.860+0000] {processor.py:925} INFO - DAG(s) 'tutorial' retrieved from /home/airflow/.local/lib/python3.12/site-packages/airflow/example_dags/tutorial.py
[2025-05-05T13:09:48.875+0000] {logging_mixin.py:190} INFO - [2025-05-05T13:09:48.875+0000] {dag.py:3239} INFO - Sync 1 DAGs
[2025-05-05T13:09:48.893+0000] {logging_mixin.py:190} INFO - [2025-05-05T13:09:48.893+0000] {dag.py:4180} INFO - Setting next_dagrun for tutorial to 2025-05-04 00:00:00+00:00, run_after=2025-05-05 00:00:00+00:00
[2025-05-05T13:09:48.908+0000] {processor.py:208} INFO - Processing /home/airflow/.local/lib/python3.12/site-packages/airflow/example_dags/tutorial.py took 0.063 seconds
[2025-05-05T13:10:19.496+0000] {processor.py:186} INFO - Started process (PID=485) to work on /home/airflow/.local/lib/python3.12/site-packages/airflow/example_dags/tutorial.py
[2025-05-05T13:10:19.497+0000] {processor.py:914} INFO - Processing file /home/airflow/.local/lib/python3.12/site-packages/airflow/example_dags/tutorial.py for tasks to queue
[2025-05-05T13:10:19.499+0000] {logging_mixin.py:190} INFO - [2025-05-05T13:10:19.498+0000] {dagbag.py:588} INFO - Filling up the DagBag from /home/airflow/.local/lib/python3.12/site-packages/airflow/example_dags/tutorial.py
[2025-05-05T13:10:19.505+0000] {processor.py:925} INFO - DAG(s) 'tutorial' retrieved from /home/airflow/.local/lib/python3.12/site-packages/airflow/example_dags/tutorial.py
[2025-05-05T13:10:19.518+0000] {logging_mixin.py:190} INFO - [2025-05-05T13:10:19.518+0000] {dag.py:3239} INFO - Sync 1 DAGs
[2025-05-05T13:10:19.535+0000] {logging_mixin.py:190} INFO - [2025-05-05T13:10:19.535+0000] {dag.py:4180} INFO - Setting next_dagrun for tutorial to 2025-05-04 00:00:00+00:00, run_after=2025-05-05 00:00:00+00:00
[2025-05-05T13:10:19.549+0000] {processor.py:208} INFO - Processing /home/airflow/.local/lib/python3.12/site-packages/airflow/example_dags/tutorial.py took 0.057 seconds
[2025-05-05T13:10:50.345+0000] {processor.py:186} INFO - Started process (PID=549) to work on /home/airflow/.local/lib/python3.12/site-packages/airflow/example_dags/tutorial.py
[2025-05-05T13:10:50.346+0000] {processor.py:914} INFO - Processing file /home/airflow/.local/lib/python3.12/site-packages/airflow/example_dags/tutorial.py for tasks to queue
[2025-05-05T13:10:50.347+0000] {logging_mixin.py:190} INFO - [2025-05-05T13:10:50.347+0000] {dagbag.py:588} INFO - Filling up the DagBag from /home/airflow/.local/lib/python3.12/site-packages/airflow/example_dags/tutorial.py
[2025-05-05T13:10:50.353+0000] {processor.py:925} INFO - DAG(s) 'tutorial' retrieved from /home/airflow/.local/lib/python3.12/site-packages/airflow/example_dags/tutorial.py
[2025-05-05T13:10:50.367+0000] {logging_mixin.py:190} INFO - [2025-05-05T13:10:50.367+0000] {dag.py:3239} INFO - Sync 1 DAGs
[2025-05-05T13:10:50.384+0000] {logging_mixin.py:190} INFO - [2025-05-05T13:10:50.384+0000] {dag.py:4180} INFO - Setting next_dagrun for tutorial to 2025-05-04 00:00:00+00:00, run_after=2025-05-05 00:00:00+00:00
[2025-05-05T13:10:50.397+0000] {processor.py:208} INFO - Processing /home/airflow/.local/lib/python3.12/site-packages/airflow/example_dags/tutorial.py took 0.057 seconds
[2025-05-05T13:11:20.735+0000] {processor.py:186} INFO - Started process (PID=613) to work on /home/airflow/.local/lib/python3.12/site-packages/airflow/example_dags/tutorial.py
[2025-05-05T13:11:20.736+0000] {processor.py:914} INFO - Processing file /home/airflow/.local/lib/python3.12/site-packages/airflow/example_dags/tutorial.py for tasks to queue
[2025-05-05T13:11:20.738+0000] {logging_mixin.py:190} INFO - [2025-05-05T13:11:20.738+0000] {dagbag.py:588} INFO - Filling up the DagBag from /home/airflow/.local/lib/python3.12/site-packages/airflow/example_dags/tutorial.py
[2025-05-05T13:11:20.745+0000] {processor.py:925} INFO - DAG(s) 'tutorial' retrieved from /home/airflow/.local/lib/python3.12/site-packages/airflow/example_dags/tutorial.py
[2025-05-05T13:11:20.762+0000] {logging_mixin.py:190} INFO - [2025-05-05T13:11:20.762+0000] {dag.py:3239} INFO - Sync 1 DAGs
[2025-05-05T13:11:20.781+0000] {logging_mixin.py:190} INFO - [2025-05-05T13:11:20.781+0000] {dag.py:4180} INFO - Setting next_dagrun for tutorial to 2025-05-04 00:00:00+00:00, run_after=2025-05-05 00:00:00+00:00
[2025-05-05T13:11:20.795+0000] {processor.py:208} INFO - Processing /home/airflow/.local/lib/python3.12/site-packages/airflow/example_dags/tutorial.py took 0.064 seconds
[2025-05-05T13:11:55.992+0000] {processor.py:186} INFO - Started process (PID=670) to work on /home/airflow/.local/lib/python3.12/site-packages/airflow/example_dags/tutorial.py
[2025-05-05T13:11:55.993+0000] {processor.py:914} INFO - Processing file /home/airflow/.local/lib/python3.12/site-packages/airflow/example_dags/tutorial.py for tasks to queue
[2025-05-05T13:11:55.995+0000] {logging_mixin.py:190} INFO - [2025-05-05T13:11:55.995+0000] {dagbag.py:588} INFO - Filling up the DagBag from /home/airflow/.local/lib/python3.12/site-packages/airflow/example_dags/tutorial.py
[2025-05-05T13:11:56.002+0000] {processor.py:925} INFO - DAG(s) 'tutorial' retrieved from /home/airflow/.local/lib/python3.12/site-packages/airflow/example_dags/tutorial.py
[2025-05-05T13:11:56.017+0000] {logging_mixin.py:190} INFO - [2025-05-05T13:11:56.017+0000] {dag.py:3239} INFO - Sync 1 DAGs
[2025-05-05T13:11:56.036+0000] {logging_mixin.py:190} INFO - [2025-05-05T13:11:56.036+0000] {dag.py:4180} INFO - Setting next_dagrun for tutorial to 2025-05-04 00:00:00+00:00, run_after=2025-05-05 00:00:00+00:00
[2025-05-05T13:11:56.051+0000] {processor.py:208} INFO - Processing /home/airflow/.local/lib/python3.12/site-packages/airflow/example_dags/tutorial.py took 0.063 seconds
[2025-05-05T13:12:26.353+0000] {processor.py:186} INFO - Started process (PID=773) to work on /home/airflow/.local/lib/python3.12/site-packages/airflow/example_dags/tutorial.py
[2025-05-05T13:12:26.354+0000] {processor.py:914} INFO - Processing file /home/airflow/.local/lib/python3.12/site-packages/airflow/example_dags/tutorial.py for tasks to queue
[2025-05-05T13:12:26.356+0000] {logging_mixin.py:190} INFO - [2025-05-05T13:12:26.356+0000] {dagbag.py:588} INFO - Filling up the DagBag from /home/airflow/.local/lib/python3.12/site-packages/airflow/example_dags/tutorial.py
[2025-05-05T13:12:26.362+0000] {processor.py:925} INFO - DAG(s) 'tutorial' retrieved from /home/airflow/.local/lib/python3.12/site-packages/airflow/example_dags/tutorial.py
[2025-05-05T13:12:26.378+0000] {logging_mixin.py:190} INFO - [2025-05-05T13:12:26.378+0000] {dag.py:3239} INFO - Sync 1 DAGs
[2025-05-05T13:12:26.407+0000] {logging_mixin.py:190} INFO - [2025-05-05T13:12:26.406+0000] {dag.py:4180} INFO - Setting next_dagrun for tutorial to 2025-05-04 00:00:00+00:00, run_after=2025-05-05 00:00:00+00:00
[2025-05-05T13:12:26.430+0000] {processor.py:208} INFO - Processing /home/airflow/.local/lib/python3.12/site-packages/airflow/example_dags/tutorial.py took 0.081 seconds
[2025-05-05T13:12:39.089+0000] {processor.py:186} INFO - Started process (PID=831) to work on /home/airflow/.local/lib/python3.12/site-packages/airflow/example_dags/tutorial.py
[2025-05-05T13:12:39.090+0000] {processor.py:914} INFO - Processing file /home/airflow/.local/lib/python3.12/site-packages/airflow/example_dags/tutorial.py for tasks to queue
[2025-05-05T13:12:39.093+0000] {logging_mixin.py:190} INFO - [2025-05-05T13:12:39.093+0000] {dagbag.py:588} INFO - Filling up the DagBag from /home/airflow/.local/lib/python3.12/site-packages/airflow/example_dags/tutorial.py
[2025-05-05T13:12:39.100+0000] {processor.py:925} INFO - DAG(s) 'tutorial' retrieved from /home/airflow/.local/lib/python3.12/site-packages/airflow/example_dags/tutorial.py
[2025-05-05T13:12:39.118+0000] {logging_mixin.py:190} INFO - [2025-05-05T13:12:39.118+0000] {dag.py:3239} INFO - Sync 1 DAGs
[2025-05-05T13:12:39.143+0000] {logging_mixin.py:190} INFO - [2025-05-05T13:12:39.142+0000] {dag.py:4180} INFO - Setting next_dagrun for tutorial to 2025-05-04 00:00:00+00:00, run_after=2025-05-05 00:00:00+00:00
[2025-05-05T13:12:39.178+0000] {processor.py:208} INFO - Processing /home/airflow/.local/lib/python3.12/site-packages/airflow/example_dags/tutorial.py took 0.095 seconds
[2025-05-05T13:12:59.667+0000] {processor.py:186} INFO - Started process (PID=895) to work on /home/airflow/.local/lib/python3.12/site-packages/airflow/example_dags/tutorial.py
[2025-05-05T13:12:59.668+0000] {processor.py:914} INFO - Processing file /home/airflow/.local/lib/python3.12/site-packages/airflow/example_dags/tutorial.py for tasks to queue
[2025-05-05T13:12:59.669+0000] {logging_mixin.py:190} INFO - [2025-05-05T13:12:59.669+0000] {dagbag.py:588} INFO - Filling up the DagBag from /home/airflow/.local/lib/python3.12/site-packages/airflow/example_dags/tutorial.py
[2025-05-05T13:12:59.676+0000] {processor.py:925} INFO - DAG(s) 'tutorial' retrieved from /home/airflow/.local/lib/python3.12/site-packages/airflow/example_dags/tutorial.py
[2025-05-05T13:12:59.694+0000] {logging_mixin.py:190} INFO - [2025-05-05T13:12:59.694+0000] {dag.py:3239} INFO - Sync 1 DAGs
[2025-05-05T13:12:59.714+0000] {logging_mixin.py:190} INFO - [2025-05-05T13:12:59.713+0000] {dag.py:4180} INFO - Setting next_dagrun for tutorial to 2025-05-04 00:00:00+00:00, run_after=2025-05-05 00:00:00+00:00
[2025-05-05T13:12:59.746+0000] {processor.py:208} INFO - Processing /home/airflow/.local/lib/python3.12/site-packages/airflow/example_dags/tutorial.py took 0.085 seconds
[2025-05-05T13:13:29.840+0000] {processor.py:186} INFO - Started process (PID=959) to work on /home/airflow/.local/lib/python3.12/site-packages/airflow/example_dags/tutorial.py
[2025-05-05T13:13:29.840+0000] {processor.py:914} INFO - Processing file /home/airflow/.local/lib/python3.12/site-packages/airflow/example_dags/tutorial.py for tasks to queue
[2025-05-05T13:13:29.842+0000] {logging_mixin.py:190} INFO - [2025-05-05T13:13:29.842+0000] {dagbag.py:588} INFO - Filling up the DagBag from /home/airflow/.local/lib/python3.12/site-packages/airflow/example_dags/tutorial.py
[2025-05-05T13:13:29.848+0000] {processor.py:925} INFO - DAG(s) 'tutorial' retrieved from /home/airflow/.local/lib/python3.12/site-packages/airflow/example_dags/tutorial.py
[2025-05-05T13:13:29.861+0000] {logging_mixin.py:190} INFO - [2025-05-05T13:13:29.861+0000] {dag.py:3239} INFO - Sync 1 DAGs
[2025-05-05T13:13:29.877+0000] {logging_mixin.py:190} INFO - [2025-05-05T13:13:29.877+0000] {dag.py:4180} INFO - Setting next_dagrun for tutorial to 2025-05-04 00:00:00+00:00, run_after=2025-05-05 00:00:00+00:00
[2025-05-05T13:13:29.893+0000] {processor.py:208} INFO - Processing /home/airflow/.local/lib/python3.12/site-packages/airflow/example_dags/tutorial.py took 0.058 seconds
[2025-05-05T13:14:00.706+0000] {processor.py:186} INFO - Started process (PID=1022) to work on /home/airflow/.local/lib/python3.12/site-packages/airflow/example_dags/tutorial.py
[2025-05-05T13:14:00.706+0000] {processor.py:914} INFO - Processing file /home/airflow/.local/lib/python3.12/site-packages/airflow/example_dags/tutorial.py for tasks to queue
[2025-05-05T13:14:00.708+0000] {logging_mixin.py:190} INFO - [2025-05-05T13:14:00.708+0000] {dagbag.py:588} INFO - Filling up the DagBag from /home/airflow/.local/lib/python3.12/site-packages/airflow/example_dags/tutorial.py
[2025-05-05T13:14:00.713+0000] {processor.py:925} INFO - DAG(s) 'tutorial' retrieved from /home/airflow/.local/lib/python3.12/site-packages/airflow/example_dags/tutorial.py
[2025-05-05T13:14:00.728+0000] {logging_mixin.py:190} INFO - [2025-05-05T13:14:00.727+0000] {dag.py:3239} INFO - Sync 1 DAGs
[2025-05-05T13:14:00.744+0000] {logging_mixin.py:190} INFO - [2025-05-05T13:14:00.744+0000] {dag.py:4180} INFO - Setting next_dagrun for tutorial to 2025-05-04 00:00:00+00:00, run_after=2025-05-05 00:00:00+00:00
[2025-05-05T13:14:00.758+0000] {processor.py:208} INFO - Processing /home/airflow/.local/lib/python3.12/site-packages/airflow/example_dags/tutorial.py took 0.057 seconds
[2025-05-05T13:14:19.216+0000] {processor.py:186} INFO - Started process (PID=1086) to work on /home/airflow/.local/lib/python3.12/site-packages/airflow/example_dags/tutorial.py
[2025-05-05T13:14:19.216+0000] {processor.py:914} INFO - Processing file /home/airflow/.local/lib/python3.12/site-packages/airflow/example_dags/tutorial.py for tasks to queue
[2025-05-05T13:14:19.218+0000] {logging_mixin.py:190} INFO - [2025-05-05T13:14:19.218+0000] {dagbag.py:588} INFO - Filling up the DagBag from /home/airflow/.local/lib/python3.12/site-packages/airflow/example_dags/tutorial.py
[2025-05-05T13:14:19.224+0000] {processor.py:925} INFO - DAG(s) 'tutorial' retrieved from /home/airflow/.local/lib/python3.12/site-packages/airflow/example_dags/tutorial.py
[2025-05-05T13:14:19.239+0000] {logging_mixin.py:190} INFO - [2025-05-05T13:14:19.239+0000] {dag.py:3239} INFO - Sync 1 DAGs
[2025-05-05T13:14:19.256+0000] {logging_mixin.py:190} INFO - [2025-05-05T13:14:19.256+0000] {dag.py:4180} INFO - Setting next_dagrun for tutorial to 2025-05-04 00:00:00+00:00, run_after=2025-05-05 00:00:00+00:00
[2025-05-05T13:14:19.269+0000] {processor.py:208} INFO - Processing /home/airflow/.local/lib/python3.12/site-packages/airflow/example_dags/tutorial.py took 0.058 seconds
[2025-05-05T13:14:49.269+0000] {processor.py:186} INFO - Started process (PID=1150) to work on /home/airflow/.local/lib/python3.12/site-packages/airflow/example_dags/tutorial.py
[2025-05-05T13:14:49.269+0000] {processor.py:914} INFO - Processing file /home/airflow/.local/lib/python3.12/site-packages/airflow/example_dags/tutorial.py for tasks to queue
[2025-05-05T13:14:49.271+0000] {logging_mixin.py:190} INFO - [2025-05-05T13:14:49.271+0000] {dagbag.py:588} INFO - Filling up the DagBag from /home/airflow/.local/lib/python3.12/site-packages/airflow/example_dags/tutorial.py
[2025-05-05T13:14:49.277+0000] {processor.py:925} INFO - DAG(s) 'tutorial' retrieved from /home/airflow/.local/lib/python3.12/site-packages/airflow/example_dags/tutorial.py
[2025-05-05T13:14:49.292+0000] {logging_mixin.py:190} INFO - [2025-05-05T13:14:49.291+0000] {dag.py:3239} INFO - Sync 1 DAGs
[2025-05-05T13:14:49.309+0000] {logging_mixin.py:190} INFO - [2025-05-05T13:14:49.308+0000] {dag.py:4180} INFO - Setting next_dagrun for tutorial to 2025-05-04 00:00:00+00:00, run_after=2025-05-05 00:00:00+00:00
[2025-05-05T13:14:49.321+0000] {processor.py:208} INFO - Processing /home/airflow/.local/lib/python3.12/site-packages/airflow/example_dags/tutorial.py took 0.057 seconds
[2025-05-05T13:15:04.318+0000] {processor.py:186} INFO - Started process (PID=1208) to work on /home/airflow/.local/lib/python3.12/site-packages/airflow/example_dags/tutorial.py
[2025-05-05T13:15:04.319+0000] {processor.py:914} INFO - Processing file /home/airflow/.local/lib/python3.12/site-packages/airflow/example_dags/tutorial.py for tasks to queue
[2025-05-05T13:15:04.320+0000] {logging_mixin.py:190} INFO - [2025-05-05T13:15:04.320+0000] {dagbag.py:588} INFO - Filling up the DagBag from /home/airflow/.local/lib/python3.12/site-packages/airflow/example_dags/tutorial.py
[2025-05-05T13:15:04.326+0000] {processor.py:925} INFO - DAG(s) 'tutorial' retrieved from /home/airflow/.local/lib/python3.12/site-packages/airflow/example_dags/tutorial.py
[2025-05-05T13:15:04.340+0000] {logging_mixin.py:190} INFO - [2025-05-05T13:15:04.340+0000] {dag.py:3239} INFO - Sync 1 DAGs
[2025-05-05T13:15:04.356+0000] {logging_mixin.py:190} INFO - [2025-05-05T13:15:04.355+0000] {dag.py:4180} INFO - Setting next_dagrun for tutorial to 2025-05-04 00:00:00+00:00, run_after=2025-05-05 00:00:00+00:00
[2025-05-05T13:15:04.368+0000] {processor.py:208} INFO - Processing /home/airflow/.local/lib/python3.12/site-packages/airflow/example_dags/tutorial.py took 0.054 seconds
[2025-05-05T13:15:34.959+0000] {processor.py:186} INFO - Started process (PID=1272) to work on /home/airflow/.local/lib/python3.12/site-packages/airflow/example_dags/tutorial.py
[2025-05-05T13:15:34.960+0000] {processor.py:914} INFO - Processing file /home/airflow/.local/lib/python3.12/site-packages/airflow/example_dags/tutorial.py for tasks to queue
[2025-05-05T13:15:34.962+0000] {logging_mixin.py:190} INFO - [2025-05-05T13:15:34.961+0000] {dagbag.py:588} INFO - Filling up the DagBag from /home/airflow/.local/lib/python3.12/site-packages/airflow/example_dags/tutorial.py
[2025-05-05T13:15:34.968+0000] {processor.py:925} INFO - DAG(s) 'tutorial' retrieved from /home/airflow/.local/lib/python3.12/site-packages/airflow/example_dags/tutorial.py
[2025-05-05T13:15:34.982+0000] {logging_mixin.py:190} INFO - [2025-05-05T13:15:34.982+0000] {dag.py:3239} INFO - Sync 1 DAGs
[2025-05-05T13:15:34.999+0000] {logging_mixin.py:190} INFO - [2025-05-05T13:15:34.999+0000] {dag.py:4180} INFO - Setting next_dagrun for tutorial to 2025-05-04 00:00:00+00:00, run_after=2025-05-05 00:00:00+00:00
[2025-05-05T13:15:35.013+0000] {processor.py:208} INFO - Processing /home/airflow/.local/lib/python3.12/site-packages/airflow/example_dags/tutorial.py took 0.058 seconds
[2025-05-05T13:16:05.804+0000] {processor.py:186} INFO - Started process (PID=1336) to work on /home/airflow/.local/lib/python3.12/site-packages/airflow/example_dags/tutorial.py
[2025-05-05T13:16:05.805+0000] {processor.py:914} INFO - Processing file /home/airflow/.local/lib/python3.12/site-packages/airflow/example_dags/tutorial.py for tasks to queue
[2025-05-05T13:16:05.807+0000] {logging_mixin.py:190} INFO - [2025-05-05T13:16:05.807+0000] {dagbag.py:588} INFO - Filling up the DagBag from /home/airflow/.local/lib/python3.12/site-packages/airflow/example_dags/tutorial.py
[2025-05-05T13:16:05.813+0000] {processor.py:925} INFO - DAG(s) 'tutorial' retrieved from /home/airflow/.local/lib/python3.12/site-packages/airflow/example_dags/tutorial.py
[2025-05-05T13:16:05.828+0000] {logging_mixin.py:190} INFO - [2025-05-05T13:16:05.828+0000] {dag.py:3239} INFO - Sync 1 DAGs
[2025-05-05T13:16:05.844+0000] {logging_mixin.py:190} INFO - [2025-05-05T13:16:05.844+0000] {dag.py:4180} INFO - Setting next_dagrun for tutorial to 2025-05-04 00:00:00+00:00, run_after=2025-05-05 00:00:00+00:00
[2025-05-05T13:16:05.859+0000] {processor.py:208} INFO - Processing /home/airflow/.local/lib/python3.12/site-packages/airflow/example_dags/tutorial.py took 0.059 seconds
[2025-05-05T13:16:09.486+0000] {processor.py:186} INFO - Started process (PID=1394) to work on /home/airflow/.local/lib/python3.12/site-packages/airflow/example_dags/tutorial.py
[2025-05-05T13:16:09.486+0000] {processor.py:914} INFO - Processing file /home/airflow/.local/lib/python3.12/site-packages/airflow/example_dags/tutorial.py for tasks to queue
[2025-05-05T13:16:09.488+0000] {logging_mixin.py:190} INFO - [2025-05-05T13:16:09.488+0000] {dagbag.py:588} INFO - Filling up the DagBag from /home/airflow/.local/lib/python3.12/site-packages/airflow/example_dags/tutorial.py
[2025-05-05T13:16:09.494+0000] {processor.py:925} INFO - DAG(s) 'tutorial' retrieved from /home/airflow/.local/lib/python3.12/site-packages/airflow/example_dags/tutorial.py
[2025-05-05T13:16:09.507+0000] {logging_mixin.py:190} INFO - [2025-05-05T13:16:09.507+0000] {dag.py:3239} INFO - Sync 1 DAGs
[2025-05-05T13:16:09.525+0000] {logging_mixin.py:190} INFO - [2025-05-05T13:16:09.525+0000] {dag.py:4180} INFO - Setting next_dagrun for tutorial to 2025-05-04 00:00:00+00:00, run_after=2025-05-05 00:00:00+00:00
[2025-05-05T13:16:09.539+0000] {processor.py:208} INFO - Processing /home/airflow/.local/lib/python3.12/site-packages/airflow/example_dags/tutorial.py took 0.058 seconds
[2025-05-05T13:16:39.888+0000] {processor.py:186} INFO - Started process (PID=1448) to work on /home/airflow/.local/lib/python3.12/site-packages/airflow/example_dags/tutorial.py
[2025-05-05T13:16:39.889+0000] {processor.py:914} INFO - Processing file /home/airflow/.local/lib/python3.12/site-packages/airflow/example_dags/tutorial.py for tasks to queue
[2025-05-05T13:16:39.891+0000] {logging_mixin.py:190} INFO - [2025-05-05T13:16:39.890+0000] {dagbag.py:588} INFO - Filling up the DagBag from /home/airflow/.local/lib/python3.12/site-packages/airflow/example_dags/tutorial.py
[2025-05-05T13:16:39.897+0000] {processor.py:925} INFO - DAG(s) 'tutorial' retrieved from /home/airflow/.local/lib/python3.12/site-packages/airflow/example_dags/tutorial.py
[2025-05-05T13:16:39.912+0000] {logging_mixin.py:190} INFO - [2025-05-05T13:16:39.912+0000] {dag.py:3239} INFO - Sync 1 DAGs
[2025-05-05T13:16:39.930+0000] {logging_mixin.py:190} INFO - [2025-05-05T13:16:39.930+0000] {dag.py:4180} INFO - Setting next_dagrun for tutorial to 2025-05-04 00:00:00+00:00, run_after=2025-05-05 00:00:00+00:00
[2025-05-05T13:16:39.943+0000] {processor.py:208} INFO - Processing /home/airflow/.local/lib/python3.12/site-packages/airflow/example_dags/tutorial.py took 0.060 seconds
[2025-05-05T13:17:10.369+0000] {processor.py:186} INFO - Started process (PID=1511) to work on /home/airflow/.local/lib/python3.12/site-packages/airflow/example_dags/tutorial.py
[2025-05-05T13:17:10.370+0000] {processor.py:914} INFO - Processing file /home/airflow/.local/lib/python3.12/site-packages/airflow/example_dags/tutorial.py for tasks to queue
[2025-05-05T13:17:10.372+0000] {logging_mixin.py:190} INFO - [2025-05-05T13:17:10.371+0000] {dagbag.py:588} INFO - Filling up the DagBag from /home/airflow/.local/lib/python3.12/site-packages/airflow/example_dags/tutorial.py
[2025-05-05T13:17:10.378+0000] {processor.py:925} INFO - DAG(s) 'tutorial' retrieved from /home/airflow/.local/lib/python3.12/site-packages/airflow/example_dags/tutorial.py
[2025-05-05T13:17:10.393+0000] {logging_mixin.py:190} INFO - [2025-05-05T13:17:10.393+0000] {dag.py:3239} INFO - Sync 1 DAGs
[2025-05-05T13:17:10.411+0000] {logging_mixin.py:190} INFO - [2025-05-05T13:17:10.411+0000] {dag.py:4180} INFO - Setting next_dagrun for tutorial to 2025-05-04 00:00:00+00:00, run_after=2025-05-05 00:00:00+00:00
[2025-05-05T13:17:10.427+0000] {processor.py:208} INFO - Processing /home/airflow/.local/lib/python3.12/site-packages/airflow/example_dags/tutorial.py took 0.063 seconds
[2025-05-05T13:17:39.531+0000] {processor.py:186} INFO - Started process (PID=1560) to work on /home/airflow/.local/lib/python3.12/site-packages/airflow/example_dags/tutorial.py
[2025-05-05T13:17:39.532+0000] {processor.py:914} INFO - Processing file /home/airflow/.local/lib/python3.12/site-packages/airflow/example_dags/tutorial.py for tasks to queue
[2025-05-05T13:17:39.534+0000] {logging_mixin.py:190} INFO - [2025-05-05T13:17:39.534+0000] {dagbag.py:588} INFO - Filling up the DagBag from /home/airflow/.local/lib/python3.12/site-packages/airflow/example_dags/tutorial.py
[2025-05-05T13:17:39.540+0000] {processor.py:925} INFO - DAG(s) 'tutorial' retrieved from /home/airflow/.local/lib/python3.12/site-packages/airflow/example_dags/tutorial.py
[2025-05-05T13:17:39.555+0000] {logging_mixin.py:190} INFO - [2025-05-05T13:17:39.555+0000] {dag.py:3239} INFO - Sync 1 DAGs
[2025-05-05T13:17:39.572+0000] {logging_mixin.py:190} INFO - [2025-05-05T13:17:39.572+0000] {dag.py:4180} INFO - Setting next_dagrun for tutorial to 2025-05-04 00:00:00+00:00, run_after=2025-05-05 00:00:00+00:00
[2025-05-05T13:17:39.586+0000] {processor.py:208} INFO - Processing /home/airflow/.local/lib/python3.12/site-packages/airflow/example_dags/tutorial.py took 0.059 seconds
[2025-05-05T13:17:54.521+0000] {processor.py:186} INFO - Started process (PID=1600) to work on /home/airflow/.local/lib/python3.12/site-packages/airflow/example_dags/tutorial.py
[2025-05-05T13:17:54.522+0000] {processor.py:914} INFO - Processing file /home/airflow/.local/lib/python3.12/site-packages/airflow/example_dags/tutorial.py for tasks to queue
[2025-05-05T13:17:54.524+0000] {logging_mixin.py:190} INFO - [2025-05-05T13:17:54.524+0000] {dagbag.py:588} INFO - Filling up the DagBag from /home/airflow/.local/lib/python3.12/site-packages/airflow/example_dags/tutorial.py
[2025-05-05T13:17:54.531+0000] {processor.py:925} INFO - DAG(s) 'tutorial' retrieved from /home/airflow/.local/lib/python3.12/site-packages/airflow/example_dags/tutorial.py
[2025-05-05T13:17:54.546+0000] {logging_mixin.py:190} INFO - [2025-05-05T13:17:54.546+0000] {dag.py:3239} INFO - Sync 1 DAGs
[2025-05-05T13:17:54.564+0000] {logging_mixin.py:190} INFO - [2025-05-05T13:17:54.564+0000] {dag.py:4180} INFO - Setting next_dagrun for tutorial to 2025-05-04 00:00:00+00:00, run_after=2025-05-05 00:00:00+00:00
[2025-05-05T13:17:54.581+0000] {processor.py:208} INFO - Processing /home/airflow/.local/lib/python3.12/site-packages/airflow/example_dags/tutorial.py took 0.065 seconds
[2025-05-05T13:18:25.176+0000] {processor.py:186} INFO - Started process (PID=1663) to work on /home/airflow/.local/lib/python3.12/site-packages/airflow/example_dags/tutorial.py
[2025-05-05T13:18:25.177+0000] {processor.py:914} INFO - Processing file /home/airflow/.local/lib/python3.12/site-packages/airflow/example_dags/tutorial.py for tasks to queue
[2025-05-05T13:18:25.179+0000] {logging_mixin.py:190} INFO - [2025-05-05T13:18:25.179+0000] {dagbag.py:588} INFO - Filling up the DagBag from /home/airflow/.local/lib/python3.12/site-packages/airflow/example_dags/tutorial.py
[2025-05-05T13:18:25.185+0000] {processor.py:925} INFO - DAG(s) 'tutorial' retrieved from /home/airflow/.local/lib/python3.12/site-packages/airflow/example_dags/tutorial.py
[2025-05-05T13:18:25.199+0000] {logging_mixin.py:190} INFO - [2025-05-05T13:18:25.199+0000] {dag.py:3239} INFO - Sync 1 DAGs
[2025-05-05T13:18:25.217+0000] {logging_mixin.py:190} INFO - [2025-05-05T13:18:25.217+0000] {dag.py:4180} INFO - Setting next_dagrun for tutorial to 2025-05-04 00:00:00+00:00, run_after=2025-05-05 00:00:00+00:00
[2025-05-05T13:18:25.230+0000] {processor.py:208} INFO - Processing /home/airflow/.local/lib/python3.12/site-packages/airflow/example_dags/tutorial.py took 0.058 seconds
[2025-05-05T13:18:55.458+0000] {processor.py:186} INFO - Started process (PID=1727) to work on /home/airflow/.local/lib/python3.12/site-packages/airflow/example_dags/tutorial.py
[2025-05-05T13:18:55.458+0000] {processor.py:914} INFO - Processing file /home/airflow/.local/lib/python3.12/site-packages/airflow/example_dags/tutorial.py for tasks to queue
[2025-05-05T13:18:55.460+0000] {logging_mixin.py:190} INFO - [2025-05-05T13:18:55.460+0000] {dagbag.py:588} INFO - Filling up the DagBag from /home/airflow/.local/lib/python3.12/site-packages/airflow/example_dags/tutorial.py
[2025-05-05T13:18:55.467+0000] {processor.py:925} INFO - DAG(s) 'tutorial' retrieved from /home/airflow/.local/lib/python3.12/site-packages/airflow/example_dags/tutorial.py
[2025-05-05T13:18:55.481+0000] {logging_mixin.py:190} INFO - [2025-05-05T13:18:55.481+0000] {dag.py:3239} INFO - Sync 1 DAGs
[2025-05-05T13:18:55.498+0000] {logging_mixin.py:190} INFO - [2025-05-05T13:18:55.498+0000] {dag.py:4180} INFO - Setting next_dagrun for tutorial to 2025-05-04 00:00:00+00:00, run_after=2025-05-05 00:00:00+00:00
[2025-05-05T13:18:55.511+0000] {processor.py:208} INFO - Processing /home/airflow/.local/lib/python3.12/site-packages/airflow/example_dags/tutorial.py took 0.058 seconds
[2025-05-05T13:18:59.635+0000] {processor.py:186} INFO - Started process (PID=1780) to work on /home/airflow/.local/lib/python3.12/site-packages/airflow/example_dags/tutorial.py
[2025-05-05T13:18:59.636+0000] {processor.py:914} INFO - Processing file /home/airflow/.local/lib/python3.12/site-packages/airflow/example_dags/tutorial.py for tasks to queue
[2025-05-05T13:18:59.637+0000] {logging_mixin.py:190} INFO - [2025-05-05T13:18:59.637+0000] {dagbag.py:588} INFO - Filling up the DagBag from /home/airflow/.local/lib/python3.12/site-packages/airflow/example_dags/tutorial.py
[2025-05-05T13:18:59.644+0000] {processor.py:925} INFO - DAG(s) 'tutorial' retrieved from /home/airflow/.local/lib/python3.12/site-packages/airflow/example_dags/tutorial.py
[2025-05-05T13:18:59.658+0000] {logging_mixin.py:190} INFO - [2025-05-05T13:18:59.658+0000] {dag.py:3239} INFO - Sync 1 DAGs
[2025-05-05T13:18:59.675+0000] {logging_mixin.py:190} INFO - [2025-05-05T13:18:59.675+0000] {dag.py:4180} INFO - Setting next_dagrun for tutorial to 2025-05-04 00:00:00+00:00, run_after=2025-05-05 00:00:00+00:00
[2025-05-05T13:18:59.688+0000] {processor.py:208} INFO - Processing /home/airflow/.local/lib/python3.12/site-packages/airflow/example_dags/tutorial.py took 0.058 seconds
[2025-05-05T13:19:30.026+0000] {processor.py:186} INFO - Started process (PID=1833) to work on /home/airflow/.local/lib/python3.12/site-packages/airflow/example_dags/tutorial.py
[2025-05-05T13:19:30.027+0000] {processor.py:914} INFO - Processing file /home/airflow/.local/lib/python3.12/site-packages/airflow/example_dags/tutorial.py for tasks to queue
[2025-05-05T13:19:30.029+0000] {logging_mixin.py:190} INFO - [2025-05-05T13:19:30.029+0000] {dagbag.py:588} INFO - Filling up the DagBag from /home/airflow/.local/lib/python3.12/site-packages/airflow/example_dags/tutorial.py
[2025-05-05T13:19:30.035+0000] {processor.py:925} INFO - DAG(s) 'tutorial' retrieved from /home/airflow/.local/lib/python3.12/site-packages/airflow/example_dags/tutorial.py
[2025-05-05T13:19:30.049+0000] {logging_mixin.py:190} INFO - [2025-05-05T13:19:30.049+0000] {dag.py:3239} INFO - Sync 1 DAGs
[2025-05-05T13:19:30.066+0000] {logging_mixin.py:190} INFO - [2025-05-05T13:19:30.066+0000] {dag.py:4180} INFO - Setting next_dagrun for tutorial to 2025-05-04 00:00:00+00:00, run_after=2025-05-05 00:00:00+00:00
[2025-05-05T13:19:30.079+0000] {processor.py:208} INFO - Processing /home/airflow/.local/lib/python3.12/site-packages/airflow/example_dags/tutorial.py took 0.057 seconds
[2025-05-05T13:20:22.029+0000] {processor.py:186} INFO - Started process (PID=1871) to work on /home/airflow/.local/lib/python3.12/site-packages/airflow/example_dags/tutorial.py
[2025-05-05T13:20:22.029+0000] {processor.py:914} INFO - Processing file /home/airflow/.local/lib/python3.12/site-packages/airflow/example_dags/tutorial.py for tasks to queue
[2025-05-05T13:20:22.031+0000] {logging_mixin.py:190} INFO - [2025-05-05T13:20:22.031+0000] {dagbag.py:588} INFO - Filling up the DagBag from /home/airflow/.local/lib/python3.12/site-packages/airflow/example_dags/tutorial.py
[2025-05-05T13:20:22.038+0000] {processor.py:925} INFO - DAG(s) 'tutorial' retrieved from /home/airflow/.local/lib/python3.12/site-packages/airflow/example_dags/tutorial.py
[2025-05-05T13:20:22.053+0000] {logging_mixin.py:190} INFO - [2025-05-05T13:20:22.053+0000] {dag.py:3239} INFO - Sync 1 DAGs
[2025-05-05T13:20:22.073+0000] {logging_mixin.py:190} INFO - [2025-05-05T13:20:22.072+0000] {dag.py:4180} INFO - Setting next_dagrun for tutorial to 2025-05-04 00:00:00+00:00, run_after=2025-05-05 00:00:00+00:00
[2025-05-05T13:20:22.089+0000] {processor.py:208} INFO - Processing /home/airflow/.local/lib/python3.12/site-packages/airflow/example_dags/tutorial.py took 0.066 seconds
[2025-05-05T13:20:29.720+0000] {processor.py:186} INFO - Started process (PID=1987) to work on /home/airflow/.local/lib/python3.12/site-packages/airflow/example_dags/tutorial.py
[2025-05-05T13:20:29.721+0000] {processor.py:914} INFO - Processing file /home/airflow/.local/lib/python3.12/site-packages/airflow/example_dags/tutorial.py for tasks to queue
[2025-05-05T13:20:29.723+0000] {logging_mixin.py:190} INFO - [2025-05-05T13:20:29.722+0000] {dagbag.py:588} INFO - Filling up the DagBag from /home/airflow/.local/lib/python3.12/site-packages/airflow/example_dags/tutorial.py
[2025-05-05T13:20:29.729+0000] {processor.py:925} INFO - DAG(s) 'tutorial' retrieved from /home/airflow/.local/lib/python3.12/site-packages/airflow/example_dags/tutorial.py
[2025-05-05T13:20:29.743+0000] {logging_mixin.py:190} INFO - [2025-05-05T13:20:29.743+0000] {dag.py:3239} INFO - Sync 1 DAGs
[2025-05-05T13:20:29.759+0000] {logging_mixin.py:190} INFO - [2025-05-05T13:20:29.759+0000] {dag.py:4180} INFO - Setting next_dagrun for tutorial to 2025-05-04 00:00:00+00:00, run_after=2025-05-05 00:00:00+00:00
[2025-05-05T13:20:29.772+0000] {processor.py:208} INFO - Processing /home/airflow/.local/lib/python3.12/site-packages/airflow/example_dags/tutorial.py took 0.057 seconds
[2025-05-05T13:21:26.896+0000] {processor.py:186} INFO - Started process (PID=2050) to work on /home/airflow/.local/lib/python3.12/site-packages/airflow/example_dags/tutorial.py
[2025-05-05T13:21:26.897+0000] {processor.py:914} INFO - Processing file /home/airflow/.local/lib/python3.12/site-packages/airflow/example_dags/tutorial.py for tasks to queue
[2025-05-05T13:21:26.900+0000] {logging_mixin.py:190} INFO - [2025-05-05T13:21:26.899+0000] {dagbag.py:588} INFO - Filling up the DagBag from /home/airflow/.local/lib/python3.12/site-packages/airflow/example_dags/tutorial.py
[2025-05-05T13:20:59.946+0000] {processor.py:925} INFO - DAG(s) 'tutorial' retrieved from /home/airflow/.local/lib/python3.12/site-packages/airflow/example_dags/tutorial.py
[2025-05-05T13:20:59.962+0000] {logging_mixin.py:190} INFO - [2025-05-05T13:20:59.961+0000] {dag.py:3239} INFO - Sync 1 DAGs
[2025-05-05T13:20:59.980+0000] {logging_mixin.py:190} INFO - [2025-05-05T13:20:59.980+0000] {dag.py:4180} INFO - Setting next_dagrun for tutorial to 2025-05-04 00:00:00+00:00, run_after=2025-05-05 00:00:00+00:00
[2025-05-05T13:20:59.993+0000] {processor.py:208} INFO - Processing /home/airflow/.local/lib/python3.12/site-packages/airflow/example_dags/tutorial.py took 0.063 seconds
[2025-05-05T13:21:30.062+0000] {processor.py:186} INFO - Started process (PID=2112) to work on /home/airflow/.local/lib/python3.12/site-packages/airflow/example_dags/tutorial.py
[2025-05-05T13:21:30.063+0000] {processor.py:914} INFO - Processing file /home/airflow/.local/lib/python3.12/site-packages/airflow/example_dags/tutorial.py for tasks to queue
[2025-05-05T13:21:30.065+0000] {logging_mixin.py:190} INFO - [2025-05-05T13:21:30.065+0000] {dagbag.py:588} INFO - Filling up the DagBag from /home/airflow/.local/lib/python3.12/site-packages/airflow/example_dags/tutorial.py
[2025-05-05T13:21:30.071+0000] {processor.py:925} INFO - DAG(s) 'tutorial' retrieved from /home/airflow/.local/lib/python3.12/site-packages/airflow/example_dags/tutorial.py
[2025-05-05T13:21:30.086+0000] {logging_mixin.py:190} INFO - [2025-05-05T13:21:30.086+0000] {dag.py:3239} INFO - Sync 1 DAGs
[2025-05-05T13:21:30.103+0000] {logging_mixin.py:190} INFO - [2025-05-05T13:21:30.103+0000] {dag.py:4180} INFO - Setting next_dagrun for tutorial to 2025-05-04 00:00:00+00:00, run_after=2025-05-05 00:00:00+00:00
[2025-05-05T13:21:30.117+0000] {processor.py:208} INFO - Processing /home/airflow/.local/lib/python3.12/site-packages/airflow/example_dags/tutorial.py took 0.059 seconds
[2025-05-05T13:22:16.775+0000] {processor.py:186} INFO - Started process (PID=2162) to work on /home/airflow/.local/lib/python3.12/site-packages/airflow/example_dags/tutorial.py
[2025-05-05T13:22:16.775+0000] {processor.py:914} INFO - Processing file /home/airflow/.local/lib/python3.12/site-packages/airflow/example_dags/tutorial.py for tasks to queue
[2025-05-05T13:22:16.777+0000] {logging_mixin.py:190} INFO - [2025-05-05T13:22:16.777+0000] {dagbag.py:588} INFO - Filling up the DagBag from /home/airflow/.local/lib/python3.12/site-packages/airflow/example_dags/tutorial.py
[2025-05-05T13:22:16.784+0000] {processor.py:925} INFO - DAG(s) 'tutorial' retrieved from /home/airflow/.local/lib/python3.12/site-packages/airflow/example_dags/tutorial.py
[2025-05-05T13:22:16.800+0000] {logging_mixin.py:190} INFO - [2025-05-05T13:22:16.800+0000] {dag.py:3239} INFO - Sync 1 DAGs
[2025-05-05T13:22:16.818+0000] {logging_mixin.py:190} INFO - [2025-05-05T13:22:16.818+0000] {dag.py:4180} INFO - Setting next_dagrun for tutorial to 2025-05-04 00:00:00+00:00, run_after=2025-05-05 00:00:00+00:00
[2025-05-05T13:22:16.834+0000] {processor.py:208} INFO - Processing /home/airflow/.local/lib/python3.12/site-packages/airflow/example_dags/tutorial.py took 0.064 seconds
[2025-05-05T13:23:01.917+0000] {processor.py:186} INFO - Started process (PID=2327) to work on /home/airflow/.local/lib/python3.12/site-packages/airflow/example_dags/tutorial.py
[2025-05-05T13:23:01.918+0000] {processor.py:914} INFO - Processing file /home/airflow/.local/lib/python3.12/site-packages/airflow/example_dags/tutorial.py for tasks to queue
[2025-05-05T13:23:01.920+0000] {logging_mixin.py:190} INFO - [2025-05-05T13:23:01.919+0000] {dagbag.py:588} INFO - Filling up the DagBag from /home/airflow/.local/lib/python3.12/site-packages/airflow/example_dags/tutorial.py
[2025-05-05T13:23:01.926+0000] {processor.py:925} INFO - DAG(s) 'tutorial' retrieved from /home/airflow/.local/lib/python3.12/site-packages/airflow/example_dags/tutorial.py
[2025-05-05T13:23:01.940+0000] {logging_mixin.py:190} INFO - [2025-05-05T13:23:01.940+0000] {dag.py:3239} INFO - Sync 1 DAGs
[2025-05-05T13:23:01.958+0000] {logging_mixin.py:190} INFO - [2025-05-05T13:23:01.957+0000] {dag.py:4180} INFO - Setting next_dagrun for tutorial to 2025-05-04 00:00:00+00:00, run_after=2025-05-05 00:00:00+00:00
[2025-05-05T13:23:01.972+0000] {processor.py:208} INFO - Processing /home/airflow/.local/lib/python3.12/site-packages/airflow/example_dags/tutorial.py took 0.059 seconds
[2025-05-05T13:23:10.019+0000] {processor.py:186} INFO - Started process (PID=2419) to work on /home/airflow/.local/lib/python3.12/site-packages/airflow/example_dags/tutorial.py
[2025-05-05T13:23:10.019+0000] {processor.py:914} INFO - Processing file /home/airflow/.local/lib/python3.12/site-packages/airflow/example_dags/tutorial.py for tasks to queue
[2025-05-05T13:23:10.021+0000] {logging_mixin.py:190} INFO - [2025-05-05T13:23:10.021+0000] {dagbag.py:588} INFO - Filling up the DagBag from /home/airflow/.local/lib/python3.12/site-packages/airflow/example_dags/tutorial.py
[2025-05-05T13:23:10.028+0000] {processor.py:925} INFO - DAG(s) 'tutorial' retrieved from /home/airflow/.local/lib/python3.12/site-packages/airflow/example_dags/tutorial.py
[2025-05-05T13:23:10.043+0000] {logging_mixin.py:190} INFO - [2025-05-05T13:23:10.043+0000] {dag.py:3239} INFO - Sync 1 DAGs
[2025-05-05T13:23:10.061+0000] {logging_mixin.py:190} INFO - [2025-05-05T13:23:10.061+0000] {dag.py:4180} INFO - Setting next_dagrun for tutorial to 2025-05-04 00:00:00+00:00, run_after=2025-05-05 00:00:00+00:00
[2025-05-05T13:23:10.076+0000] {processor.py:208} INFO - Processing /home/airflow/.local/lib/python3.12/site-packages/airflow/example_dags/tutorial.py took 0.062 seconds
[2025-05-05T13:23:41.965+0000] {processor.py:186} INFO - Started process (PID=2477) to work on /home/airflow/.local/lib/python3.12/site-packages/airflow/example_dags/tutorial.py
[2025-05-05T13:23:41.965+0000] {processor.py:914} INFO - Processing file /home/airflow/.local/lib/python3.12/site-packages/airflow/example_dags/tutorial.py for tasks to queue
[2025-05-05T13:23:41.967+0000] {logging_mixin.py:190} INFO - [2025-05-05T13:23:41.967+0000] {dagbag.py:588} INFO - Filling up the DagBag from /home/airflow/.local/lib/python3.12/site-packages/airflow/example_dags/tutorial.py
[2025-05-05T13:23:41.973+0000] {processor.py:925} INFO - DAG(s) 'tutorial' retrieved from /home/airflow/.local/lib/python3.12/site-packages/airflow/example_dags/tutorial.py
[2025-05-05T13:23:41.988+0000] {logging_mixin.py:190} INFO - [2025-05-05T13:23:41.988+0000] {dag.py:3239} INFO - Sync 1 DAGs
[2025-05-05T13:23:15.006+0000] {logging_mixin.py:190} INFO - [2025-05-05T13:23:15.006+0000] {dag.py:4180} INFO - Setting next_dagrun for tutorial to 2025-05-04 00:00:00+00:00, run_after=2025-05-05 00:00:00+00:00
[2025-05-05T13:23:15.024+0000] {processor.py:208} INFO - Processing /home/airflow/.local/lib/python3.12/site-packages/airflow/example_dags/tutorial.py took 0.067 seconds
[2025-05-05T13:23:45.110+0000] {processor.py:186} INFO - Started process (PID=2537) to work on /home/airflow/.local/lib/python3.12/site-packages/airflow/example_dags/tutorial.py
[2025-05-05T13:23:45.111+0000] {processor.py:914} INFO - Processing file /home/airflow/.local/lib/python3.12/site-packages/airflow/example_dags/tutorial.py for tasks to queue
[2025-05-05T13:23:45.113+0000] {logging_mixin.py:190} INFO - [2025-05-05T13:23:45.112+0000] {dagbag.py:588} INFO - Filling up the DagBag from /home/airflow/.local/lib/python3.12/site-packages/airflow/example_dags/tutorial.py
[2025-05-05T13:23:45.119+0000] {processor.py:925} INFO - DAG(s) 'tutorial' retrieved from /home/airflow/.local/lib/python3.12/site-packages/airflow/example_dags/tutorial.py
[2025-05-05T13:23:45.134+0000] {logging_mixin.py:190} INFO - [2025-05-05T13:23:45.134+0000] {dag.py:3239} INFO - Sync 1 DAGs
[2025-05-05T13:23:45.152+0000] {logging_mixin.py:190} INFO - [2025-05-05T13:23:45.152+0000] {dag.py:4180} INFO - Setting next_dagrun for tutorial to 2025-05-04 00:00:00+00:00, run_after=2025-05-05 00:00:00+00:00
[2025-05-05T13:23:45.173+0000] {processor.py:208} INFO - Processing /home/airflow/.local/lib/python3.12/site-packages/airflow/example_dags/tutorial.py took 0.068 seconds
[2025-05-05T13:24:15.299+0000] {processor.py:186} INFO - Started process (PID=2601) to work on /home/airflow/.local/lib/python3.12/site-packages/airflow/example_dags/tutorial.py
[2025-05-05T13:24:15.300+0000] {processor.py:914} INFO - Processing file /home/airflow/.local/lib/python3.12/site-packages/airflow/example_dags/tutorial.py for tasks to queue
[2025-05-05T13:24:15.303+0000] {logging_mixin.py:190} INFO - [2025-05-05T13:24:15.303+0000] {dagbag.py:588} INFO - Filling up the DagBag from /home/airflow/.local/lib/python3.12/site-packages/airflow/example_dags/tutorial.py
[2025-05-05T13:24:15.311+0000] {processor.py:925} INFO - DAG(s) 'tutorial' retrieved from /home/airflow/.local/lib/python3.12/site-packages/airflow/example_dags/tutorial.py
[2025-05-05T13:24:15.330+0000] {logging_mixin.py:190} INFO - [2025-05-05T13:24:15.330+0000] {dag.py:3239} INFO - Sync 1 DAGs
[2025-05-05T13:24:15.355+0000] {logging_mixin.py:190} INFO - [2025-05-05T13:24:15.354+0000] {dag.py:4180} INFO - Setting next_dagrun for tutorial to 2025-05-04 00:00:00+00:00, run_after=2025-05-05 00:00:00+00:00
[2025-05-05T13:24:15.370+0000] {processor.py:208} INFO - Processing /home/airflow/.local/lib/python3.12/site-packages/airflow/example_dags/tutorial.py took 0.077 seconds
[2025-05-05T13:24:25.137+0000] {processor.py:186} INFO - Started process (PID=2638) to work on /home/airflow/.local/lib/python3.12/site-packages/airflow/example_dags/tutorial.py
[2025-05-05T13:24:25.138+0000] {processor.py:914} INFO - Processing file /home/airflow/.local/lib/python3.12/site-packages/airflow/example_dags/tutorial.py for tasks to queue
[2025-05-05T13:24:25.140+0000] {logging_mixin.py:190} INFO - [2025-05-05T13:24:25.140+0000] {dagbag.py:588} INFO - Filling up the DagBag from /home/airflow/.local/lib/python3.12/site-packages/airflow/example_dags/tutorial.py
[2025-05-05T13:24:25.146+0000] {processor.py:925} INFO - DAG(s) 'tutorial' retrieved from /home/airflow/.local/lib/python3.12/site-packages/airflow/example_dags/tutorial.py
[2025-05-05T13:24:25.161+0000] {logging_mixin.py:190} INFO - [2025-05-05T13:24:25.161+0000] {dag.py:3239} INFO - Sync 1 DAGs
[2025-05-05T13:24:25.180+0000] {logging_mixin.py:190} INFO - [2025-05-05T13:24:25.179+0000] {dag.py:4180} INFO - Setting next_dagrun for tutorial to 2025-05-04 00:00:00+00:00, run_after=2025-05-05 00:00:00+00:00
[2025-05-05T13:24:25.220+0000] {processor.py:208} INFO - Processing /home/airflow/.local/lib/python3.12/site-packages/airflow/example_dags/tutorial.py took 0.088 seconds
[2025-05-05T13:24:55.566+0000] {processor.py:186} INFO - Started process (PID=2702) to work on /home/airflow/.local/lib/python3.12/site-packages/airflow/example_dags/tutorial.py
[2025-05-05T13:24:55.567+0000] {processor.py:914} INFO - Processing file /home/airflow/.local/lib/python3.12/site-packages/airflow/example_dags/tutorial.py for tasks to queue
[2025-05-05T13:24:55.569+0000] {logging_mixin.py:190} INFO - [2025-05-05T13:24:55.569+0000] {dagbag.py:588} INFO - Filling up the DagBag from /home/airflow/.local/lib/python3.12/site-packages/airflow/example_dags/tutorial.py
[2025-05-05T13:24:55.575+0000] {processor.py:925} INFO - DAG(s) 'tutorial' retrieved from /home/airflow/.local/lib/python3.12/site-packages/airflow/example_dags/tutorial.py
[2025-05-05T13:24:55.589+0000] {logging_mixin.py:190} INFO - [2025-05-05T13:24:55.589+0000] {dag.py:3239} INFO - Sync 1 DAGs
[2025-05-05T13:24:55.608+0000] {logging_mixin.py:190} INFO - [2025-05-05T13:24:55.608+0000] {dag.py:4180} INFO - Setting next_dagrun for tutorial to 2025-05-04 00:00:00+00:00, run_after=2025-05-05 00:00:00+00:00
[2025-05-05T13:24:55.622+0000] {processor.py:208} INFO - Processing /home/airflow/.local/lib/python3.12/site-packages/airflow/example_dags/tutorial.py took 0.060 seconds
[2025-05-05T13:25:25.893+0000] {processor.py:186} INFO - Started process (PID=2766) to work on /home/airflow/.local/lib/python3.12/site-packages/airflow/example_dags/tutorial.py
[2025-05-05T13:25:25.894+0000] {processor.py:914} INFO - Processing file /home/airflow/.local/lib/python3.12/site-packages/airflow/example_dags/tutorial.py for tasks to queue
[2025-05-05T13:25:25.896+0000] {logging_mixin.py:190} INFO - [2025-05-05T13:25:25.896+0000] {dagbag.py:588} INFO - Filling up the DagBag from /home/airflow/.local/lib/python3.12/site-packages/airflow/example_dags/tutorial.py
[2025-05-05T13:25:25.902+0000] {processor.py:925} INFO - DAG(s) 'tutorial' retrieved from /home/airflow/.local/lib/python3.12/site-packages/airflow/example_dags/tutorial.py
[2025-05-05T13:25:25.917+0000] {logging_mixin.py:190} INFO - [2025-05-05T13:25:25.917+0000] {dag.py:3239} INFO - Sync 1 DAGs
[2025-05-05T13:25:25.946+0000] {logging_mixin.py:190} INFO - [2025-05-05T13:25:25.946+0000] {dag.py:4180} INFO - Setting next_dagrun for tutorial to 2025-05-04 00:00:00+00:00, run_after=2025-05-05 00:00:00+00:00
[2025-05-05T13:25:25.969+0000] {processor.py:208} INFO - Processing /home/airflow/.local/lib/python3.12/site-packages/airflow/example_dags/tutorial.py took 0.080 seconds
[2025-05-05T13:26:02.249+0000] {processor.py:186} INFO - Started process (PID=2819) to work on /home/airflow/.local/lib/python3.12/site-packages/airflow/example_dags/tutorial.py
[2025-05-05T13:26:02.250+0000] {processor.py:914} INFO - Processing file /home/airflow/.local/lib/python3.12/site-packages/airflow/example_dags/tutorial.py for tasks to queue
[2025-05-05T13:26:02.252+0000] {logging_mixin.py:190} INFO - [2025-05-05T13:26:02.252+0000] {dagbag.py:588} INFO - Filling up the DagBag from /home/airflow/.local/lib/python3.12/site-packages/airflow/example_dags/tutorial.py
[2025-05-05T13:26:02.258+0000] {processor.py:925} INFO - DAG(s) 'tutorial' retrieved from /home/airflow/.local/lib/python3.12/site-packages/airflow/example_dags/tutorial.py
[2025-05-05T13:26:02.272+0000] {logging_mixin.py:190} INFO - [2025-05-05T13:26:02.271+0000] {dag.py:3239} INFO - Sync 1 DAGs
[2025-05-05T13:26:02.289+0000] {logging_mixin.py:190} INFO - [2025-05-05T13:26:02.289+0000] {dag.py:4180} INFO - Setting next_dagrun for tutorial to 2025-05-04 00:00:00+00:00, run_after=2025-05-05 00:00:00+00:00
[2025-05-05T13:26:02.307+0000] {processor.py:208} INFO - Processing /home/airflow/.local/lib/python3.12/site-packages/airflow/example_dags/tutorial.py took 0.062 seconds
[2025-05-05T13:26:47.190+0000] {processor.py:186} INFO - Started process (PID=2963) to work on /home/airflow/.local/lib/python3.12/site-packages/airflow/example_dags/tutorial.py
[2025-05-05T13:26:47.191+0000] {processor.py:914} INFO - Processing file /home/airflow/.local/lib/python3.12/site-packages/airflow/example_dags/tutorial.py for tasks to queue
[2025-05-05T13:26:47.192+0000] {logging_mixin.py:190} INFO - [2025-05-05T13:26:47.192+0000] {dagbag.py:588} INFO - Filling up the DagBag from /home/airflow/.local/lib/python3.12/site-packages/airflow/example_dags/tutorial.py
[2025-05-05T13:26:47.198+0000] {processor.py:925} INFO - DAG(s) 'tutorial' retrieved from /home/airflow/.local/lib/python3.12/site-packages/airflow/example_dags/tutorial.py
[2025-05-05T13:26:47.212+0000] {logging_mixin.py:190} INFO - [2025-05-05T13:26:47.212+0000] {dag.py:3239} INFO - Sync 1 DAGs
[2025-05-05T13:26:47.228+0000] {logging_mixin.py:190} INFO - [2025-05-05T13:26:47.228+0000] {dag.py:4180} INFO - Setting next_dagrun for tutorial to 2025-05-04 00:00:00+00:00, run_after=2025-05-05 00:00:00+00:00
[2025-05-05T13:26:47.243+0000] {processor.py:208} INFO - Processing /home/airflow/.local/lib/python3.12/site-packages/airflow/example_dags/tutorial.py took 0.058 seconds
[2025-05-05T13:27:15.334+0000] {processor.py:186} INFO - Started process (PID=3078) to work on /home/airflow/.local/lib/python3.12/site-packages/airflow/example_dags/tutorial.py
[2025-05-05T13:27:15.336+0000] {processor.py:914} INFO - Processing file /home/airflow/.local/lib/python3.12/site-packages/airflow/example_dags/tutorial.py for tasks to queue
[2025-05-05T13:27:15.337+0000] {logging_mixin.py:190} INFO - [2025-05-05T13:27:15.337+0000] {dagbag.py:588} INFO - Filling up the DagBag from /home/airflow/.local/lib/python3.12/site-packages/airflow/example_dags/tutorial.py
[2025-05-05T13:27:15.343+0000] {processor.py:925} INFO - DAG(s) 'tutorial' retrieved from /home/airflow/.local/lib/python3.12/site-packages/airflow/example_dags/tutorial.py
[2025-05-05T13:27:15.358+0000] {logging_mixin.py:190} INFO - [2025-05-05T13:27:15.358+0000] {dag.py:3239} INFO - Sync 1 DAGs
[2025-05-05T13:27:15.375+0000] {logging_mixin.py:190} INFO - [2025-05-05T13:27:15.375+0000] {dag.py:4180} INFO - Setting next_dagrun for tutorial to 2025-05-04 00:00:00+00:00, run_after=2025-05-05 00:00:00+00:00
[2025-05-05T13:27:15.390+0000] {processor.py:208} INFO - Processing /home/airflow/.local/lib/python3.12/site-packages/airflow/example_dags/tutorial.py took 0.060 seconds
[2025-05-05T13:27:47.275+0000] {processor.py:186} INFO - Started process (PID=3134) to work on /home/airflow/.local/lib/python3.12/site-packages/airflow/example_dags/tutorial.py
[2025-05-05T13:27:47.275+0000] {processor.py:914} INFO - Processing file /home/airflow/.local/lib/python3.12/site-packages/airflow/example_dags/tutorial.py for tasks to queue
[2025-05-05T13:27:47.277+0000] {logging_mixin.py:190} INFO - [2025-05-05T13:27:47.277+0000] {dagbag.py:588} INFO - Filling up the DagBag from /home/airflow/.local/lib/python3.12/site-packages/airflow/example_dags/tutorial.py
[2025-05-05T13:27:20.398+0000] {processor.py:925} INFO - DAG(s) 'tutorial' retrieved from /home/airflow/.local/lib/python3.12/site-packages/airflow/example_dags/tutorial.py
[2025-05-05T13:27:20.415+0000] {logging_mixin.py:190} INFO - [2025-05-05T13:27:20.414+0000] {dag.py:3239} INFO - Sync 1 DAGs
[2025-05-05T13:27:20.432+0000] {logging_mixin.py:190} INFO - [2025-05-05T13:27:20.432+0000] {dag.py:4180} INFO - Setting next_dagrun for tutorial to 2025-05-04 00:00:00+00:00, run_after=2025-05-05 00:00:00+00:00
[2025-05-05T13:27:20.447+0000] {processor.py:208} INFO - Processing /home/airflow/.local/lib/python3.12/site-packages/airflow/example_dags/tutorial.py took 0.061 seconds
[2025-05-05T13:27:51.003+0000] {processor.py:186} INFO - Started process (PID=3197) to work on /home/airflow/.local/lib/python3.12/site-packages/airflow/example_dags/tutorial.py
[2025-05-05T13:27:51.004+0000] {processor.py:914} INFO - Processing file /home/airflow/.local/lib/python3.12/site-packages/airflow/example_dags/tutorial.py for tasks to queue
[2025-05-05T13:27:51.005+0000] {logging_mixin.py:190} INFO - [2025-05-05T13:27:51.005+0000] {dagbag.py:588} INFO - Filling up the DagBag from /home/airflow/.local/lib/python3.12/site-packages/airflow/example_dags/tutorial.py
[2025-05-05T13:27:51.011+0000] {processor.py:925} INFO - DAG(s) 'tutorial' retrieved from /home/airflow/.local/lib/python3.12/site-packages/airflow/example_dags/tutorial.py
[2025-05-05T13:27:51.029+0000] {logging_mixin.py:190} INFO - [2025-05-05T13:27:51.029+0000] {dag.py:3239} INFO - Sync 1 DAGs
[2025-05-05T13:27:51.045+0000] {logging_mixin.py:190} INFO - [2025-05-05T13:27:51.045+0000] {dag.py:4180} INFO - Setting next_dagrun for tutorial to 2025-05-04 00:00:00+00:00, run_after=2025-05-05 00:00:00+00:00
[2025-05-05T13:27:51.060+0000] {processor.py:208} INFO - Processing /home/airflow/.local/lib/python3.12/site-packages/airflow/example_dags/tutorial.py took 0.061 seconds
[2025-05-05T13:28:21.210+0000] {processor.py:186} INFO - Started process (PID=3260) to work on /home/airflow/.local/lib/python3.12/site-packages/airflow/example_dags/tutorial.py
[2025-05-05T13:28:21.210+0000] {processor.py:914} INFO - Processing file /home/airflow/.local/lib/python3.12/site-packages/airflow/example_dags/tutorial.py for tasks to queue
[2025-05-05T13:28:21.212+0000] {logging_mixin.py:190} INFO - [2025-05-05T13:28:21.212+0000] {dagbag.py:588} INFO - Filling up the DagBag from /home/airflow/.local/lib/python3.12/site-packages/airflow/example_dags/tutorial.py
[2025-05-05T13:28:21.218+0000] {processor.py:925} INFO - DAG(s) 'tutorial' retrieved from /home/airflow/.local/lib/python3.12/site-packages/airflow/example_dags/tutorial.py
[2025-05-05T13:28:21.232+0000] {logging_mixin.py:190} INFO - [2025-05-05T13:28:21.232+0000] {dag.py:3239} INFO - Sync 1 DAGs
[2025-05-05T13:28:21.250+0000] {logging_mixin.py:190} INFO - [2025-05-05T13:28:21.249+0000] {dag.py:4180} INFO - Setting next_dagrun for tutorial to 2025-05-04 00:00:00+00:00, run_after=2025-05-05 00:00:00+00:00
[2025-05-05T13:28:21.268+0000] {processor.py:208} INFO - Processing /home/airflow/.local/lib/python3.12/site-packages/airflow/example_dags/tutorial.py took 0.062 seconds
[2025-05-05T13:28:52.642+0000] {processor.py:186} INFO - Started process (PID=3312) to work on /home/airflow/.local/lib/python3.12/site-packages/airflow/example_dags/tutorial.py
[2025-05-05T13:28:52.643+0000] {processor.py:914} INFO - Processing file /home/airflow/.local/lib/python3.12/site-packages/airflow/example_dags/tutorial.py for tasks to queue
[2025-05-05T13:28:52.644+0000] {logging_mixin.py:190} INFO - [2025-05-05T13:28:52.644+0000] {dagbag.py:588} INFO - Filling up the DagBag from /home/airflow/.local/lib/python3.12/site-packages/airflow/example_dags/tutorial.py
[2025-05-05T13:28:52.650+0000] {processor.py:925} INFO - DAG(s) 'tutorial' retrieved from /home/airflow/.local/lib/python3.12/site-packages/airflow/example_dags/tutorial.py
[2025-05-05T13:28:52.664+0000] {logging_mixin.py:190} INFO - [2025-05-05T13:28:52.664+0000] {dag.py:3239} INFO - Sync 1 DAGs
[2025-05-05T13:28:52.682+0000] {logging_mixin.py:190} INFO - [2025-05-05T13:28:52.682+0000] {dag.py:4180} INFO - Setting next_dagrun for tutorial to 2025-05-04 00:00:00+00:00, run_after=2025-05-05 00:00:00+00:00
[2025-05-05T13:28:52.696+0000] {processor.py:208} INFO - Processing /home/airflow/.local/lib/python3.12/site-packages/airflow/example_dags/tutorial.py took 0.059 seconds
[2025-05-05T13:29:00.561+0000] {processor.py:186} INFO - Started process (PID=3435) to work on /home/airflow/.local/lib/python3.12/site-packages/airflow/example_dags/tutorial.py
[2025-05-05T13:29:00.562+0000] {processor.py:914} INFO - Processing file /home/airflow/.local/lib/python3.12/site-packages/airflow/example_dags/tutorial.py for tasks to queue
[2025-05-05T13:29:00.564+0000] {logging_mixin.py:190} INFO - [2025-05-05T13:29:00.564+0000] {dagbag.py:588} INFO - Filling up the DagBag from /home/airflow/.local/lib/python3.12/site-packages/airflow/example_dags/tutorial.py
[2025-05-05T13:29:00.570+0000] {processor.py:925} INFO - DAG(s) 'tutorial' retrieved from /home/airflow/.local/lib/python3.12/site-packages/airflow/example_dags/tutorial.py
[2025-05-05T13:29:00.584+0000] {logging_mixin.py:190} INFO - [2025-05-05T13:29:00.584+0000] {dag.py:3239} INFO - Sync 1 DAGs
[2025-05-05T13:29:00.599+0000] {logging_mixin.py:190} INFO - [2025-05-05T13:29:00.599+0000] {dag.py:4180} INFO - Setting next_dagrun for tutorial to 2025-05-04 00:00:00+00:00, run_after=2025-05-05 00:00:00+00:00
[2025-05-05T13:29:00.613+0000] {processor.py:208} INFO - Processing /home/airflow/.local/lib/python3.12/site-packages/airflow/example_dags/tutorial.py took 0.056 seconds
[2025-05-05T13:29:32.502+0000] {processor.py:186} INFO - Started process (PID=3479) to work on /home/airflow/.local/lib/python3.12/site-packages/airflow/example_dags/tutorial.py
[2025-05-05T13:29:32.503+0000] {processor.py:914} INFO - Processing file /home/airflow/.local/lib/python3.12/site-packages/airflow/example_dags/tutorial.py for tasks to queue
[2025-05-05T13:29:32.504+0000] {logging_mixin.py:190} INFO - [2025-05-05T13:29:32.504+0000] {dagbag.py:588} INFO - Filling up the DagBag from /home/airflow/.local/lib/python3.12/site-packages/airflow/example_dags/tutorial.py
[2025-05-05T13:29:32.511+0000] {processor.py:925} INFO - DAG(s) 'tutorial' retrieved from /home/airflow/.local/lib/python3.12/site-packages/airflow/example_dags/tutorial.py
[2025-05-05T13:29:32.525+0000] {logging_mixin.py:190} INFO - [2025-05-05T13:29:32.524+0000] {dag.py:3239} INFO - Sync 1 DAGs
[2025-05-05T13:29:32.541+0000] {logging_mixin.py:190} INFO - [2025-05-05T13:29:32.541+0000] {dag.py:4180} INFO - Setting next_dagrun for tutorial to 2025-05-04 00:00:00+00:00, run_after=2025-05-05 00:00:00+00:00
[2025-05-05T13:29:05.710+0000] {processor.py:208} INFO - Processing /home/airflow/.local/lib/python3.12/site-packages/airflow/example_dags/tutorial.py took 0.058 seconds
[2025-05-05T13:29:35.908+0000] {processor.py:186} INFO - Started process (PID=3528) to work on /home/airflow/.local/lib/python3.12/site-packages/airflow/example_dags/tutorial.py
[2025-05-05T13:29:35.909+0000] {processor.py:914} INFO - Processing file /home/airflow/.local/lib/python3.12/site-packages/airflow/example_dags/tutorial.py for tasks to queue
[2025-05-05T13:29:35.911+0000] {logging_mixin.py:190} INFO - [2025-05-05T13:29:35.911+0000] {dagbag.py:588} INFO - Filling up the DagBag from /home/airflow/.local/lib/python3.12/site-packages/airflow/example_dags/tutorial.py
[2025-05-05T13:29:35.917+0000] {processor.py:925} INFO - DAG(s) 'tutorial' retrieved from /home/airflow/.local/lib/python3.12/site-packages/airflow/example_dags/tutorial.py
[2025-05-05T13:29:35.934+0000] {logging_mixin.py:190} INFO - [2025-05-05T13:29:35.933+0000] {dag.py:3239} INFO - Sync 1 DAGs
[2025-05-05T13:29:35.953+0000] {logging_mixin.py:190} INFO - [2025-05-05T13:29:35.953+0000] {dag.py:4180} INFO - Setting next_dagrun for tutorial to 2025-05-04 00:00:00+00:00, run_after=2025-05-05 00:00:00+00:00
[2025-05-05T13:29:35.970+0000] {processor.py:208} INFO - Processing /home/airflow/.local/lib/python3.12/site-packages/airflow/example_dags/tutorial.py took 0.067 seconds
[2025-05-05T13:30:06.080+0000] {processor.py:186} INFO - Started process (PID=3592) to work on /home/airflow/.local/lib/python3.12/site-packages/airflow/example_dags/tutorial.py
[2025-05-05T13:30:06.081+0000] {processor.py:914} INFO - Processing file /home/airflow/.local/lib/python3.12/site-packages/airflow/example_dags/tutorial.py for tasks to queue
[2025-05-05T13:30:06.083+0000] {logging_mixin.py:190} INFO - [2025-05-05T13:30:06.083+0000] {dagbag.py:588} INFO - Filling up the DagBag from /home/airflow/.local/lib/python3.12/site-packages/airflow/example_dags/tutorial.py
[2025-05-05T13:30:06.090+0000] {processor.py:925} INFO - DAG(s) 'tutorial' retrieved from /home/airflow/.local/lib/python3.12/site-packages/airflow/example_dags/tutorial.py
[2025-05-05T13:30:06.105+0000] {logging_mixin.py:190} INFO - [2025-05-05T13:30:06.105+0000] {dag.py:3239} INFO - Sync 1 DAGs
[2025-05-05T13:30:06.123+0000] {logging_mixin.py:190} INFO - [2025-05-05T13:30:06.123+0000] {dag.py:4180} INFO - Setting next_dagrun for tutorial to 2025-05-04 00:00:00+00:00, run_after=2025-05-05 00:00:00+00:00
[2025-05-05T13:30:06.138+0000] {processor.py:208} INFO - Processing /home/airflow/.local/lib/python3.12/site-packages/airflow/example_dags/tutorial.py took 0.062 seconds
[2025-05-05T13:30:36.436+0000] {processor.py:186} INFO - Started process (PID=3655) to work on /home/airflow/.local/lib/python3.12/site-packages/airflow/example_dags/tutorial.py
[2025-05-05T13:30:36.437+0000] {processor.py:914} INFO - Processing file /home/airflow/.local/lib/python3.12/site-packages/airflow/example_dags/tutorial.py for tasks to queue
[2025-05-05T13:30:36.438+0000] {logging_mixin.py:190} INFO - [2025-05-05T13:30:36.438+0000] {dagbag.py:588} INFO - Filling up the DagBag from /home/airflow/.local/lib/python3.12/site-packages/airflow/example_dags/tutorial.py
[2025-05-05T13:30:36.444+0000] {processor.py:925} INFO - DAG(s) 'tutorial' retrieved from /home/airflow/.local/lib/python3.12/site-packages/airflow/example_dags/tutorial.py
[2025-05-05T13:30:36.459+0000] {logging_mixin.py:190} INFO - [2025-05-05T13:30:36.458+0000] {dag.py:3239} INFO - Sync 1 DAGs
[2025-05-05T13:30:36.476+0000] {logging_mixin.py:190} INFO - [2025-05-05T13:30:36.476+0000] {dag.py:4180} INFO - Setting next_dagrun for tutorial to 2025-05-04 00:00:00+00:00, run_after=2025-05-05 00:00:00+00:00
[2025-05-05T13:30:36.489+0000] {processor.py:208} INFO - Processing /home/airflow/.local/lib/python3.12/site-packages/airflow/example_dags/tutorial.py took 0.058 seconds
[2025-05-05T13:31:06.562+0000] {processor.py:186} INFO - Started process (PID=3708) to work on /home/airflow/.local/lib/python3.12/site-packages/airflow/example_dags/tutorial.py
[2025-05-05T13:31:06.562+0000] {processor.py:914} INFO - Processing file /home/airflow/.local/lib/python3.12/site-packages/airflow/example_dags/tutorial.py for tasks to queue
[2025-05-05T13:31:06.564+0000] {logging_mixin.py:190} INFO - [2025-05-05T13:31:06.564+0000] {dagbag.py:588} INFO - Filling up the DagBag from /home/airflow/.local/lib/python3.12/site-packages/airflow/example_dags/tutorial.py
[2025-05-05T13:31:06.570+0000] {processor.py:925} INFO - DAG(s) 'tutorial' retrieved from /home/airflow/.local/lib/python3.12/site-packages/airflow/example_dags/tutorial.py
[2025-05-05T13:31:06.583+0000] {logging_mixin.py:190} INFO - [2025-05-05T13:31:06.583+0000] {dag.py:3239} INFO - Sync 1 DAGs
[2025-05-05T13:31:06.599+0000] {logging_mixin.py:190} INFO - [2025-05-05T13:31:06.598+0000] {dag.py:4180} INFO - Setting next_dagrun for tutorial to 2025-05-04 00:00:00+00:00, run_after=2025-05-05 00:00:00+00:00
[2025-05-05T13:31:06.612+0000] {processor.py:208} INFO - Processing /home/airflow/.local/lib/python3.12/site-packages/airflow/example_dags/tutorial.py took 0.054 seconds
[2025-05-05T13:31:37.062+0000] {processor.py:186} INFO - Started process (PID=3770) to work on /home/airflow/.local/lib/python3.12/site-packages/airflow/example_dags/tutorial.py
[2025-05-05T13:31:37.063+0000] {processor.py:914} INFO - Processing file /home/airflow/.local/lib/python3.12/site-packages/airflow/example_dags/tutorial.py for tasks to queue
[2025-05-05T13:31:37.065+0000] {logging_mixin.py:190} INFO - [2025-05-05T13:31:37.064+0000] {dagbag.py:588} INFO - Filling up the DagBag from /home/airflow/.local/lib/python3.12/site-packages/airflow/example_dags/tutorial.py
[2025-05-05T13:31:37.070+0000] {processor.py:925} INFO - DAG(s) 'tutorial' retrieved from /home/airflow/.local/lib/python3.12/site-packages/airflow/example_dags/tutorial.py
[2025-05-05T13:31:37.085+0000] {logging_mixin.py:190} INFO - [2025-05-05T13:31:37.085+0000] {dag.py:3239} INFO - Sync 1 DAGs
[2025-05-05T13:31:37.103+0000] {logging_mixin.py:190} INFO - [2025-05-05T13:31:37.103+0000] {dag.py:4180} INFO - Setting next_dagrun for tutorial to 2025-05-04 00:00:00+00:00, run_after=2025-05-05 00:00:00+00:00
[2025-05-05T13:31:37.122+0000] {processor.py:208} INFO - Processing /home/airflow/.local/lib/python3.12/site-packages/airflow/example_dags/tutorial.py took 0.064 seconds
[2025-05-05T13:32:07.208+0000] {processor.py:186} INFO - Started process (PID=3834) to work on /home/airflow/.local/lib/python3.12/site-packages/airflow/example_dags/tutorial.py
[2025-05-05T13:32:07.209+0000] {processor.py:914} INFO - Processing file /home/airflow/.local/lib/python3.12/site-packages/airflow/example_dags/tutorial.py for tasks to queue
[2025-05-05T13:32:07.210+0000] {logging_mixin.py:190} INFO - [2025-05-05T13:32:07.210+0000] {dagbag.py:588} INFO - Filling up the DagBag from /home/airflow/.local/lib/python3.12/site-packages/airflow/example_dags/tutorial.py
[2025-05-05T13:32:07.216+0000] {processor.py:925} INFO - DAG(s) 'tutorial' retrieved from /home/airflow/.local/lib/python3.12/site-packages/airflow/example_dags/tutorial.py
[2025-05-05T13:32:07.230+0000] {logging_mixin.py:190} INFO - [2025-05-05T13:32:07.230+0000] {dag.py:3239} INFO - Sync 1 DAGs
[2025-05-05T13:32:07.246+0000] {logging_mixin.py:190} INFO - [2025-05-05T13:32:07.246+0000] {dag.py:4180} INFO - Setting next_dagrun for tutorial to 2025-05-04 00:00:00+00:00, run_after=2025-05-05 00:00:00+00:00
[2025-05-05T13:32:07.261+0000] {processor.py:208} INFO - Processing /home/airflow/.local/lib/python3.12/site-packages/airflow/example_dags/tutorial.py took 0.057 seconds
[2025-05-05T13:32:37.739+0000] {processor.py:186} INFO - Started process (PID=3898) to work on /home/airflow/.local/lib/python3.12/site-packages/airflow/example_dags/tutorial.py
[2025-05-05T13:32:37.740+0000] {processor.py:914} INFO - Processing file /home/airflow/.local/lib/python3.12/site-packages/airflow/example_dags/tutorial.py for tasks to queue
[2025-05-05T13:32:37.742+0000] {logging_mixin.py:190} INFO - [2025-05-05T13:32:37.742+0000] {dagbag.py:588} INFO - Filling up the DagBag from /home/airflow/.local/lib/python3.12/site-packages/airflow/example_dags/tutorial.py
[2025-05-05T13:32:37.747+0000] {processor.py:925} INFO - DAG(s) 'tutorial' retrieved from /home/airflow/.local/lib/python3.12/site-packages/airflow/example_dags/tutorial.py
[2025-05-05T13:32:37.762+0000] {logging_mixin.py:190} INFO - [2025-05-05T13:32:37.761+0000] {dag.py:3239} INFO - Sync 1 DAGs
[2025-05-05T13:32:37.778+0000] {logging_mixin.py:190} INFO - [2025-05-05T13:32:37.778+0000] {dag.py:4180} INFO - Setting next_dagrun for tutorial to 2025-05-04 00:00:00+00:00, run_after=2025-05-05 00:00:00+00:00
[2025-05-05T13:32:37.797+0000] {processor.py:208} INFO - Processing /home/airflow/.local/lib/python3.12/site-packages/airflow/example_dags/tutorial.py took 0.061 seconds
[2025-05-05T13:33:07.888+0000] {processor.py:186} INFO - Started process (PID=3962) to work on /home/airflow/.local/lib/python3.12/site-packages/airflow/example_dags/tutorial.py
[2025-05-05T13:33:07.889+0000] {processor.py:914} INFO - Processing file /home/airflow/.local/lib/python3.12/site-packages/airflow/example_dags/tutorial.py for tasks to queue
[2025-05-05T13:33:07.891+0000] {logging_mixin.py:190} INFO - [2025-05-05T13:33:07.890+0000] {dagbag.py:588} INFO - Filling up the DagBag from /home/airflow/.local/lib/python3.12/site-packages/airflow/example_dags/tutorial.py
[2025-05-05T13:33:07.896+0000] {processor.py:925} INFO - DAG(s) 'tutorial' retrieved from /home/airflow/.local/lib/python3.12/site-packages/airflow/example_dags/tutorial.py
[2025-05-05T13:33:07.911+0000] {logging_mixin.py:190} INFO - [2025-05-05T13:33:07.911+0000] {dag.py:3239} INFO - Sync 1 DAGs
[2025-05-05T13:33:07.927+0000] {logging_mixin.py:190} INFO - [2025-05-05T13:33:07.927+0000] {dag.py:4180} INFO - Setting next_dagrun for tutorial to 2025-05-04 00:00:00+00:00, run_after=2025-05-05 00:00:00+00:00
[2025-05-05T13:33:08.067+0000] {processor.py:208} INFO - Processing /home/airflow/.local/lib/python3.12/site-packages/airflow/example_dags/tutorial.py took 0.183 seconds
[2025-05-05T13:33:38.884+0000] {processor.py:186} INFO - Started process (PID=4026) to work on /home/airflow/.local/lib/python3.12/site-packages/airflow/example_dags/tutorial.py
[2025-05-05T13:33:38.885+0000] {processor.py:914} INFO - Processing file /home/airflow/.local/lib/python3.12/site-packages/airflow/example_dags/tutorial.py for tasks to queue
[2025-05-05T13:33:38.887+0000] {logging_mixin.py:190} INFO - [2025-05-05T13:33:38.886+0000] {dagbag.py:588} INFO - Filling up the DagBag from /home/airflow/.local/lib/python3.12/site-packages/airflow/example_dags/tutorial.py
[2025-05-05T13:33:38.893+0000] {processor.py:925} INFO - DAG(s) 'tutorial' retrieved from /home/airflow/.local/lib/python3.12/site-packages/airflow/example_dags/tutorial.py
[2025-05-05T13:33:38.907+0000] {logging_mixin.py:190} INFO - [2025-05-05T13:33:38.907+0000] {dag.py:3239} INFO - Sync 1 DAGs
[2025-05-05T13:33:38.924+0000] {logging_mixin.py:190} INFO - [2025-05-05T13:33:38.924+0000] {dag.py:4180} INFO - Setting next_dagrun for tutorial to 2025-05-04 00:00:00+00:00, run_after=2025-05-05 00:00:00+00:00
[2025-05-05T13:33:38.938+0000] {processor.py:208} INFO - Processing /home/airflow/.local/lib/python3.12/site-packages/airflow/example_dags/tutorial.py took 0.059 seconds
[2025-05-05T13:34:09.018+0000] {processor.py:186} INFO - Started process (PID=4090) to work on /home/airflow/.local/lib/python3.12/site-packages/airflow/example_dags/tutorial.py
[2025-05-05T13:34:09.019+0000] {processor.py:914} INFO - Processing file /home/airflow/.local/lib/python3.12/site-packages/airflow/example_dags/tutorial.py for tasks to queue
[2025-05-05T13:34:09.021+0000] {logging_mixin.py:190} INFO - [2025-05-05T13:34:09.021+0000] {dagbag.py:588} INFO - Filling up the DagBag from /home/airflow/.local/lib/python3.12/site-packages/airflow/example_dags/tutorial.py
[2025-05-05T13:34:09.027+0000] {processor.py:925} INFO - DAG(s) 'tutorial' retrieved from /home/airflow/.local/lib/python3.12/site-packages/airflow/example_dags/tutorial.py
[2025-05-05T13:34:09.042+0000] {logging_mixin.py:190} INFO - [2025-05-05T13:34:09.042+0000] {dag.py:3239} INFO - Sync 1 DAGs
[2025-05-05T13:34:09.059+0000] {logging_mixin.py:190} INFO - [2025-05-05T13:34:09.059+0000] {dag.py:4180} INFO - Setting next_dagrun for tutorial to 2025-05-04 00:00:00+00:00, run_after=2025-05-05 00:00:00+00:00
[2025-05-05T13:34:09.077+0000] {processor.py:208} INFO - Processing /home/airflow/.local/lib/python3.12/site-packages/airflow/example_dags/tutorial.py took 0.063 seconds
[2025-05-05T13:34:39.373+0000] {processor.py:186} INFO - Started process (PID=4154) to work on /home/airflow/.local/lib/python3.12/site-packages/airflow/example_dags/tutorial.py
[2025-05-05T13:34:39.374+0000] {processor.py:914} INFO - Processing file /home/airflow/.local/lib/python3.12/site-packages/airflow/example_dags/tutorial.py for tasks to queue
[2025-05-05T13:34:39.376+0000] {logging_mixin.py:190} INFO - [2025-05-05T13:34:39.375+0000] {dagbag.py:588} INFO - Filling up the DagBag from /home/airflow/.local/lib/python3.12/site-packages/airflow/example_dags/tutorial.py
[2025-05-05T13:34:39.381+0000] {processor.py:925} INFO - DAG(s) 'tutorial' retrieved from /home/airflow/.local/lib/python3.12/site-packages/airflow/example_dags/tutorial.py
[2025-05-05T13:34:39.395+0000] {logging_mixin.py:190} INFO - [2025-05-05T13:34:39.395+0000] {dag.py:3239} INFO - Sync 1 DAGs
[2025-05-05T13:34:39.411+0000] {logging_mixin.py:190} INFO - [2025-05-05T13:34:39.411+0000] {dag.py:4180} INFO - Setting next_dagrun for tutorial to 2025-05-04 00:00:00+00:00, run_after=2025-05-05 00:00:00+00:00
[2025-05-05T13:34:39.424+0000] {processor.py:208} INFO - Processing /home/airflow/.local/lib/python3.12/site-packages/airflow/example_dags/tutorial.py took 0.056 seconds
[2025-05-05T13:35:09.865+0000] {processor.py:186} INFO - Started process (PID=4218) to work on /home/airflow/.local/lib/python3.12/site-packages/airflow/example_dags/tutorial.py
[2025-05-05T13:35:09.866+0000] {processor.py:914} INFO - Processing file /home/airflow/.local/lib/python3.12/site-packages/airflow/example_dags/tutorial.py for tasks to queue
[2025-05-05T13:35:09.869+0000] {logging_mixin.py:190} INFO - [2025-05-05T13:35:09.868+0000] {dagbag.py:588} INFO - Filling up the DagBag from /home/airflow/.local/lib/python3.12/site-packages/airflow/example_dags/tutorial.py
[2025-05-05T13:35:09.877+0000] {processor.py:925} INFO - DAG(s) 'tutorial' retrieved from /home/airflow/.local/lib/python3.12/site-packages/airflow/example_dags/tutorial.py
[2025-05-05T13:35:09.893+0000] {logging_mixin.py:190} INFO - [2025-05-05T13:35:09.893+0000] {dag.py:3239} INFO - Sync 1 DAGs
[2025-05-05T13:35:10.048+0000] {logging_mixin.py:190} INFO - [2025-05-05T13:35:10.048+0000] {dag.py:4180} INFO - Setting next_dagrun for tutorial to 2025-05-04 00:00:00+00:00, run_after=2025-05-05 00:00:00+00:00
[2025-05-05T13:35:10.061+0000] {processor.py:208} INFO - Processing /home/airflow/.local/lib/python3.12/site-packages/airflow/example_dags/tutorial.py took 0.201 seconds
[2025-05-05T13:35:40.124+0000] {processor.py:186} INFO - Started process (PID=4282) to work on /home/airflow/.local/lib/python3.12/site-packages/airflow/example_dags/tutorial.py
[2025-05-05T13:35:40.125+0000] {processor.py:914} INFO - Processing file /home/airflow/.local/lib/python3.12/site-packages/airflow/example_dags/tutorial.py for tasks to queue
[2025-05-05T13:35:40.127+0000] {logging_mixin.py:190} INFO - [2025-05-05T13:35:40.127+0000] {dagbag.py:588} INFO - Filling up the DagBag from /home/airflow/.local/lib/python3.12/site-packages/airflow/example_dags/tutorial.py
[2025-05-05T13:35:40.133+0000] {processor.py:925} INFO - DAG(s) 'tutorial' retrieved from /home/airflow/.local/lib/python3.12/site-packages/airflow/example_dags/tutorial.py
[2025-05-05T13:35:40.146+0000] {logging_mixin.py:190} INFO - [2025-05-05T13:35:40.146+0000] {dag.py:3239} INFO - Sync 1 DAGs
[2025-05-05T13:35:40.163+0000] {logging_mixin.py:190} INFO - [2025-05-05T13:35:40.163+0000] {dag.py:4180} INFO - Setting next_dagrun for tutorial to 2025-05-04 00:00:00+00:00, run_after=2025-05-05 00:00:00+00:00
[2025-05-05T13:35:40.177+0000] {processor.py:208} INFO - Processing /home/airflow/.local/lib/python3.12/site-packages/airflow/example_dags/tutorial.py took 0.057 seconds
[2025-05-05T13:36:10.504+0000] {processor.py:186} INFO - Started process (PID=4346) to work on /home/airflow/.local/lib/python3.12/site-packages/airflow/example_dags/tutorial.py
[2025-05-05T13:36:10.505+0000] {processor.py:914} INFO - Processing file /home/airflow/.local/lib/python3.12/site-packages/airflow/example_dags/tutorial.py for tasks to queue
[2025-05-05T13:36:10.506+0000] {logging_mixin.py:190} INFO - [2025-05-05T13:36:10.506+0000] {dagbag.py:588} INFO - Filling up the DagBag from /home/airflow/.local/lib/python3.12/site-packages/airflow/example_dags/tutorial.py
[2025-05-05T13:36:10.512+0000] {processor.py:925} INFO - DAG(s) 'tutorial' retrieved from /home/airflow/.local/lib/python3.12/site-packages/airflow/example_dags/tutorial.py
[2025-05-05T13:36:10.526+0000] {logging_mixin.py:190} INFO - [2025-05-05T13:36:10.526+0000] {dag.py:3239} INFO - Sync 1 DAGs
[2025-05-05T13:36:10.542+0000] {logging_mixin.py:190} INFO - [2025-05-05T13:36:10.542+0000] {dag.py:4180} INFO - Setting next_dagrun for tutorial to 2025-05-04 00:00:00+00:00, run_after=2025-05-05 00:00:00+00:00
[2025-05-05T13:36:10.557+0000] {processor.py:208} INFO - Processing /home/airflow/.local/lib/python3.12/site-packages/airflow/example_dags/tutorial.py took 0.058 seconds
[2025-05-05T13:36:40.996+0000] {processor.py:186} INFO - Started process (PID=4416) to work on /home/airflow/.local/lib/python3.12/site-packages/airflow/example_dags/tutorial.py
[2025-05-05T13:36:40.997+0000] {processor.py:914} INFO - Processing file /home/airflow/.local/lib/python3.12/site-packages/airflow/example_dags/tutorial.py for tasks to queue
[2025-05-05T13:36:40.999+0000] {logging_mixin.py:190} INFO - [2025-05-05T13:36:40.998+0000] {dagbag.py:588} INFO - Filling up the DagBag from /home/airflow/.local/lib/python3.12/site-packages/airflow/example_dags/tutorial.py
[2025-05-05T13:36:41.005+0000] {processor.py:925} INFO - DAG(s) 'tutorial' retrieved from /home/airflow/.local/lib/python3.12/site-packages/airflow/example_dags/tutorial.py
[2025-05-05T13:36:41.019+0000] {logging_mixin.py:190} INFO - [2025-05-05T13:36:41.019+0000] {dag.py:3239} INFO - Sync 1 DAGs
[2025-05-05T13:36:41.038+0000] {logging_mixin.py:190} INFO - [2025-05-05T13:36:41.038+0000] {dag.py:4180} INFO - Setting next_dagrun for tutorial to 2025-05-04 00:00:00+00:00, run_after=2025-05-05 00:00:00+00:00
[2025-05-05T13:36:41.054+0000] {processor.py:208} INFO - Processing /home/airflow/.local/lib/python3.12/site-packages/airflow/example_dags/tutorial.py took 0.063 seconds
[2025-05-05T13:37:11.303+0000] {processor.py:186} INFO - Started process (PID=4480) to work on /home/airflow/.local/lib/python3.12/site-packages/airflow/example_dags/tutorial.py
[2025-05-05T13:37:11.304+0000] {processor.py:914} INFO - Processing file /home/airflow/.local/lib/python3.12/site-packages/airflow/example_dags/tutorial.py for tasks to queue
[2025-05-05T13:37:11.306+0000] {logging_mixin.py:190} INFO - [2025-05-05T13:37:11.306+0000] {dagbag.py:588} INFO - Filling up the DagBag from /home/airflow/.local/lib/python3.12/site-packages/airflow/example_dags/tutorial.py
[2025-05-05T13:37:11.311+0000] {processor.py:925} INFO - DAG(s) 'tutorial' retrieved from /home/airflow/.local/lib/python3.12/site-packages/airflow/example_dags/tutorial.py
[2025-05-05T13:37:11.326+0000] {logging_mixin.py:190} INFO - [2025-05-05T13:37:11.325+0000] {dag.py:3239} INFO - Sync 1 DAGs
[2025-05-05T13:37:11.342+0000] {logging_mixin.py:190} INFO - [2025-05-05T13:37:11.342+0000] {dag.py:4180} INFO - Setting next_dagrun for tutorial to 2025-05-04 00:00:00+00:00, run_after=2025-05-05 00:00:00+00:00
[2025-05-05T13:37:11.355+0000] {processor.py:208} INFO - Processing /home/airflow/.local/lib/python3.12/site-packages/airflow/example_dags/tutorial.py took 0.056 seconds
[2025-05-05T13:37:41.595+0000] {processor.py:186} INFO - Started process (PID=4544) to work on /home/airflow/.local/lib/python3.12/site-packages/airflow/example_dags/tutorial.py
[2025-05-05T13:37:41.596+0000] {processor.py:914} INFO - Processing file /home/airflow/.local/lib/python3.12/site-packages/airflow/example_dags/tutorial.py for tasks to queue
[2025-05-05T13:37:41.599+0000] {logging_mixin.py:190} INFO - [2025-05-05T13:37:41.599+0000] {dagbag.py:588} INFO - Filling up the DagBag from /home/airflow/.local/lib/python3.12/site-packages/airflow/example_dags/tutorial.py
[2025-05-05T13:37:41.606+0000] {processor.py:925} INFO - DAG(s) 'tutorial' retrieved from /home/airflow/.local/lib/python3.12/site-packages/airflow/example_dags/tutorial.py
[2025-05-05T13:37:41.622+0000] {logging_mixin.py:190} INFO - [2025-05-05T13:37:41.622+0000] {dag.py:3239} INFO - Sync 1 DAGs
[2025-05-05T13:37:41.639+0000] {logging_mixin.py:190} INFO - [2025-05-05T13:37:41.639+0000] {dag.py:4180} INFO - Setting next_dagrun for tutorial to 2025-05-04 00:00:00+00:00, run_after=2025-05-05 00:00:00+00:00
[2025-05-05T13:37:41.652+0000] {processor.py:208} INFO - Processing /home/airflow/.local/lib/python3.12/site-packages/airflow/example_dags/tutorial.py took 0.062 seconds
[2025-05-05T18:24:19.747+0000] {processor.py:186} INFO - Started process (PID=4588) to work on /home/airflow/.local/lib/python3.12/site-packages/airflow/example_dags/tutorial.py
[2025-05-05T18:24:19.748+0000] {processor.py:914} INFO - Processing file /home/airflow/.local/lib/python3.12/site-packages/airflow/example_dags/tutorial.py for tasks to queue
[2025-05-05T18:24:19.751+0000] {logging_mixin.py:190} INFO - [2025-05-05T18:24:19.750+0000] {dagbag.py:588} INFO - Filling up the DagBag from /home/airflow/.local/lib/python3.12/site-packages/airflow/example_dags/tutorial.py
[2025-05-05T18:24:19.760+0000] {processor.py:925} INFO - DAG(s) 'tutorial' retrieved from /home/airflow/.local/lib/python3.12/site-packages/airflow/example_dags/tutorial.py
[2025-05-05T18:24:19.776+0000] {logging_mixin.py:190} INFO - [2025-05-05T18:24:19.776+0000] {dag.py:3239} INFO - Sync 1 DAGs
[2025-05-05T18:24:19.797+0000] {logging_mixin.py:190} INFO - [2025-05-05T18:24:19.796+0000] {dag.py:4180} INFO - Setting next_dagrun for tutorial to 2025-05-04 00:00:00+00:00, run_after=2025-05-05 00:00:00+00:00
[2025-05-05T18:24:19.813+0000] {processor.py:208} INFO - Processing /home/airflow/.local/lib/python3.12/site-packages/airflow/example_dags/tutorial.py took 0.073 seconds
[2025-05-05T18:24:50.161+0000] {processor.py:186} INFO - Started process (PID=4645) to work on /home/airflow/.local/lib/python3.12/site-packages/airflow/example_dags/tutorial.py
[2025-05-05T18:24:50.162+0000] {processor.py:914} INFO - Processing file /home/airflow/.local/lib/python3.12/site-packages/airflow/example_dags/tutorial.py for tasks to queue
[2025-05-05T18:24:50.164+0000] {logging_mixin.py:190} INFO - [2025-05-05T18:24:50.164+0000] {dagbag.py:588} INFO - Filling up the DagBag from /home/airflow/.local/lib/python3.12/site-packages/airflow/example_dags/tutorial.py
[2025-05-05T18:24:50.170+0000] {processor.py:925} INFO - DAG(s) 'tutorial' retrieved from /home/airflow/.local/lib/python3.12/site-packages/airflow/example_dags/tutorial.py
[2025-05-05T18:24:50.185+0000] {logging_mixin.py:190} INFO - [2025-05-05T18:24:50.184+0000] {dag.py:3239} INFO - Sync 1 DAGs
[2025-05-05T18:24:50.201+0000] {logging_mixin.py:190} INFO - [2025-05-05T18:24:50.201+0000] {dag.py:4180} INFO - Setting next_dagrun for tutorial to 2025-05-04 00:00:00+00:00, run_after=2025-05-05 00:00:00+00:00
[2025-05-05T18:24:50.217+0000] {processor.py:208} INFO - Processing /home/airflow/.local/lib/python3.12/site-packages/airflow/example_dags/tutorial.py took 0.060 seconds
[2025-05-05T18:25:20.624+0000] {processor.py:186} INFO - Started process (PID=4708) to work on /home/airflow/.local/lib/python3.12/site-packages/airflow/example_dags/tutorial.py
[2025-05-05T18:25:20.625+0000] {processor.py:914} INFO - Processing file /home/airflow/.local/lib/python3.12/site-packages/airflow/example_dags/tutorial.py for tasks to queue
[2025-05-05T18:25:20.626+0000] {logging_mixin.py:190} INFO - [2025-05-05T18:25:20.626+0000] {dagbag.py:588} INFO - Filling up the DagBag from /home/airflow/.local/lib/python3.12/site-packages/airflow/example_dags/tutorial.py
[2025-05-05T18:25:20.632+0000] {processor.py:925} INFO - DAG(s) 'tutorial' retrieved from /home/airflow/.local/lib/python3.12/site-packages/airflow/example_dags/tutorial.py
[2025-05-05T18:25:20.647+0000] {logging_mixin.py:190} INFO - [2025-05-05T18:25:20.646+0000] {dag.py:3239} INFO - Sync 1 DAGs
[2025-05-05T18:25:20.664+0000] {logging_mixin.py:190} INFO - [2025-05-05T18:25:20.664+0000] {dag.py:4180} INFO - Setting next_dagrun for tutorial to 2025-05-04 00:00:00+00:00, run_after=2025-05-05 00:00:00+00:00
[2025-05-05T18:25:20.680+0000] {processor.py:208} INFO - Processing /home/airflow/.local/lib/python3.12/site-packages/airflow/example_dags/tutorial.py took 0.060 seconds
[2025-05-05T18:25:50.896+0000] {processor.py:186} INFO - Started process (PID=4770) to work on /home/airflow/.local/lib/python3.12/site-packages/airflow/example_dags/tutorial.py
[2025-05-05T18:25:50.897+0000] {processor.py:914} INFO - Processing file /home/airflow/.local/lib/python3.12/site-packages/airflow/example_dags/tutorial.py for tasks to queue
[2025-05-05T18:25:50.900+0000] {logging_mixin.py:190} INFO - [2025-05-05T18:25:50.899+0000] {dagbag.py:588} INFO - Filling up the DagBag from /home/airflow/.local/lib/python3.12/site-packages/airflow/example_dags/tutorial.py
[2025-05-05T18:25:50.907+0000] {processor.py:925} INFO - DAG(s) 'tutorial' retrieved from /home/airflow/.local/lib/python3.12/site-packages/airflow/example_dags/tutorial.py
[2025-05-05T18:25:50.923+0000] {logging_mixin.py:190} INFO - [2025-05-05T18:25:50.923+0000] {dag.py:3239} INFO - Sync 1 DAGs
[2025-05-05T18:25:50.940+0000] {logging_mixin.py:190} INFO - [2025-05-05T18:25:50.940+0000] {dag.py:4180} INFO - Setting next_dagrun for tutorial to 2025-05-04 00:00:00+00:00, run_after=2025-05-05 00:00:00+00:00
[2025-05-05T18:25:50.955+0000] {processor.py:208} INFO - Processing /home/airflow/.local/lib/python3.12/site-packages/airflow/example_dags/tutorial.py took 0.064 seconds
[2025-05-05T18:26:21.430+0000] {processor.py:186} INFO - Started process (PID=4834) to work on /home/airflow/.local/lib/python3.12/site-packages/airflow/example_dags/tutorial.py
[2025-05-05T18:26:21.431+0000] {processor.py:914} INFO - Processing file /home/airflow/.local/lib/python3.12/site-packages/airflow/example_dags/tutorial.py for tasks to queue
[2025-05-05T18:26:21.433+0000] {logging_mixin.py:190} INFO - [2025-05-05T18:26:21.433+0000] {dagbag.py:588} INFO - Filling up the DagBag from /home/airflow/.local/lib/python3.12/site-packages/airflow/example_dags/tutorial.py
[2025-05-05T18:26:21.439+0000] {processor.py:925} INFO - DAG(s) 'tutorial' retrieved from /home/airflow/.local/lib/python3.12/site-packages/airflow/example_dags/tutorial.py
[2025-05-05T18:26:21.452+0000] {logging_mixin.py:190} INFO - [2025-05-05T18:26:21.452+0000] {dag.py:3239} INFO - Sync 1 DAGs
[2025-05-05T18:26:21.468+0000] {logging_mixin.py:190} INFO - [2025-05-05T18:26:21.467+0000] {dag.py:4180} INFO - Setting next_dagrun for tutorial to 2025-05-04 00:00:00+00:00, run_after=2025-05-05 00:00:00+00:00
[2025-05-05T18:26:21.481+0000] {processor.py:208} INFO - Processing /home/airflow/.local/lib/python3.12/site-packages/airflow/example_dags/tutorial.py took 0.055 seconds
[2025-05-05T18:26:52.299+0000] {processor.py:186} INFO - Started process (PID=4896) to work on /home/airflow/.local/lib/python3.12/site-packages/airflow/example_dags/tutorial.py
[2025-05-05T18:26:52.300+0000] {processor.py:914} INFO - Processing file /home/airflow/.local/lib/python3.12/site-packages/airflow/example_dags/tutorial.py for tasks to queue
[2025-05-05T18:26:52.302+0000] {logging_mixin.py:190} INFO - [2025-05-05T18:26:52.301+0000] {dagbag.py:588} INFO - Filling up the DagBag from /home/airflow/.local/lib/python3.12/site-packages/airflow/example_dags/tutorial.py
[2025-05-05T18:26:52.307+0000] {processor.py:925} INFO - DAG(s) 'tutorial' retrieved from /home/airflow/.local/lib/python3.12/site-packages/airflow/example_dags/tutorial.py
[2025-05-05T18:26:52.321+0000] {logging_mixin.py:190} INFO - [2025-05-05T18:26:52.321+0000] {dag.py:3239} INFO - Sync 1 DAGs
[2025-05-05T18:26:52.338+0000] {logging_mixin.py:190} INFO - [2025-05-05T18:26:52.338+0000] {dag.py:4180} INFO - Setting next_dagrun for tutorial to 2025-05-04 00:00:00+00:00, run_after=2025-05-05 00:00:00+00:00
[2025-05-05T18:26:52.356+0000] {processor.py:208} INFO - Processing /home/airflow/.local/lib/python3.12/site-packages/airflow/example_dags/tutorial.py took 0.061 seconds
[2025-05-05T18:27:22.978+0000] {processor.py:186} INFO - Started process (PID=4960) to work on /home/airflow/.local/lib/python3.12/site-packages/airflow/example_dags/tutorial.py
[2025-05-05T18:27:22.978+0000] {processor.py:914} INFO - Processing file /home/airflow/.local/lib/python3.12/site-packages/airflow/example_dags/tutorial.py for tasks to queue
[2025-05-05T18:27:22.980+0000] {logging_mixin.py:190} INFO - [2025-05-05T18:27:22.980+0000] {dagbag.py:588} INFO - Filling up the DagBag from /home/airflow/.local/lib/python3.12/site-packages/airflow/example_dags/tutorial.py
[2025-05-05T18:27:22.986+0000] {processor.py:925} INFO - DAG(s) 'tutorial' retrieved from /home/airflow/.local/lib/python3.12/site-packages/airflow/example_dags/tutorial.py
[2025-05-05T18:27:23.000+0000] {logging_mixin.py:190} INFO - [2025-05-05T18:27:23.000+0000] {dag.py:3239} INFO - Sync 1 DAGs
[2025-05-05T18:27:23.017+0000] {logging_mixin.py:190} INFO - [2025-05-05T18:27:23.017+0000] {dag.py:4180} INFO - Setting next_dagrun for tutorial to 2025-05-04 00:00:00+00:00, run_after=2025-05-05 00:00:00+00:00
[2025-05-05T18:27:23.035+0000] {processor.py:208} INFO - Processing /home/airflow/.local/lib/python3.12/site-packages/airflow/example_dags/tutorial.py took 0.062 seconds
[2025-05-05T18:27:53.569+0000] {processor.py:186} INFO - Started process (PID=5024) to work on /home/airflow/.local/lib/python3.12/site-packages/airflow/example_dags/tutorial.py
[2025-05-05T18:27:53.570+0000] {processor.py:914} INFO - Processing file /home/airflow/.local/lib/python3.12/site-packages/airflow/example_dags/tutorial.py for tasks to queue
[2025-05-05T18:27:53.572+0000] {logging_mixin.py:190} INFO - [2025-05-05T18:27:53.572+0000] {dagbag.py:588} INFO - Filling up the DagBag from /home/airflow/.local/lib/python3.12/site-packages/airflow/example_dags/tutorial.py
[2025-05-05T18:27:53.578+0000] {processor.py:925} INFO - DAG(s) 'tutorial' retrieved from /home/airflow/.local/lib/python3.12/site-packages/airflow/example_dags/tutorial.py
[2025-05-05T18:27:53.595+0000] {logging_mixin.py:190} INFO - [2025-05-05T18:27:53.595+0000] {dag.py:3239} INFO - Sync 1 DAGs
[2025-05-05T18:27:53.613+0000] {logging_mixin.py:190} INFO - [2025-05-05T18:27:53.613+0000] {dag.py:4180} INFO - Setting next_dagrun for tutorial to 2025-05-04 00:00:00+00:00, run_after=2025-05-05 00:00:00+00:00
[2025-05-05T18:27:53.629+0000] {processor.py:208} INFO - Processing /home/airflow/.local/lib/python3.12/site-packages/airflow/example_dags/tutorial.py took 0.064 seconds
