[2025-06-02T09:51:04.661+0000] {local_task_job_runner.py:123} INFO - ::group::Pre task execution logs
[2025-06-02T09:51:04.674+0000] {taskinstance.py:2613} INFO - Dependencies all met for dep_context=non-requeueable deps ti=<TaskInstance: etl_pipeline_JO.load_task scheduled__2025-06-02T09:50:00+00:00 [queued]>
[2025-06-02T09:51:04.679+0000] {taskinstance.py:2613} INFO - Dependencies all met for dep_context=requeueable deps ti=<TaskInstance: etl_pipeline_JO.load_task scheduled__2025-06-02T09:50:00+00:00 [queued]>
[2025-06-02T09:51:04.680+0000] {taskinstance.py:2866} INFO - Starting attempt 1 of 1
[2025-06-02T09:51:04.689+0000] {taskinstance.py:2889} INFO - Executing <Task(PythonOperator): load_task> on 2025-06-02 09:50:00+00:00
[2025-06-02T09:51:04.697+0000] {logging_mixin.py:190} WARNING - /home/***/.local/lib/python3.12/site-packages/***/task/task_runner/standard_task_runner.py:70 DeprecationWarning: This process (pid=2039) is multi-threaded, use of fork() may lead to deadlocks in the child.
[2025-06-02T09:51:04.696+0000] {standard_task_runner.py:104} INFO - Running: ['***', 'tasks', 'run', 'etl_pipeline_JO', 'load_task', 'scheduled__2025-06-02T09:50:00+00:00', '--job-id', '323', '--raw', '--subdir', 'DAGS_FOLDER/JO_dag.py', '--cfg-path', '/tmp/tmpzqoxmegl']
[2025-06-02T09:51:04.698+0000] {standard_task_runner.py:72} INFO - Started process 2041 to run task
[2025-06-02T09:51:04.698+0000] {standard_task_runner.py:105} INFO - Job 323: Subtask load_task
[2025-06-02T09:51:04.733+0000] {task_command.py:467} INFO - Running <TaskInstance: etl_pipeline_JO.load_task scheduled__2025-06-02T09:50:00+00:00 [running]> on host 721229ec71e9
[2025-06-02T09:51:04.794+0000] {taskinstance.py:3132} INFO - Exporting env vars: AIRFLOW_CTX_DAG_OWNER='***' AIRFLOW_CTX_DAG_ID='etl_pipeline_JO' AIRFLOW_CTX_TASK_ID='load_task' AIRFLOW_CTX_EXECUTION_DATE='2025-06-02T09:50:00+00:00' AIRFLOW_CTX_TRY_NUMBER='1' AIRFLOW_CTX_DAG_RUN_ID='scheduled__2025-06-02T09:50:00+00:00'
[2025-06-02T09:51:04.795+0000] {taskinstance.py:731} INFO - ::endgroup::
[2025-06-02T09:51:05.165+0000] {logging_mixin.py:190} WARNING - /opt/***/dags/JO_dag.py:28 FutureWarning: Passing literal json to 'read_json' is deprecated and will be removed in a future version. To read from a literal string, wrap it in a 'StringIO' object.
[2025-06-02T09:51:05.996+0000] {logging_mixin.py:190} INFO - Aucune nouvelle ligne à insérer.
[2025-06-02T09:51:06.014+0000] {python.py:240} INFO - Done. Returned value was: None
[2025-06-02T09:51:06.022+0000] {taskinstance.py:340} INFO - ::group::Post task execution logs
[2025-06-02T09:51:06.022+0000] {taskinstance.py:352} INFO - Marking task as SUCCESS. dag_id=etl_pipeline_JO, task_id=load_task, run_id=scheduled__2025-06-02T09:50:00+00:00, execution_date=20250602T095000, start_date=20250602T095104, end_date=20250602T095106
[2025-06-02T09:51:06.078+0000] {local_task_job_runner.py:266} INFO - Task exited with return code 0
[2025-06-02T09:51:06.089+0000] {taskinstance.py:3895} INFO - 0 downstream tasks scheduled from follow-on schedule check
[2025-06-02T09:51:06.091+0000] {local_task_job_runner.py:245} INFO - ::endgroup::
