[2025-06-02T10:00:30.607+0000] {local_task_job_runner.py:123} INFO - ::group::Pre task execution logs
[2025-06-02T10:00:30.621+0000] {taskinstance.py:2613} INFO - Dependencies all met for dep_context=non-requeueable deps ti=<TaskInstance: etl_pipeline_JO.load_task scheduled__2025-06-02T09:59:00+00:00 [queued]>
[2025-06-02T10:00:30.631+0000] {taskinstance.py:2613} INFO - Dependencies all met for dep_context=requeueable deps ti=<TaskInstance: etl_pipeline_JO.load_task scheduled__2025-06-02T09:59:00+00:00 [queued]>
[2025-06-02T10:00:30.632+0000] {taskinstance.py:2866} INFO - Starting attempt 1 of 1
[2025-06-02T10:00:30.645+0000] {taskinstance.py:2889} INFO - Executing <Task(PythonOperator): load_task> on 2025-06-02 09:59:00+00:00
[2025-06-02T10:00:30.652+0000] {logging_mixin.py:190} WARNING - /home/***/.local/lib/python3.12/site-packages/***/task/task_runner/standard_task_runner.py:70 DeprecationWarning: This process (pid=283) is multi-threaded, use of fork() may lead to deadlocks in the child.
[2025-06-02T10:00:30.654+0000] {standard_task_runner.py:72} INFO - Started process 288 to run task
[2025-06-02T10:00:30.656+0000] {standard_task_runner.py:104} INFO - Running: ['***', 'tasks', 'run', 'etl_pipeline_JO', 'load_task', 'scheduled__2025-06-02T09:59:00+00:00', '--job-id', '343', '--raw', '--subdir', 'DAGS_FOLDER/JO_dag.py', '--cfg-path', '/tmp/tmp55o6xmkh']
[2025-06-02T10:00:30.659+0000] {standard_task_runner.py:105} INFO - Job 343: Subtask load_task
[2025-06-02T10:00:30.701+0000] {task_command.py:467} INFO - Running <TaskInstance: etl_pipeline_JO.load_task scheduled__2025-06-02T09:59:00+00:00 [running]> on host 5589d267d473
[2025-06-02T10:00:30.782+0000] {taskinstance.py:3132} INFO - Exporting env vars: AIRFLOW_CTX_DAG_OWNER='***' AIRFLOW_CTX_DAG_ID='etl_pipeline_JO' AIRFLOW_CTX_TASK_ID='load_task' AIRFLOW_CTX_EXECUTION_DATE='2025-06-02T09:59:00+00:00' AIRFLOW_CTX_TRY_NUMBER='1' AIRFLOW_CTX_DAG_RUN_ID='scheduled__2025-06-02T09:59:00+00:00'
[2025-06-02T10:00:30.783+0000] {taskinstance.py:731} INFO - ::endgroup::
[2025-06-02T10:00:31.328+0000] {logging_mixin.py:190} WARNING - /opt/***/dags/JO_dag.py:28 FutureWarning: Passing literal json to 'read_json' is deprecated and will be removed in a future version. To read from a literal string, wrap it in a 'StringIO' object.
[2025-06-02T10:00:32.336+0000] {logging_mixin.py:190} INFO - Aucune nouvelle ligne à insérer.
[2025-06-02T10:00:32.357+0000] {python.py:240} INFO - Done. Returned value was: None
[2025-06-02T10:00:32.367+0000] {taskinstance.py:340} INFO - ::group::Post task execution logs
[2025-06-02T10:00:32.368+0000] {taskinstance.py:352} INFO - Marking task as SUCCESS. dag_id=etl_pipeline_JO, task_id=load_task, run_id=scheduled__2025-06-02T09:59:00+00:00, execution_date=20250602T095900, start_date=20250602T100030, end_date=20250602T100032
[2025-06-02T10:00:32.394+0000] {local_task_job_runner.py:266} INFO - Task exited with return code 0
[2025-06-02T10:00:32.407+0000] {taskinstance.py:3895} INFO - 0 downstream tasks scheduled from follow-on schedule check
[2025-06-02T10:00:32.409+0000] {local_task_job_runner.py:245} INFO - ::endgroup::
