[2025-05-14T19:03:36.983+0000] {processor.py:186} INFO - Started process (PID=109) to work on /home/airflow/.local/lib/python3.12/site-packages/airflow/example_dags/example_sensors.py
[2025-05-14T19:03:36.986+0000] {processor.py:914} INFO - Processing file /home/airflow/.local/lib/python3.12/site-packages/airflow/example_dags/example_sensors.py for tasks to queue
[2025-05-14T19:03:36.995+0000] {logging_mixin.py:190} INFO - [2025-05-14T19:03:36.994+0000] {dagbag.py:588} INFO - Filling up the DagBag from /home/airflow/.local/lib/python3.12/site-packages/airflow/example_dags/example_sensors.py
[2025-05-14T19:03:37.050+0000] {processor.py:925} INFO - DAG(s) 'example_sensors' retrieved from /home/airflow/.local/lib/python3.12/site-packages/airflow/example_dags/example_sensors.py
[2025-05-14T19:03:37.144+0000] {logging_mixin.py:190} INFO - [2025-05-14T19:03:37.143+0000] {dag.py:3239} INFO - Sync 1 DAGs
[2025-05-14T19:03:37.191+0000] {logging_mixin.py:190} INFO - [2025-05-14T19:03:37.190+0000] {dag.py:4180} INFO - Setting next_dagrun for example_sensors to None, run_after=None
[2025-05-14T19:03:37.246+0000] {processor.py:208} INFO - Processing /home/airflow/.local/lib/python3.12/site-packages/airflow/example_dags/example_sensors.py took 0.285 seconds
[2025-05-14T19:04:08.097+0000] {processor.py:186} INFO - Started process (PID=173) to work on /home/airflow/.local/lib/python3.12/site-packages/airflow/example_dags/example_sensors.py
[2025-05-14T19:04:08.099+0000] {processor.py:914} INFO - Processing file /home/airflow/.local/lib/python3.12/site-packages/airflow/example_dags/example_sensors.py for tasks to queue
[2025-05-14T19:04:08.103+0000] {logging_mixin.py:190} INFO - [2025-05-14T19:04:08.102+0000] {dagbag.py:588} INFO - Filling up the DagBag from /home/airflow/.local/lib/python3.12/site-packages/airflow/example_dags/example_sensors.py
[2025-05-14T19:04:08.118+0000] {processor.py:925} INFO - DAG(s) 'example_sensors' retrieved from /home/airflow/.local/lib/python3.12/site-packages/airflow/example_dags/example_sensors.py
[2025-05-14T19:04:08.148+0000] {logging_mixin.py:190} INFO - [2025-05-14T19:04:08.148+0000] {dag.py:3239} INFO - Sync 1 DAGs
[2025-05-14T19:04:08.163+0000] {logging_mixin.py:190} INFO - [2025-05-14T19:04:08.162+0000] {dag.py:4180} INFO - Setting next_dagrun for example_sensors to None, run_after=None
[2025-05-14T19:04:08.189+0000] {processor.py:208} INFO - Processing /home/airflow/.local/lib/python3.12/site-packages/airflow/example_dags/example_sensors.py took 0.098 seconds
[2025-05-14T19:04:38.884+0000] {processor.py:186} INFO - Started process (PID=237) to work on /home/airflow/.local/lib/python3.12/site-packages/airflow/example_dags/example_sensors.py
[2025-05-14T19:04:38.885+0000] {processor.py:914} INFO - Processing file /home/airflow/.local/lib/python3.12/site-packages/airflow/example_dags/example_sensors.py for tasks to queue
[2025-05-14T19:04:38.887+0000] {logging_mixin.py:190} INFO - [2025-05-14T19:04:38.887+0000] {dagbag.py:588} INFO - Filling up the DagBag from /home/airflow/.local/lib/python3.12/site-packages/airflow/example_dags/example_sensors.py
[2025-05-14T19:04:38.903+0000] {processor.py:925} INFO - DAG(s) 'example_sensors' retrieved from /home/airflow/.local/lib/python3.12/site-packages/airflow/example_dags/example_sensors.py
[2025-05-14T19:04:38.929+0000] {logging_mixin.py:190} INFO - [2025-05-14T19:04:38.928+0000] {dag.py:3239} INFO - Sync 1 DAGs
[2025-05-14T19:04:38.941+0000] {logging_mixin.py:190} INFO - [2025-05-14T19:04:38.941+0000] {dag.py:4180} INFO - Setting next_dagrun for example_sensors to None, run_after=None
[2025-05-14T19:04:38.959+0000] {processor.py:208} INFO - Processing /home/airflow/.local/lib/python3.12/site-packages/airflow/example_dags/example_sensors.py took 0.081 seconds
