[2025-05-14T19:03:25.705+0000] {processor.py:186} INFO - Started process (PID=79) to work on /home/airflow/.local/lib/python3.12/site-packages/airflow/example_dags/example_xcomargs.py
[2025-05-14T19:03:25.707+0000] {processor.py:914} INFO - Processing file /home/airflow/.local/lib/python3.12/site-packages/airflow/example_dags/example_xcomargs.py for tasks to queue
[2025-05-14T19:03:25.712+0000] {logging_mixin.py:190} INFO - [2025-05-14T19:03:25.711+0000] {dagbag.py:588} INFO - Filling up the DagBag from /home/airflow/.local/lib/python3.12/site-packages/airflow/example_dags/example_xcomargs.py
[2025-05-14T19:03:25.737+0000] {processor.py:925} INFO - DAG(s) 'example_xcom_args_with_operators', 'example_xcom_args' retrieved from /home/airflow/.local/lib/python3.12/site-packages/airflow/example_dags/example_xcomargs.py
[2025-05-14T19:03:25.782+0000] {logging_mixin.py:190} INFO - [2025-05-14T19:03:25.782+0000] {dag.py:3239} INFO - Sync 2 DAGs
[2025-05-14T19:03:25.805+0000] {logging_mixin.py:190} INFO - [2025-05-14T19:03:25.804+0000] {dag.py:4180} INFO - Setting next_dagrun for example_xcom_args to None, run_after=None
[2025-05-14T19:03:25.813+0000] {logging_mixin.py:190} INFO - [2025-05-14T19:03:25.812+0000] {dag.py:4180} INFO - Setting next_dagrun for example_xcom_args_with_operators to None, run_after=None
[2025-05-14T19:03:25.838+0000] {processor.py:208} INFO - Processing /home/airflow/.local/lib/python3.12/site-packages/airflow/example_dags/example_xcomargs.py took 0.148 seconds
[2025-05-14T19:03:55.955+0000] {processor.py:186} INFO - Started process (PID=143) to work on /home/airflow/.local/lib/python3.12/site-packages/airflow/example_dags/example_xcomargs.py
[2025-05-14T19:03:55.957+0000] {processor.py:914} INFO - Processing file /home/airflow/.local/lib/python3.12/site-packages/airflow/example_dags/example_xcomargs.py for tasks to queue
[2025-05-14T19:03:55.959+0000] {logging_mixin.py:190} INFO - [2025-05-14T19:03:55.959+0000] {dagbag.py:588} INFO - Filling up the DagBag from /home/airflow/.local/lib/python3.12/site-packages/airflow/example_dags/example_xcomargs.py
[2025-05-14T19:03:55.970+0000] {processor.py:925} INFO - DAG(s) 'example_xcom_args_with_operators', 'example_xcom_args' retrieved from /home/airflow/.local/lib/python3.12/site-packages/airflow/example_dags/example_xcomargs.py
[2025-05-14T19:03:55.997+0000] {logging_mixin.py:190} INFO - [2025-05-14T19:03:55.997+0000] {dag.py:3239} INFO - Sync 2 DAGs
[2025-05-14T19:03:56.010+0000] {logging_mixin.py:190} INFO - [2025-05-14T19:03:56.010+0000] {dag.py:4180} INFO - Setting next_dagrun for example_xcom_args to None, run_after=None
[2025-05-14T19:03:56.014+0000] {logging_mixin.py:190} INFO - [2025-05-14T19:03:56.014+0000] {dag.py:4180} INFO - Setting next_dagrun for example_xcom_args_with_operators to None, run_after=None
[2025-05-14T19:03:56.032+0000] {processor.py:208} INFO - Processing /home/airflow/.local/lib/python3.12/site-packages/airflow/example_dags/example_xcomargs.py took 0.083 seconds
[2025-05-14T19:04:26.337+0000] {processor.py:186} INFO - Started process (PID=207) to work on /home/airflow/.local/lib/python3.12/site-packages/airflow/example_dags/example_xcomargs.py
[2025-05-14T19:04:26.338+0000] {processor.py:914} INFO - Processing file /home/airflow/.local/lib/python3.12/site-packages/airflow/example_dags/example_xcomargs.py for tasks to queue
[2025-05-14T19:04:26.341+0000] {logging_mixin.py:190} INFO - [2025-05-14T19:04:26.340+0000] {dagbag.py:588} INFO - Filling up the DagBag from /home/airflow/.local/lib/python3.12/site-packages/airflow/example_dags/example_xcomargs.py
[2025-05-14T19:04:26.350+0000] {processor.py:925} INFO - DAG(s) 'example_xcom_args', 'example_xcom_args_with_operators' retrieved from /home/airflow/.local/lib/python3.12/site-packages/airflow/example_dags/example_xcomargs.py
[2025-05-14T19:04:26.378+0000] {logging_mixin.py:190} INFO - [2025-05-14T19:04:26.377+0000] {dag.py:3239} INFO - Sync 2 DAGs
[2025-05-14T19:04:26.395+0000] {logging_mixin.py:190} INFO - [2025-05-14T19:04:26.395+0000] {dag.py:4180} INFO - Setting next_dagrun for example_xcom_args to None, run_after=None
[2025-05-14T19:04:26.400+0000] {logging_mixin.py:190} INFO - [2025-05-14T19:04:26.400+0000] {dag.py:4180} INFO - Setting next_dagrun for example_xcom_args_with_operators to None, run_after=None
[2025-05-14T19:04:26.421+0000] {processor.py:208} INFO - Processing /home/airflow/.local/lib/python3.12/site-packages/airflow/example_dags/example_xcomargs.py took 0.091 seconds
[2025-05-14T19:04:56.823+0000] {processor.py:186} INFO - Started process (PID=271) to work on /home/airflow/.local/lib/python3.12/site-packages/airflow/example_dags/example_xcomargs.py
[2025-05-14T19:04:56.825+0000] {processor.py:914} INFO - Processing file /home/airflow/.local/lib/python3.12/site-packages/airflow/example_dags/example_xcomargs.py for tasks to queue
[2025-05-14T19:04:56.828+0000] {logging_mixin.py:190} INFO - [2025-05-14T19:04:56.828+0000] {dagbag.py:588} INFO - Filling up the DagBag from /home/airflow/.local/lib/python3.12/site-packages/airflow/example_dags/example_xcomargs.py
[2025-05-14T19:04:56.844+0000] {processor.py:925} INFO - DAG(s) 'example_xcom_args_with_operators', 'example_xcom_args' retrieved from /home/airflow/.local/lib/python3.12/site-packages/airflow/example_dags/example_xcomargs.py
[2025-05-14T19:04:56.874+0000] {logging_mixin.py:190} INFO - [2025-05-14T19:04:56.873+0000] {dag.py:3239} INFO - Sync 2 DAGs
[2025-05-14T19:04:56.892+0000] {logging_mixin.py:190} INFO - [2025-05-14T19:04:56.892+0000] {dag.py:4180} INFO - Setting next_dagrun for example_xcom_args to None, run_after=None
[2025-05-14T19:04:56.897+0000] {logging_mixin.py:190} INFO - [2025-05-14T19:04:56.896+0000] {dag.py:4180} INFO - Setting next_dagrun for example_xcom_args_with_operators to None, run_after=None
[2025-05-14T19:04:56.950+0000] {processor.py:208} INFO - Processing /home/airflow/.local/lib/python3.12/site-packages/airflow/example_dags/example_xcomargs.py took 0.136 seconds
