[2025-05-14T19:03:37.251+0000] {processor.py:186} INFO - Started process (PID=110) to work on /home/airflow/.local/lib/python3.12/site-packages/airflow/example_dags/example_sla_dag.py
[2025-05-14T19:03:37.254+0000] {processor.py:914} INFO - Processing file /home/airflow/.local/lib/python3.12/site-packages/airflow/example_dags/example_sla_dag.py for tasks to queue
[2025-05-14T19:03:37.262+0000] {logging_mixin.py:190} INFO - [2025-05-14T19:03:37.261+0000] {dagbag.py:588} INFO - Filling up the DagBag from /home/airflow/.local/lib/python3.12/site-packages/airflow/example_dags/example_sla_dag.py
[2025-05-14T19:03:37.304+0000] {processor.py:925} INFO - DAG(s) 'example_sla_dag' retrieved from /home/airflow/.local/lib/python3.12/site-packages/airflow/example_dags/example_sla_dag.py
[2025-05-14T19:03:37.361+0000] {logging_mixin.py:190} INFO - [2025-05-14T19:03:37.360+0000] {dag.py:3239} INFO - Sync 1 DAGs
[2025-05-14T19:03:37.437+0000] {logging_mixin.py:190} INFO - [2025-05-14T19:03:37.436+0000] {dag.py:4180} INFO - Setting next_dagrun for example_sla_dag to 2025-05-14 19:00:00+00:00, run_after=2025-05-14 19:02:00+00:00
[2025-05-14T19:03:37.486+0000] {processor.py:208} INFO - Processing /home/airflow/.local/lib/python3.12/site-packages/airflow/example_dags/example_sla_dag.py took 0.253 seconds
[2025-05-14T19:04:08.240+0000] {processor.py:186} INFO - Started process (PID=174) to work on /home/airflow/.local/lib/python3.12/site-packages/airflow/example_dags/example_sla_dag.py
[2025-05-14T19:04:08.241+0000] {processor.py:914} INFO - Processing file /home/airflow/.local/lib/python3.12/site-packages/airflow/example_dags/example_sla_dag.py for tasks to queue
[2025-05-14T19:04:08.245+0000] {logging_mixin.py:190} INFO - [2025-05-14T19:04:08.244+0000] {dagbag.py:588} INFO - Filling up the DagBag from /home/airflow/.local/lib/python3.12/site-packages/airflow/example_dags/example_sla_dag.py
[2025-05-14T19:04:08.258+0000] {processor.py:925} INFO - DAG(s) 'example_sla_dag' retrieved from /home/airflow/.local/lib/python3.12/site-packages/airflow/example_dags/example_sla_dag.py
[2025-05-14T19:04:08.284+0000] {logging_mixin.py:190} INFO - [2025-05-14T19:04:08.284+0000] {dag.py:3239} INFO - Sync 1 DAGs
[2025-05-14T19:04:08.313+0000] {logging_mixin.py:190} INFO - [2025-05-14T19:04:08.312+0000] {dag.py:4180} INFO - Setting next_dagrun for example_sla_dag to 2025-05-14 19:02:00+00:00, run_after=2025-05-14 19:04:00+00:00
[2025-05-14T19:04:08.339+0000] {processor.py:208} INFO - Processing /home/airflow/.local/lib/python3.12/site-packages/airflow/example_dags/example_sla_dag.py took 0.108 seconds
[2025-05-14T19:04:39.001+0000] {processor.py:186} INFO - Started process (PID=238) to work on /home/airflow/.local/lib/python3.12/site-packages/airflow/example_dags/example_sla_dag.py
[2025-05-14T19:04:39.002+0000] {processor.py:914} INFO - Processing file /home/airflow/.local/lib/python3.12/site-packages/airflow/example_dags/example_sla_dag.py for tasks to queue
[2025-05-14T19:04:39.005+0000] {logging_mixin.py:190} INFO - [2025-05-14T19:04:39.004+0000] {dagbag.py:588} INFO - Filling up the DagBag from /home/airflow/.local/lib/python3.12/site-packages/airflow/example_dags/example_sla_dag.py
[2025-05-14T19:04:39.018+0000] {processor.py:925} INFO - DAG(s) 'example_sla_dag' retrieved from /home/airflow/.local/lib/python3.12/site-packages/airflow/example_dags/example_sla_dag.py
[2025-05-14T19:04:39.036+0000] {logging_mixin.py:190} INFO - [2025-05-14T19:04:39.036+0000] {dag.py:3239} INFO - Sync 1 DAGs
[2025-05-14T19:04:39.062+0000] {logging_mixin.py:190} INFO - [2025-05-14T19:04:39.062+0000] {dag.py:4180} INFO - Setting next_dagrun for example_sla_dag to 2025-05-14 19:02:00+00:00, run_after=2025-05-14 19:04:00+00:00
[2025-05-14T19:04:39.115+0000] {processor.py:208} INFO - Processing /home/airflow/.local/lib/python3.12/site-packages/airflow/example_dags/example_sla_dag.py took 0.120 seconds
