[2025-05-14T19:03:24.937+0000] {processor.py:186} INFO - Started process (PID=73) to work on /home/airflow/.local/lib/python3.12/site-packages/airflow/example_dags/example_latest_only.py
[2025-05-14T19:03:24.938+0000] {processor.py:914} INFO - Processing file /home/airflow/.local/lib/python3.12/site-packages/airflow/example_dags/example_latest_only.py for tasks to queue
[2025-05-14T19:03:24.943+0000] {logging_mixin.py:190} INFO - [2025-05-14T19:03:24.942+0000] {dagbag.py:588} INFO - Filling up the DagBag from /home/airflow/.local/lib/python3.12/site-packages/airflow/example_dags/example_latest_only.py
[2025-05-14T19:03:24.956+0000] {processor.py:925} INFO - DAG(s) 'latest_only' retrieved from /home/airflow/.local/lib/python3.12/site-packages/airflow/example_dags/example_latest_only.py
[2025-05-14T19:03:24.997+0000] {logging_mixin.py:190} INFO - [2025-05-14T19:03:24.997+0000] {dag.py:3239} INFO - Sync 1 DAGs
[2025-05-14T19:03:25.035+0000] {logging_mixin.py:190} INFO - [2025-05-14T19:03:25.034+0000] {dag.py:4180} INFO - Setting next_dagrun for latest_only to 2025-05-14 12:00:00+00:00, run_after=2025-05-14 16:00:00+00:00
[2025-05-14T19:03:25.062+0000] {processor.py:208} INFO - Processing /home/airflow/.local/lib/python3.12/site-packages/airflow/example_dags/example_latest_only.py took 0.134 seconds
[2025-05-14T19:03:55.139+0000] {processor.py:186} INFO - Started process (PID=137) to work on /home/airflow/.local/lib/python3.12/site-packages/airflow/example_dags/example_latest_only.py
[2025-05-14T19:03:55.140+0000] {processor.py:914} INFO - Processing file /home/airflow/.local/lib/python3.12/site-packages/airflow/example_dags/example_latest_only.py for tasks to queue
[2025-05-14T19:03:55.142+0000] {logging_mixin.py:190} INFO - [2025-05-14T19:03:55.142+0000] {dagbag.py:588} INFO - Filling up the DagBag from /home/airflow/.local/lib/python3.12/site-packages/airflow/example_dags/example_latest_only.py
[2025-05-14T19:03:55.152+0000] {processor.py:925} INFO - DAG(s) 'latest_only' retrieved from /home/airflow/.local/lib/python3.12/site-packages/airflow/example_dags/example_latest_only.py
[2025-05-14T19:03:55.186+0000] {logging_mixin.py:190} INFO - [2025-05-14T19:03:55.186+0000] {dag.py:3239} INFO - Sync 1 DAGs
[2025-05-14T19:03:55.218+0000] {logging_mixin.py:190} INFO - [2025-05-14T19:03:55.217+0000] {dag.py:4180} INFO - Setting next_dagrun for latest_only to 2025-05-14 12:00:00+00:00, run_after=2025-05-14 16:00:00+00:00
[2025-05-14T19:03:55.250+0000] {processor.py:208} INFO - Processing /home/airflow/.local/lib/python3.12/site-packages/airflow/example_dags/example_latest_only.py took 0.117 seconds
[2025-05-14T19:04:25.947+0000] {processor.py:186} INFO - Started process (PID=201) to work on /home/airflow/.local/lib/python3.12/site-packages/airflow/example_dags/example_latest_only.py
[2025-05-14T19:04:25.948+0000] {processor.py:914} INFO - Processing file /home/airflow/.local/lib/python3.12/site-packages/airflow/example_dags/example_latest_only.py for tasks to queue
[2025-05-14T19:04:25.951+0000] {logging_mixin.py:190} INFO - [2025-05-14T19:04:25.951+0000] {dagbag.py:588} INFO - Filling up the DagBag from /home/airflow/.local/lib/python3.12/site-packages/airflow/example_dags/example_latest_only.py
[2025-05-14T19:04:25.960+0000] {processor.py:925} INFO - DAG(s) 'latest_only' retrieved from /home/airflow/.local/lib/python3.12/site-packages/airflow/example_dags/example_latest_only.py
[2025-05-14T19:04:25.985+0000] {logging_mixin.py:190} INFO - [2025-05-14T19:04:25.984+0000] {dag.py:3239} INFO - Sync 1 DAGs
[2025-05-14T19:04:26.014+0000] {logging_mixin.py:190} INFO - [2025-05-14T19:04:26.013+0000] {dag.py:4180} INFO - Setting next_dagrun for latest_only to 2025-05-14 12:00:00+00:00, run_after=2025-05-14 16:00:00+00:00
[2025-05-14T19:04:26.037+0000] {processor.py:208} INFO - Processing /home/airflow/.local/lib/python3.12/site-packages/airflow/example_dags/example_latest_only.py took 0.097 seconds
[2025-05-14T19:04:56.113+0000] {processor.py:186} INFO - Started process (PID=265) to work on /home/airflow/.local/lib/python3.12/site-packages/airflow/example_dags/example_latest_only.py
[2025-05-14T19:04:56.114+0000] {processor.py:914} INFO - Processing file /home/airflow/.local/lib/python3.12/site-packages/airflow/example_dags/example_latest_only.py for tasks to queue
[2025-05-14T19:04:56.117+0000] {logging_mixin.py:190} INFO - [2025-05-14T19:04:56.116+0000] {dagbag.py:588} INFO - Filling up the DagBag from /home/airflow/.local/lib/python3.12/site-packages/airflow/example_dags/example_latest_only.py
[2025-05-14T19:04:56.123+0000] {processor.py:925} INFO - DAG(s) 'latest_only' retrieved from /home/airflow/.local/lib/python3.12/site-packages/airflow/example_dags/example_latest_only.py
[2025-05-14T19:04:56.144+0000] {logging_mixin.py:190} INFO - [2025-05-14T19:04:56.144+0000] {dag.py:3239} INFO - Sync 1 DAGs
[2025-05-14T19:04:56.166+0000] {logging_mixin.py:190} INFO - [2025-05-14T19:04:56.166+0000] {dag.py:4180} INFO - Setting next_dagrun for latest_only to 2025-05-14 12:00:00+00:00, run_after=2025-05-14 16:00:00+00:00
[2025-05-14T19:04:56.187+0000] {processor.py:208} INFO - Processing /home/airflow/.local/lib/python3.12/site-packages/airflow/example_dags/example_latest_only.py took 0.079 seconds
