[2025-05-14T19:03:24.210+0000] {processor.py:186} INFO - Started process (PID=66) to work on /home/airflow/.local/lib/python3.12/site-packages/airflow/example_dags/example_params_ui_tutorial.py
[2025-05-14T19:03:24.212+0000] {processor.py:914} INFO - Processing file /home/airflow/.local/lib/python3.12/site-packages/airflow/example_dags/example_params_ui_tutorial.py for tasks to queue
[2025-05-14T19:03:24.216+0000] {logging_mixin.py:190} INFO - [2025-05-14T19:03:24.215+0000] {dagbag.py:588} INFO - Filling up the DagBag from /home/airflow/.local/lib/python3.12/site-packages/airflow/example_dags/example_params_ui_tutorial.py
[2025-05-14T19:03:24.231+0000] {processor.py:925} INFO - DAG(s) 'example_params_ui_tutorial' retrieved from /home/airflow/.local/lib/python3.12/site-packages/airflow/example_dags/example_params_ui_tutorial.py
[2025-05-14T19:03:24.469+0000] {logging_mixin.py:190} INFO - [2025-05-14T19:03:24.468+0000] {dag.py:3239} INFO - Sync 1 DAGs
[2025-05-14T19:03:24.483+0000] {logging_mixin.py:190} INFO - [2025-05-14T19:03:24.483+0000] {dag.py:4180} INFO - Setting next_dagrun for example_params_ui_tutorial to None, run_after=None
[2025-05-14T19:03:24.516+0000] {processor.py:208} INFO - Processing /home/airflow/.local/lib/python3.12/site-packages/airflow/example_dags/example_params_ui_tutorial.py took 0.315 seconds
[2025-05-14T19:03:54.584+0000] {processor.py:186} INFO - Started process (PID=131) to work on /home/airflow/.local/lib/python3.12/site-packages/airflow/example_dags/example_params_ui_tutorial.py
[2025-05-14T19:03:54.585+0000] {processor.py:914} INFO - Processing file /home/airflow/.local/lib/python3.12/site-packages/airflow/example_dags/example_params_ui_tutorial.py for tasks to queue
[2025-05-14T19:03:54.588+0000] {logging_mixin.py:190} INFO - [2025-05-14T19:03:54.588+0000] {dagbag.py:588} INFO - Filling up the DagBag from /home/airflow/.local/lib/python3.12/site-packages/airflow/example_dags/example_params_ui_tutorial.py
[2025-05-14T19:03:54.600+0000] {processor.py:925} INFO - DAG(s) 'example_params_ui_tutorial' retrieved from /home/airflow/.local/lib/python3.12/site-packages/airflow/example_dags/example_params_ui_tutorial.py
[2025-05-14T19:03:54.655+0000] {logging_mixin.py:190} INFO - [2025-05-14T19:03:54.654+0000] {dag.py:3239} INFO - Sync 1 DAGs
[2025-05-14T19:03:54.672+0000] {logging_mixin.py:190} INFO - [2025-05-14T19:03:54.672+0000] {dag.py:4180} INFO - Setting next_dagrun for example_params_ui_tutorial to None, run_after=None
[2025-05-14T19:03:54.697+0000] {processor.py:208} INFO - Processing /home/airflow/.local/lib/python3.12/site-packages/airflow/example_dags/example_params_ui_tutorial.py took 0.120 seconds
[2025-05-14T19:04:25.363+0000] {processor.py:186} INFO - Started process (PID=194) to work on /home/airflow/.local/lib/python3.12/site-packages/airflow/example_dags/example_params_ui_tutorial.py
[2025-05-14T19:04:25.365+0000] {processor.py:914} INFO - Processing file /home/airflow/.local/lib/python3.12/site-packages/airflow/example_dags/example_params_ui_tutorial.py for tasks to queue
[2025-05-14T19:04:25.369+0000] {logging_mixin.py:190} INFO - [2025-05-14T19:04:25.369+0000] {dagbag.py:588} INFO - Filling up the DagBag from /home/airflow/.local/lib/python3.12/site-packages/airflow/example_dags/example_params_ui_tutorial.py
[2025-05-14T19:04:25.384+0000] {processor.py:925} INFO - DAG(s) 'example_params_ui_tutorial' retrieved from /home/airflow/.local/lib/python3.12/site-packages/airflow/example_dags/example_params_ui_tutorial.py
[2025-05-14T19:04:25.467+0000] {logging_mixin.py:190} INFO - [2025-05-14T19:04:25.467+0000] {dag.py:3239} INFO - Sync 1 DAGs
[2025-05-14T19:04:25.494+0000] {logging_mixin.py:190} INFO - [2025-05-14T19:04:25.494+0000] {dag.py:4180} INFO - Setting next_dagrun for example_params_ui_tutorial to None, run_after=None
[2025-05-14T19:04:25.525+0000] {processor.py:208} INFO - Processing /home/airflow/.local/lib/python3.12/site-packages/airflow/example_dags/example_params_ui_tutorial.py took 0.172 seconds
[2025-05-14T19:04:55.633+0000] {processor.py:186} INFO - Started process (PID=258) to work on /home/airflow/.local/lib/python3.12/site-packages/airflow/example_dags/example_params_ui_tutorial.py
[2025-05-14T19:04:55.635+0000] {processor.py:914} INFO - Processing file /home/airflow/.local/lib/python3.12/site-packages/airflow/example_dags/example_params_ui_tutorial.py for tasks to queue
[2025-05-14T19:04:55.639+0000] {logging_mixin.py:190} INFO - [2025-05-14T19:04:55.638+0000] {dagbag.py:588} INFO - Filling up the DagBag from /home/airflow/.local/lib/python3.12/site-packages/airflow/example_dags/example_params_ui_tutorial.py
[2025-05-14T19:04:55.650+0000] {processor.py:925} INFO - DAG(s) 'example_params_ui_tutorial' retrieved from /home/airflow/.local/lib/python3.12/site-packages/airflow/example_dags/example_params_ui_tutorial.py
[2025-05-14T19:04:55.703+0000] {logging_mixin.py:190} INFO - [2025-05-14T19:04:55.703+0000] {dag.py:3239} INFO - Sync 1 DAGs
[2025-05-14T19:04:55.718+0000] {logging_mixin.py:190} INFO - [2025-05-14T19:04:55.717+0000] {dag.py:4180} INFO - Setting next_dagrun for example_params_ui_tutorial to None, run_after=None
[2025-05-14T19:04:55.739+0000] {processor.py:208} INFO - Processing /home/airflow/.local/lib/python3.12/site-packages/airflow/example_dags/example_params_ui_tutorial.py took 0.113 seconds
