[2025-05-14T19:03:33.222+0000] {processor.py:186} INFO - Started process (PID=101) to work on /home/airflow/.local/lib/python3.12/site-packages/airflow/example_dags/example_branch_labels.py
[2025-05-14T19:03:33.225+0000] {processor.py:914} INFO - Processing file /home/airflow/.local/lib/python3.12/site-packages/airflow/example_dags/example_branch_labels.py for tasks to queue
[2025-05-14T19:03:33.233+0000] {logging_mixin.py:190} INFO - [2025-05-14T19:03:33.232+0000] {dagbag.py:588} INFO - Filling up the DagBag from /home/airflow/.local/lib/python3.12/site-packages/airflow/example_dags/example_branch_labels.py
[2025-05-14T19:03:33.268+0000] {processor.py:925} INFO - DAG(s) 'example_branch_labels' retrieved from /home/airflow/.local/lib/python3.12/site-packages/airflow/example_dags/example_branch_labels.py
[2025-05-14T19:03:33.365+0000] {logging_mixin.py:190} INFO - [2025-05-14T19:03:33.364+0000] {dag.py:3239} INFO - Sync 1 DAGs
[2025-05-14T19:03:33.456+0000] {logging_mixin.py:190} INFO - [2025-05-14T19:03:33.455+0000] {dag.py:4180} INFO - Setting next_dagrun for example_branch_labels to 2025-05-13 00:00:00+00:00, run_after=2025-05-14 00:00:00+00:00
[2025-05-14T19:03:33.508+0000] {processor.py:208} INFO - Processing /home/airflow/.local/lib/python3.12/site-packages/airflow/example_dags/example_branch_labels.py took 0.301 seconds
[2025-05-14T19:04:03.707+0000] {processor.py:186} INFO - Started process (PID=165) to work on /home/airflow/.local/lib/python3.12/site-packages/airflow/example_dags/example_branch_labels.py
[2025-05-14T19:04:03.708+0000] {processor.py:914} INFO - Processing file /home/airflow/.local/lib/python3.12/site-packages/airflow/example_dags/example_branch_labels.py for tasks to queue
[2025-05-14T19:04:03.710+0000] {logging_mixin.py:190} INFO - [2025-05-14T19:04:03.710+0000] {dagbag.py:588} INFO - Filling up the DagBag from /home/airflow/.local/lib/python3.12/site-packages/airflow/example_dags/example_branch_labels.py
[2025-05-14T19:04:03.721+0000] {processor.py:925} INFO - DAG(s) 'example_branch_labels' retrieved from /home/airflow/.local/lib/python3.12/site-packages/airflow/example_dags/example_branch_labels.py
[2025-05-14T19:04:03.742+0000] {logging_mixin.py:190} INFO - [2025-05-14T19:04:03.741+0000] {dag.py:3239} INFO - Sync 1 DAGs
[2025-05-14T19:04:03.777+0000] {logging_mixin.py:190} INFO - [2025-05-14T19:04:03.777+0000] {dag.py:4180} INFO - Setting next_dagrun for example_branch_labels to 2025-05-13 00:00:00+00:00, run_after=2025-05-14 00:00:00+00:00
[2025-05-14T19:04:03.835+0000] {processor.py:208} INFO - Processing /home/airflow/.local/lib/python3.12/site-packages/airflow/example_dags/example_branch_labels.py took 0.134 seconds
[2025-05-14T19:04:34.492+0000] {processor.py:186} INFO - Started process (PID=229) to work on /home/airflow/.local/lib/python3.12/site-packages/airflow/example_dags/example_branch_labels.py
[2025-05-14T19:04:34.494+0000] {processor.py:914} INFO - Processing file /home/airflow/.local/lib/python3.12/site-packages/airflow/example_dags/example_branch_labels.py for tasks to queue
[2025-05-14T19:04:34.496+0000] {logging_mixin.py:190} INFO - [2025-05-14T19:04:34.496+0000] {dagbag.py:588} INFO - Filling up the DagBag from /home/airflow/.local/lib/python3.12/site-packages/airflow/example_dags/example_branch_labels.py
[2025-05-14T19:04:34.509+0000] {processor.py:925} INFO - DAG(s) 'example_branch_labels' retrieved from /home/airflow/.local/lib/python3.12/site-packages/airflow/example_dags/example_branch_labels.py
[2025-05-14T19:04:34.536+0000] {logging_mixin.py:190} INFO - [2025-05-14T19:04:34.535+0000] {dag.py:3239} INFO - Sync 1 DAGs
[2025-05-14T19:04:34.565+0000] {logging_mixin.py:190} INFO - [2025-05-14T19:04:34.565+0000] {dag.py:4180} INFO - Setting next_dagrun for example_branch_labels to 2025-05-13 00:00:00+00:00, run_after=2025-05-14 00:00:00+00:00
[2025-05-14T19:04:34.589+0000] {processor.py:208} INFO - Processing /home/airflow/.local/lib/python3.12/site-packages/airflow/example_dags/example_branch_labels.py took 0.104 seconds
[2025-05-14T19:05:05.162+0000] {processor.py:186} INFO - Started process (PID=292) to work on /home/airflow/.local/lib/python3.12/site-packages/airflow/example_dags/example_branch_labels.py
[2025-05-14T19:05:05.164+0000] {processor.py:914} INFO - Processing file /home/airflow/.local/lib/python3.12/site-packages/airflow/example_dags/example_branch_labels.py for tasks to queue
[2025-05-14T19:05:05.167+0000] {logging_mixin.py:190} INFO - [2025-05-14T19:05:05.167+0000] {dagbag.py:588} INFO - Filling up the DagBag from /home/airflow/.local/lib/python3.12/site-packages/airflow/example_dags/example_branch_labels.py
[2025-05-14T19:05:05.179+0000] {processor.py:925} INFO - DAG(s) 'example_branch_labels' retrieved from /home/airflow/.local/lib/python3.12/site-packages/airflow/example_dags/example_branch_labels.py
[2025-05-14T19:05:05.210+0000] {logging_mixin.py:190} INFO - [2025-05-14T19:05:05.209+0000] {dag.py:3239} INFO - Sync 1 DAGs
[2025-05-14T19:05:05.237+0000] {logging_mixin.py:190} INFO - [2025-05-14T19:05:05.237+0000] {dag.py:4180} INFO - Setting next_dagrun for example_branch_labels to 2025-05-13 00:00:00+00:00, run_after=2025-05-14 00:00:00+00:00
[2025-05-14T19:05:05.267+0000] {processor.py:208} INFO - Processing /home/airflow/.local/lib/python3.12/site-packages/airflow/example_dags/example_branch_labels.py took 0.114 seconds
