[2025-05-14T19:03:34.516+0000] {processor.py:186} INFO - Started process (PID=106) to work on /home/airflow/.local/lib/python3.12/site-packages/airflow/example_dags/example_display_name.py
[2025-05-14T19:03:34.521+0000] {processor.py:914} INFO - Processing file /home/airflow/.local/lib/python3.12/site-packages/airflow/example_dags/example_display_name.py for tasks to queue
[2025-05-14T19:03:34.533+0000] {logging_mixin.py:190} INFO - [2025-05-14T19:03:34.531+0000] {dagbag.py:588} INFO - Filling up the DagBag from /home/airflow/.local/lib/python3.12/site-packages/airflow/example_dags/example_display_name.py
[2025-05-14T19:03:34.562+0000] {processor.py:925} INFO - DAG(s) 'example_display_name' retrieved from /home/airflow/.local/lib/python3.12/site-packages/airflow/example_dags/example_display_name.py
[2025-05-14T19:03:34.642+0000] {logging_mixin.py:190} INFO - [2025-05-14T19:03:34.641+0000] {dag.py:3239} INFO - Sync 1 DAGs
[2025-05-14T19:03:34.700+0000] {logging_mixin.py:190} INFO - [2025-05-14T19:03:34.699+0000] {dag.py:4180} INFO - Setting next_dagrun for example_display_name to None, run_after=None
[2025-05-14T19:03:34.771+0000] {processor.py:208} INFO - Processing /home/airflow/.local/lib/python3.12/site-packages/airflow/example_dags/example_display_name.py took 0.280 seconds
[2025-05-14T19:04:05.236+0000] {processor.py:186} INFO - Started process (PID=170) to work on /home/airflow/.local/lib/python3.12/site-packages/airflow/example_dags/example_display_name.py
[2025-05-14T19:04:05.238+0000] {processor.py:914} INFO - Processing file /home/airflow/.local/lib/python3.12/site-packages/airflow/example_dags/example_display_name.py for tasks to queue
[2025-05-14T19:04:05.242+0000] {logging_mixin.py:190} INFO - [2025-05-14T19:04:05.241+0000] {dagbag.py:588} INFO - Filling up the DagBag from /home/airflow/.local/lib/python3.12/site-packages/airflow/example_dags/example_display_name.py
[2025-05-14T19:04:05.254+0000] {processor.py:925} INFO - DAG(s) 'example_display_name' retrieved from /home/airflow/.local/lib/python3.12/site-packages/airflow/example_dags/example_display_name.py
[2025-05-14T19:04:05.288+0000] {logging_mixin.py:190} INFO - [2025-05-14T19:04:05.287+0000] {dag.py:3239} INFO - Sync 1 DAGs
[2025-05-14T19:04:05.313+0000] {logging_mixin.py:190} INFO - [2025-05-14T19:04:05.313+0000] {dag.py:4180} INFO - Setting next_dagrun for example_display_name to None, run_after=None
[2025-05-14T19:04:05.340+0000] {processor.py:208} INFO - Processing /home/airflow/.local/lib/python3.12/site-packages/airflow/example_dags/example_display_name.py took 0.112 seconds
[2025-05-14T19:04:36.014+0000] {processor.py:186} INFO - Started process (PID=234) to work on /home/airflow/.local/lib/python3.12/site-packages/airflow/example_dags/example_display_name.py
[2025-05-14T19:04:36.016+0000] {processor.py:914} INFO - Processing file /home/airflow/.local/lib/python3.12/site-packages/airflow/example_dags/example_display_name.py for tasks to queue
[2025-05-14T19:04:36.018+0000] {logging_mixin.py:190} INFO - [2025-05-14T19:04:36.018+0000] {dagbag.py:588} INFO - Filling up the DagBag from /home/airflow/.local/lib/python3.12/site-packages/airflow/example_dags/example_display_name.py
[2025-05-14T19:04:36.026+0000] {processor.py:925} INFO - DAG(s) 'example_display_name' retrieved from /home/airflow/.local/lib/python3.12/site-packages/airflow/example_dags/example_display_name.py
[2025-05-14T19:04:36.047+0000] {logging_mixin.py:190} INFO - [2025-05-14T19:04:36.046+0000] {dag.py:3239} INFO - Sync 1 DAGs
[2025-05-14T19:04:36.063+0000] {logging_mixin.py:190} INFO - [2025-05-14T19:04:36.063+0000] {dag.py:4180} INFO - Setting next_dagrun for example_display_name to None, run_after=None
[2025-05-14T19:04:36.079+0000] {processor.py:208} INFO - Processing /home/airflow/.local/lib/python3.12/site-packages/airflow/example_dags/example_display_name.py took 0.071 seconds
[2025-05-14T19:05:06.414+0000] {processor.py:186} INFO - Started process (PID=298) to work on /home/airflow/.local/lib/python3.12/site-packages/airflow/example_dags/example_display_name.py
[2025-05-14T19:05:06.415+0000] {processor.py:914} INFO - Processing file /home/airflow/.local/lib/python3.12/site-packages/airflow/example_dags/example_display_name.py for tasks to queue
[2025-05-14T19:05:06.418+0000] {logging_mixin.py:190} INFO - [2025-05-14T19:05:06.418+0000] {dagbag.py:588} INFO - Filling up the DagBag from /home/airflow/.local/lib/python3.12/site-packages/airflow/example_dags/example_display_name.py
[2025-05-14T19:05:06.428+0000] {processor.py:925} INFO - DAG(s) 'example_display_name' retrieved from /home/airflow/.local/lib/python3.12/site-packages/airflow/example_dags/example_display_name.py
[2025-05-14T19:05:06.449+0000] {logging_mixin.py:190} INFO - [2025-05-14T19:05:06.449+0000] {dag.py:3239} INFO - Sync 1 DAGs
[2025-05-14T19:05:06.465+0000] {logging_mixin.py:190} INFO - [2025-05-14T19:05:06.465+0000] {dag.py:4180} INFO - Setting next_dagrun for example_display_name to None, run_after=None
[2025-05-14T19:05:06.496+0000] {processor.py:208} INFO - Processing /home/airflow/.local/lib/python3.12/site-packages/airflow/example_dags/example_display_name.py took 0.089 seconds
