[2025-05-14T19:03:24.722+0000] {processor.py:186} INFO - Started process (PID=71) to work on /home/airflow/.local/lib/python3.12/site-packages/airflow/example_dags/example_bash_decorator.py
[2025-05-14T19:03:24.724+0000] {processor.py:914} INFO - Processing file /home/airflow/.local/lib/python3.12/site-packages/airflow/example_dags/example_bash_decorator.py for tasks to queue
[2025-05-14T19:03:24.728+0000] {logging_mixin.py:190} INFO - [2025-05-14T19:03:24.727+0000] {dagbag.py:588} INFO - Filling up the DagBag from /home/airflow/.local/lib/python3.12/site-packages/airflow/example_dags/example_bash_decorator.py
[2025-05-14T19:03:24.756+0000] {processor.py:925} INFO - DAG(s) 'example_bash_decorator' retrieved from /home/airflow/.local/lib/python3.12/site-packages/airflow/example_dags/example_bash_decorator.py
[2025-05-14T19:03:24.961+0000] {logging_mixin.py:190} INFO - [2025-05-14T19:03:24.960+0000] {dag.py:3239} INFO - Sync 1 DAGs
[2025-05-14T19:03:24.978+0000] {logging_mixin.py:190} INFO - [2025-05-14T19:03:24.978+0000] {dag.py:4180} INFO - Setting next_dagrun for example_bash_decorator to None, run_after=None
[2025-05-14T19:03:25.003+0000] {processor.py:208} INFO - Processing /home/airflow/.local/lib/python3.12/site-packages/airflow/example_dags/example_bash_decorator.py took 0.290 seconds
[2025-05-14T19:03:55.138+0000] {processor.py:186} INFO - Started process (PID=136) to work on /home/airflow/.local/lib/python3.12/site-packages/airflow/example_dags/example_bash_decorator.py
[2025-05-14T19:03:55.139+0000] {processor.py:914} INFO - Processing file /home/airflow/.local/lib/python3.12/site-packages/airflow/example_dags/example_bash_decorator.py for tasks to queue
[2025-05-14T19:03:55.142+0000] {logging_mixin.py:190} INFO - [2025-05-14T19:03:55.142+0000] {dagbag.py:588} INFO - Filling up the DagBag from /home/airflow/.local/lib/python3.12/site-packages/airflow/example_dags/example_bash_decorator.py
[2025-05-14T19:03:55.164+0000] {processor.py:925} INFO - DAG(s) 'example_bash_decorator' retrieved from /home/airflow/.local/lib/python3.12/site-packages/airflow/example_dags/example_bash_decorator.py
[2025-05-14T19:03:55.197+0000] {logging_mixin.py:190} INFO - [2025-05-14T19:03:55.197+0000] {dag.py:3239} INFO - Sync 1 DAGs
[2025-05-14T19:03:55.214+0000] {logging_mixin.py:190} INFO - [2025-05-14T19:03:55.214+0000] {dag.py:4180} INFO - Setting next_dagrun for example_bash_decorator to None, run_after=None
[2025-05-14T19:03:55.245+0000] {processor.py:208} INFO - Processing /home/airflow/.local/lib/python3.12/site-packages/airflow/example_dags/example_bash_decorator.py took 0.115 seconds
[2025-05-14T19:04:25.838+0000] {processor.py:186} INFO - Started process (PID=199) to work on /home/airflow/.local/lib/python3.12/site-packages/airflow/example_dags/example_bash_decorator.py
[2025-05-14T19:04:25.839+0000] {processor.py:914} INFO - Processing file /home/airflow/.local/lib/python3.12/site-packages/airflow/example_dags/example_bash_decorator.py for tasks to queue
[2025-05-14T19:04:25.842+0000] {logging_mixin.py:190} INFO - [2025-05-14T19:04:25.842+0000] {dagbag.py:588} INFO - Filling up the DagBag from /home/airflow/.local/lib/python3.12/site-packages/airflow/example_dags/example_bash_decorator.py
[2025-05-14T19:04:25.861+0000] {processor.py:925} INFO - DAG(s) 'example_bash_decorator' retrieved from /home/airflow/.local/lib/python3.12/site-packages/airflow/example_dags/example_bash_decorator.py
[2025-05-14T19:04:25.891+0000] {logging_mixin.py:190} INFO - [2025-05-14T19:04:25.890+0000] {dag.py:3239} INFO - Sync 1 DAGs
[2025-05-14T19:04:25.910+0000] {logging_mixin.py:190} INFO - [2025-05-14T19:04:25.910+0000] {dag.py:4180} INFO - Setting next_dagrun for example_bash_decorator to None, run_after=None
[2025-05-14T19:04:25.935+0000] {processor.py:208} INFO - Processing /home/airflow/.local/lib/python3.12/site-packages/airflow/example_dags/example_bash_decorator.py took 0.103 seconds
[2025-05-14T19:04:56.004+0000] {processor.py:186} INFO - Started process (PID=263) to work on /home/airflow/.local/lib/python3.12/site-packages/airflow/example_dags/example_bash_decorator.py
[2025-05-14T19:04:56.005+0000] {processor.py:914} INFO - Processing file /home/airflow/.local/lib/python3.12/site-packages/airflow/example_dags/example_bash_decorator.py for tasks to queue
[2025-05-14T19:04:56.007+0000] {logging_mixin.py:190} INFO - [2025-05-14T19:04:56.007+0000] {dagbag.py:588} INFO - Filling up the DagBag from /home/airflow/.local/lib/python3.12/site-packages/airflow/example_dags/example_bash_decorator.py
[2025-05-14T19:04:56.022+0000] {processor.py:925} INFO - DAG(s) 'example_bash_decorator' retrieved from /home/airflow/.local/lib/python3.12/site-packages/airflow/example_dags/example_bash_decorator.py
[2025-05-14T19:04:56.045+0000] {logging_mixin.py:190} INFO - [2025-05-14T19:04:56.045+0000] {dag.py:3239} INFO - Sync 1 DAGs
[2025-05-14T19:04:56.061+0000] {logging_mixin.py:190} INFO - [2025-05-14T19:04:56.060+0000] {dag.py:4180} INFO - Setting next_dagrun for example_bash_decorator to None, run_after=None
[2025-05-14T19:04:56.079+0000] {processor.py:208} INFO - Processing /home/airflow/.local/lib/python3.12/site-packages/airflow/example_dags/example_bash_decorator.py took 0.082 seconds
