[2025-05-14T19:03:26.400+0000] {processor.py:186} INFO - Started process (PID=85) to work on /home/airflow/.local/lib/python3.12/site-packages/airflow/example_dags/example_latest_only_with_trigger.py
[2025-05-14T19:03:26.402+0000] {processor.py:914} INFO - Processing file /home/airflow/.local/lib/python3.12/site-packages/airflow/example_dags/example_latest_only_with_trigger.py for tasks to queue
[2025-05-14T19:03:26.404+0000] {logging_mixin.py:190} INFO - [2025-05-14T19:03:26.404+0000] {dagbag.py:588} INFO - Filling up the DagBag from /home/airflow/.local/lib/python3.12/site-packages/airflow/example_dags/example_latest_only_with_trigger.py
[2025-05-14T19:03:26.415+0000] {processor.py:925} INFO - DAG(s) 'latest_only_with_trigger' retrieved from /home/airflow/.local/lib/python3.12/site-packages/airflow/example_dags/example_latest_only_with_trigger.py
[2025-05-14T19:03:26.453+0000] {logging_mixin.py:190} INFO - [2025-05-14T19:03:26.453+0000] {dag.py:3239} INFO - Sync 1 DAGs
[2025-05-14T19:03:26.492+0000] {logging_mixin.py:190} INFO - [2025-05-14T19:03:26.491+0000] {dag.py:4180} INFO - Setting next_dagrun for latest_only_with_trigger to 2025-05-14 12:00:00+00:00, run_after=2025-05-14 16:00:00+00:00
[2025-05-14T19:03:26.524+0000] {processor.py:208} INFO - Processing /home/airflow/.local/lib/python3.12/site-packages/airflow/example_dags/example_latest_only_with_trigger.py took 0.131 seconds
[2025-05-14T19:03:57.402+0000] {processor.py:186} INFO - Started process (PID=148) to work on /home/airflow/.local/lib/python3.12/site-packages/airflow/example_dags/example_latest_only_with_trigger.py
[2025-05-14T19:03:57.403+0000] {processor.py:914} INFO - Processing file /home/airflow/.local/lib/python3.12/site-packages/airflow/example_dags/example_latest_only_with_trigger.py for tasks to queue
[2025-05-14T19:03:57.406+0000] {logging_mixin.py:190} INFO - [2025-05-14T19:03:57.406+0000] {dagbag.py:588} INFO - Filling up the DagBag from /home/airflow/.local/lib/python3.12/site-packages/airflow/example_dags/example_latest_only_with_trigger.py
[2025-05-14T19:03:57.415+0000] {processor.py:925} INFO - DAG(s) 'latest_only_with_trigger' retrieved from /home/airflow/.local/lib/python3.12/site-packages/airflow/example_dags/example_latest_only_with_trigger.py
[2025-05-14T19:03:57.439+0000] {logging_mixin.py:190} INFO - [2025-05-14T19:03:57.438+0000] {dag.py:3239} INFO - Sync 1 DAGs
[2025-05-14T19:03:57.463+0000] {logging_mixin.py:190} INFO - [2025-05-14T19:03:57.463+0000] {dag.py:4180} INFO - Setting next_dagrun for latest_only_with_trigger to 2025-05-14 12:00:00+00:00, run_after=2025-05-14 16:00:00+00:00
[2025-05-14T19:03:57.493+0000] {processor.py:208} INFO - Processing /home/airflow/.local/lib/python3.12/site-packages/airflow/example_dags/example_latest_only_with_trigger.py took 0.099 seconds
[2025-05-14T19:04:27.807+0000] {processor.py:186} INFO - Started process (PID=212) to work on /home/airflow/.local/lib/python3.12/site-packages/airflow/example_dags/example_latest_only_with_trigger.py
[2025-05-14T19:04:27.809+0000] {processor.py:914} INFO - Processing file /home/airflow/.local/lib/python3.12/site-packages/airflow/example_dags/example_latest_only_with_trigger.py for tasks to queue
[2025-05-14T19:04:27.812+0000] {logging_mixin.py:190} INFO - [2025-05-14T19:04:27.811+0000] {dagbag.py:588} INFO - Filling up the DagBag from /home/airflow/.local/lib/python3.12/site-packages/airflow/example_dags/example_latest_only_with_trigger.py
[2025-05-14T19:04:27.821+0000] {processor.py:925} INFO - DAG(s) 'latest_only_with_trigger' retrieved from /home/airflow/.local/lib/python3.12/site-packages/airflow/example_dags/example_latest_only_with_trigger.py
[2025-05-14T19:04:27.848+0000] {logging_mixin.py:190} INFO - [2025-05-14T19:04:27.848+0000] {dag.py:3239} INFO - Sync 1 DAGs
[2025-05-14T19:04:27.882+0000] {logging_mixin.py:190} INFO - [2025-05-14T19:04:27.882+0000] {dag.py:4180} INFO - Setting next_dagrun for latest_only_with_trigger to 2025-05-14 12:00:00+00:00, run_after=2025-05-14 16:00:00+00:00
[2025-05-14T19:04:27.904+0000] {processor.py:208} INFO - Processing /home/airflow/.local/lib/python3.12/site-packages/airflow/example_dags/example_latest_only_with_trigger.py took 0.104 seconds
[2025-05-14T19:04:58.800+0000] {processor.py:186} INFO - Started process (PID=276) to work on /home/airflow/.local/lib/python3.12/site-packages/airflow/example_dags/example_latest_only_with_trigger.py
[2025-05-14T19:04:58.803+0000] {processor.py:914} INFO - Processing file /home/airflow/.local/lib/python3.12/site-packages/airflow/example_dags/example_latest_only_with_trigger.py for tasks to queue
[2025-05-14T19:04:58.809+0000] {logging_mixin.py:190} INFO - [2025-05-14T19:04:58.808+0000] {dagbag.py:588} INFO - Filling up the DagBag from /home/airflow/.local/lib/python3.12/site-packages/airflow/example_dags/example_latest_only_with_trigger.py
[2025-05-14T19:04:58.832+0000] {processor.py:925} INFO - DAG(s) 'latest_only_with_trigger' retrieved from /home/airflow/.local/lib/python3.12/site-packages/airflow/example_dags/example_latest_only_with_trigger.py
[2025-05-14T19:04:58.887+0000] {logging_mixin.py:190} INFO - [2025-05-14T19:04:58.886+0000] {dag.py:3239} INFO - Sync 1 DAGs
[2025-05-14T19:04:58.933+0000] {logging_mixin.py:190} INFO - [2025-05-14T19:04:58.933+0000] {dag.py:4180} INFO - Setting next_dagrun for latest_only_with_trigger to 2025-05-14 12:00:00+00:00, run_after=2025-05-14 16:00:00+00:00
[2025-05-14T19:04:59.001+0000] {processor.py:208} INFO - Processing /home/airflow/.local/lib/python3.12/site-packages/airflow/example_dags/example_latest_only_with_trigger.py took 0.219 seconds
