[2025-05-14T19:03:33.504+0000] {processor.py:186} INFO - Started process (PID=102) to work on /home/airflow/.local/lib/python3.12/site-packages/airflow/example_dags/example_branch_python_dop_operator_3.py
[2025-05-14T19:03:33.508+0000] {processor.py:914} INFO - Processing file /home/airflow/.local/lib/python3.12/site-packages/airflow/example_dags/example_branch_python_dop_operator_3.py for tasks to queue
[2025-05-14T19:03:33.517+0000] {logging_mixin.py:190} INFO - [2025-05-14T19:03:33.516+0000] {dagbag.py:588} INFO - Filling up the DagBag from /home/airflow/.local/lib/python3.12/site-packages/airflow/example_dags/example_branch_python_dop_operator_3.py
[2025-05-14T19:03:33.555+0000] {processor.py:925} INFO - DAG(s) 'example_branch_dop_operator_v3' retrieved from /home/airflow/.local/lib/python3.12/site-packages/airflow/example_dags/example_branch_python_dop_operator_3.py
[2025-05-14T19:03:33.621+0000] {logging_mixin.py:190} INFO - [2025-05-14T19:03:33.621+0000] {dag.py:3239} INFO - Sync 1 DAGs
[2025-05-14T19:03:33.724+0000] {logging_mixin.py:190} INFO - [2025-05-14T19:03:33.723+0000] {dag.py:4180} INFO - Setting next_dagrun for example_branch_dop_operator_v3 to 2025-05-14 19:02:00+00:00, run_after=2025-05-14 19:03:00+00:00
[2025-05-14T19:03:33.820+0000] {processor.py:208} INFO - Processing /home/airflow/.local/lib/python3.12/site-packages/airflow/example_dags/example_branch_python_dop_operator_3.py took 0.339 seconds
[2025-05-14T19:04:03.879+0000] {processor.py:186} INFO - Started process (PID=166) to work on /home/airflow/.local/lib/python3.12/site-packages/airflow/example_dags/example_branch_python_dop_operator_3.py
[2025-05-14T19:04:03.880+0000] {processor.py:914} INFO - Processing file /home/airflow/.local/lib/python3.12/site-packages/airflow/example_dags/example_branch_python_dop_operator_3.py for tasks to queue
[2025-05-14T19:04:03.882+0000] {logging_mixin.py:190} INFO - [2025-05-14T19:04:03.882+0000] {dagbag.py:588} INFO - Filling up the DagBag from /home/airflow/.local/lib/python3.12/site-packages/airflow/example_dags/example_branch_python_dop_operator_3.py
[2025-05-14T19:04:03.893+0000] {processor.py:925} INFO - DAG(s) 'example_branch_dop_operator_v3' retrieved from /home/airflow/.local/lib/python3.12/site-packages/airflow/example_dags/example_branch_python_dop_operator_3.py
[2025-05-14T19:04:03.913+0000] {logging_mixin.py:190} INFO - [2025-05-14T19:04:03.913+0000] {dag.py:3239} INFO - Sync 1 DAGs
[2025-05-14T19:04:03.946+0000] {logging_mixin.py:190} INFO - [2025-05-14T19:04:03.946+0000] {dag.py:4180} INFO - Setting next_dagrun for example_branch_dop_operator_v3 to 2025-05-14 19:03:00+00:00, run_after=2025-05-14 19:04:00+00:00
[2025-05-14T19:04:04.001+0000] {processor.py:208} INFO - Processing /home/airflow/.local/lib/python3.12/site-packages/airflow/example_dags/example_branch_python_dop_operator_3.py took 0.129 seconds
[2025-05-14T19:04:34.625+0000] {processor.py:186} INFO - Started process (PID=230) to work on /home/airflow/.local/lib/python3.12/site-packages/airflow/example_dags/example_branch_python_dop_operator_3.py
[2025-05-14T19:04:34.626+0000] {processor.py:914} INFO - Processing file /home/airflow/.local/lib/python3.12/site-packages/airflow/example_dags/example_branch_python_dop_operator_3.py for tasks to queue
[2025-05-14T19:04:34.629+0000] {logging_mixin.py:190} INFO - [2025-05-14T19:04:34.629+0000] {dagbag.py:588} INFO - Filling up the DagBag from /home/airflow/.local/lib/python3.12/site-packages/airflow/example_dags/example_branch_python_dop_operator_3.py
[2025-05-14T19:04:34.640+0000] {processor.py:925} INFO - DAG(s) 'example_branch_dop_operator_v3' retrieved from /home/airflow/.local/lib/python3.12/site-packages/airflow/example_dags/example_branch_python_dop_operator_3.py
[2025-05-14T19:04:34.664+0000] {logging_mixin.py:190} INFO - [2025-05-14T19:04:34.664+0000] {dag.py:3239} INFO - Sync 1 DAGs
[2025-05-14T19:04:34.694+0000] {logging_mixin.py:190} INFO - [2025-05-14T19:04:34.694+0000] {dag.py:4180} INFO - Setting next_dagrun for example_branch_dop_operator_v3 to 2025-05-14 19:03:00+00:00, run_after=2025-05-14 19:04:00+00:00
[2025-05-14T19:04:34.716+0000] {processor.py:208} INFO - Processing /home/airflow/.local/lib/python3.12/site-packages/airflow/example_dags/example_branch_python_dop_operator_3.py took 0.097 seconds
[2025-05-14T19:05:05.163+0000] {processor.py:186} INFO - Started process (PID=293) to work on /home/airflow/.local/lib/python3.12/site-packages/airflow/example_dags/example_branch_python_dop_operator_3.py
[2025-05-14T19:05:05.164+0000] {processor.py:914} INFO - Processing file /home/airflow/.local/lib/python3.12/site-packages/airflow/example_dags/example_branch_python_dop_operator_3.py for tasks to queue
[2025-05-14T19:05:05.167+0000] {logging_mixin.py:190} INFO - [2025-05-14T19:05:05.167+0000] {dagbag.py:588} INFO - Filling up the DagBag from /home/airflow/.local/lib/python3.12/site-packages/airflow/example_dags/example_branch_python_dop_operator_3.py
[2025-05-14T19:05:05.181+0000] {processor.py:925} INFO - DAG(s) 'example_branch_dop_operator_v3' retrieved from /home/airflow/.local/lib/python3.12/site-packages/airflow/example_dags/example_branch_python_dop_operator_3.py
[2025-05-14T19:05:05.210+0000] {logging_mixin.py:190} INFO - [2025-05-14T19:05:05.209+0000] {dag.py:3239} INFO - Sync 1 DAGs
[2025-05-14T19:05:05.241+0000] {logging_mixin.py:190} INFO - [2025-05-14T19:05:05.240+0000] {dag.py:4180} INFO - Setting next_dagrun for example_branch_dop_operator_v3 to 2025-05-14 19:04:00+00:00, run_after=2025-05-14 19:05:00+00:00
[2025-05-14T19:05:05.274+0000] {processor.py:208} INFO - Processing /home/airflow/.local/lib/python3.12/site-packages/airflow/example_dags/example_branch_python_dop_operator_3.py took 0.119 seconds
