[2025-05-14T19:03:33.999+0000] {processor.py:186} INFO - Started process (PID=104) to work on /home/airflow/.local/lib/python3.12/site-packages/airflow/example_dags/example_nested_branch_dag.py
[2025-05-14T19:03:34.005+0000] {processor.py:914} INFO - Processing file /home/airflow/.local/lib/python3.12/site-packages/airflow/example_dags/example_nested_branch_dag.py for tasks to queue
[2025-05-14T19:03:34.031+0000] {logging_mixin.py:190} INFO - [2025-05-14T19:03:34.029+0000] {dagbag.py:588} INFO - Filling up the DagBag from /home/airflow/.local/lib/python3.12/site-packages/airflow/example_dags/example_nested_branch_dag.py
[2025-05-14T19:03:34.092+0000] {processor.py:925} INFO - DAG(s) 'example_nested_branch_dag' retrieved from /home/airflow/.local/lib/python3.12/site-packages/airflow/example_dags/example_nested_branch_dag.py
[2025-05-14T19:03:34.201+0000] {logging_mixin.py:190} INFO - [2025-05-14T19:03:34.200+0000] {dag.py:3239} INFO - Sync 1 DAGs
[2025-05-14T19:03:34.326+0000] {logging_mixin.py:190} INFO - [2025-05-14T19:03:34.325+0000] {dag.py:4180} INFO - Setting next_dagrun for example_nested_branch_dag to 2025-05-13 00:00:00+00:00, run_after=2025-05-14 00:00:00+00:00
[2025-05-14T19:03:34.401+0000] {processor.py:208} INFO - Processing /home/airflow/.local/lib/python3.12/site-packages/airflow/example_dags/example_nested_branch_dag.py took 0.438 seconds
[2025-05-14T19:04:05.059+0000] {processor.py:186} INFO - Started process (PID=168) to work on /home/airflow/.local/lib/python3.12/site-packages/airflow/example_dags/example_nested_branch_dag.py
[2025-05-14T19:04:05.060+0000] {processor.py:914} INFO - Processing file /home/airflow/.local/lib/python3.12/site-packages/airflow/example_dags/example_nested_branch_dag.py for tasks to queue
[2025-05-14T19:04:05.063+0000] {logging_mixin.py:190} INFO - [2025-05-14T19:04:05.062+0000] {dagbag.py:588} INFO - Filling up the DagBag from /home/airflow/.local/lib/python3.12/site-packages/airflow/example_dags/example_nested_branch_dag.py
[2025-05-14T19:04:05.074+0000] {processor.py:925} INFO - DAG(s) 'example_nested_branch_dag' retrieved from /home/airflow/.local/lib/python3.12/site-packages/airflow/example_dags/example_nested_branch_dag.py
[2025-05-14T19:04:05.097+0000] {logging_mixin.py:190} INFO - [2025-05-14T19:04:05.097+0000] {dag.py:3239} INFO - Sync 1 DAGs
[2025-05-14T19:04:05.123+0000] {logging_mixin.py:190} INFO - [2025-05-14T19:04:05.123+0000] {dag.py:4180} INFO - Setting next_dagrun for example_nested_branch_dag to 2025-05-13 00:00:00+00:00, run_after=2025-05-14 00:00:00+00:00
[2025-05-14T19:04:05.179+0000] {processor.py:208} INFO - Processing /home/airflow/.local/lib/python3.12/site-packages/airflow/example_dags/example_nested_branch_dag.py took 0.126 seconds
[2025-05-14T19:04:35.882+0000] {processor.py:186} INFO - Started process (PID=232) to work on /home/airflow/.local/lib/python3.12/site-packages/airflow/example_dags/example_nested_branch_dag.py
[2025-05-14T19:04:35.883+0000] {processor.py:914} INFO - Processing file /home/airflow/.local/lib/python3.12/site-packages/airflow/example_dags/example_nested_branch_dag.py for tasks to queue
[2025-05-14T19:04:35.886+0000] {logging_mixin.py:190} INFO - [2025-05-14T19:04:35.886+0000] {dagbag.py:588} INFO - Filling up the DagBag from /home/airflow/.local/lib/python3.12/site-packages/airflow/example_dags/example_nested_branch_dag.py
[2025-05-14T19:04:35.896+0000] {processor.py:925} INFO - DAG(s) 'example_nested_branch_dag' retrieved from /home/airflow/.local/lib/python3.12/site-packages/airflow/example_dags/example_nested_branch_dag.py
[2025-05-14T19:04:35.921+0000] {logging_mixin.py:190} INFO - [2025-05-14T19:04:35.921+0000] {dag.py:3239} INFO - Sync 1 DAGs
[2025-05-14T19:04:35.956+0000] {logging_mixin.py:190} INFO - [2025-05-14T19:04:35.956+0000] {dag.py:4180} INFO - Setting next_dagrun for example_nested_branch_dag to 2025-05-13 00:00:00+00:00, run_after=2025-05-14 00:00:00+00:00
[2025-05-14T19:04:35.982+0000] {processor.py:208} INFO - Processing /home/airflow/.local/lib/python3.12/site-packages/airflow/example_dags/example_nested_branch_dag.py took 0.107 seconds
[2025-05-14T19:05:06.272+0000] {processor.py:186} INFO - Started process (PID=296) to work on /home/airflow/.local/lib/python3.12/site-packages/airflow/example_dags/example_nested_branch_dag.py
[2025-05-14T19:05:06.274+0000] {processor.py:914} INFO - Processing file /home/airflow/.local/lib/python3.12/site-packages/airflow/example_dags/example_nested_branch_dag.py for tasks to queue
[2025-05-14T19:05:06.277+0000] {logging_mixin.py:190} INFO - [2025-05-14T19:05:06.276+0000] {dagbag.py:588} INFO - Filling up the DagBag from /home/airflow/.local/lib/python3.12/site-packages/airflow/example_dags/example_nested_branch_dag.py
[2025-05-14T19:05:06.290+0000] {processor.py:925} INFO - DAG(s) 'example_nested_branch_dag' retrieved from /home/airflow/.local/lib/python3.12/site-packages/airflow/example_dags/example_nested_branch_dag.py
[2025-05-14T19:05:06.317+0000] {logging_mixin.py:190} INFO - [2025-05-14T19:05:06.316+0000] {dag.py:3239} INFO - Sync 1 DAGs
[2025-05-14T19:05:06.346+0000] {logging_mixin.py:190} INFO - [2025-05-14T19:05:06.345+0000] {dag.py:4180} INFO - Setting next_dagrun for example_nested_branch_dag to 2025-05-13 00:00:00+00:00, run_after=2025-05-14 00:00:00+00:00
[2025-05-14T19:05:06.369+0000] {processor.py:208} INFO - Processing /home/airflow/.local/lib/python3.12/site-packages/airflow/example_dags/example_nested_branch_dag.py took 0.103 seconds
