[2025-05-14T19:03:25.240+0000] {processor.py:186} INFO - Started process (PID=76) to work on /home/airflow/.local/lib/python3.12/site-packages/airflow/example_dags/example_sensor_decorator.py
[2025-05-14T19:03:25.245+0000] {processor.py:914} INFO - Processing file /home/airflow/.local/lib/python3.12/site-packages/airflow/example_dags/example_sensor_decorator.py for tasks to queue
[2025-05-14T19:03:25.259+0000] {logging_mixin.py:190} INFO - [2025-05-14T19:03:25.259+0000] {dagbag.py:588} INFO - Filling up the DagBag from /home/airflow/.local/lib/python3.12/site-packages/airflow/example_dags/example_sensor_decorator.py
[2025-05-14T19:03:25.297+0000] {processor.py:925} INFO - DAG(s) 'example_sensor_decorator' retrieved from /home/airflow/.local/lib/python3.12/site-packages/airflow/example_dags/example_sensor_decorator.py
[2025-05-14T19:03:25.388+0000] {logging_mixin.py:190} INFO - [2025-05-14T19:03:25.387+0000] {dag.py:3239} INFO - Sync 1 DAGs
[2025-05-14T19:03:25.435+0000] {logging_mixin.py:190} INFO - [2025-05-14T19:03:25.434+0000] {dag.py:4180} INFO - Setting next_dagrun for example_sensor_decorator to None, run_after=None
[2025-05-14T19:03:25.495+0000] {processor.py:208} INFO - Processing /home/airflow/.local/lib/python3.12/site-packages/airflow/example_dags/example_sensor_decorator.py took 0.268 seconds
[2025-05-14T19:03:55.693+0000] {processor.py:186} INFO - Started process (PID=140) to work on /home/airflow/.local/lib/python3.12/site-packages/airflow/example_dags/example_sensor_decorator.py
[2025-05-14T19:03:55.694+0000] {processor.py:914} INFO - Processing file /home/airflow/.local/lib/python3.12/site-packages/airflow/example_dags/example_sensor_decorator.py for tasks to queue
[2025-05-14T19:03:55.698+0000] {logging_mixin.py:190} INFO - [2025-05-14T19:03:55.698+0000] {dagbag.py:588} INFO - Filling up the DagBag from /home/airflow/.local/lib/python3.12/site-packages/airflow/example_dags/example_sensor_decorator.py
[2025-05-14T19:03:55.707+0000] {processor.py:925} INFO - DAG(s) 'example_sensor_decorator' retrieved from /home/airflow/.local/lib/python3.12/site-packages/airflow/example_dags/example_sensor_decorator.py
[2025-05-14T19:03:55.729+0000] {logging_mixin.py:190} INFO - [2025-05-14T19:03:55.728+0000] {dag.py:3239} INFO - Sync 1 DAGs
[2025-05-14T19:03:55.744+0000] {logging_mixin.py:190} INFO - [2025-05-14T19:03:55.743+0000] {dag.py:4180} INFO - Setting next_dagrun for example_sensor_decorator to None, run_after=None
[2025-05-14T19:03:55.770+0000] {processor.py:208} INFO - Processing /home/airflow/.local/lib/python3.12/site-packages/airflow/example_dags/example_sensor_decorator.py took 0.086 seconds
[2025-05-14T19:04:26.120+0000] {processor.py:186} INFO - Started process (PID=204) to work on /home/airflow/.local/lib/python3.12/site-packages/airflow/example_dags/example_sensor_decorator.py
[2025-05-14T19:04:26.121+0000] {processor.py:914} INFO - Processing file /home/airflow/.local/lib/python3.12/site-packages/airflow/example_dags/example_sensor_decorator.py for tasks to queue
[2025-05-14T19:04:26.123+0000] {logging_mixin.py:190} INFO - [2025-05-14T19:04:26.123+0000] {dagbag.py:588} INFO - Filling up the DagBag from /home/airflow/.local/lib/python3.12/site-packages/airflow/example_dags/example_sensor_decorator.py
[2025-05-14T19:04:26.132+0000] {processor.py:925} INFO - DAG(s) 'example_sensor_decorator' retrieved from /home/airflow/.local/lib/python3.12/site-packages/airflow/example_dags/example_sensor_decorator.py
[2025-05-14T19:04:26.156+0000] {logging_mixin.py:190} INFO - [2025-05-14T19:04:26.156+0000] {dag.py:3239} INFO - Sync 1 DAGs
[2025-05-14T19:04:26.173+0000] {logging_mixin.py:190} INFO - [2025-05-14T19:04:26.173+0000] {dag.py:4180} INFO - Setting next_dagrun for example_sensor_decorator to None, run_after=None
[2025-05-14T19:04:26.197+0000] {processor.py:208} INFO - Processing /home/airflow/.local/lib/python3.12/site-packages/airflow/example_dags/example_sensor_decorator.py took 0.084 seconds
[2025-05-14T19:04:56.412+0000] {processor.py:186} INFO - Started process (PID=268) to work on /home/airflow/.local/lib/python3.12/site-packages/airflow/example_dags/example_sensor_decorator.py
[2025-05-14T19:04:56.414+0000] {processor.py:914} INFO - Processing file /home/airflow/.local/lib/python3.12/site-packages/airflow/example_dags/example_sensor_decorator.py for tasks to queue
[2025-05-14T19:04:56.418+0000] {logging_mixin.py:190} INFO - [2025-05-14T19:04:56.417+0000] {dagbag.py:588} INFO - Filling up the DagBag from /home/airflow/.local/lib/python3.12/site-packages/airflow/example_dags/example_sensor_decorator.py
[2025-05-14T19:04:56.428+0000] {processor.py:925} INFO - DAG(s) 'example_sensor_decorator' retrieved from /home/airflow/.local/lib/python3.12/site-packages/airflow/example_dags/example_sensor_decorator.py
[2025-05-14T19:04:56.454+0000] {logging_mixin.py:190} INFO - [2025-05-14T19:04:56.453+0000] {dag.py:3239} INFO - Sync 1 DAGs
[2025-05-14T19:04:56.474+0000] {logging_mixin.py:190} INFO - [2025-05-14T19:04:56.473+0000] {dag.py:4180} INFO - Setting next_dagrun for example_sensor_decorator to None, run_after=None
[2025-05-14T19:04:56.530+0000] {processor.py:208} INFO - Processing /home/airflow/.local/lib/python3.12/site-packages/airflow/example_dags/example_sensor_decorator.py took 0.127 seconds
