[2025-05-14T19:03:24.549+0000] {processor.py:186} INFO - Started process (PID=69) to work on /home/airflow/.local/lib/python3.12/site-packages/airflow/example_dags/example_branch_datetime_operator.py
[2025-05-14T19:03:24.551+0000] {processor.py:914} INFO - Processing file /home/airflow/.local/lib/python3.12/site-packages/airflow/example_dags/example_branch_datetime_operator.py for tasks to queue
[2025-05-14T19:03:24.554+0000] {logging_mixin.py:190} INFO - [2025-05-14T19:03:24.553+0000] {dagbag.py:588} INFO - Filling up the DagBag from /home/airflow/.local/lib/python3.12/site-packages/airflow/example_dags/example_branch_datetime_operator.py
[2025-05-14T19:03:24.572+0000] {processor.py:925} INFO - DAG(s) 'example_branch_datetime_operator', 'example_branch_datetime_operator_2', 'example_branch_datetime_operator_3' retrieved from /home/airflow/.local/lib/python3.12/site-packages/airflow/example_dags/example_branch_datetime_operator.py
[2025-05-14T19:03:24.619+0000] {logging_mixin.py:190} INFO - [2025-05-14T19:03:24.619+0000] {dag.py:3239} INFO - Sync 3 DAGs
[2025-05-14T19:03:24.658+0000] {logging_mixin.py:190} INFO - [2025-05-14T19:03:24.658+0000] {dag.py:4180} INFO - Setting next_dagrun for example_branch_datetime_operator to 2025-05-13 00:00:00+00:00, run_after=2025-05-14 00:00:00+00:00
[2025-05-14T19:03:24.666+0000] {logging_mixin.py:190} INFO - [2025-05-14T19:03:24.666+0000] {dag.py:4180} INFO - Setting next_dagrun for example_branch_datetime_operator_2 to 2025-05-13 00:00:00+00:00, run_after=2025-05-14 00:00:00+00:00
[2025-05-14T19:03:24.670+0000] {logging_mixin.py:190} INFO - [2025-05-14T19:03:24.670+0000] {dag.py:4180} INFO - Setting next_dagrun for example_branch_datetime_operator_3 to 2025-05-13 00:00:00+00:00, run_after=2025-05-14 00:00:00+00:00
[2025-05-14T19:03:24.705+0000] {processor.py:208} INFO - Processing /home/airflow/.local/lib/python3.12/site-packages/airflow/example_dags/example_branch_datetime_operator.py took 0.162 seconds
[2025-05-14T19:03:54.863+0000] {processor.py:186} INFO - Started process (PID=134) to work on /home/airflow/.local/lib/python3.12/site-packages/airflow/example_dags/example_branch_datetime_operator.py
[2025-05-14T19:03:54.864+0000] {processor.py:914} INFO - Processing file /home/airflow/.local/lib/python3.12/site-packages/airflow/example_dags/example_branch_datetime_operator.py for tasks to queue
[2025-05-14T19:03:54.867+0000] {logging_mixin.py:190} INFO - [2025-05-14T19:03:54.867+0000] {dagbag.py:588} INFO - Filling up the DagBag from /home/airflow/.local/lib/python3.12/site-packages/airflow/example_dags/example_branch_datetime_operator.py
[2025-05-14T19:03:54.878+0000] {processor.py:925} INFO - DAG(s) 'example_branch_datetime_operator_3', 'example_branch_datetime_operator', 'example_branch_datetime_operator_2' retrieved from /home/airflow/.local/lib/python3.12/site-packages/airflow/example_dags/example_branch_datetime_operator.py
[2025-05-14T19:03:54.915+0000] {logging_mixin.py:190} INFO - [2025-05-14T19:03:54.915+0000] {dag.py:3239} INFO - Sync 3 DAGs
[2025-05-14T19:03:54.939+0000] {logging_mixin.py:190} INFO - [2025-05-14T19:03:54.939+0000] {dag.py:4180} INFO - Setting next_dagrun for example_branch_datetime_operator to 2025-05-13 00:00:00+00:00, run_after=2025-05-14 00:00:00+00:00
[2025-05-14T19:03:54.945+0000] {logging_mixin.py:190} INFO - [2025-05-14T19:03:54.945+0000] {dag.py:4180} INFO - Setting next_dagrun for example_branch_datetime_operator_2 to 2025-05-13 00:00:00+00:00, run_after=2025-05-14 00:00:00+00:00
[2025-05-14T19:03:54.948+0000] {logging_mixin.py:190} INFO - [2025-05-14T19:03:54.947+0000] {dag.py:4180} INFO - Setting next_dagrun for example_branch_datetime_operator_3 to 2025-05-13 00:00:00+00:00, run_after=2025-05-14 00:00:00+00:00
[2025-05-14T19:03:54.973+0000] {processor.py:208} INFO - Processing /home/airflow/.local/lib/python3.12/site-packages/airflow/example_dags/example_branch_datetime_operator.py took 0.115 seconds
[2025-05-14T19:04:25.696+0000] {processor.py:186} INFO - Started process (PID=198) to work on /home/airflow/.local/lib/python3.12/site-packages/airflow/example_dags/example_branch_datetime_operator.py
[2025-05-14T19:04:25.697+0000] {processor.py:914} INFO - Processing file /home/airflow/.local/lib/python3.12/site-packages/airflow/example_dags/example_branch_datetime_operator.py for tasks to queue
[2025-05-14T19:04:25.700+0000] {logging_mixin.py:190} INFO - [2025-05-14T19:04:25.700+0000] {dagbag.py:588} INFO - Filling up the DagBag from /home/airflow/.local/lib/python3.12/site-packages/airflow/example_dags/example_branch_datetime_operator.py
[2025-05-14T19:04:25.713+0000] {processor.py:925} INFO - DAG(s) 'example_branch_datetime_operator_3', 'example_branch_datetime_operator', 'example_branch_datetime_operator_2' retrieved from /home/airflow/.local/lib/python3.12/site-packages/airflow/example_dags/example_branch_datetime_operator.py
[2025-05-14T19:04:25.746+0000] {logging_mixin.py:190} INFO - [2025-05-14T19:04:25.746+0000] {dag.py:3239} INFO - Sync 3 DAGs
[2025-05-14T19:04:25.774+0000] {logging_mixin.py:190} INFO - [2025-05-14T19:04:25.773+0000] {dag.py:4180} INFO - Setting next_dagrun for example_branch_datetime_operator to 2025-05-13 00:00:00+00:00, run_after=2025-05-14 00:00:00+00:00
[2025-05-14T19:04:25.780+0000] {logging_mixin.py:190} INFO - [2025-05-14T19:04:25.780+0000] {dag.py:4180} INFO - Setting next_dagrun for example_branch_datetime_operator_2 to 2025-05-13 00:00:00+00:00, run_after=2025-05-14 00:00:00+00:00
[2025-05-14T19:04:25.783+0000] {logging_mixin.py:190} INFO - [2025-05-14T19:04:25.783+0000] {dag.py:4180} INFO - Setting next_dagrun for example_branch_datetime_operator_3 to 2025-05-13 00:00:00+00:00, run_after=2025-05-14 00:00:00+00:00
[2025-05-14T19:04:25.799+0000] {processor.py:208} INFO - Processing /home/airflow/.local/lib/python3.12/site-packages/airflow/example_dags/example_branch_datetime_operator.py took 0.110 seconds
[2025-05-14T19:04:55.872+0000] {processor.py:186} INFO - Started process (PID=262) to work on /home/airflow/.local/lib/python3.12/site-packages/airflow/example_dags/example_branch_datetime_operator.py
[2025-05-14T19:04:55.873+0000] {processor.py:914} INFO - Processing file /home/airflow/.local/lib/python3.12/site-packages/airflow/example_dags/example_branch_datetime_operator.py for tasks to queue
[2025-05-14T19:04:55.875+0000] {logging_mixin.py:190} INFO - [2025-05-14T19:04:55.875+0000] {dagbag.py:588} INFO - Filling up the DagBag from /home/airflow/.local/lib/python3.12/site-packages/airflow/example_dags/example_branch_datetime_operator.py
[2025-05-14T19:04:55.885+0000] {processor.py:925} INFO - DAG(s) 'example_branch_datetime_operator_2', 'example_branch_datetime_operator_3', 'example_branch_datetime_operator' retrieved from /home/airflow/.local/lib/python3.12/site-packages/airflow/example_dags/example_branch_datetime_operator.py
[2025-05-14T19:04:55.908+0000] {logging_mixin.py:190} INFO - [2025-05-14T19:04:55.908+0000] {dag.py:3239} INFO - Sync 3 DAGs
[2025-05-14T19:04:55.934+0000] {logging_mixin.py:190} INFO - [2025-05-14T19:04:55.934+0000] {dag.py:4180} INFO - Setting next_dagrun for example_branch_datetime_operator to 2025-05-13 00:00:00+00:00, run_after=2025-05-14 00:00:00+00:00
[2025-05-14T19:04:55.939+0000] {logging_mixin.py:190} INFO - [2025-05-14T19:04:55.939+0000] {dag.py:4180} INFO - Setting next_dagrun for example_branch_datetime_operator_2 to 2025-05-13 00:00:00+00:00, run_after=2025-05-14 00:00:00+00:00
[2025-05-14T19:04:55.941+0000] {logging_mixin.py:190} INFO - [2025-05-14T19:04:55.941+0000] {dag.py:4180} INFO - Setting next_dagrun for example_branch_datetime_operator_3 to 2025-05-13 00:00:00+00:00, run_after=2025-05-14 00:00:00+00:00
[2025-05-14T19:04:55.957+0000] {processor.py:208} INFO - Processing /home/airflow/.local/lib/python3.12/site-packages/airflow/example_dags/example_branch_datetime_operator.py took 0.091 seconds
