[2025-05-14T19:03:33.612+0000] {processor.py:186} INFO - Started process (PID=103) to work on /home/airflow/.local/lib/python3.12/site-packages/airflow/example_dags/example_external_task_marker_dag.py
[2025-05-14T19:03:33.615+0000] {processor.py:914} INFO - Processing file /home/airflow/.local/lib/python3.12/site-packages/airflow/example_dags/example_external_task_marker_dag.py for tasks to queue
[2025-05-14T19:03:33.623+0000] {logging_mixin.py:190} INFO - [2025-05-14T19:03:33.622+0000] {dagbag.py:588} INFO - Filling up the DagBag from /home/airflow/.local/lib/python3.12/site-packages/airflow/example_dags/example_external_task_marker_dag.py
[2025-05-14T19:03:33.649+0000] {processor.py:925} INFO - DAG(s) 'example_external_task_marker_parent', 'example_external_task_marker_child' retrieved from /home/airflow/.local/lib/python3.12/site-packages/airflow/example_dags/example_external_task_marker_dag.py
[2025-05-14T19:03:33.747+0000] {logging_mixin.py:190} INFO - [2025-05-14T19:03:33.745+0000] {dag.py:3239} INFO - Sync 2 DAGs
[2025-05-14T19:03:33.838+0000] {logging_mixin.py:190} INFO - [2025-05-14T19:03:33.837+0000] {dag.py:4180} INFO - Setting next_dagrun for example_external_task_marker_child to None, run_after=None
[2025-05-14T19:03:33.862+0000] {logging_mixin.py:190} INFO - [2025-05-14T19:03:33.861+0000] {dag.py:4180} INFO - Setting next_dagrun for example_external_task_marker_parent to None, run_after=None
[2025-05-14T19:03:33.973+0000] {processor.py:208} INFO - Processing /home/airflow/.local/lib/python3.12/site-packages/airflow/example_dags/example_external_task_marker_dag.py took 0.381 seconds
[2025-05-14T19:04:04.045+0000] {processor.py:186} INFO - Started process (PID=167) to work on /home/airflow/.local/lib/python3.12/site-packages/airflow/example_dags/example_external_task_marker_dag.py
[2025-05-14T19:04:04.046+0000] {processor.py:914} INFO - Processing file /home/airflow/.local/lib/python3.12/site-packages/airflow/example_dags/example_external_task_marker_dag.py for tasks to queue
[2025-05-14T19:04:04.049+0000] {logging_mixin.py:190} INFO - [2025-05-14T19:04:04.049+0000] {dagbag.py:588} INFO - Filling up the DagBag from /home/airflow/.local/lib/python3.12/site-packages/airflow/example_dags/example_external_task_marker_dag.py
[2025-05-14T19:04:04.057+0000] {processor.py:925} INFO - DAG(s) 'example_external_task_marker_child', 'example_external_task_marker_parent' retrieved from /home/airflow/.local/lib/python3.12/site-packages/airflow/example_dags/example_external_task_marker_dag.py
[2025-05-14T19:04:04.084+0000] {logging_mixin.py:190} INFO - [2025-05-14T19:04:04.084+0000] {dag.py:3239} INFO - Sync 2 DAGs
[2025-05-14T19:04:04.100+0000] {logging_mixin.py:190} INFO - [2025-05-14T19:04:04.100+0000] {dag.py:4180} INFO - Setting next_dagrun for example_external_task_marker_child to None, run_after=None
[2025-05-14T19:04:04.104+0000] {logging_mixin.py:190} INFO - [2025-05-14T19:04:04.104+0000] {dag.py:4180} INFO - Setting next_dagrun for example_external_task_marker_parent to None, run_after=None
[2025-05-14T19:04:04.124+0000] {processor.py:208} INFO - Processing /home/airflow/.local/lib/python3.12/site-packages/airflow/example_dags/example_external_task_marker_dag.py took 0.085 seconds
[2025-05-14T19:04:34.754+0000] {processor.py:186} INFO - Started process (PID=231) to work on /home/airflow/.local/lib/python3.12/site-packages/airflow/example_dags/example_external_task_marker_dag.py
[2025-05-14T19:04:34.756+0000] {processor.py:914} INFO - Processing file /home/airflow/.local/lib/python3.12/site-packages/airflow/example_dags/example_external_task_marker_dag.py for tasks to queue
[2025-05-14T19:04:34.760+0000] {logging_mixin.py:190} INFO - [2025-05-14T19:04:34.759+0000] {dagbag.py:588} INFO - Filling up the DagBag from /home/airflow/.local/lib/python3.12/site-packages/airflow/example_dags/example_external_task_marker_dag.py
[2025-05-14T19:04:34.769+0000] {processor.py:925} INFO - DAG(s) 'example_external_task_marker_parent', 'example_external_task_marker_child' retrieved from /home/airflow/.local/lib/python3.12/site-packages/airflow/example_dags/example_external_task_marker_dag.py
[2025-05-14T19:04:34.799+0000] {logging_mixin.py:190} INFO - [2025-05-14T19:04:34.799+0000] {dag.py:3239} INFO - Sync 2 DAGs
[2025-05-14T19:04:34.817+0000] {logging_mixin.py:190} INFO - [2025-05-14T19:04:34.817+0000] {dag.py:4180} INFO - Setting next_dagrun for example_external_task_marker_child to None, run_after=None
[2025-05-14T19:04:34.821+0000] {logging_mixin.py:190} INFO - [2025-05-14T19:04:34.821+0000] {dag.py:4180} INFO - Setting next_dagrun for example_external_task_marker_parent to None, run_after=None
[2025-05-14T19:04:34.842+0000] {processor.py:208} INFO - Processing /home/airflow/.local/lib/python3.12/site-packages/airflow/example_dags/example_external_task_marker_dag.py took 0.093 seconds
[2025-05-14T19:05:06.181+0000] {processor.py:186} INFO - Started process (PID=295) to work on /home/airflow/.local/lib/python3.12/site-packages/airflow/example_dags/example_external_task_marker_dag.py
[2025-05-14T19:05:06.183+0000] {processor.py:914} INFO - Processing file /home/airflow/.local/lib/python3.12/site-packages/airflow/example_dags/example_external_task_marker_dag.py for tasks to queue
[2025-05-14T19:05:06.187+0000] {logging_mixin.py:190} INFO - [2025-05-14T19:05:06.186+0000] {dagbag.py:588} INFO - Filling up the DagBag from /home/airflow/.local/lib/python3.12/site-packages/airflow/example_dags/example_external_task_marker_dag.py
[2025-05-14T19:05:06.196+0000] {processor.py:925} INFO - DAG(s) 'example_external_task_marker_child', 'example_external_task_marker_parent' retrieved from /home/airflow/.local/lib/python3.12/site-packages/airflow/example_dags/example_external_task_marker_dag.py
[2025-05-14T19:05:06.226+0000] {logging_mixin.py:190} INFO - [2025-05-14T19:05:06.226+0000] {dag.py:3239} INFO - Sync 2 DAGs
[2025-05-14T19:05:06.244+0000] {logging_mixin.py:190} INFO - [2025-05-14T19:05:06.244+0000] {dag.py:4180} INFO - Setting next_dagrun for example_external_task_marker_child to None, run_after=None
[2025-05-14T19:05:06.250+0000] {logging_mixin.py:190} INFO - [2025-05-14T19:05:06.250+0000] {dag.py:4180} INFO - Setting next_dagrun for example_external_task_marker_parent to None, run_after=None
[2025-05-14T19:05:06.274+0000] {processor.py:208} INFO - Processing /home/airflow/.local/lib/python3.12/site-packages/airflow/example_dags/example_external_task_marker_dag.py took 0.100 seconds
