[2025-05-14T19:03:30.183+0000] {processor.py:186} INFO - Started process (PID=93) to work on /home/airflow/.local/lib/python3.12/site-packages/airflow/example_dags/example_subdag_operator.py
[2025-05-14T19:03:30.188+0000] {processor.py:914} INFO - Processing file /home/airflow/.local/lib/python3.12/site-packages/airflow/example_dags/example_subdag_operator.py for tasks to queue
[2025-05-14T19:03:30.199+0000] {logging_mixin.py:190} INFO - [2025-05-14T19:03:30.197+0000] {dagbag.py:588} INFO - Filling up the DagBag from /home/airflow/.local/lib/python3.12/site-packages/airflow/example_dags/example_subdag_operator.py
[2025-05-14T19:03:30.308+0000] {processor.py:925} INFO - DAG(s) 'example_subdag_operator.section-1', 'example_subdag_operator.section-2', 'example_subdag_operator' retrieved from /home/airflow/.local/lib/python3.12/site-packages/airflow/example_dags/example_subdag_operator.py
[2025-05-14T19:03:30.409+0000] {logging_mixin.py:190} INFO - [2025-05-14T19:03:30.408+0000] {dag.py:3239} INFO - Sync 3 DAGs
[2025-05-14T19:03:30.505+0000] {logging_mixin.py:190} INFO - [2025-05-14T19:03:30.504+0000] {dag.py:4180} INFO - Setting next_dagrun for example_subdag_operator to 2022-01-01 00:00:00+00:00, run_after=2022-01-01 00:00:00+00:00
[2025-05-14T19:03:30.524+0000] {logging_mixin.py:190} INFO - [2025-05-14T19:03:30.524+0000] {dag.py:4180} INFO - Setting next_dagrun for example_subdag_operator.section-1 to None, run_after=None
[2025-05-14T19:03:30.532+0000] {logging_mixin.py:190} INFO - [2025-05-14T19:03:30.532+0000] {dag.py:4180} INFO - Setting next_dagrun for example_subdag_operator.section-2 to None, run_after=None
[2025-05-14T19:03:30.563+0000] {logging_mixin.py:190} INFO - [2025-05-14T19:03:30.562+0000] {dag.py:3239} INFO - Sync 2 DAGs
[2025-05-14T19:03:30.587+0000] {logging_mixin.py:190} INFO - [2025-05-14T19:03:30.587+0000] {dag.py:4180} INFO - Setting next_dagrun for example_subdag_operator.section-1 to None, run_after=None
[2025-05-14T19:03:30.590+0000] {logging_mixin.py:190} INFO - [2025-05-14T19:03:30.589+0000] {dag.py:4180} INFO - Setting next_dagrun for example_subdag_operator.section-2 to None, run_after=None
[2025-05-14T19:03:30.641+0000] {processor.py:208} INFO - Processing /home/airflow/.local/lib/python3.12/site-packages/airflow/example_dags/example_subdag_operator.py took 0.489 seconds
[2025-05-14T19:04:01.307+0000] {processor.py:186} INFO - Started process (PID=156) to work on /home/airflow/.local/lib/python3.12/site-packages/airflow/example_dags/example_subdag_operator.py
[2025-05-14T19:04:01.309+0000] {processor.py:914} INFO - Processing file /home/airflow/.local/lib/python3.12/site-packages/airflow/example_dags/example_subdag_operator.py for tasks to queue
[2025-05-14T19:04:01.312+0000] {logging_mixin.py:190} INFO - [2025-05-14T19:04:01.312+0000] {dagbag.py:588} INFO - Filling up the DagBag from /home/airflow/.local/lib/python3.12/site-packages/airflow/example_dags/example_subdag_operator.py
[2025-05-14T19:04:01.347+0000] {processor.py:925} INFO - DAG(s) 'example_subdag_operator.section-1', 'example_subdag_operator.section-2', 'example_subdag_operator' retrieved from /home/airflow/.local/lib/python3.12/site-packages/airflow/example_dags/example_subdag_operator.py
[2025-05-14T19:04:01.369+0000] {logging_mixin.py:190} INFO - [2025-05-14T19:04:01.369+0000] {dag.py:3239} INFO - Sync 3 DAGs
[2025-05-14T19:04:01.404+0000] {logging_mixin.py:190} INFO - [2025-05-14T19:04:01.403+0000] {dag.py:4180} INFO - Setting next_dagrun for example_subdag_operator to 2022-01-01 00:00:00+00:00, run_after=2022-01-01 00:00:00+00:00
[2025-05-14T19:04:01.409+0000] {logging_mixin.py:190} INFO - [2025-05-14T19:04:01.409+0000] {dag.py:4180} INFO - Setting next_dagrun for example_subdag_operator.section-1 to None, run_after=None
[2025-05-14T19:04:01.411+0000] {logging_mixin.py:190} INFO - [2025-05-14T19:04:01.411+0000] {dag.py:4180} INFO - Setting next_dagrun for example_subdag_operator.section-2 to None, run_after=None
[2025-05-14T19:04:01.424+0000] {logging_mixin.py:190} INFO - [2025-05-14T19:04:01.423+0000] {dag.py:3239} INFO - Sync 2 DAGs
[2025-05-14T19:04:01.434+0000] {logging_mixin.py:190} INFO - [2025-05-14T19:04:01.434+0000] {dag.py:4180} INFO - Setting next_dagrun for example_subdag_operator.section-1 to None, run_after=None
[2025-05-14T19:04:01.435+0000] {logging_mixin.py:190} INFO - [2025-05-14T19:04:01.435+0000] {dag.py:4180} INFO - Setting next_dagrun for example_subdag_operator.section-2 to None, run_after=None
[2025-05-14T19:04:01.455+0000] {processor.py:208} INFO - Processing /home/airflow/.local/lib/python3.12/site-packages/airflow/example_dags/example_subdag_operator.py took 0.156 seconds
[2025-05-14T19:04:31.768+0000] {processor.py:186} INFO - Started process (PID=220) to work on /home/airflow/.local/lib/python3.12/site-packages/airflow/example_dags/example_subdag_operator.py
[2025-05-14T19:04:31.769+0000] {processor.py:914} INFO - Processing file /home/airflow/.local/lib/python3.12/site-packages/airflow/example_dags/example_subdag_operator.py for tasks to queue
[2025-05-14T19:04:31.773+0000] {logging_mixin.py:190} INFO - [2025-05-14T19:04:31.772+0000] {dagbag.py:588} INFO - Filling up the DagBag from /home/airflow/.local/lib/python3.12/site-packages/airflow/example_dags/example_subdag_operator.py
[2025-05-14T19:04:31.801+0000] {processor.py:925} INFO - DAG(s) 'example_subdag_operator.section-1', 'example_subdag_operator.section-2', 'example_subdag_operator' retrieved from /home/airflow/.local/lib/python3.12/site-packages/airflow/example_dags/example_subdag_operator.py
[2025-05-14T19:04:31.818+0000] {logging_mixin.py:190} INFO - [2025-05-14T19:04:31.817+0000] {dag.py:3239} INFO - Sync 3 DAGs
[2025-05-14T19:04:31.840+0000] {logging_mixin.py:190} INFO - [2025-05-14T19:04:31.840+0000] {dag.py:4180} INFO - Setting next_dagrun for example_subdag_operator to 2022-01-01 00:00:00+00:00, run_after=2022-01-01 00:00:00+00:00
[2025-05-14T19:04:31.845+0000] {logging_mixin.py:190} INFO - [2025-05-14T19:04:31.845+0000] {dag.py:4180} INFO - Setting next_dagrun for example_subdag_operator.section-1 to None, run_after=None
[2025-05-14T19:04:31.846+0000] {logging_mixin.py:190} INFO - [2025-05-14T19:04:31.846+0000] {dag.py:4180} INFO - Setting next_dagrun for example_subdag_operator.section-2 to None, run_after=None
[2025-05-14T19:04:31.854+0000] {logging_mixin.py:190} INFO - [2025-05-14T19:04:31.854+0000] {dag.py:3239} INFO - Sync 2 DAGs
[2025-05-14T19:04:31.860+0000] {logging_mixin.py:190} INFO - [2025-05-14T19:04:31.860+0000] {dag.py:4180} INFO - Setting next_dagrun for example_subdag_operator.section-1 to None, run_after=None
[2025-05-14T19:04:31.861+0000] {logging_mixin.py:190} INFO - [2025-05-14T19:04:31.860+0000] {dag.py:4180} INFO - Setting next_dagrun for example_subdag_operator.section-2 to None, run_after=None
[2025-05-14T19:04:31.871+0000] {processor.py:208} INFO - Processing /home/airflow/.local/lib/python3.12/site-packages/airflow/example_dags/example_subdag_operator.py took 0.110 seconds
[2025-05-14T19:05:02.487+0000] {processor.py:186} INFO - Started process (PID=284) to work on /home/airflow/.local/lib/python3.12/site-packages/airflow/example_dags/example_subdag_operator.py
[2025-05-14T19:05:02.489+0000] {processor.py:914} INFO - Processing file /home/airflow/.local/lib/python3.12/site-packages/airflow/example_dags/example_subdag_operator.py for tasks to queue
[2025-05-14T19:05:02.495+0000] {logging_mixin.py:190} INFO - [2025-05-14T19:05:02.494+0000] {dagbag.py:588} INFO - Filling up the DagBag from /home/airflow/.local/lib/python3.12/site-packages/airflow/example_dags/example_subdag_operator.py
[2025-05-14T19:05:02.562+0000] {processor.py:925} INFO - DAG(s) 'example_subdag_operator.section-1', 'example_subdag_operator.section-2', 'example_subdag_operator' retrieved from /home/airflow/.local/lib/python3.12/site-packages/airflow/example_dags/example_subdag_operator.py
[2025-05-14T19:05:02.601+0000] {logging_mixin.py:190} INFO - [2025-05-14T19:05:02.600+0000] {dag.py:3239} INFO - Sync 3 DAGs
[2025-05-14T19:05:02.655+0000] {logging_mixin.py:190} INFO - [2025-05-14T19:05:02.654+0000] {dag.py:4180} INFO - Setting next_dagrun for example_subdag_operator to 2022-01-01 00:00:00+00:00, run_after=2022-01-01 00:00:00+00:00
[2025-05-14T19:05:02.664+0000] {logging_mixin.py:190} INFO - [2025-05-14T19:05:02.663+0000] {dag.py:4180} INFO - Setting next_dagrun for example_subdag_operator.section-1 to None, run_after=None
[2025-05-14T19:05:02.667+0000] {logging_mixin.py:190} INFO - [2025-05-14T19:05:02.667+0000] {dag.py:4180} INFO - Setting next_dagrun for example_subdag_operator.section-2 to None, run_after=None
[2025-05-14T19:05:02.683+0000] {logging_mixin.py:190} INFO - [2025-05-14T19:05:02.682+0000] {dag.py:3239} INFO - Sync 2 DAGs
[2025-05-14T19:05:02.696+0000] {logging_mixin.py:190} INFO - [2025-05-14T19:05:02.696+0000] {dag.py:4180} INFO - Setting next_dagrun for example_subdag_operator.section-1 to None, run_after=None
[2025-05-14T19:05:02.698+0000] {logging_mixin.py:190} INFO - [2025-05-14T19:05:02.697+0000] {dag.py:4180} INFO - Setting next_dagrun for example_subdag_operator.section-2 to None, run_after=None
[2025-05-14T19:05:02.758+0000] {processor.py:208} INFO - Processing /home/airflow/.local/lib/python3.12/site-packages/airflow/example_dags/example_subdag_operator.py took 0.288 seconds
