[2025-05-14T19:03:29.004+0000] {processor.py:186} INFO - Started process (PID=90) to work on /home/airflow/.local/lib/python3.12/site-packages/airflow/example_dags/example_skip_dag.py
[2025-05-14T19:03:29.009+0000] {processor.py:914} INFO - Processing file /home/airflow/.local/lib/python3.12/site-packages/airflow/example_dags/example_skip_dag.py for tasks to queue
[2025-05-14T19:03:29.023+0000] {logging_mixin.py:190} INFO - [2025-05-14T19:03:29.021+0000] {dagbag.py:588} INFO - Filling up the DagBag from /home/airflow/.local/lib/python3.12/site-packages/airflow/example_dags/example_skip_dag.py
[2025-05-14T19:03:29.101+0000] {processor.py:925} INFO - DAG(s) 'example_skip_dag' retrieved from /home/airflow/.local/lib/python3.12/site-packages/airflow/example_dags/example_skip_dag.py
[2025-05-14T19:03:29.220+0000] {logging_mixin.py:190} INFO - [2025-05-14T19:03:29.219+0000] {dag.py:3239} INFO - Sync 1 DAGs
[2025-05-14T19:03:29.323+0000] {logging_mixin.py:190} INFO - [2025-05-14T19:03:29.323+0000] {dag.py:4180} INFO - Setting next_dagrun for example_skip_dag to 2025-05-13 00:00:00+00:00, run_after=2025-05-14 00:00:00+00:00
[2025-05-14T19:03:29.375+0000] {processor.py:208} INFO - Processing /home/airflow/.local/lib/python3.12/site-packages/airflow/example_dags/example_skip_dag.py took 0.412 seconds
[2025-05-14T19:03:59.736+0000] {processor.py:186} INFO - Started process (PID=154) to work on /home/airflow/.local/lib/python3.12/site-packages/airflow/example_dags/example_skip_dag.py
[2025-05-14T19:03:59.737+0000] {processor.py:914} INFO - Processing file /home/airflow/.local/lib/python3.12/site-packages/airflow/example_dags/example_skip_dag.py for tasks to queue
[2025-05-14T19:03:59.740+0000] {logging_mixin.py:190} INFO - [2025-05-14T19:03:59.740+0000] {dagbag.py:588} INFO - Filling up the DagBag from /home/airflow/.local/lib/python3.12/site-packages/airflow/example_dags/example_skip_dag.py
[2025-05-14T19:03:59.750+0000] {processor.py:925} INFO - DAG(s) 'example_skip_dag' retrieved from /home/airflow/.local/lib/python3.12/site-packages/airflow/example_dags/example_skip_dag.py
[2025-05-14T19:03:59.779+0000] {logging_mixin.py:190} INFO - [2025-05-14T19:03:59.778+0000] {dag.py:3239} INFO - Sync 1 DAGs
[2025-05-14T19:03:59.806+0000] {logging_mixin.py:190} INFO - [2025-05-14T19:03:59.805+0000] {dag.py:4180} INFO - Setting next_dagrun for example_skip_dag to 2025-05-13 00:00:00+00:00, run_after=2025-05-14 00:00:00+00:00
[2025-05-14T19:03:59.827+0000] {processor.py:208} INFO - Processing /home/airflow/.local/lib/python3.12/site-packages/airflow/example_dags/example_skip_dag.py took 0.097 seconds
[2025-05-14T19:04:30.017+0000] {processor.py:186} INFO - Started process (PID=217) to work on /home/airflow/.local/lib/python3.12/site-packages/airflow/example_dags/example_skip_dag.py
[2025-05-14T19:04:30.018+0000] {processor.py:914} INFO - Processing file /home/airflow/.local/lib/python3.12/site-packages/airflow/example_dags/example_skip_dag.py for tasks to queue
[2025-05-14T19:04:30.020+0000] {logging_mixin.py:190} INFO - [2025-05-14T19:04:30.020+0000] {dagbag.py:588} INFO - Filling up the DagBag from /home/airflow/.local/lib/python3.12/site-packages/airflow/example_dags/example_skip_dag.py
[2025-05-14T19:04:30.027+0000] {processor.py:925} INFO - DAG(s) 'example_skip_dag' retrieved from /home/airflow/.local/lib/python3.12/site-packages/airflow/example_dags/example_skip_dag.py
[2025-05-14T19:04:30.051+0000] {logging_mixin.py:190} INFO - [2025-05-14T19:04:30.051+0000] {dag.py:3239} INFO - Sync 1 DAGs
[2025-05-14T19:04:30.077+0000] {logging_mixin.py:190} INFO - [2025-05-14T19:04:30.077+0000] {dag.py:4180} INFO - Setting next_dagrun for example_skip_dag to 2025-05-13 00:00:00+00:00, run_after=2025-05-14 00:00:00+00:00
[2025-05-14T19:04:30.122+0000] {processor.py:208} INFO - Processing /home/airflow/.local/lib/python3.12/site-packages/airflow/example_dags/example_skip_dag.py took 0.110 seconds
[2025-05-14T19:05:00.442+0000] {processor.py:186} INFO - Started process (PID=281) to work on /home/airflow/.local/lib/python3.12/site-packages/airflow/example_dags/example_skip_dag.py
[2025-05-14T19:05:00.445+0000] {processor.py:914} INFO - Processing file /home/airflow/.local/lib/python3.12/site-packages/airflow/example_dags/example_skip_dag.py for tasks to queue
[2025-05-14T19:05:00.451+0000] {logging_mixin.py:190} INFO - [2025-05-14T19:05:00.450+0000] {dagbag.py:588} INFO - Filling up the DagBag from /home/airflow/.local/lib/python3.12/site-packages/airflow/example_dags/example_skip_dag.py
[2025-05-14T19:05:00.475+0000] {processor.py:925} INFO - DAG(s) 'example_skip_dag' retrieved from /home/airflow/.local/lib/python3.12/site-packages/airflow/example_dags/example_skip_dag.py
[2025-05-14T19:05:00.521+0000] {logging_mixin.py:190} INFO - [2025-05-14T19:05:00.520+0000] {dag.py:3239} INFO - Sync 1 DAGs
[2025-05-14T19:05:00.569+0000] {logging_mixin.py:190} INFO - [2025-05-14T19:05:00.568+0000] {dag.py:4180} INFO - Setting next_dagrun for example_skip_dag to 2025-05-13 00:00:00+00:00, run_after=2025-05-14 00:00:00+00:00
[2025-05-14T19:05:00.621+0000] {processor.py:208} INFO - Processing /home/airflow/.local/lib/python3.12/site-packages/airflow/example_dags/example_skip_dag.py took 0.194 seconds
