[2025-05-14T19:03:32.601+0000] {processor.py:186} INFO - Started process (PID=98) to work on /home/airflow/.local/lib/python3.12/site-packages/airflow/example_dags/example_complex.py
[2025-05-14T19:03:32.605+0000] {processor.py:914} INFO - Processing file /home/airflow/.local/lib/python3.12/site-packages/airflow/example_dags/example_complex.py for tasks to queue
[2025-05-14T19:03:32.614+0000] {logging_mixin.py:190} INFO - [2025-05-14T19:03:32.613+0000] {dagbag.py:588} INFO - Filling up the DagBag from /home/airflow/.local/lib/python3.12/site-packages/airflow/example_dags/example_complex.py
[2025-05-14T19:03:32.653+0000] {processor.py:925} INFO - DAG(s) 'example_complex' retrieved from /home/airflow/.local/lib/python3.12/site-packages/airflow/example_dags/example_complex.py
[2025-05-14T19:03:32.755+0000] {logging_mixin.py:190} INFO - [2025-05-14T19:03:32.754+0000] {dag.py:3239} INFO - Sync 1 DAGs
[2025-05-14T19:03:32.826+0000] {logging_mixin.py:190} INFO - [2025-05-14T19:03:32.825+0000] {dag.py:4180} INFO - Setting next_dagrun for example_complex to None, run_after=None
[2025-05-14T19:03:32.898+0000] {processor.py:208} INFO - Processing /home/airflow/.local/lib/python3.12/site-packages/airflow/example_dags/example_complex.py took 0.318 seconds
[2025-05-14T19:04:03.385+0000] {processor.py:186} INFO - Started process (PID=162) to work on /home/airflow/.local/lib/python3.12/site-packages/airflow/example_dags/example_complex.py
[2025-05-14T19:04:03.387+0000] {processor.py:914} INFO - Processing file /home/airflow/.local/lib/python3.12/site-packages/airflow/example_dags/example_complex.py for tasks to queue
[2025-05-14T19:04:03.390+0000] {logging_mixin.py:190} INFO - [2025-05-14T19:04:03.389+0000] {dagbag.py:588} INFO - Filling up the DagBag from /home/airflow/.local/lib/python3.12/site-packages/airflow/example_dags/example_complex.py
[2025-05-14T19:04:03.410+0000] {processor.py:925} INFO - DAG(s) 'example_complex' retrieved from /home/airflow/.local/lib/python3.12/site-packages/airflow/example_dags/example_complex.py
[2025-05-14T19:04:03.456+0000] {logging_mixin.py:190} INFO - [2025-05-14T19:04:03.456+0000] {dag.py:3239} INFO - Sync 1 DAGs
[2025-05-14T19:04:03.479+0000] {logging_mixin.py:190} INFO - [2025-05-14T19:04:03.479+0000] {dag.py:4180} INFO - Setting next_dagrun for example_complex to None, run_after=None
[2025-05-14T19:04:03.502+0000] {processor.py:208} INFO - Processing /home/airflow/.local/lib/python3.12/site-packages/airflow/example_dags/example_complex.py took 0.124 seconds
[2025-05-14T19:04:33.940+0000] {processor.py:186} INFO - Started process (PID=226) to work on /home/airflow/.local/lib/python3.12/site-packages/airflow/example_dags/example_complex.py
[2025-05-14T19:04:33.941+0000] {processor.py:914} INFO - Processing file /home/airflow/.local/lib/python3.12/site-packages/airflow/example_dags/example_complex.py for tasks to queue
[2025-05-14T19:04:33.945+0000] {logging_mixin.py:190} INFO - [2025-05-14T19:04:33.944+0000] {dagbag.py:588} INFO - Filling up the DagBag from /home/airflow/.local/lib/python3.12/site-packages/airflow/example_dags/example_complex.py
[2025-05-14T19:04:33.964+0000] {processor.py:925} INFO - DAG(s) 'example_complex' retrieved from /home/airflow/.local/lib/python3.12/site-packages/airflow/example_dags/example_complex.py
[2025-05-14T19:04:34.010+0000] {logging_mixin.py:190} INFO - [2025-05-14T19:04:34.009+0000] {dag.py:3239} INFO - Sync 1 DAGs
[2025-05-14T19:04:34.031+0000] {logging_mixin.py:190} INFO - [2025-05-14T19:04:34.030+0000] {dag.py:4180} INFO - Setting next_dagrun for example_complex to None, run_after=None
[2025-05-14T19:04:34.057+0000] {processor.py:208} INFO - Processing /home/airflow/.local/lib/python3.12/site-packages/airflow/example_dags/example_complex.py took 0.125 seconds
[2025-05-14T19:05:04.839+0000] {processor.py:186} INFO - Started process (PID=289) to work on /home/airflow/.local/lib/python3.12/site-packages/airflow/example_dags/example_complex.py
[2025-05-14T19:05:04.840+0000] {processor.py:914} INFO - Processing file /home/airflow/.local/lib/python3.12/site-packages/airflow/example_dags/example_complex.py for tasks to queue
[2025-05-14T19:05:04.843+0000] {logging_mixin.py:190} INFO - [2025-05-14T19:05:04.843+0000] {dagbag.py:588} INFO - Filling up the DagBag from /home/airflow/.local/lib/python3.12/site-packages/airflow/example_dags/example_complex.py
[2025-05-14T19:05:04.856+0000] {processor.py:925} INFO - DAG(s) 'example_complex' retrieved from /home/airflow/.local/lib/python3.12/site-packages/airflow/example_dags/example_complex.py
[2025-05-14T19:05:04.888+0000] {logging_mixin.py:190} INFO - [2025-05-14T19:05:04.888+0000] {dag.py:3239} INFO - Sync 1 DAGs
[2025-05-14T19:05:04.906+0000] {logging_mixin.py:190} INFO - [2025-05-14T19:05:04.906+0000] {dag.py:4180} INFO - Setting next_dagrun for example_complex to None, run_after=None
[2025-05-14T19:05:04.936+0000] {processor.py:208} INFO - Processing /home/airflow/.local/lib/python3.12/site-packages/airflow/example_dags/example_complex.py took 0.104 seconds
