[2025-05-14T19:03:29.151+0000] {processor.py:186} INFO - Started process (PID=91) to work on /home/airflow/.local/lib/python3.12/site-packages/airflow/example_dags/example_datasets.py
[2025-05-14T19:03:29.157+0000] {processor.py:914} INFO - Processing file /home/airflow/.local/lib/python3.12/site-packages/airflow/example_dags/example_datasets.py for tasks to queue
[2025-05-14T19:03:29.166+0000] {logging_mixin.py:190} INFO - [2025-05-14T19:03:29.165+0000] {dagbag.py:588} INFO - Filling up the DagBag from /home/airflow/.local/lib/python3.12/site-packages/airflow/example_dags/example_datasets.py
[2025-05-14T19:03:30.721+0000] {processor.py:925} INFO - DAG(s) 'consume_1_or_both_2_and_3_with_dataset_expressions', 'dataset_consumes_1_never_scheduled', 'dataset_consumes_unknown_never_scheduled', 'dataset_consumes_1', 'conditional_dataset_and_time_based_timetable', 'dataset_consumes_1_and_2', 'dataset_produces_2', 'consume_1_or_2_with_dataset_expressions', 'dataset_produces_1', 'consume_1_and_2_with_dataset_expressions' retrieved from /home/airflow/.local/lib/python3.12/site-packages/airflow/example_dags/example_datasets.py
[2025-05-14T19:03:31.029+0000] {logging_mixin.py:190} INFO - [2025-05-14T19:03:31.028+0000] {dag.py:3239} INFO - Sync 10 DAGs
[2025-05-14T19:03:31.759+0000] {logging_mixin.py:190} INFO - [2025-05-14T19:03:31.758+0000] {dag.py:4180} INFO - Setting next_dagrun for conditional_dataset_and_time_based_timetable to 2025-05-14 01:00:00+00:00, run_after=2025-05-14 01:00:00+00:00
[2025-05-14T19:03:31.779+0000] {logging_mixin.py:190} INFO - [2025-05-14T19:03:31.778+0000] {dag.py:4180} INFO - Setting next_dagrun for consume_1_and_2_with_dataset_expressions to None, run_after=None
[2025-05-14T19:03:31.786+0000] {logging_mixin.py:190} INFO - [2025-05-14T19:03:31.785+0000] {dag.py:4180} INFO - Setting next_dagrun for consume_1_or_2_with_dataset_expressions to None, run_after=None
[2025-05-14T19:03:31.795+0000] {logging_mixin.py:190} INFO - [2025-05-14T19:03:31.793+0000] {dag.py:4180} INFO - Setting next_dagrun for consume_1_or_both_2_and_3_with_dataset_expressions to None, run_after=None
[2025-05-14T19:03:31.805+0000] {logging_mixin.py:190} INFO - [2025-05-14T19:03:31.804+0000] {dag.py:4180} INFO - Setting next_dagrun for dataset_consumes_1 to None, run_after=None
[2025-05-14T19:03:31.816+0000] {logging_mixin.py:190} INFO - [2025-05-14T19:03:31.814+0000] {dag.py:4180} INFO - Setting next_dagrun for dataset_consumes_1_and_2 to None, run_after=None
[2025-05-14T19:03:31.824+0000] {logging_mixin.py:190} INFO - [2025-05-14T19:03:31.823+0000] {dag.py:4180} INFO - Setting next_dagrun for dataset_consumes_1_never_scheduled to None, run_after=None
[2025-05-14T19:03:31.832+0000] {logging_mixin.py:190} INFO - [2025-05-14T19:03:31.831+0000] {dag.py:4180} INFO - Setting next_dagrun for dataset_consumes_unknown_never_scheduled to None, run_after=None
[2025-05-14T19:03:31.851+0000] {logging_mixin.py:190} INFO - [2025-05-14T19:03:31.849+0000] {dag.py:4180} INFO - Setting next_dagrun for dataset_produces_1 to 2025-05-13 00:00:00+00:00, run_after=2025-05-14 00:00:00+00:00
[2025-05-14T19:03:31.861+0000] {logging_mixin.py:190} INFO - [2025-05-14T19:03:31.859+0000] {dag.py:4180} INFO - Setting next_dagrun for dataset_produces_2 to None, run_after=None
[2025-05-14T19:03:32.023+0000] {processor.py:208} INFO - Processing /home/airflow/.local/lib/python3.12/site-packages/airflow/example_dags/example_datasets.py took 2.907 seconds
[2025-05-14T19:04:02.498+0000] {processor.py:186} INFO - Started process (PID=158) to work on /home/airflow/.local/lib/python3.12/site-packages/airflow/example_dags/example_datasets.py
[2025-05-14T19:04:02.499+0000] {processor.py:914} INFO - Processing file /home/airflow/.local/lib/python3.12/site-packages/airflow/example_dags/example_datasets.py for tasks to queue
[2025-05-14T19:04:02.503+0000] {logging_mixin.py:190} INFO - [2025-05-14T19:04:02.503+0000] {dagbag.py:588} INFO - Filling up the DagBag from /home/airflow/.local/lib/python3.12/site-packages/airflow/example_dags/example_datasets.py
[2025-05-14T19:04:03.178+0000] {processor.py:925} INFO - DAG(s) 'dataset_consumes_1_and_2', 'dataset_consumes_1_never_scheduled', 'consume_1_and_2_with_dataset_expressions', 'dataset_produces_1', 'consume_1_or_both_2_and_3_with_dataset_expressions', 'conditional_dataset_and_time_based_timetable', 'dataset_consumes_1', 'consume_1_or_2_with_dataset_expressions', 'dataset_produces_2', 'dataset_consumes_unknown_never_scheduled' retrieved from /home/airflow/.local/lib/python3.12/site-packages/airflow/example_dags/example_datasets.py
[2025-05-14T19:04:03.238+0000] {logging_mixin.py:190} INFO - [2025-05-14T19:04:03.238+0000] {dag.py:3239} INFO - Sync 10 DAGs
[2025-05-14T19:04:03.274+0000] {logging_mixin.py:190} INFO - [2025-05-14T19:04:03.274+0000] {dag.py:4180} INFO - Setting next_dagrun for conditional_dataset_and_time_based_timetable to 2025-05-14 01:00:00+00:00, run_after=2025-05-14 01:00:00+00:00
[2025-05-14T19:04:03.281+0000] {logging_mixin.py:190} INFO - [2025-05-14T19:04:03.281+0000] {dag.py:4180} INFO - Setting next_dagrun for consume_1_and_2_with_dataset_expressions to None, run_after=None
[2025-05-14T19:04:03.283+0000] {logging_mixin.py:190} INFO - [2025-05-14T19:04:03.282+0000] {dag.py:4180} INFO - Setting next_dagrun for consume_1_or_2_with_dataset_expressions to None, run_after=None
[2025-05-14T19:04:03.284+0000] {logging_mixin.py:190} INFO - [2025-05-14T19:04:03.284+0000] {dag.py:4180} INFO - Setting next_dagrun for consume_1_or_both_2_and_3_with_dataset_expressions to None, run_after=None
[2025-05-14T19:04:03.286+0000] {logging_mixin.py:190} INFO - [2025-05-14T19:04:03.285+0000] {dag.py:4180} INFO - Setting next_dagrun for dataset_consumes_1 to None, run_after=None
[2025-05-14T19:04:03.287+0000] {logging_mixin.py:190} INFO - [2025-05-14T19:04:03.287+0000] {dag.py:4180} INFO - Setting next_dagrun for dataset_consumes_1_and_2 to None, run_after=None
[2025-05-14T19:04:03.289+0000] {logging_mixin.py:190} INFO - [2025-05-14T19:04:03.289+0000] {dag.py:4180} INFO - Setting next_dagrun for dataset_consumes_1_never_scheduled to None, run_after=None
[2025-05-14T19:04:03.290+0000] {logging_mixin.py:190} INFO - [2025-05-14T19:04:03.290+0000] {dag.py:4180} INFO - Setting next_dagrun for dataset_consumes_unknown_never_scheduled to None, run_after=None
[2025-05-14T19:04:03.293+0000] {logging_mixin.py:190} INFO - [2025-05-14T19:04:03.293+0000] {dag.py:4180} INFO - Setting next_dagrun for dataset_produces_1 to 2025-05-13 00:00:00+00:00, run_after=2025-05-14 00:00:00+00:00
[2025-05-14T19:04:03.296+0000] {logging_mixin.py:190} INFO - [2025-05-14T19:04:03.295+0000] {dag.py:4180} INFO - Setting next_dagrun for dataset_produces_2 to None, run_after=None
[2025-05-14T19:04:03.336+0000] {processor.py:208} INFO - Processing /home/airflow/.local/lib/python3.12/site-packages/airflow/example_dags/example_datasets.py took 0.845 seconds
[2025-05-14T19:04:33.936+0000] {processor.py:186} INFO - Started process (PID=225) to work on /home/airflow/.local/lib/python3.12/site-packages/airflow/example_dags/example_datasets.py
[2025-05-14T19:04:33.937+0000] {processor.py:914} INFO - Processing file /home/airflow/.local/lib/python3.12/site-packages/airflow/example_dags/example_datasets.py for tasks to queue
[2025-05-14T19:04:33.941+0000] {logging_mixin.py:190} INFO - [2025-05-14T19:04:33.940+0000] {dagbag.py:588} INFO - Filling up the DagBag from /home/airflow/.local/lib/python3.12/site-packages/airflow/example_dags/example_datasets.py
[2025-05-14T19:04:34.658+0000] {processor.py:925} INFO - DAG(s) 'dataset_produces_1', 'dataset_consumes_1_and_2', 'consume_1_or_2_with_dataset_expressions', 'dataset_produces_2', 'consume_1_and_2_with_dataset_expressions', 'dataset_consumes_unknown_never_scheduled', 'dataset_consumes_1_never_scheduled', 'conditional_dataset_and_time_based_timetable', 'dataset_consumes_1', 'consume_1_or_both_2_and_3_with_dataset_expressions' retrieved from /home/airflow/.local/lib/python3.12/site-packages/airflow/example_dags/example_datasets.py
[2025-05-14T19:04:34.713+0000] {logging_mixin.py:190} INFO - [2025-05-14T19:04:34.712+0000] {dag.py:3239} INFO - Sync 10 DAGs
[2025-05-14T19:04:34.747+0000] {logging_mixin.py:190} INFO - [2025-05-14T19:04:34.747+0000] {dag.py:4180} INFO - Setting next_dagrun for conditional_dataset_and_time_based_timetable to 2025-05-14 01:00:00+00:00, run_after=2025-05-14 01:00:00+00:00
[2025-05-14T19:04:34.753+0000] {logging_mixin.py:190} INFO - [2025-05-14T19:04:34.753+0000] {dag.py:4180} INFO - Setting next_dagrun for consume_1_and_2_with_dataset_expressions to None, run_after=None
[2025-05-14T19:04:34.757+0000] {logging_mixin.py:190} INFO - [2025-05-14T19:04:34.757+0000] {dag.py:4180} INFO - Setting next_dagrun for consume_1_or_2_with_dataset_expressions to None, run_after=None
[2025-05-14T19:04:34.760+0000] {logging_mixin.py:190} INFO - [2025-05-14T19:04:34.759+0000] {dag.py:4180} INFO - Setting next_dagrun for consume_1_or_both_2_and_3_with_dataset_expressions to None, run_after=None
[2025-05-14T19:04:34.762+0000] {logging_mixin.py:190} INFO - [2025-05-14T19:04:34.762+0000] {dag.py:4180} INFO - Setting next_dagrun for dataset_consumes_1 to None, run_after=None
[2025-05-14T19:04:34.764+0000] {logging_mixin.py:190} INFO - [2025-05-14T19:04:34.764+0000] {dag.py:4180} INFO - Setting next_dagrun for dataset_consumes_1_and_2 to None, run_after=None
[2025-05-14T19:04:34.766+0000] {logging_mixin.py:190} INFO - [2025-05-14T19:04:34.766+0000] {dag.py:4180} INFO - Setting next_dagrun for dataset_consumes_1_never_scheduled to None, run_after=None
[2025-05-14T19:04:34.769+0000] {logging_mixin.py:190} INFO - [2025-05-14T19:04:34.768+0000] {dag.py:4180} INFO - Setting next_dagrun for dataset_consumes_unknown_never_scheduled to None, run_after=None
[2025-05-14T19:04:34.772+0000] {logging_mixin.py:190} INFO - [2025-05-14T19:04:34.772+0000] {dag.py:4180} INFO - Setting next_dagrun for dataset_produces_1 to 2025-05-13 00:00:00+00:00, run_after=2025-05-14 00:00:00+00:00
[2025-05-14T19:04:34.774+0000] {logging_mixin.py:190} INFO - [2025-05-14T19:04:34.774+0000] {dag.py:4180} INFO - Setting next_dagrun for dataset_produces_2 to None, run_after=None
[2025-05-14T19:04:34.819+0000] {processor.py:208} INFO - Processing /home/airflow/.local/lib/python3.12/site-packages/airflow/example_dags/example_datasets.py took 0.888 seconds
[2025-05-14T19:05:05.351+0000] {processor.py:186} INFO - Started process (PID=294) to work on /home/airflow/.local/lib/python3.12/site-packages/airflow/example_dags/example_datasets.py
[2025-05-14T19:05:05.353+0000] {processor.py:914} INFO - Processing file /home/airflow/.local/lib/python3.12/site-packages/airflow/example_dags/example_datasets.py for tasks to queue
[2025-05-14T19:05:05.357+0000] {logging_mixin.py:190} INFO - [2025-05-14T19:05:05.357+0000] {dagbag.py:588} INFO - Filling up the DagBag from /home/airflow/.local/lib/python3.12/site-packages/airflow/example_dags/example_datasets.py
[2025-05-14T19:05:06.019+0000] {processor.py:925} INFO - DAG(s) 'consume_1_or_both_2_and_3_with_dataset_expressions', 'dataset_consumes_1', 'dataset_consumes_1_and_2', 'dataset_consumes_unknown_never_scheduled', 'consume_1_and_2_with_dataset_expressions', 'consume_1_or_2_with_dataset_expressions', 'conditional_dataset_and_time_based_timetable', 'dataset_produces_1', 'dataset_consumes_1_never_scheduled', 'dataset_produces_2' retrieved from /home/airflow/.local/lib/python3.12/site-packages/airflow/example_dags/example_datasets.py
[2025-05-14T19:05:06.077+0000] {logging_mixin.py:190} INFO - [2025-05-14T19:05:06.077+0000] {dag.py:3239} INFO - Sync 10 DAGs
[2025-05-14T19:05:06.109+0000] {logging_mixin.py:190} INFO - [2025-05-14T19:05:06.108+0000] {dag.py:4180} INFO - Setting next_dagrun for conditional_dataset_and_time_based_timetable to 2025-05-14 01:00:00+00:00, run_after=2025-05-14 01:00:00+00:00
[2025-05-14T19:05:06.115+0000] {logging_mixin.py:190} INFO - [2025-05-14T19:05:06.114+0000] {dag.py:4180} INFO - Setting next_dagrun for consume_1_and_2_with_dataset_expressions to None, run_after=None
[2025-05-14T19:05:06.118+0000] {logging_mixin.py:190} INFO - [2025-05-14T19:05:06.118+0000] {dag.py:4180} INFO - Setting next_dagrun for consume_1_or_2_with_dataset_expressions to None, run_after=None
[2025-05-14T19:05:06.121+0000] {logging_mixin.py:190} INFO - [2025-05-14T19:05:06.121+0000] {dag.py:4180} INFO - Setting next_dagrun for consume_1_or_both_2_and_3_with_dataset_expressions to None, run_after=None
[2025-05-14T19:05:06.124+0000] {logging_mixin.py:190} INFO - [2025-05-14T19:05:06.124+0000] {dag.py:4180} INFO - Setting next_dagrun for dataset_consumes_1 to None, run_after=None
[2025-05-14T19:05:06.126+0000] {logging_mixin.py:190} INFO - [2025-05-14T19:05:06.126+0000] {dag.py:4180} INFO - Setting next_dagrun for dataset_consumes_1_and_2 to None, run_after=None
[2025-05-14T19:05:06.128+0000] {logging_mixin.py:190} INFO - [2025-05-14T19:05:06.128+0000] {dag.py:4180} INFO - Setting next_dagrun for dataset_consumes_1_never_scheduled to None, run_after=None
[2025-05-14T19:05:06.130+0000] {logging_mixin.py:190} INFO - [2025-05-14T19:05:06.130+0000] {dag.py:4180} INFO - Setting next_dagrun for dataset_consumes_unknown_never_scheduled to None, run_after=None
[2025-05-14T19:05:06.133+0000] {logging_mixin.py:190} INFO - [2025-05-14T19:05:06.133+0000] {dag.py:4180} INFO - Setting next_dagrun for dataset_produces_1 to 2025-05-13 00:00:00+00:00, run_after=2025-05-14 00:00:00+00:00
[2025-05-14T19:05:06.137+0000] {logging_mixin.py:190} INFO - [2025-05-14T19:05:06.136+0000] {dag.py:4180} INFO - Setting next_dagrun for dataset_produces_2 to None, run_after=None
[2025-05-14T19:05:06.224+0000] {processor.py:208} INFO - Processing /home/airflow/.local/lib/python3.12/site-packages/airflow/example_dags/example_datasets.py took 0.883 seconds
