[2025-05-14T19:03:37.905+0000] {processor.py:186} INFO - Started process (PID=114) to work on /home/airflow/.local/lib/python3.12/site-packages/airflow/example_dags/example_inlet_event_extra.py
[2025-05-14T19:03:37.908+0000] {processor.py:914} INFO - Processing file /home/airflow/.local/lib/python3.12/site-packages/airflow/example_dags/example_inlet_event_extra.py for tasks to queue
[2025-05-14T19:03:37.914+0000] {logging_mixin.py:190} INFO - [2025-05-14T19:03:37.913+0000] {dagbag.py:588} INFO - Filling up the DagBag from /home/airflow/.local/lib/python3.12/site-packages/airflow/example_dags/example_inlet_event_extra.py
[2025-05-14T19:03:39.293+0000] {processor.py:925} INFO - DAG(s) 'read_dataset_event_from_classic', 'read_dataset_event' retrieved from /home/airflow/.local/lib/python3.12/site-packages/airflow/example_dags/example_inlet_event_extra.py
[2025-05-14T19:03:39.823+0000] {logging_mixin.py:190} INFO - [2025-05-14T19:03:39.823+0000] {dag.py:3239} INFO - Sync 2 DAGs
[2025-05-14T19:03:39.862+0000] {logging_mixin.py:190} INFO - [2025-05-14T19:03:39.862+0000] {dag.py:4180} INFO - Setting next_dagrun for read_dataset_event to 2025-05-13 00:00:00+00:00, run_after=2025-05-14 00:00:00+00:00
[2025-05-14T19:03:39.875+0000] {logging_mixin.py:190} INFO - [2025-05-14T19:03:39.874+0000] {dag.py:4180} INFO - Setting next_dagrun for read_dataset_event_from_classic to 2025-05-13 00:00:00+00:00, run_after=2025-05-14 00:00:00+00:00
[2025-05-14T19:03:39.934+0000] {processor.py:208} INFO - Processing /home/airflow/.local/lib/python3.12/site-packages/airflow/example_dags/example_inlet_event_extra.py took 2.043 seconds
[2025-05-14T19:04:10.067+0000] {processor.py:186} INFO - Started process (PID=184) to work on /home/airflow/.local/lib/python3.12/site-packages/airflow/example_dags/example_inlet_event_extra.py
[2025-05-14T19:04:10.068+0000] {processor.py:914} INFO - Processing file /home/airflow/.local/lib/python3.12/site-packages/airflow/example_dags/example_inlet_event_extra.py for tasks to queue
[2025-05-14T19:04:10.072+0000] {logging_mixin.py:190} INFO - [2025-05-14T19:04:10.071+0000] {dagbag.py:588} INFO - Filling up the DagBag from /home/airflow/.local/lib/python3.12/site-packages/airflow/example_dags/example_inlet_event_extra.py
[2025-05-14T19:04:10.678+0000] {processor.py:925} INFO - DAG(s) 'read_dataset_event', 'read_dataset_event_from_classic' retrieved from /home/airflow/.local/lib/python3.12/site-packages/airflow/example_dags/example_inlet_event_extra.py
[2025-05-14T19:04:10.695+0000] {logging_mixin.py:190} INFO - [2025-05-14T19:04:10.695+0000] {dag.py:3239} INFO - Sync 2 DAGs
[2025-05-14T19:04:10.715+0000] {logging_mixin.py:190} INFO - [2025-05-14T19:04:10.715+0000] {dag.py:4180} INFO - Setting next_dagrun for read_dataset_event to 2025-05-13 00:00:00+00:00, run_after=2025-05-14 00:00:00+00:00
[2025-05-14T19:04:10.719+0000] {logging_mixin.py:190} INFO - [2025-05-14T19:04:10.719+0000] {dag.py:4180} INFO - Setting next_dagrun for read_dataset_event_from_classic to 2025-05-13 00:00:00+00:00, run_after=2025-05-14 00:00:00+00:00
[2025-05-14T19:04:10.730+0000] {processor.py:208} INFO - Processing /home/airflow/.local/lib/python3.12/site-packages/airflow/example_dags/example_inlet_event_extra.py took 0.671 seconds
[2025-05-14T19:04:41.492+0000] {processor.py:186} INFO - Started process (PID=248) to work on /home/airflow/.local/lib/python3.12/site-packages/airflow/example_dags/example_inlet_event_extra.py
[2025-05-14T19:04:41.493+0000] {processor.py:914} INFO - Processing file /home/airflow/.local/lib/python3.12/site-packages/airflow/example_dags/example_inlet_event_extra.py for tasks to queue
[2025-05-14T19:04:41.495+0000] {logging_mixin.py:190} INFO - [2025-05-14T19:04:41.495+0000] {dagbag.py:588} INFO - Filling up the DagBag from /home/airflow/.local/lib/python3.12/site-packages/airflow/example_dags/example_inlet_event_extra.py
[2025-05-14T19:04:41.956+0000] {processor.py:925} INFO - DAG(s) 'read_dataset_event_from_classic', 'read_dataset_event' retrieved from /home/airflow/.local/lib/python3.12/site-packages/airflow/example_dags/example_inlet_event_extra.py
[2025-05-14T19:04:41.976+0000] {logging_mixin.py:190} INFO - [2025-05-14T19:04:41.976+0000] {dag.py:3239} INFO - Sync 2 DAGs
[2025-05-14T19:04:41.995+0000] {logging_mixin.py:190} INFO - [2025-05-14T19:04:41.995+0000] {dag.py:4180} INFO - Setting next_dagrun for read_dataset_event to 2025-05-13 00:00:00+00:00, run_after=2025-05-14 00:00:00+00:00
[2025-05-14T19:04:41.998+0000] {logging_mixin.py:190} INFO - [2025-05-14T19:04:41.998+0000] {dag.py:4180} INFO - Setting next_dagrun for read_dataset_event_from_classic to 2025-05-13 00:00:00+00:00, run_after=2025-05-14 00:00:00+00:00
[2025-05-14T19:04:42.047+0000] {processor.py:208} INFO - Processing /home/airflow/.local/lib/python3.12/site-packages/airflow/example_dags/example_inlet_event_extra.py took 0.559 seconds
