[2025-05-14T19:03:26.732+0000] {processor.py:186} INFO - Started process (PID=87) to work on /home/airflow/.local/lib/python3.12/site-packages/airflow/example_dags/example_branch_operator.py
[2025-05-14T19:03:26.734+0000] {processor.py:914} INFO - Processing file /home/airflow/.local/lib/python3.12/site-packages/airflow/example_dags/example_branch_operator.py for tasks to queue
[2025-05-14T19:03:26.738+0000] {logging_mixin.py:190} INFO - [2025-05-14T19:03:26.737+0000] {dagbag.py:588} INFO - Filling up the DagBag from /home/airflow/.local/lib/python3.12/site-packages/airflow/example_dags/example_branch_operator.py
[2025-05-14T19:03:26.771+0000] {processor.py:925} INFO - DAG(s) 'example_branch_operator' retrieved from /home/airflow/.local/lib/python3.12/site-packages/airflow/example_dags/example_branch_operator.py
[2025-05-14T19:03:27.213+0000] {logging_mixin.py:190} INFO - [2025-05-14T19:03:27.211+0000] {dag.py:3239} INFO - Sync 1 DAGs
[2025-05-14T19:03:27.356+0000] {logging_mixin.py:190} INFO - [2025-05-14T19:03:27.355+0000] {dag.py:4180} INFO - Setting next_dagrun for example_branch_operator to 2025-05-13 00:00:00+00:00, run_after=2025-05-14 00:00:00+00:00
[2025-05-14T19:03:27.482+0000] {processor.py:208} INFO - Processing /home/airflow/.local/lib/python3.12/site-packages/airflow/example_dags/example_branch_operator.py took 0.759 seconds
[2025-05-14T19:03:57.567+0000] {processor.py:186} INFO - Started process (PID=150) to work on /home/airflow/.local/lib/python3.12/site-packages/airflow/example_dags/example_branch_operator.py
[2025-05-14T19:03:57.569+0000] {processor.py:914} INFO - Processing file /home/airflow/.local/lib/python3.12/site-packages/airflow/example_dags/example_branch_operator.py for tasks to queue
[2025-05-14T19:03:57.572+0000] {logging_mixin.py:190} INFO - [2025-05-14T19:03:57.571+0000] {dagbag.py:588} INFO - Filling up the DagBag from /home/airflow/.local/lib/python3.12/site-packages/airflow/example_dags/example_branch_operator.py
[2025-05-14T19:03:57.593+0000] {processor.py:925} INFO - DAG(s) 'example_branch_operator' retrieved from /home/airflow/.local/lib/python3.12/site-packages/airflow/example_dags/example_branch_operator.py
[2025-05-14T19:03:57.622+0000] {logging_mixin.py:190} INFO - [2025-05-14T19:03:57.622+0000] {dag.py:3239} INFO - Sync 1 DAGs
[2025-05-14T19:03:57.645+0000] {logging_mixin.py:190} INFO - [2025-05-14T19:03:57.645+0000] {dag.py:4180} INFO - Setting next_dagrun for example_branch_operator to 2025-05-13 00:00:00+00:00, run_after=2025-05-14 00:00:00+00:00
[2025-05-14T19:03:57.665+0000] {processor.py:208} INFO - Processing /home/airflow/.local/lib/python3.12/site-packages/airflow/example_dags/example_branch_operator.py took 0.106 seconds
[2025-05-14T19:04:27.945+0000] {processor.py:186} INFO - Started process (PID=214) to work on /home/airflow/.local/lib/python3.12/site-packages/airflow/example_dags/example_branch_operator.py
[2025-05-14T19:04:27.946+0000] {processor.py:914} INFO - Processing file /home/airflow/.local/lib/python3.12/site-packages/airflow/example_dags/example_branch_operator.py for tasks to queue
[2025-05-14T19:04:27.949+0000] {logging_mixin.py:190} INFO - [2025-05-14T19:04:27.949+0000] {dagbag.py:588} INFO - Filling up the DagBag from /home/airflow/.local/lib/python3.12/site-packages/airflow/example_dags/example_branch_operator.py
[2025-05-14T19:04:27.970+0000] {processor.py:925} INFO - DAG(s) 'example_branch_operator' retrieved from /home/airflow/.local/lib/python3.12/site-packages/airflow/example_dags/example_branch_operator.py
[2025-05-14T19:04:28.005+0000] {logging_mixin.py:190} INFO - [2025-05-14T19:04:28.005+0000] {dag.py:3239} INFO - Sync 1 DAGs
[2025-05-14T19:04:28.033+0000] {logging_mixin.py:190} INFO - [2025-05-14T19:04:28.033+0000] {dag.py:4180} INFO - Setting next_dagrun for example_branch_operator to 2025-05-13 00:00:00+00:00, run_after=2025-05-14 00:00:00+00:00
[2025-05-14T19:04:28.065+0000] {processor.py:208} INFO - Processing /home/airflow/.local/lib/python3.12/site-packages/airflow/example_dags/example_branch_operator.py took 0.128 seconds
[2025-05-14T19:04:59.107+0000] {processor.py:186} INFO - Started process (PID=278) to work on /home/airflow/.local/lib/python3.12/site-packages/airflow/example_dags/example_branch_operator.py
[2025-05-14T19:04:59.109+0000] {processor.py:914} INFO - Processing file /home/airflow/.local/lib/python3.12/site-packages/airflow/example_dags/example_branch_operator.py for tasks to queue
[2025-05-14T19:04:59.114+0000] {logging_mixin.py:190} INFO - [2025-05-14T19:04:59.113+0000] {dagbag.py:588} INFO - Filling up the DagBag from /home/airflow/.local/lib/python3.12/site-packages/airflow/example_dags/example_branch_operator.py
[2025-05-14T19:04:59.154+0000] {processor.py:925} INFO - DAG(s) 'example_branch_operator' retrieved from /home/airflow/.local/lib/python3.12/site-packages/airflow/example_dags/example_branch_operator.py
[2025-05-14T19:04:59.223+0000] {logging_mixin.py:190} INFO - [2025-05-14T19:04:59.222+0000] {dag.py:3239} INFO - Sync 1 DAGs
[2025-05-14T19:04:59.261+0000] {logging_mixin.py:190} INFO - [2025-05-14T19:04:59.261+0000] {dag.py:4180} INFO - Setting next_dagrun for example_branch_operator to 2025-05-13 00:00:00+00:00, run_after=2025-05-14 00:00:00+00:00
[2025-05-14T19:04:59.325+0000] {processor.py:208} INFO - Processing /home/airflow/.local/lib/python3.12/site-packages/airflow/example_dags/example_branch_operator.py took 0.233 seconds
