[2025-05-14T19:03:34.584+0000] {processor.py:186} INFO - Started process (PID=107) to work on /home/airflow/.local/lib/python3.12/site-packages/airflow/example_dags/example_dataset_alias.py
[2025-05-14T19:03:34.588+0000] {processor.py:914} INFO - Processing file /home/airflow/.local/lib/python3.12/site-packages/airflow/example_dags/example_dataset_alias.py for tasks to queue
[2025-05-14T19:03:34.597+0000] {logging_mixin.py:190} INFO - [2025-05-14T19:03:34.596+0000] {dagbag.py:588} INFO - Filling up the DagBag from /home/airflow/.local/lib/python3.12/site-packages/airflow/example_dags/example_dataset_alias.py
[2025-05-14T19:03:36.694+0000] {processor.py:925} INFO - DAG(s) 'dataset_alias_example_alias_producer', 'dataset_s3_bucket_producer', 'dataset_alias_example_alias_consumer', 'dataset_s3_bucket_consumer' retrieved from /home/airflow/.local/lib/python3.12/site-packages/airflow/example_dags/example_dataset_alias.py
[2025-05-14T19:03:36.747+0000] {logging_mixin.py:190} INFO - [2025-05-14T19:03:36.746+0000] {dag.py:3239} INFO - Sync 4 DAGs
[2025-05-14T19:03:36.798+0000] {logging_mixin.py:190} INFO - [2025-05-14T19:03:36.798+0000] {dag.py:4180} INFO - Setting next_dagrun for dataset_alias_example_alias_consumer to None, run_after=None
[2025-05-14T19:03:36.804+0000] {logging_mixin.py:190} INFO - [2025-05-14T19:03:36.803+0000] {dag.py:4180} INFO - Setting next_dagrun for dataset_alias_example_alias_producer to None, run_after=None
[2025-05-14T19:03:36.806+0000] {logging_mixin.py:190} INFO - [2025-05-14T19:03:36.806+0000] {dag.py:4180} INFO - Setting next_dagrun for dataset_s3_bucket_consumer to None, run_after=None
[2025-05-14T19:03:36.809+0000] {logging_mixin.py:190} INFO - [2025-05-14T19:03:36.809+0000] {dag.py:4180} INFO - Setting next_dagrun for dataset_s3_bucket_producer to None, run_after=None
[2025-05-14T19:03:36.860+0000] {processor.py:208} INFO - Processing /home/airflow/.local/lib/python3.12/site-packages/airflow/example_dags/example_dataset_alias.py took 2.305 seconds
[2025-05-14T19:04:07.250+0000] {processor.py:186} INFO - Started process (PID=171) to work on /home/airflow/.local/lib/python3.12/site-packages/airflow/example_dags/example_dataset_alias.py
[2025-05-14T19:04:07.252+0000] {processor.py:914} INFO - Processing file /home/airflow/.local/lib/python3.12/site-packages/airflow/example_dags/example_dataset_alias.py for tasks to queue
[2025-05-14T19:04:07.256+0000] {logging_mixin.py:190} INFO - [2025-05-14T19:04:07.255+0000] {dagbag.py:588} INFO - Filling up the DagBag from /home/airflow/.local/lib/python3.12/site-packages/airflow/example_dags/example_dataset_alias.py
[2025-05-14T19:04:07.911+0000] {processor.py:925} INFO - DAG(s) 'dataset_s3_bucket_consumer', 'dataset_s3_bucket_producer', 'dataset_alias_example_alias_producer', 'dataset_alias_example_alias_consumer' retrieved from /home/airflow/.local/lib/python3.12/site-packages/airflow/example_dags/example_dataset_alias.py
[2025-05-14T19:04:07.934+0000] {logging_mixin.py:190} INFO - [2025-05-14T19:04:07.933+0000] {dag.py:3239} INFO - Sync 4 DAGs
[2025-05-14T19:04:07.961+0000] {logging_mixin.py:190} INFO - [2025-05-14T19:04:07.960+0000] {dag.py:4180} INFO - Setting next_dagrun for dataset_alias_example_alias_consumer to None, run_after=None
[2025-05-14T19:04:07.964+0000] {logging_mixin.py:190} INFO - [2025-05-14T19:04:07.964+0000] {dag.py:4180} INFO - Setting next_dagrun for dataset_alias_example_alias_producer to None, run_after=None
[2025-05-14T19:04:07.966+0000] {logging_mixin.py:190} INFO - [2025-05-14T19:04:07.966+0000] {dag.py:4180} INFO - Setting next_dagrun for dataset_s3_bucket_consumer to None, run_after=None
[2025-05-14T19:04:07.968+0000] {logging_mixin.py:190} INFO - [2025-05-14T19:04:07.968+0000] {dag.py:4180} INFO - Setting next_dagrun for dataset_s3_bucket_producer to None, run_after=None
[2025-05-14T19:04:08.029+0000] {processor.py:208} INFO - Processing /home/airflow/.local/lib/python3.12/site-packages/airflow/example_dags/example_dataset_alias.py took 0.788 seconds
[2025-05-14T19:04:38.168+0000] {processor.py:186} INFO - Started process (PID=235) to work on /home/airflow/.local/lib/python3.12/site-packages/airflow/example_dags/example_dataset_alias.py
[2025-05-14T19:04:38.170+0000] {processor.py:914} INFO - Processing file /home/airflow/.local/lib/python3.12/site-packages/airflow/example_dags/example_dataset_alias.py for tasks to queue
[2025-05-14T19:04:38.173+0000] {logging_mixin.py:190} INFO - [2025-05-14T19:04:38.173+0000] {dagbag.py:588} INFO - Filling up the DagBag from /home/airflow/.local/lib/python3.12/site-packages/airflow/example_dags/example_dataset_alias.py
[2025-05-14T19:04:38.761+0000] {processor.py:925} INFO - DAG(s) 'dataset_alias_example_alias_consumer', 'dataset_s3_bucket_consumer', 'dataset_s3_bucket_producer', 'dataset_alias_example_alias_producer' retrieved from /home/airflow/.local/lib/python3.12/site-packages/airflow/example_dags/example_dataset_alias.py
[2025-05-14T19:04:38.784+0000] {logging_mixin.py:190} INFO - [2025-05-14T19:04:38.783+0000] {dag.py:3239} INFO - Sync 4 DAGs
[2025-05-14T19:04:38.808+0000] {logging_mixin.py:190} INFO - [2025-05-14T19:04:38.808+0000] {dag.py:4180} INFO - Setting next_dagrun for dataset_alias_example_alias_consumer to None, run_after=None
[2025-05-14T19:04:38.811+0000] {logging_mixin.py:190} INFO - [2025-05-14T19:04:38.811+0000] {dag.py:4180} INFO - Setting next_dagrun for dataset_alias_example_alias_producer to None, run_after=None
[2025-05-14T19:04:38.813+0000] {logging_mixin.py:190} INFO - [2025-05-14T19:04:38.813+0000] {dag.py:4180} INFO - Setting next_dagrun for dataset_s3_bucket_consumer to None, run_after=None
[2025-05-14T19:04:38.815+0000] {logging_mixin.py:190} INFO - [2025-05-14T19:04:38.815+0000] {dag.py:4180} INFO - Setting next_dagrun for dataset_s3_bucket_producer to None, run_after=None
[2025-05-14T19:04:38.835+0000] {processor.py:208} INFO - Processing /home/airflow/.local/lib/python3.12/site-packages/airflow/example_dags/example_dataset_alias.py took 0.674 seconds
