[2025-05-14T19:03:28.547+0000] {processor.py:186} INFO - Started process (PID=89) to work on /home/airflow/.local/lib/python3.12/site-packages/airflow/example_dags/example_task_group.py
[2025-05-14T19:03:28.550+0000] {processor.py:914} INFO - Processing file /home/airflow/.local/lib/python3.12/site-packages/airflow/example_dags/example_task_group.py for tasks to queue
[2025-05-14T19:03:28.557+0000] {logging_mixin.py:190} INFO - [2025-05-14T19:03:28.556+0000] {dagbag.py:588} INFO - Filling up the DagBag from /home/airflow/.local/lib/python3.12/site-packages/airflow/example_dags/example_task_group.py
[2025-05-14T19:03:28.588+0000] {processor.py:925} INFO - DAG(s) 'example_task_group' retrieved from /home/airflow/.local/lib/python3.12/site-packages/airflow/example_dags/example_task_group.py
[2025-05-14T19:03:28.688+0000] {logging_mixin.py:190} INFO - [2025-05-14T19:03:28.687+0000] {dag.py:3239} INFO - Sync 1 DAGs
[2025-05-14T19:03:28.752+0000] {logging_mixin.py:190} INFO - [2025-05-14T19:03:28.751+0000] {dag.py:4180} INFO - Setting next_dagrun for example_task_group to None, run_after=None
[2025-05-14T19:03:28.844+0000] {processor.py:208} INFO - Processing /home/airflow/.local/lib/python3.12/site-packages/airflow/example_dags/example_task_group.py took 0.314 seconds
[2025-05-14T19:03:59.576+0000] {processor.py:186} INFO - Started process (PID=153) to work on /home/airflow/.local/lib/python3.12/site-packages/airflow/example_dags/example_task_group.py
[2025-05-14T19:03:59.577+0000] {processor.py:914} INFO - Processing file /home/airflow/.local/lib/python3.12/site-packages/airflow/example_dags/example_task_group.py for tasks to queue
[2025-05-14T19:03:59.579+0000] {logging_mixin.py:190} INFO - [2025-05-14T19:03:59.579+0000] {dagbag.py:588} INFO - Filling up the DagBag from /home/airflow/.local/lib/python3.12/site-packages/airflow/example_dags/example_task_group.py
[2025-05-14T19:03:59.588+0000] {processor.py:925} INFO - DAG(s) 'example_task_group' retrieved from /home/airflow/.local/lib/python3.12/site-packages/airflow/example_dags/example_task_group.py
[2025-05-14T19:03:59.621+0000] {logging_mixin.py:190} INFO - [2025-05-14T19:03:59.621+0000] {dag.py:3239} INFO - Sync 1 DAGs
[2025-05-14T19:03:59.642+0000] {logging_mixin.py:190} INFO - [2025-05-14T19:03:59.642+0000] {dag.py:4180} INFO - Setting next_dagrun for example_task_group to None, run_after=None
[2025-05-14T19:03:59.701+0000] {processor.py:208} INFO - Processing /home/airflow/.local/lib/python3.12/site-packages/airflow/example_dags/example_task_group.py took 0.132 seconds
[2025-05-14T19:04:30.017+0000] {processor.py:186} INFO - Started process (PID=216) to work on /home/airflow/.local/lib/python3.12/site-packages/airflow/example_dags/example_task_group.py
[2025-05-14T19:04:30.018+0000] {processor.py:914} INFO - Processing file /home/airflow/.local/lib/python3.12/site-packages/airflow/example_dags/example_task_group.py for tasks to queue
[2025-05-14T19:04:30.021+0000] {logging_mixin.py:190} INFO - [2025-05-14T19:04:30.021+0000] {dagbag.py:588} INFO - Filling up the DagBag from /home/airflow/.local/lib/python3.12/site-packages/airflow/example_dags/example_task_group.py
[2025-05-14T19:04:30.029+0000] {processor.py:925} INFO - DAG(s) 'example_task_group' retrieved from /home/airflow/.local/lib/python3.12/site-packages/airflow/example_dags/example_task_group.py
[2025-05-14T19:04:30.051+0000] {logging_mixin.py:190} INFO - [2025-05-14T19:04:30.051+0000] {dag.py:3239} INFO - Sync 1 DAGs
[2025-05-14T19:04:30.068+0000] {logging_mixin.py:190} INFO - [2025-05-14T19:04:30.068+0000] {dag.py:4180} INFO - Setting next_dagrun for example_task_group to None, run_after=None
[2025-05-14T19:04:30.121+0000] {processor.py:208} INFO - Processing /home/airflow/.local/lib/python3.12/site-packages/airflow/example_dags/example_task_group.py took 0.112 seconds
[2025-05-14T19:05:00.444+0000] {processor.py:186} INFO - Started process (PID=280) to work on /home/airflow/.local/lib/python3.12/site-packages/airflow/example_dags/example_task_group.py
[2025-05-14T19:05:00.447+0000] {processor.py:914} INFO - Processing file /home/airflow/.local/lib/python3.12/site-packages/airflow/example_dags/example_task_group.py for tasks to queue
[2025-05-14T19:05:00.454+0000] {logging_mixin.py:190} INFO - [2025-05-14T19:05:00.453+0000] {dagbag.py:588} INFO - Filling up the DagBag from /home/airflow/.local/lib/python3.12/site-packages/airflow/example_dags/example_task_group.py
[2025-05-14T19:05:00.477+0000] {processor.py:925} INFO - DAG(s) 'example_task_group' retrieved from /home/airflow/.local/lib/python3.12/site-packages/airflow/example_dags/example_task_group.py
[2025-05-14T19:05:00.521+0000] {logging_mixin.py:190} INFO - [2025-05-14T19:05:00.520+0000] {dag.py:3239} INFO - Sync 1 DAGs
[2025-05-14T19:05:00.550+0000] {logging_mixin.py:190} INFO - [2025-05-14T19:05:00.549+0000] {dag.py:4180} INFO - Setting next_dagrun for example_task_group to None, run_after=None
[2025-05-14T19:05:00.620+0000] {processor.py:208} INFO - Processing /home/airflow/.local/lib/python3.12/site-packages/airflow/example_dags/example_task_group.py took 0.193 seconds
