[2025-05-14T19:03:23.991+0000] {processor.py:186} INFO - Started process (PID=59) to work on /home/airflow/.local/lib/python3.12/site-packages/airflow/example_dags/tutorial.py
[2025-05-14T19:03:23.993+0000] {processor.py:914} INFO - Processing file /home/airflow/.local/lib/python3.12/site-packages/airflow/example_dags/tutorial.py for tasks to queue
[2025-05-14T19:03:23.997+0000] {logging_mixin.py:190} INFO - [2025-05-14T19:03:23.996+0000] {dagbag.py:588} INFO - Filling up the DagBag from /home/airflow/.local/lib/python3.12/site-packages/airflow/example_dags/tutorial.py
[2025-05-14T19:03:24.014+0000] {processor.py:925} INFO - DAG(s) 'tutorial' retrieved from /home/airflow/.local/lib/python3.12/site-packages/airflow/example_dags/tutorial.py
[2025-05-14T19:03:24.050+0000] {logging_mixin.py:190} INFO - [2025-05-14T19:03:24.050+0000] {dag.py:3239} INFO - Sync 1 DAGs
[2025-05-14T19:03:24.091+0000] {logging_mixin.py:190} INFO - [2025-05-14T19:03:24.090+0000] {dag.py:4180} INFO - Setting next_dagrun for tutorial to 2025-05-13 00:00:00+00:00, run_after=2025-05-14 00:00:00+00:00
[2025-05-14T19:03:24.127+0000] {processor.py:208} INFO - Processing /home/airflow/.local/lib/python3.12/site-packages/airflow/example_dags/tutorial.py took 0.145 seconds
[2025-05-14T19:03:54.329+0000] {processor.py:186} INFO - Started process (PID=129) to work on /home/airflow/.local/lib/python3.12/site-packages/airflow/example_dags/tutorial.py
[2025-05-14T19:03:54.330+0000] {processor.py:914} INFO - Processing file /home/airflow/.local/lib/python3.12/site-packages/airflow/example_dags/tutorial.py for tasks to queue
[2025-05-14T19:03:54.333+0000] {logging_mixin.py:190} INFO - [2025-05-14T19:03:54.332+0000] {dagbag.py:588} INFO - Filling up the DagBag from /home/airflow/.local/lib/python3.12/site-packages/airflow/example_dags/tutorial.py
[2025-05-14T19:03:54.343+0000] {processor.py:925} INFO - DAG(s) 'tutorial' retrieved from /home/airflow/.local/lib/python3.12/site-packages/airflow/example_dags/tutorial.py
[2025-05-14T19:03:54.364+0000] {logging_mixin.py:190} INFO - [2025-05-14T19:03:54.364+0000] {dag.py:3239} INFO - Sync 1 DAGs
[2025-05-14T19:03:54.389+0000] {logging_mixin.py:190} INFO - [2025-05-14T19:03:54.389+0000] {dag.py:4180} INFO - Setting next_dagrun for tutorial to 2025-05-13 00:00:00+00:00, run_after=2025-05-14 00:00:00+00:00
[2025-05-14T19:03:54.414+0000] {processor.py:208} INFO - Processing /home/airflow/.local/lib/python3.12/site-packages/airflow/example_dags/tutorial.py took 0.092 seconds
[2025-05-14T19:04:25.185+0000] {processor.py:186} INFO - Started process (PID=193) to work on /home/airflow/.local/lib/python3.12/site-packages/airflow/example_dags/tutorial.py
[2025-05-14T19:04:25.186+0000] {processor.py:914} INFO - Processing file /home/airflow/.local/lib/python3.12/site-packages/airflow/example_dags/tutorial.py for tasks to queue
[2025-05-14T19:04:25.190+0000] {logging_mixin.py:190} INFO - [2025-05-14T19:04:25.189+0000] {dagbag.py:588} INFO - Filling up the DagBag from /home/airflow/.local/lib/python3.12/site-packages/airflow/example_dags/tutorial.py
[2025-05-14T19:04:25.200+0000] {processor.py:925} INFO - DAG(s) 'tutorial' retrieved from /home/airflow/.local/lib/python3.12/site-packages/airflow/example_dags/tutorial.py
[2025-05-14T19:04:25.230+0000] {logging_mixin.py:190} INFO - [2025-05-14T19:04:25.230+0000] {dag.py:3239} INFO - Sync 1 DAGs
[2025-05-14T19:04:25.268+0000] {logging_mixin.py:190} INFO - [2025-05-14T19:04:25.267+0000] {dag.py:4180} INFO - Setting next_dagrun for tutorial to 2025-05-13 00:00:00+00:00, run_after=2025-05-14 00:00:00+00:00
[2025-05-14T19:04:25.302+0000] {processor.py:208} INFO - Processing /home/airflow/.local/lib/python3.12/site-packages/airflow/example_dags/tutorial.py took 0.126 seconds
[2025-05-14T19:04:55.466+0000] {processor.py:186} INFO - Started process (PID=257) to work on /home/airflow/.local/lib/python3.12/site-packages/airflow/example_dags/tutorial.py
[2025-05-14T19:04:55.467+0000] {processor.py:914} INFO - Processing file /home/airflow/.local/lib/python3.12/site-packages/airflow/example_dags/tutorial.py for tasks to queue
[2025-05-14T19:04:55.470+0000] {logging_mixin.py:190} INFO - [2025-05-14T19:04:55.470+0000] {dagbag.py:588} INFO - Filling up the DagBag from /home/airflow/.local/lib/python3.12/site-packages/airflow/example_dags/tutorial.py
[2025-05-14T19:04:55.483+0000] {processor.py:925} INFO - DAG(s) 'tutorial' retrieved from /home/airflow/.local/lib/python3.12/site-packages/airflow/example_dags/tutorial.py
[2025-05-14T19:04:55.510+0000] {logging_mixin.py:190} INFO - [2025-05-14T19:04:55.510+0000] {dag.py:3239} INFO - Sync 1 DAGs
[2025-05-14T19:04:55.550+0000] {logging_mixin.py:190} INFO - [2025-05-14T19:04:55.549+0000] {dag.py:4180} INFO - Setting next_dagrun for tutorial to 2025-05-13 00:00:00+00:00, run_after=2025-05-14 00:00:00+00:00
[2025-05-14T19:04:55.583+0000] {processor.py:208} INFO - Processing /home/airflow/.local/lib/python3.12/site-packages/airflow/example_dags/tutorial.py took 0.127 seconds
