[2025-05-14T19:03:31.768+0000] {processor.py:186} INFO - Started process (PID=96) to work on /home/airflow/.local/lib/python3.12/site-packages/airflow/example_dags/tutorial_taskflow_api.py
[2025-05-14T19:03:31.773+0000] {processor.py:914} INFO - Processing file /home/airflow/.local/lib/python3.12/site-packages/airflow/example_dags/tutorial_taskflow_api.py for tasks to queue
[2025-05-14T19:03:31.783+0000] {logging_mixin.py:190} INFO - [2025-05-14T19:03:31.782+0000] {dagbag.py:588} INFO - Filling up the DagBag from /home/airflow/.local/lib/python3.12/site-packages/airflow/example_dags/tutorial_taskflow_api.py
[2025-05-14T19:03:31.832+0000] {processor.py:925} INFO - DAG(s) 'tutorial_taskflow_api' retrieved from /home/airflow/.local/lib/python3.12/site-packages/airflow/example_dags/tutorial_taskflow_api.py
[2025-05-14T19:03:31.954+0000] {logging_mixin.py:190} INFO - [2025-05-14T19:03:31.954+0000] {dag.py:3239} INFO - Sync 1 DAGs
[2025-05-14T19:03:32.015+0000] {logging_mixin.py:190} INFO - [2025-05-14T19:03:32.015+0000] {dag.py:4180} INFO - Setting next_dagrun for tutorial_taskflow_api to None, run_after=None
[2025-05-14T19:03:32.098+0000] {processor.py:208} INFO - Processing /home/airflow/.local/lib/python3.12/site-packages/airflow/example_dags/tutorial_taskflow_api.py took 0.358 seconds
[2025-05-14T19:04:02.614+0000] {processor.py:186} INFO - Started process (PID=160) to work on /home/airflow/.local/lib/python3.12/site-packages/airflow/example_dags/tutorial_taskflow_api.py
[2025-05-14T19:04:02.615+0000] {processor.py:914} INFO - Processing file /home/airflow/.local/lib/python3.12/site-packages/airflow/example_dags/tutorial_taskflow_api.py for tasks to queue
[2025-05-14T19:04:02.617+0000] {logging_mixin.py:190} INFO - [2025-05-14T19:04:02.617+0000] {dagbag.py:588} INFO - Filling up the DagBag from /home/airflow/.local/lib/python3.12/site-packages/airflow/example_dags/tutorial_taskflow_api.py
[2025-05-14T19:04:02.626+0000] {processor.py:925} INFO - DAG(s) 'tutorial_taskflow_api' retrieved from /home/airflow/.local/lib/python3.12/site-packages/airflow/example_dags/tutorial_taskflow_api.py
[2025-05-14T19:04:02.648+0000] {logging_mixin.py:190} INFO - [2025-05-14T19:04:02.647+0000] {dag.py:3239} INFO - Sync 1 DAGs
[2025-05-14T19:04:02.664+0000] {logging_mixin.py:190} INFO - [2025-05-14T19:04:02.664+0000] {dag.py:4180} INFO - Setting next_dagrun for tutorial_taskflow_api to None, run_after=None
[2025-05-14T19:04:02.692+0000] {processor.py:208} INFO - Processing /home/airflow/.local/lib/python3.12/site-packages/airflow/example_dags/tutorial_taskflow_api.py took 0.084 seconds
[2025-05-14T19:04:32.797+0000] {processor.py:186} INFO - Started process (PID=223) to work on /home/airflow/.local/lib/python3.12/site-packages/airflow/example_dags/tutorial_taskflow_api.py
[2025-05-14T19:04:32.798+0000] {processor.py:914} INFO - Processing file /home/airflow/.local/lib/python3.12/site-packages/airflow/example_dags/tutorial_taskflow_api.py for tasks to queue
[2025-05-14T19:04:32.801+0000] {logging_mixin.py:190} INFO - [2025-05-14T19:04:32.800+0000] {dagbag.py:588} INFO - Filling up the DagBag from /home/airflow/.local/lib/python3.12/site-packages/airflow/example_dags/tutorial_taskflow_api.py
[2025-05-14T19:04:32.811+0000] {processor.py:925} INFO - DAG(s) 'tutorial_taskflow_api' retrieved from /home/airflow/.local/lib/python3.12/site-packages/airflow/example_dags/tutorial_taskflow_api.py
[2025-05-14T19:04:32.834+0000] {logging_mixin.py:190} INFO - [2025-05-14T19:04:32.834+0000] {dag.py:3239} INFO - Sync 1 DAGs
[2025-05-14T19:04:32.849+0000] {logging_mixin.py:190} INFO - [2025-05-14T19:04:32.849+0000] {dag.py:4180} INFO - Setting next_dagrun for tutorial_taskflow_api to None, run_after=None
[2025-05-14T19:04:32.869+0000] {processor.py:208} INFO - Processing /home/airflow/.local/lib/python3.12/site-packages/airflow/example_dags/tutorial_taskflow_api.py took 0.078 seconds
[2025-05-14T19:05:03.489+0000] {processor.py:186} INFO - Started process (PID=287) to work on /home/airflow/.local/lib/python3.12/site-packages/airflow/example_dags/tutorial_taskflow_api.py
[2025-05-14T19:05:03.491+0000] {processor.py:914} INFO - Processing file /home/airflow/.local/lib/python3.12/site-packages/airflow/example_dags/tutorial_taskflow_api.py for tasks to queue
[2025-05-14T19:05:03.495+0000] {logging_mixin.py:190} INFO - [2025-05-14T19:05:03.494+0000] {dagbag.py:588} INFO - Filling up the DagBag from /home/airflow/.local/lib/python3.12/site-packages/airflow/example_dags/tutorial_taskflow_api.py
[2025-05-14T19:05:03.508+0000] {processor.py:925} INFO - DAG(s) 'tutorial_taskflow_api' retrieved from /home/airflow/.local/lib/python3.12/site-packages/airflow/example_dags/tutorial_taskflow_api.py
[2025-05-14T19:05:03.546+0000] {logging_mixin.py:190} INFO - [2025-05-14T19:05:03.546+0000] {dag.py:3239} INFO - Sync 1 DAGs
[2025-05-14T19:05:03.566+0000] {logging_mixin.py:190} INFO - [2025-05-14T19:05:03.566+0000] {dag.py:4180} INFO - Setting next_dagrun for tutorial_taskflow_api to None, run_after=None
[2025-05-14T19:05:03.592+0000] {processor.py:208} INFO - Processing /home/airflow/.local/lib/python3.12/site-packages/airflow/example_dags/tutorial_taskflow_api.py took 0.114 seconds
