[2025-05-14T19:03:26.052+0000] {processor.py:186} INFO - Started process (PID=82) to work on /home/airflow/.local/lib/python3.12/site-packages/airflow/example_dags/tutorial_taskflow_templates.py
[2025-05-14T19:03:26.053+0000] {processor.py:914} INFO - Processing file /home/airflow/.local/lib/python3.12/site-packages/airflow/example_dags/tutorial_taskflow_templates.py for tasks to queue
[2025-05-14T19:03:26.057+0000] {logging_mixin.py:190} INFO - [2025-05-14T19:03:26.057+0000] {dagbag.py:588} INFO - Filling up the DagBag from /home/airflow/.local/lib/python3.12/site-packages/airflow/example_dags/tutorial_taskflow_templates.py
[2025-05-14T19:03:26.082+0000] {processor.py:925} INFO - DAG(s) 'tutorial_taskflow_templates' retrieved from /home/airflow/.local/lib/python3.12/site-packages/airflow/example_dags/tutorial_taskflow_templates.py
[2025-05-14T19:03:26.126+0000] {logging_mixin.py:190} INFO - [2025-05-14T19:03:26.126+0000] {dag.py:3239} INFO - Sync 1 DAGs
[2025-05-14T19:03:26.164+0000] {logging_mixin.py:190} INFO - [2025-05-14T19:03:26.164+0000] {dag.py:4180} INFO - Setting next_dagrun for tutorial_taskflow_templates to 2025-05-13 00:00:00+00:00, run_after=2025-05-14 00:00:00+00:00
[2025-05-14T19:03:26.190+0000] {processor.py:208} INFO - Processing /home/airflow/.local/lib/python3.12/site-packages/airflow/example_dags/tutorial_taskflow_templates.py took 0.148 seconds
[2025-05-14T19:03:57.098+0000] {processor.py:186} INFO - Started process (PID=146) to work on /home/airflow/.local/lib/python3.12/site-packages/airflow/example_dags/tutorial_taskflow_templates.py
[2025-05-14T19:03:57.099+0000] {processor.py:914} INFO - Processing file /home/airflow/.local/lib/python3.12/site-packages/airflow/example_dags/tutorial_taskflow_templates.py for tasks to queue
[2025-05-14T19:03:57.102+0000] {logging_mixin.py:190} INFO - [2025-05-14T19:03:57.102+0000] {dagbag.py:588} INFO - Filling up the DagBag from /home/airflow/.local/lib/python3.12/site-packages/airflow/example_dags/tutorial_taskflow_templates.py
[2025-05-14T19:03:57.120+0000] {processor.py:925} INFO - DAG(s) 'tutorial_taskflow_templates' retrieved from /home/airflow/.local/lib/python3.12/site-packages/airflow/example_dags/tutorial_taskflow_templates.py
[2025-05-14T19:03:57.144+0000] {logging_mixin.py:190} INFO - [2025-05-14T19:03:57.144+0000] {dag.py:3239} INFO - Sync 1 DAGs
[2025-05-14T19:03:57.172+0000] {logging_mixin.py:190} INFO - [2025-05-14T19:03:57.172+0000] {dag.py:4180} INFO - Setting next_dagrun for tutorial_taskflow_templates to 2025-05-13 00:00:00+00:00, run_after=2025-05-14 00:00:00+00:00
[2025-05-14T19:03:57.197+0000] {processor.py:208} INFO - Processing /home/airflow/.local/lib/python3.12/site-packages/airflow/example_dags/tutorial_taskflow_templates.py took 0.106 seconds
[2025-05-14T19:04:27.486+0000] {processor.py:186} INFO - Started process (PID=210) to work on /home/airflow/.local/lib/python3.12/site-packages/airflow/example_dags/tutorial_taskflow_templates.py
[2025-05-14T19:04:27.488+0000] {processor.py:914} INFO - Processing file /home/airflow/.local/lib/python3.12/site-packages/airflow/example_dags/tutorial_taskflow_templates.py for tasks to queue
[2025-05-14T19:04:27.491+0000] {logging_mixin.py:190} INFO - [2025-05-14T19:04:27.491+0000] {dagbag.py:588} INFO - Filling up the DagBag from /home/airflow/.local/lib/python3.12/site-packages/airflow/example_dags/tutorial_taskflow_templates.py
[2025-05-14T19:04:27.511+0000] {processor.py:925} INFO - DAG(s) 'tutorial_taskflow_templates' retrieved from /home/airflow/.local/lib/python3.12/site-packages/airflow/example_dags/tutorial_taskflow_templates.py
[2025-05-14T19:04:27.545+0000] {logging_mixin.py:190} INFO - [2025-05-14T19:04:27.545+0000] {dag.py:3239} INFO - Sync 1 DAGs
[2025-05-14T19:04:27.581+0000] {logging_mixin.py:190} INFO - [2025-05-14T19:04:27.581+0000] {dag.py:4180} INFO - Setting next_dagrun for tutorial_taskflow_templates to 2025-05-13 00:00:00+00:00, run_after=2025-05-14 00:00:00+00:00
[2025-05-14T19:04:27.611+0000] {processor.py:208} INFO - Processing /home/airflow/.local/lib/python3.12/site-packages/airflow/example_dags/tutorial_taskflow_templates.py took 0.134 seconds
[2025-05-14T19:04:58.028+0000] {processor.py:186} INFO - Started process (PID=274) to work on /home/airflow/.local/lib/python3.12/site-packages/airflow/example_dags/tutorial_taskflow_templates.py
[2025-05-14T19:04:58.030+0000] {processor.py:914} INFO - Processing file /home/airflow/.local/lib/python3.12/site-packages/airflow/example_dags/tutorial_taskflow_templates.py for tasks to queue
[2025-05-14T19:04:58.034+0000] {logging_mixin.py:190} INFO - [2025-05-14T19:04:58.034+0000] {dagbag.py:588} INFO - Filling up the DagBag from /home/airflow/.local/lib/python3.12/site-packages/airflow/example_dags/tutorial_taskflow_templates.py
[2025-05-14T19:04:58.059+0000] {processor.py:925} INFO - DAG(s) 'tutorial_taskflow_templates' retrieved from /home/airflow/.local/lib/python3.12/site-packages/airflow/example_dags/tutorial_taskflow_templates.py
[2025-05-14T19:04:58.095+0000] {logging_mixin.py:190} INFO - [2025-05-14T19:04:58.095+0000] {dag.py:3239} INFO - Sync 1 DAGs
[2025-05-14T19:04:58.220+0000] {logging_mixin.py:190} INFO - [2025-05-14T19:04:58.219+0000] {dag.py:4180} INFO - Setting next_dagrun for tutorial_taskflow_templates to 2025-05-13 00:00:00+00:00, run_after=2025-05-14 00:00:00+00:00
[2025-05-14T19:04:58.349+0000] {processor.py:208} INFO - Processing /home/airflow/.local/lib/python3.12/site-packages/airflow/example_dags/tutorial_taskflow_templates.py took 0.329 seconds
