[2025-06-02T09:46:04.349+0000] {local_task_job_runner.py:123} INFO - ::group::Pre task execution logs
[2025-06-02T09:46:04.361+0000] {taskinstance.py:2613} INFO - Dependencies all met for dep_context=non-requeueable deps ti=<TaskInstance: csv_etl_pipeline.load_task scheduled__2025-06-02T09:45:00+00:00 [queued]>
[2025-06-02T09:46:04.368+0000] {taskinstance.py:2613} INFO - Dependencies all met for dep_context=requeueable deps ti=<TaskInstance: csv_etl_pipeline.load_task scheduled__2025-06-02T09:45:00+00:00 [queued]>
[2025-06-02T09:46:04.369+0000] {taskinstance.py:2866} INFO - Starting attempt 1 of 1
[2025-06-02T09:46:04.380+0000] {taskinstance.py:2889} INFO - Executing <Task(PythonOperator): load_task> on 2025-06-02 09:45:00+00:00
[2025-06-02T09:46:04.389+0000] {logging_mixin.py:190} WARNING - /home/***/.local/lib/python3.12/site-packages/***/task/task_runner/standard_task_runner.py:70 DeprecationWarning: This process (pid=1789) is multi-threaded, use of fork() may lead to deadlocks in the child.
[2025-06-02T09:46:04.390+0000] {standard_task_runner.py:72} INFO - Started process 1791 to run task
[2025-06-02T09:46:04.389+0000] {standard_task_runner.py:104} INFO - Running: ['***', 'tasks', 'run', 'csv_etl_pipeline', 'load_task', 'scheduled__2025-06-02T09:45:00+00:00', '--job-id', '309', '--raw', '--subdir', 'DAGS_FOLDER/JO_dag.py', '--cfg-path', '/tmp/tmpmyx4zuoy']
[2025-06-02T09:46:04.391+0000] {standard_task_runner.py:105} INFO - Job 309: Subtask load_task
[2025-06-02T09:46:04.428+0000] {task_command.py:467} INFO - Running <TaskInstance: csv_etl_pipeline.load_task scheduled__2025-06-02T09:45:00+00:00 [running]> on host 721229ec71e9
[2025-06-02T09:46:04.489+0000] {taskinstance.py:3132} INFO - Exporting env vars: AIRFLOW_CTX_DAG_OWNER='***' AIRFLOW_CTX_DAG_ID='csv_etl_pipeline' AIRFLOW_CTX_TASK_ID='load_task' AIRFLOW_CTX_EXECUTION_DATE='2025-06-02T09:45:00+00:00' AIRFLOW_CTX_TRY_NUMBER='1' AIRFLOW_CTX_DAG_RUN_ID='scheduled__2025-06-02T09:45:00+00:00'
[2025-06-02T09:46:04.490+0000] {taskinstance.py:731} INFO - ::endgroup::
[2025-06-02T09:46:04.878+0000] {logging_mixin.py:190} WARNING - /opt/***/dags/JO_dag.py:28 FutureWarning: Passing literal json to 'read_json' is deprecated and will be removed in a future version. To read from a literal string, wrap it in a 'StringIO' object.
[2025-06-02T09:46:05.693+0000] {logging_mixin.py:190} INFO - Aucune nouvelle ligne à insérer.
[2025-06-02T09:46:05.709+0000] {python.py:240} INFO - Done. Returned value was: None
[2025-06-02T09:46:05.717+0000] {taskinstance.py:340} INFO - ::group::Post task execution logs
[2025-06-02T09:46:05.717+0000] {taskinstance.py:352} INFO - Marking task as SUCCESS. dag_id=csv_etl_pipeline, task_id=load_task, run_id=scheduled__2025-06-02T09:45:00+00:00, execution_date=20250602T094500, start_date=20250602T094604, end_date=20250602T094605
[2025-06-02T09:46:05.742+0000] {local_task_job_runner.py:266} INFO - Task exited with return code 0
[2025-06-02T09:46:05.754+0000] {taskinstance.py:3895} INFO - 0 downstream tasks scheduled from follow-on schedule check
[2025-06-02T09:46:05.756+0000] {local_task_job_runner.py:245} INFO - ::endgroup::
