[2025-03-14T07:50:21.223+0000] {processor.py:186} INFO - Started process (PID=70) to work on /opt/airflow/dags/premier_dag.py
[2025-03-14T07:50:21.225+0000] {processor.py:914} INFO - Processing file /opt/airflow/dags/premier_dag.py for tasks to queue
[2025-03-14T07:50:21.229+0000] {logging_mixin.py:190} INFO - [2025-03-14T07:50:21.228+0000] {dagbag.py:588} INFO - Filling up the DagBag from /opt/airflow/dags/premier_dag.py
[2025-03-14T07:50:21.273+0000] {processor.py:925} INFO - DAG(s) 'premier_dag_test' retrieved from /opt/airflow/dags/premier_dag.py
[2025-03-14T07:50:21.324+0000] {logging_mixin.py:190} INFO - [2025-03-14T07:50:21.324+0000] {dag.py:3239} INFO - Sync 1 DAGs
[2025-03-14T07:50:21.361+0000] {logging_mixin.py:190} INFO - [2025-03-14T07:50:21.361+0000] {dag.py:4180} INFO - Setting next_dagrun for premier_dag_test to 2024-02-10 00:00:00+00:00, run_after=2024-02-11 00:00:00+00:00
[2025-03-14T07:50:21.392+0000] {processor.py:208} INFO - Processing /opt/airflow/dags/premier_dag.py took 0.179 seconds
[2025-03-14T07:50:52.099+0000] {processor.py:186} INFO - Started process (PID=133) to work on /opt/airflow/dags/premier_dag.py
[2025-03-14T07:50:52.100+0000] {processor.py:914} INFO - Processing file /opt/airflow/dags/premier_dag.py for tasks to queue
[2025-03-14T07:50:52.103+0000] {logging_mixin.py:190} INFO - [2025-03-14T07:50:52.103+0000] {dagbag.py:588} INFO - Filling up the DagBag from /opt/airflow/dags/premier_dag.py
[2025-03-14T07:50:52.134+0000] {processor.py:925} INFO - DAG(s) 'premier_dag_test' retrieved from /opt/airflow/dags/premier_dag.py
[2025-03-14T07:50:52.156+0000] {logging_mixin.py:190} INFO - [2025-03-14T07:50:52.156+0000] {dag.py:3239} INFO - Sync 1 DAGs
[2025-03-14T07:50:52.181+0000] {logging_mixin.py:190} INFO - [2025-03-14T07:50:52.180+0000] {dag.py:4180} INFO - Setting next_dagrun for premier_dag_test to 2024-02-10 00:00:00+00:00, run_after=2024-02-11 00:00:00+00:00
[2025-03-14T07:50:52.218+0000] {processor.py:208} INFO - Processing /opt/airflow/dags/premier_dag.py took 0.127 seconds
[2025-03-14T07:51:23.188+0000] {processor.py:186} INFO - Started process (PID=197) to work on /opt/airflow/dags/premier_dag.py
[2025-03-14T07:51:23.190+0000] {processor.py:914} INFO - Processing file /opt/airflow/dags/premier_dag.py for tasks to queue
[2025-03-14T07:51:23.195+0000] {logging_mixin.py:190} INFO - [2025-03-14T07:51:23.194+0000] {dagbag.py:588} INFO - Filling up the DagBag from /opt/airflow/dags/premier_dag.py
[2025-03-14T07:51:23.230+0000] {processor.py:925} INFO - DAG(s) 'premier_dag_test' retrieved from /opt/airflow/dags/premier_dag.py
[2025-03-14T07:51:23.260+0000] {logging_mixin.py:190} INFO - [2025-03-14T07:51:23.260+0000] {dag.py:3239} INFO - Sync 1 DAGs
[2025-03-14T07:51:23.290+0000] {logging_mixin.py:190} INFO - [2025-03-14T07:51:23.290+0000] {dag.py:4180} INFO - Setting next_dagrun for premier_dag_test to 2024-02-10 00:00:00+00:00, run_after=2024-02-11 00:00:00+00:00
[2025-03-14T07:51:23.324+0000] {processor.py:208} INFO - Processing /opt/airflow/dags/premier_dag.py took 0.145 seconds
[2025-03-14T07:51:53.968+0000] {processor.py:186} INFO - Started process (PID=267) to work on /opt/airflow/dags/premier_dag.py
[2025-03-14T07:51:53.970+0000] {processor.py:914} INFO - Processing file /opt/airflow/dags/premier_dag.py for tasks to queue
[2025-03-14T07:51:53.978+0000] {logging_mixin.py:190} INFO - [2025-03-14T07:51:53.977+0000] {dagbag.py:588} INFO - Filling up the DagBag from /opt/airflow/dags/premier_dag.py
[2025-03-14T07:51:54.003+0000] {processor.py:925} INFO - DAG(s) 'premier_dag_test' retrieved from /opt/airflow/dags/premier_dag.py
[2025-03-14T07:51:54.032+0000] {logging_mixin.py:190} INFO - [2025-03-14T07:51:54.032+0000] {dag.py:3239} INFO - Sync 1 DAGs
[2025-03-14T07:51:54.060+0000] {logging_mixin.py:190} INFO - [2025-03-14T07:51:54.060+0000] {dag.py:4180} INFO - Setting next_dagrun for premier_dag_test to 2024-02-10 00:00:00+00:00, run_after=2024-02-11 00:00:00+00:00
[2025-03-14T07:51:54.122+0000] {processor.py:208} INFO - Processing /opt/airflow/dags/premier_dag.py took 0.164 seconds
[2025-03-14T07:52:24.222+0000] {processor.py:186} INFO - Started process (PID=331) to work on /opt/airflow/dags/premier_dag.py
[2025-03-14T07:52:24.224+0000] {processor.py:914} INFO - Processing file /opt/airflow/dags/premier_dag.py for tasks to queue
[2025-03-14T07:52:24.229+0000] {logging_mixin.py:190} INFO - [2025-03-14T07:52:24.229+0000] {dagbag.py:588} INFO - Filling up the DagBag from /opt/airflow/dags/premier_dag.py
[2025-03-14T07:52:24.266+0000] {processor.py:925} INFO - DAG(s) 'premier_dag_test' retrieved from /opt/airflow/dags/premier_dag.py
[2025-03-14T07:52:24.296+0000] {logging_mixin.py:190} INFO - [2025-03-14T07:52:24.296+0000] {dag.py:3239} INFO - Sync 1 DAGs
[2025-03-14T07:52:24.324+0000] {logging_mixin.py:190} INFO - [2025-03-14T07:52:24.324+0000] {dag.py:4180} INFO - Setting next_dagrun for premier_dag_test to 2024-02-10 00:00:00+00:00, run_after=2024-02-11 00:00:00+00:00
[2025-03-14T07:52:24.387+0000] {processor.py:208} INFO - Processing /opt/airflow/dags/premier_dag.py took 0.175 seconds
[2025-03-14T07:52:54.644+0000] {processor.py:186} INFO - Started process (PID=395) to work on /opt/airflow/dags/premier_dag.py
[2025-03-14T07:52:54.645+0000] {processor.py:914} INFO - Processing file /opt/airflow/dags/premier_dag.py for tasks to queue
[2025-03-14T07:52:54.649+0000] {logging_mixin.py:190} INFO - [2025-03-14T07:52:54.649+0000] {dagbag.py:588} INFO - Filling up the DagBag from /opt/airflow/dags/premier_dag.py
[2025-03-14T07:52:54.675+0000] {processor.py:925} INFO - DAG(s) 'premier_dag_test' retrieved from /opt/airflow/dags/premier_dag.py
[2025-03-14T07:52:54.701+0000] {logging_mixin.py:190} INFO - [2025-03-14T07:52:54.701+0000] {dag.py:3239} INFO - Sync 1 DAGs
[2025-03-14T07:52:54.730+0000] {logging_mixin.py:190} INFO - [2025-03-14T07:52:54.729+0000] {dag.py:4180} INFO - Setting next_dagrun for premier_dag_test to 2024-02-10 00:00:00+00:00, run_after=2024-02-11 00:00:00+00:00
[2025-03-14T07:52:54.785+0000] {processor.py:208} INFO - Processing /opt/airflow/dags/premier_dag.py took 0.148 seconds
[2025-03-14T07:53:25.599+0000] {processor.py:186} INFO - Started process (PID=459) to work on /opt/airflow/dags/premier_dag.py
[2025-03-14T07:53:25.600+0000] {processor.py:914} INFO - Processing file /opt/airflow/dags/premier_dag.py for tasks to queue
[2025-03-14T07:53:25.603+0000] {logging_mixin.py:190} INFO - [2025-03-14T07:53:25.602+0000] {dagbag.py:588} INFO - Filling up the DagBag from /opt/airflow/dags/premier_dag.py
[2025-03-14T07:53:25.626+0000] {processor.py:925} INFO - DAG(s) 'premier_dag_test' retrieved from /opt/airflow/dags/premier_dag.py
[2025-03-14T07:53:25.649+0000] {logging_mixin.py:190} INFO - [2025-03-14T07:53:25.649+0000] {dag.py:3239} INFO - Sync 1 DAGs
[2025-03-14T07:53:25.674+0000] {logging_mixin.py:190} INFO - [2025-03-14T07:53:25.674+0000] {dag.py:4180} INFO - Setting next_dagrun for premier_dag_test to 2024-02-10 00:00:00+00:00, run_after=2024-02-11 00:00:00+00:00
[2025-03-14T07:53:25.695+0000] {processor.py:208} INFO - Processing /opt/airflow/dags/premier_dag.py took 0.105 seconds
[2025-03-14T07:53:55.776+0000] {processor.py:186} INFO - Started process (PID=523) to work on /opt/airflow/dags/premier_dag.py
[2025-03-14T07:53:55.777+0000] {processor.py:914} INFO - Processing file /opt/airflow/dags/premier_dag.py for tasks to queue
[2025-03-14T07:53:55.779+0000] {logging_mixin.py:190} INFO - [2025-03-14T07:53:55.779+0000] {dagbag.py:588} INFO - Filling up the DagBag from /opt/airflow/dags/premier_dag.py
[2025-03-14T07:53:55.801+0000] {processor.py:925} INFO - DAG(s) 'premier_dag_test' retrieved from /opt/airflow/dags/premier_dag.py
[2025-03-14T07:53:55.823+0000] {logging_mixin.py:190} INFO - [2025-03-14T07:53:55.823+0000] {dag.py:3239} INFO - Sync 1 DAGs
[2025-03-14T07:53:55.847+0000] {logging_mixin.py:190} INFO - [2025-03-14T07:53:55.846+0000] {dag.py:4180} INFO - Setting next_dagrun for premier_dag_test to 2024-02-10 00:00:00+00:00, run_after=2024-02-11 00:00:00+00:00
[2025-03-14T07:53:55.897+0000] {processor.py:208} INFO - Processing /opt/airflow/dags/premier_dag.py took 0.130 seconds
[2025-03-14T07:54:26.023+0000] {processor.py:186} INFO - Started process (PID=587) to work on /opt/airflow/dags/premier_dag.py
[2025-03-14T07:54:26.025+0000] {processor.py:914} INFO - Processing file /opt/airflow/dags/premier_dag.py for tasks to queue
[2025-03-14T07:54:26.028+0000] {logging_mixin.py:190} INFO - [2025-03-14T07:54:26.028+0000] {dagbag.py:588} INFO - Filling up the DagBag from /opt/airflow/dags/premier_dag.py
[2025-03-14T07:54:26.067+0000] {processor.py:925} INFO - DAG(s) 'premier_dag_test' retrieved from /opt/airflow/dags/premier_dag.py
[2025-03-14T07:54:26.092+0000] {logging_mixin.py:190} INFO - [2025-03-14T07:54:26.092+0000] {dag.py:3239} INFO - Sync 1 DAGs
[2025-03-14T07:54:26.118+0000] {logging_mixin.py:190} INFO - [2025-03-14T07:54:26.117+0000] {dag.py:4180} INFO - Setting next_dagrun for premier_dag_test to 2024-02-10 00:00:00+00:00, run_after=2024-02-11 00:00:00+00:00
[2025-03-14T07:54:26.186+0000] {processor.py:208} INFO - Processing /opt/airflow/dags/premier_dag.py took 0.173 seconds
